[2025-05-19T02:32:21.061+0000] {taskinstance.py:1159} INFO - Dependencies all met for dep_context=non-requeueable deps ti=<TaskInstance: brewery_pipeline_bronze_silver_gold.extract_bronze_data manual__2025-05-19T02:32:18.210974+00:00 [queued]>
[2025-05-19T02:32:21.066+0000] {taskinstance.py:1159} INFO - Dependencies all met for dep_context=requeueable deps ti=<TaskInstance: brewery_pipeline_bronze_silver_gold.extract_bronze_data manual__2025-05-19T02:32:18.210974+00:00 [queued]>
[2025-05-19T02:32:21.066+0000] {taskinstance.py:1361} INFO - Starting attempt 1 of 2
[2025-05-19T02:32:21.080+0000] {taskinstance.py:1382} INFO - Executing <Task(PythonOperator): extract_bronze_data> on 2025-05-19 02:32:18.210974+00:00
[2025-05-19T02:32:21.084+0000] {standard_task_runner.py:57} INFO - Started process 1416 to run task
[2025-05-19T02:32:21.086+0000] {standard_task_runner.py:84} INFO - Running: ['***', 'tasks', 'run', 'brewery_pipeline_bronze_silver_gold', 'extract_bronze_data', 'manual__2025-05-19T02:32:18.210974+00:00', '--job-id', '25', '--raw', '--subdir', 'DAGS_FOLDER/brewery_pipeline_bronze_silver_gold.py', '--cfg-path', '/tmp/tmptuirceyc']
[2025-05-19T02:32:21.087+0000] {standard_task_runner.py:85} INFO - Job 25: Subtask extract_bronze_data
[2025-05-19T02:32:21.102+0000] {logging_mixin.py:151} WARNING - /home/***/.local/lib/python3.10/site-packages/***/settings.py:193 DeprecationWarning: The sql_alchemy_conn option in [core] has been moved to the sql_alchemy_conn option in [database] - the old setting has been used, but please update your config.
[2025-05-19T02:32:21.118+0000] {task_command.py:416} INFO - Running <TaskInstance: brewery_pipeline_bronze_silver_gold.extract_bronze_data manual__2025-05-19T02:32:18.210974+00:00 [running]> on host 293766d45543
[2025-05-19T02:32:21.170+0000] {taskinstance.py:1662} INFO - Exporting env vars: AIRFLOW_CTX_DAG_OWNER='mateus' AIRFLOW_CTX_DAG_ID='brewery_pipeline_bronze_silver_gold' AIRFLOW_CTX_TASK_ID='extract_bronze_data' AIRFLOW_CTX_EXECUTION_DATE='2025-05-19T02:32:18.210974+00:00' AIRFLOW_CTX_TRY_NUMBER='1' AIRFLOW_CTX_DAG_RUN_ID='manual__2025-05-19T02:32:18.210974+00:00'
[2025-05-19T02:32:22.227+0000] {brewery_pipeline_bronze_silver_gold.py:46} INFO - 🔢 Total de registros: 8370 | Total de páginas: 42
[2025-05-19T02:32:23.153+0000] {brewery_pipeline_bronze_silver_gold.py:59} INFO - ✅ Página 1 coletada com sucesso. Total acumulado: 200 registros.
[2025-05-19T02:32:26.122+0000] {brewery_pipeline_bronze_silver_gold.py:59} INFO - ✅ Página 2 coletada com sucesso. Total acumulado: 400 registros.
[2025-05-19T02:32:27.657+0000] {brewery_pipeline_bronze_silver_gold.py:59} INFO - ✅ Página 3 coletada com sucesso. Total acumulado: 600 registros.
[2025-05-19T02:32:29.400+0000] {brewery_pipeline_bronze_silver_gold.py:59} INFO - ✅ Página 4 coletada com sucesso. Total acumulado: 800 registros.
[2025-05-19T02:32:31.209+0000] {brewery_pipeline_bronze_silver_gold.py:59} INFO - ✅ Página 5 coletada com sucesso. Total acumulado: 1000 registros.
[2025-05-19T02:32:33.084+0000] {brewery_pipeline_bronze_silver_gold.py:59} INFO - ✅ Página 6 coletada com sucesso. Total acumulado: 1200 registros.
[2025-05-19T02:32:34.925+0000] {brewery_pipeline_bronze_silver_gold.py:59} INFO - ✅ Página 7 coletada com sucesso. Total acumulado: 1400 registros.
[2025-05-19T02:32:36.462+0000] {brewery_pipeline_bronze_silver_gold.py:59} INFO - ✅ Página 8 coletada com sucesso. Total acumulado: 1600 registros.
[2025-05-19T02:32:37.998+0000] {brewery_pipeline_bronze_silver_gold.py:59} INFO - ✅ Página 9 coletada com sucesso. Total acumulado: 1800 registros.
[2025-05-19T02:32:39.738+0000] {brewery_pipeline_bronze_silver_gold.py:59} INFO - ✅ Página 10 coletada com sucesso. Total acumulado: 2000 registros.
[2025-05-19T02:32:41.685+0000] {brewery_pipeline_bronze_silver_gold.py:59} INFO - ✅ Página 11 coletada com sucesso. Total acumulado: 2200 registros.
[2025-05-19T02:32:43.630+0000] {brewery_pipeline_bronze_silver_gold.py:59} INFO - ✅ Página 12 coletada com sucesso. Total acumulado: 2400 registros.
[2025-05-19T02:32:45.165+0000] {brewery_pipeline_bronze_silver_gold.py:59} INFO - ✅ Página 13 coletada com sucesso. Total acumulado: 2600 registros.
[2025-05-19T02:32:46.704+0000] {brewery_pipeline_bronze_silver_gold.py:59} INFO - ✅ Página 14 coletada com sucesso. Total acumulado: 2800 registros.
[2025-05-19T02:32:48.184+0000] {brewery_pipeline_bronze_silver_gold.py:59} INFO - ✅ Página 15 coletada com sucesso. Total acumulado: 3000 registros.
[2025-05-19T02:32:50.082+0000] {brewery_pipeline_bronze_silver_gold.py:59} INFO - ✅ Página 16 coletada com sucesso. Total acumulado: 3200 registros.
[2025-05-19T02:32:51.619+0000] {brewery_pipeline_bronze_silver_gold.py:59} INFO - ✅ Página 17 coletada com sucesso. Total acumulado: 3400 registros.
[2025-05-19T02:32:53.462+0000] {brewery_pipeline_bronze_silver_gold.py:59} INFO - ✅ Página 18 coletada com sucesso. Total acumulado: 3600 registros.
[2025-05-19T02:32:54.997+0000] {brewery_pipeline_bronze_silver_gold.py:59} INFO - ✅ Página 19 coletada com sucesso. Total acumulado: 3800 registros.
[2025-05-19T02:32:56.533+0000] {brewery_pipeline_bronze_silver_gold.py:59} INFO - ✅ Página 20 coletada com sucesso. Total acumulado: 4000 registros.
[2025-05-19T02:32:58.273+0000] {brewery_pipeline_bronze_silver_gold.py:59} INFO - ✅ Página 21 coletada com sucesso. Total acumulado: 4200 registros.
[2025-05-19T02:33:00.019+0000] {brewery_pipeline_bronze_silver_gold.py:59} INFO - ✅ Página 22 coletada com sucesso. Total acumulado: 4400 registros.
[2025-05-19T02:33:01.550+0000] {brewery_pipeline_bronze_silver_gold.py:59} INFO - ✅ Página 23 coletada com sucesso. Total acumulado: 4600 registros.
[2025-05-19T02:33:03.393+0000] {brewery_pipeline_bronze_silver_gold.py:59} INFO - ✅ Página 24 coletada com sucesso. Total acumulado: 4800 registros.
[2025-05-19T02:33:05.139+0000] {brewery_pipeline_bronze_silver_gold.py:59} INFO - ✅ Página 25 coletada com sucesso. Total acumulado: 5000 registros.
[2025-05-19T02:33:06.982+0000] {brewery_pipeline_bronze_silver_gold.py:59} INFO - ✅ Página 26 coletada com sucesso. Total acumulado: 5200 registros.
[2025-05-19T02:33:08.518+0000] {brewery_pipeline_bronze_silver_gold.py:59} INFO - ✅ Página 27 coletada com sucesso. Total acumulado: 5400 registros.
[2025-05-19T02:33:10.053+0000] {brewery_pipeline_bronze_silver_gold.py:59} INFO - ✅ Página 28 coletada com sucesso. Total acumulado: 5600 registros.
[2025-05-19T02:33:11.591+0000] {brewery_pipeline_bronze_silver_gold.py:59} INFO - ✅ Página 29 coletada com sucesso. Total acumulado: 5800 registros.
[2025-05-19T02:33:13.326+0000] {brewery_pipeline_bronze_silver_gold.py:59} INFO - ✅ Página 30 coletada com sucesso. Total acumulado: 6000 registros.
[2025-05-19T02:33:14.866+0000] {brewery_pipeline_bronze_silver_gold.py:59} INFO - ✅ Página 31 coletada com sucesso. Total acumulado: 6200 registros.
[2025-05-19T02:33:16.398+0000] {brewery_pipeline_bronze_silver_gold.py:59} INFO - ✅ Página 32 coletada com sucesso. Total acumulado: 6400 registros.
[2025-05-19T02:33:17.939+0000] {brewery_pipeline_bronze_silver_gold.py:59} INFO - ✅ Página 33 coletada com sucesso. Total acumulado: 6600 registros.
[2025-05-19T02:33:19.742+0000] {brewery_pipeline_bronze_silver_gold.py:59} INFO - ✅ Página 34 coletada com sucesso. Total acumulado: 6800 registros.
[2025-05-19T02:33:21.469+0000] {brewery_pipeline_bronze_silver_gold.py:59} INFO - ✅ Página 35 coletada com sucesso. Total acumulado: 7000 registros.
[2025-05-19T02:33:22.956+0000] {brewery_pipeline_bronze_silver_gold.py:59} INFO - ✅ Página 36 coletada com sucesso. Total acumulado: 7200 registros.
[2025-05-19T02:33:24.494+0000] {brewery_pipeline_bronze_silver_gold.py:59} INFO - ✅ Página 37 coletada com sucesso. Total acumulado: 7400 registros.
[2025-05-19T02:33:26.029+0000] {brewery_pipeline_bronze_silver_gold.py:59} INFO - ✅ Página 38 coletada com sucesso. Total acumulado: 7600 registros.
[2025-05-19T02:33:27.564+0000] {brewery_pipeline_bronze_silver_gold.py:59} INFO - ✅ Página 39 coletada com sucesso. Total acumulado: 7800 registros.
[2025-05-19T02:33:29.043+0000] {brewery_pipeline_bronze_silver_gold.py:59} INFO - ✅ Página 40 coletada com sucesso. Total acumulado: 8000 registros.
[2025-05-19T02:33:30.636+0000] {brewery_pipeline_bronze_silver_gold.py:59} INFO - ✅ Página 41 coletada com sucesso. Total acumulado: 8200 registros.
[2025-05-19T02:33:32.172+0000] {brewery_pipeline_bronze_silver_gold.py:59} INFO - ✅ Página 42 coletada com sucesso. Total acumulado: 8370 registros.
[2025-05-19T02:33:33.293+0000] {brewery_pipeline_bronze_silver_gold.py:83} INFO - 📁 Dados salvos com sucesso em: /opt/***/data/bronze/breweries_raw.json
[2025-05-19T02:33:33.297+0000] {python.py:194} INFO - Done. Returned value was: None
[2025-05-19T02:33:33.301+0000] {taskinstance.py:1400} INFO - Marking task as SUCCESS. dag_id=brewery_pipeline_bronze_silver_gold, task_id=extract_bronze_data, execution_date=20250519T023218, start_date=20250519T023221, end_date=20250519T023333
[2025-05-19T02:33:33.326+0000] {local_task_job_runner.py:228} INFO - Task exited with return code 0
[2025-05-19T02:33:33.339+0000] {taskinstance.py:2778} INFO - 1 downstream tasks scheduled from follow-on schedule check
