[2025-05-19T05:34:40.076+0000] {processor.py:157} INFO - Started process (PID=732) to work on /opt/airflow/dags/brewery_pipeline_bronze_silver_gold.py
[2025-05-19T05:34:40.076+0000] {processor.py:829} INFO - Processing file /opt/airflow/dags/brewery_pipeline_bronze_silver_gold.py for tasks to queue
[2025-05-19T05:34:40.077+0000] {logging_mixin.py:151} INFO - [2025-05-19T05:34:40.077+0000] {dagbag.py:536} INFO - Filling up the DagBag from /opt/airflow/dags/brewery_pipeline_bronze_silver_gold.py
[2025-05-19T05:34:40.370+0000] {processor.py:839} INFO - DAG(s) dict_keys(['brewery_pipeline_bronze_silver_gold']) retrieved from /opt/airflow/dags/brewery_pipeline_bronze_silver_gold.py
[2025-05-19T05:34:40.382+0000] {logging_mixin.py:151} INFO - [2025-05-19T05:34:40.382+0000] {dag.py:2941} INFO - Sync 1 DAGs
[2025-05-19T05:34:40.389+0000] {logging_mixin.py:151} INFO - [2025-05-19T05:34:40.389+0000] {dag.py:3722} INFO - Setting next_dagrun for brewery_pipeline_bronze_silver_gold to None, run_after=None
[2025-05-19T05:34:40.407+0000] {processor.py:179} INFO - Processing /opt/airflow/dags/brewery_pipeline_bronze_silver_gold.py took 0.334 seconds
[2025-05-19T05:35:10.530+0000] {processor.py:157} INFO - Started process (PID=734) to work on /opt/airflow/dags/brewery_pipeline_bronze_silver_gold.py
[2025-05-19T05:35:10.530+0000] {processor.py:829} INFO - Processing file /opt/airflow/dags/brewery_pipeline_bronze_silver_gold.py for tasks to queue
[2025-05-19T05:35:10.531+0000] {logging_mixin.py:151} INFO - [2025-05-19T05:35:10.530+0000] {dagbag.py:536} INFO - Filling up the DagBag from /opt/airflow/dags/brewery_pipeline_bronze_silver_gold.py
[2025-05-19T05:35:10.826+0000] {processor.py:839} INFO - DAG(s) dict_keys(['brewery_pipeline_bronze_silver_gold']) retrieved from /opt/airflow/dags/brewery_pipeline_bronze_silver_gold.py
[2025-05-19T05:35:10.841+0000] {logging_mixin.py:151} INFO - [2025-05-19T05:35:10.840+0000] {dag.py:2941} INFO - Sync 1 DAGs
[2025-05-19T05:35:10.848+0000] {logging_mixin.py:151} INFO - [2025-05-19T05:35:10.848+0000] {dag.py:3722} INFO - Setting next_dagrun for brewery_pipeline_bronze_silver_gold to None, run_after=None
[2025-05-19T05:35:10.872+0000] {processor.py:179} INFO - Processing /opt/airflow/dags/brewery_pipeline_bronze_silver_gold.py took 0.344 seconds
[2025-05-19T05:35:41.018+0000] {processor.py:157} INFO - Started process (PID=736) to work on /opt/airflow/dags/brewery_pipeline_bronze_silver_gold.py
[2025-05-19T05:35:41.020+0000] {processor.py:829} INFO - Processing file /opt/airflow/dags/brewery_pipeline_bronze_silver_gold.py for tasks to queue
[2025-05-19T05:35:41.021+0000] {logging_mixin.py:151} INFO - [2025-05-19T05:35:41.021+0000] {dagbag.py:536} INFO - Filling up the DagBag from /opt/airflow/dags/brewery_pipeline_bronze_silver_gold.py
[2025-05-19T05:35:41.313+0000] {processor.py:839} INFO - DAG(s) dict_keys(['brewery_pipeline_bronze_silver_gold']) retrieved from /opt/airflow/dags/brewery_pipeline_bronze_silver_gold.py
[2025-05-19T05:35:41.324+0000] {logging_mixin.py:151} INFO - [2025-05-19T05:35:41.324+0000] {dag.py:2941} INFO - Sync 1 DAGs
[2025-05-19T05:35:41.332+0000] {logging_mixin.py:151} INFO - [2025-05-19T05:35:41.332+0000] {dag.py:3722} INFO - Setting next_dagrun for brewery_pipeline_bronze_silver_gold to None, run_after=None
[2025-05-19T05:35:41.350+0000] {processor.py:179} INFO - Processing /opt/airflow/dags/brewery_pipeline_bronze_silver_gold.py took 0.335 seconds
[2025-05-19T05:36:11.464+0000] {processor.py:157} INFO - Started process (PID=738) to work on /opt/airflow/dags/brewery_pipeline_bronze_silver_gold.py
[2025-05-19T05:36:11.464+0000] {processor.py:829} INFO - Processing file /opt/airflow/dags/brewery_pipeline_bronze_silver_gold.py for tasks to queue
[2025-05-19T05:36:11.465+0000] {logging_mixin.py:151} INFO - [2025-05-19T05:36:11.465+0000] {dagbag.py:536} INFO - Filling up the DagBag from /opt/airflow/dags/brewery_pipeline_bronze_silver_gold.py
[2025-05-19T05:36:11.777+0000] {processor.py:839} INFO - DAG(s) dict_keys(['brewery_pipeline_bronze_silver_gold']) retrieved from /opt/airflow/dags/brewery_pipeline_bronze_silver_gold.py
[2025-05-19T05:36:11.789+0000] {logging_mixin.py:151} INFO - [2025-05-19T05:36:11.789+0000] {dag.py:2941} INFO - Sync 1 DAGs
[2025-05-19T05:36:11.797+0000] {logging_mixin.py:151} INFO - [2025-05-19T05:36:11.797+0000] {dag.py:3722} INFO - Setting next_dagrun for brewery_pipeline_bronze_silver_gold to None, run_after=None
[2025-05-19T05:36:11.823+0000] {processor.py:179} INFO - Processing /opt/airflow/dags/brewery_pipeline_bronze_silver_gold.py took 0.362 seconds
[2025-05-19T05:36:41.963+0000] {processor.py:157} INFO - Started process (PID=740) to work on /opt/airflow/dags/brewery_pipeline_bronze_silver_gold.py
[2025-05-19T05:36:41.965+0000] {processor.py:829} INFO - Processing file /opt/airflow/dags/brewery_pipeline_bronze_silver_gold.py for tasks to queue
[2025-05-19T05:36:41.965+0000] {logging_mixin.py:151} INFO - [2025-05-19T05:36:41.965+0000] {dagbag.py:536} INFO - Filling up the DagBag from /opt/airflow/dags/brewery_pipeline_bronze_silver_gold.py
[2025-05-19T05:36:42.254+0000] {processor.py:839} INFO - DAG(s) dict_keys(['brewery_pipeline_bronze_silver_gold']) retrieved from /opt/airflow/dags/brewery_pipeline_bronze_silver_gold.py
[2025-05-19T05:36:42.266+0000] {logging_mixin.py:151} INFO - [2025-05-19T05:36:42.266+0000] {dag.py:2941} INFO - Sync 1 DAGs
[2025-05-19T05:36:42.274+0000] {logging_mixin.py:151} INFO - [2025-05-19T05:36:42.274+0000] {dag.py:3722} INFO - Setting next_dagrun for brewery_pipeline_bronze_silver_gold to None, run_after=None
[2025-05-19T05:36:42.293+0000] {processor.py:179} INFO - Processing /opt/airflow/dags/brewery_pipeline_bronze_silver_gold.py took 0.332 seconds
[2025-05-19T05:37:12.430+0000] {processor.py:157} INFO - Started process (PID=742) to work on /opt/airflow/dags/brewery_pipeline_bronze_silver_gold.py
[2025-05-19T05:37:12.430+0000] {processor.py:829} INFO - Processing file /opt/airflow/dags/brewery_pipeline_bronze_silver_gold.py for tasks to queue
[2025-05-19T05:37:12.431+0000] {logging_mixin.py:151} INFO - [2025-05-19T05:37:12.431+0000] {dagbag.py:536} INFO - Filling up the DagBag from /opt/airflow/dags/brewery_pipeline_bronze_silver_gold.py
[2025-05-19T05:37:12.718+0000] {processor.py:839} INFO - DAG(s) dict_keys(['brewery_pipeline_bronze_silver_gold']) retrieved from /opt/airflow/dags/brewery_pipeline_bronze_silver_gold.py
[2025-05-19T05:37:12.729+0000] {logging_mixin.py:151} INFO - [2025-05-19T05:37:12.729+0000] {dag.py:2941} INFO - Sync 1 DAGs
[2025-05-19T05:37:12.736+0000] {logging_mixin.py:151} INFO - [2025-05-19T05:37:12.736+0000] {dag.py:3722} INFO - Setting next_dagrun for brewery_pipeline_bronze_silver_gold to None, run_after=None
[2025-05-19T05:37:12.753+0000] {processor.py:179} INFO - Processing /opt/airflow/dags/brewery_pipeline_bronze_silver_gold.py took 0.325 seconds
