[2025-05-18T06:15:58.261+0000] {processor.py:157} INFO - Started process (PID=38) to work on /opt/airflow/dags/brewery_pipeline_gold.py
[2025-05-18T06:15:58.262+0000] {processor.py:829} INFO - Processing file /opt/airflow/dags/brewery_pipeline_gold.py for tasks to queue
[2025-05-18T06:15:58.263+0000] {logging_mixin.py:151} INFO - [2025-05-18T06:15:58.262+0000] {dagbag.py:536} INFO - Filling up the DagBag from /opt/airflow/dags/brewery_pipeline_gold.py
[2025-05-18T06:15:58.495+0000] {processor.py:839} INFO - DAG(s) dict_keys(['brewery_pipeline_gold']) retrieved from /opt/airflow/dags/brewery_pipeline_gold.py
[2025-05-18T06:15:58.501+0000] {logging_mixin.py:151} INFO - [2025-05-18T06:15:58.501+0000] {dag.py:2941} INFO - Sync 1 DAGs
[2025-05-18T06:15:58.511+0000] {logging_mixin.py:151} INFO - [2025-05-18T06:15:58.511+0000] {dag.py:3722} INFO - Setting next_dagrun for brewery_pipeline_gold to None, run_after=None
[2025-05-18T06:15:58.531+0000] {processor.py:179} INFO - Processing /opt/airflow/dags/brewery_pipeline_gold.py took 0.272 seconds
[2025-05-18T06:16:28.759+0000] {processor.py:157} INFO - Started process (PID=54) to work on /opt/airflow/dags/brewery_pipeline_gold.py
[2025-05-18T06:16:28.760+0000] {processor.py:829} INFO - Processing file /opt/airflow/dags/brewery_pipeline_gold.py for tasks to queue
[2025-05-18T06:16:28.760+0000] {logging_mixin.py:151} INFO - [2025-05-18T06:16:28.760+0000] {dagbag.py:536} INFO - Filling up the DagBag from /opt/airflow/dags/brewery_pipeline_gold.py
[2025-05-18T06:16:28.926+0000] {processor.py:839} INFO - DAG(s) dict_keys(['brewery_pipeline_gold']) retrieved from /opt/airflow/dags/brewery_pipeline_gold.py
[2025-05-18T06:16:28.938+0000] {logging_mixin.py:151} INFO - [2025-05-18T06:16:28.937+0000] {dag.py:2941} INFO - Sync 1 DAGs
[2025-05-18T06:16:28.944+0000] {logging_mixin.py:151} INFO - [2025-05-18T06:16:28.944+0000] {dag.py:3722} INFO - Setting next_dagrun for brewery_pipeline_gold to None, run_after=None
[2025-05-18T06:16:28.963+0000] {processor.py:179} INFO - Processing /opt/airflow/dags/brewery_pipeline_gold.py took 0.206 seconds
[2025-05-18T06:16:59.703+0000] {processor.py:157} INFO - Started process (PID=70) to work on /opt/airflow/dags/brewery_pipeline_gold.py
[2025-05-18T06:16:59.704+0000] {processor.py:829} INFO - Processing file /opt/airflow/dags/brewery_pipeline_gold.py for tasks to queue
[2025-05-18T06:16:59.705+0000] {logging_mixin.py:151} INFO - [2025-05-18T06:16:59.705+0000] {dagbag.py:536} INFO - Filling up the DagBag from /opt/airflow/dags/brewery_pipeline_gold.py
[2025-05-18T06:17:00.238+0000] {processor.py:839} INFO - DAG(s) dict_keys(['brewery_pipeline_gold']) retrieved from /opt/airflow/dags/brewery_pipeline_gold.py
[2025-05-18T06:17:00.273+0000] {logging_mixin.py:151} INFO - [2025-05-18T06:17:00.272+0000] {dag.py:2941} INFO - Sync 1 DAGs
[2025-05-18T06:17:00.293+0000] {logging_mixin.py:151} INFO - [2025-05-18T06:17:00.293+0000] {dag.py:3722} INFO - Setting next_dagrun for brewery_pipeline_gold to None, run_after=None
[2025-05-18T06:17:00.335+0000] {processor.py:179} INFO - Processing /opt/airflow/dags/brewery_pipeline_gold.py took 0.638 seconds
[2025-05-18T06:17:30.450+0000] {processor.py:157} INFO - Started process (PID=87) to work on /opt/airflow/dags/brewery_pipeline_gold.py
[2025-05-18T06:17:30.452+0000] {processor.py:829} INFO - Processing file /opt/airflow/dags/brewery_pipeline_gold.py for tasks to queue
[2025-05-18T06:17:30.453+0000] {logging_mixin.py:151} INFO - [2025-05-18T06:17:30.453+0000] {dagbag.py:536} INFO - Filling up the DagBag from /opt/airflow/dags/brewery_pipeline_gold.py
[2025-05-18T06:17:31.040+0000] {processor.py:839} INFO - DAG(s) dict_keys(['brewery_pipeline_gold']) retrieved from /opt/airflow/dags/brewery_pipeline_gold.py
[2025-05-18T06:17:31.077+0000] {logging_mixin.py:151} INFO - [2025-05-18T06:17:31.076+0000] {dag.py:2941} INFO - Sync 1 DAGs
[2025-05-18T06:17:31.100+0000] {logging_mixin.py:151} INFO - [2025-05-18T06:17:31.099+0000] {dag.py:3722} INFO - Setting next_dagrun for brewery_pipeline_gold to None, run_after=None
[2025-05-18T06:17:31.142+0000] {processor.py:179} INFO - Processing /opt/airflow/dags/brewery_pipeline_gold.py took 0.697 seconds
[2025-05-18T06:18:01.466+0000] {processor.py:157} INFO - Started process (PID=104) to work on /opt/airflow/dags/brewery_pipeline_gold.py
[2025-05-18T06:18:01.468+0000] {processor.py:829} INFO - Processing file /opt/airflow/dags/brewery_pipeline_gold.py for tasks to queue
[2025-05-18T06:18:01.469+0000] {logging_mixin.py:151} INFO - [2025-05-18T06:18:01.468+0000] {dagbag.py:536} INFO - Filling up the DagBag from /opt/airflow/dags/brewery_pipeline_gold.py
[2025-05-18T06:18:01.957+0000] {processor.py:839} INFO - DAG(s) dict_keys(['brewery_pipeline_gold']) retrieved from /opt/airflow/dags/brewery_pipeline_gold.py
[2025-05-18T06:18:01.992+0000] {logging_mixin.py:151} INFO - [2025-05-18T06:18:01.989+0000] {dag.py:2941} INFO - Sync 1 DAGs
[2025-05-18T06:18:02.011+0000] {logging_mixin.py:151} INFO - [2025-05-18T06:18:02.011+0000] {dag.py:3722} INFO - Setting next_dagrun for brewery_pipeline_gold to None, run_after=None
[2025-05-18T06:18:02.051+0000] {processor.py:179} INFO - Processing /opt/airflow/dags/brewery_pipeline_gold.py took 0.590 seconds
[2025-05-18T06:18:32.436+0000] {processor.py:157} INFO - Started process (PID=111) to work on /opt/airflow/dags/brewery_pipeline_gold.py
[2025-05-18T06:18:32.438+0000] {processor.py:829} INFO - Processing file /opt/airflow/dags/brewery_pipeline_gold.py for tasks to queue
[2025-05-18T06:18:32.439+0000] {logging_mixin.py:151} INFO - [2025-05-18T06:18:32.439+0000] {dagbag.py:536} INFO - Filling up the DagBag from /opt/airflow/dags/brewery_pipeline_gold.py
[2025-05-18T06:18:32.948+0000] {processor.py:839} INFO - DAG(s) dict_keys(['brewery_pipeline_gold']) retrieved from /opt/airflow/dags/brewery_pipeline_gold.py
[2025-05-18T06:18:32.981+0000] {logging_mixin.py:151} INFO - [2025-05-18T06:18:32.980+0000] {dag.py:2941} INFO - Sync 1 DAGs
[2025-05-18T06:18:33.001+0000] {logging_mixin.py:151} INFO - [2025-05-18T06:18:33.001+0000] {dag.py:3722} INFO - Setting next_dagrun for brewery_pipeline_gold to None, run_after=None
[2025-05-18T06:18:33.041+0000] {processor.py:179} INFO - Processing /opt/airflow/dags/brewery_pipeline_gold.py took 0.611 seconds
[2025-05-18T06:19:03.360+0000] {processor.py:157} INFO - Started process (PID=118) to work on /opt/airflow/dags/brewery_pipeline_gold.py
[2025-05-18T06:19:03.362+0000] {processor.py:829} INFO - Processing file /opt/airflow/dags/brewery_pipeline_gold.py for tasks to queue
[2025-05-18T06:19:03.363+0000] {logging_mixin.py:151} INFO - [2025-05-18T06:19:03.363+0000] {dagbag.py:536} INFO - Filling up the DagBag from /opt/airflow/dags/brewery_pipeline_gold.py
[2025-05-18T06:19:03.854+0000] {processor.py:839} INFO - DAG(s) dict_keys(['brewery_pipeline_gold']) retrieved from /opt/airflow/dags/brewery_pipeline_gold.py
[2025-05-18T06:19:03.887+0000] {logging_mixin.py:151} INFO - [2025-05-18T06:19:03.886+0000] {dag.py:2941} INFO - Sync 1 DAGs
[2025-05-18T06:19:03.907+0000] {logging_mixin.py:151} INFO - [2025-05-18T06:19:03.906+0000] {dag.py:3722} INFO - Setting next_dagrun for brewery_pipeline_gold to None, run_after=None
[2025-05-18T06:19:03.945+0000] {processor.py:179} INFO - Processing /opt/airflow/dags/brewery_pipeline_gold.py took 0.590 seconds
[2025-05-18T06:19:34.954+0000] {processor.py:157} INFO - Started process (PID=155) to work on /opt/airflow/dags/brewery_pipeline_gold.py
[2025-05-18T06:19:34.956+0000] {processor.py:829} INFO - Processing file /opt/airflow/dags/brewery_pipeline_gold.py for tasks to queue
[2025-05-18T06:19:34.958+0000] {logging_mixin.py:151} INFO - [2025-05-18T06:19:34.957+0000] {dagbag.py:536} INFO - Filling up the DagBag from /opt/airflow/dags/brewery_pipeline_gold.py
[2025-05-18T06:19:35.631+0000] {processor.py:839} INFO - DAG(s) dict_keys(['brewery_pipeline_gold']) retrieved from /opt/airflow/dags/brewery_pipeline_gold.py
[2025-05-18T06:19:35.669+0000] {logging_mixin.py:151} INFO - [2025-05-18T06:19:35.668+0000] {dag.py:2941} INFO - Sync 1 DAGs
[2025-05-18T06:19:35.694+0000] {logging_mixin.py:151} INFO - [2025-05-18T06:19:35.694+0000] {dag.py:3722} INFO - Setting next_dagrun for brewery_pipeline_gold to None, run_after=None
[2025-05-18T06:19:35.747+0000] {processor.py:179} INFO - Processing /opt/airflow/dags/brewery_pipeline_gold.py took 0.798 seconds
[2025-05-18T06:20:06.480+0000] {processor.py:157} INFO - Started process (PID=172) to work on /opt/airflow/dags/brewery_pipeline_gold.py
[2025-05-18T06:20:06.482+0000] {processor.py:829} INFO - Processing file /opt/airflow/dags/brewery_pipeline_gold.py for tasks to queue
[2025-05-18T06:20:06.484+0000] {logging_mixin.py:151} INFO - [2025-05-18T06:20:06.483+0000] {dagbag.py:536} INFO - Filling up the DagBag from /opt/airflow/dags/brewery_pipeline_gold.py
[2025-05-18T06:20:07.200+0000] {processor.py:839} INFO - DAG(s) dict_keys(['brewery_pipeline_gold']) retrieved from /opt/airflow/dags/brewery_pipeline_gold.py
[2025-05-18T06:20:07.250+0000] {logging_mixin.py:151} INFO - [2025-05-18T06:20:07.246+0000] {dag.py:2941} INFO - Sync 1 DAGs
[2025-05-18T06:20:07.279+0000] {logging_mixin.py:151} INFO - [2025-05-18T06:20:07.279+0000] {dag.py:3722} INFO - Setting next_dagrun for brewery_pipeline_gold to None, run_after=None
[2025-05-18T06:20:07.325+0000] {processor.py:179} INFO - Processing /opt/airflow/dags/brewery_pipeline_gold.py took 0.853 seconds
[2025-05-18T06:20:37.579+0000] {processor.py:157} INFO - Started process (PID=179) to work on /opt/airflow/dags/brewery_pipeline_gold.py
[2025-05-18T06:20:37.581+0000] {processor.py:829} INFO - Processing file /opt/airflow/dags/brewery_pipeline_gold.py for tasks to queue
[2025-05-18T06:20:37.582+0000] {logging_mixin.py:151} INFO - [2025-05-18T06:20:37.581+0000] {dagbag.py:536} INFO - Filling up the DagBag from /opt/airflow/dags/brewery_pipeline_gold.py
[2025-05-18T06:20:38.143+0000] {processor.py:839} INFO - DAG(s) dict_keys(['brewery_pipeline_gold']) retrieved from /opt/airflow/dags/brewery_pipeline_gold.py
[2025-05-18T06:20:38.192+0000] {logging_mixin.py:151} INFO - [2025-05-18T06:20:38.191+0000] {dag.py:2941} INFO - Sync 1 DAGs
[2025-05-18T06:20:38.213+0000] {logging_mixin.py:151} INFO - [2025-05-18T06:20:38.213+0000] {dag.py:3722} INFO - Setting next_dagrun for brewery_pipeline_gold to None, run_after=None
[2025-05-18T06:20:38.251+0000] {processor.py:179} INFO - Processing /opt/airflow/dags/brewery_pipeline_gold.py took 0.678 seconds
[2025-05-18T06:21:08.311+0000] {processor.py:157} INFO - Started process (PID=186) to work on /opt/airflow/dags/brewery_pipeline_gold.py
[2025-05-18T06:21:08.313+0000] {processor.py:829} INFO - Processing file /opt/airflow/dags/brewery_pipeline_gold.py for tasks to queue
[2025-05-18T06:21:08.314+0000] {logging_mixin.py:151} INFO - [2025-05-18T06:21:08.314+0000] {dagbag.py:536} INFO - Filling up the DagBag from /opt/airflow/dags/brewery_pipeline_gold.py
[2025-05-18T06:21:08.804+0000] {processor.py:839} INFO - DAG(s) dict_keys(['brewery_pipeline_gold']) retrieved from /opt/airflow/dags/brewery_pipeline_gold.py
[2025-05-18T06:21:08.836+0000] {logging_mixin.py:151} INFO - [2025-05-18T06:21:08.835+0000] {dag.py:2941} INFO - Sync 1 DAGs
[2025-05-18T06:21:08.856+0000] {logging_mixin.py:151} INFO - [2025-05-18T06:21:08.856+0000] {dag.py:3722} INFO - Setting next_dagrun for brewery_pipeline_gold to None, run_after=None
[2025-05-18T06:21:08.893+0000] {processor.py:179} INFO - Processing /opt/airflow/dags/brewery_pipeline_gold.py took 0.586 seconds
[2025-05-18T06:21:39.528+0000] {processor.py:157} INFO - Started process (PID=193) to work on /opt/airflow/dags/brewery_pipeline_gold.py
[2025-05-18T06:21:39.529+0000] {processor.py:829} INFO - Processing file /opt/airflow/dags/brewery_pipeline_gold.py for tasks to queue
[2025-05-18T06:21:39.531+0000] {logging_mixin.py:151} INFO - [2025-05-18T06:21:39.530+0000] {dagbag.py:536} INFO - Filling up the DagBag from /opt/airflow/dags/brewery_pipeline_gold.py
[2025-05-18T06:21:40.088+0000] {processor.py:839} INFO - DAG(s) dict_keys(['brewery_pipeline_gold']) retrieved from /opt/airflow/dags/brewery_pipeline_gold.py
[2025-05-18T06:21:40.120+0000] {logging_mixin.py:151} INFO - [2025-05-18T06:21:40.119+0000] {dag.py:2941} INFO - Sync 1 DAGs
[2025-05-18T06:21:40.143+0000] {logging_mixin.py:151} INFO - [2025-05-18T06:21:40.142+0000] {dag.py:3722} INFO - Setting next_dagrun for brewery_pipeline_gold to None, run_after=None
[2025-05-18T06:21:40.185+0000] {processor.py:179} INFO - Processing /opt/airflow/dags/brewery_pipeline_gold.py took 0.664 seconds
[2025-05-18T06:22:10.583+0000] {processor.py:157} INFO - Started process (PID=200) to work on /opt/airflow/dags/brewery_pipeline_gold.py
[2025-05-18T06:22:10.586+0000] {processor.py:829} INFO - Processing file /opt/airflow/dags/brewery_pipeline_gold.py for tasks to queue
[2025-05-18T06:22:10.587+0000] {logging_mixin.py:151} INFO - [2025-05-18T06:22:10.586+0000] {dagbag.py:536} INFO - Filling up the DagBag from /opt/airflow/dags/brewery_pipeline_gold.py
[2025-05-18T06:22:11.101+0000] {processor.py:839} INFO - DAG(s) dict_keys(['brewery_pipeline_gold']) retrieved from /opt/airflow/dags/brewery_pipeline_gold.py
[2025-05-18T06:22:11.136+0000] {logging_mixin.py:151} INFO - [2025-05-18T06:22:11.133+0000] {dag.py:2941} INFO - Sync 1 DAGs
[2025-05-18T06:22:11.155+0000] {logging_mixin.py:151} INFO - [2025-05-18T06:22:11.155+0000] {dag.py:3722} INFO - Setting next_dagrun for brewery_pipeline_gold to None, run_after=None
[2025-05-18T06:22:11.194+0000] {processor.py:179} INFO - Processing /opt/airflow/dags/brewery_pipeline_gold.py took 0.616 seconds
[2025-05-18T06:22:41.262+0000] {processor.py:157} INFO - Started process (PID=207) to work on /opt/airflow/dags/brewery_pipeline_gold.py
[2025-05-18T06:22:41.264+0000] {processor.py:829} INFO - Processing file /opt/airflow/dags/brewery_pipeline_gold.py for tasks to queue
[2025-05-18T06:22:41.265+0000] {logging_mixin.py:151} INFO - [2025-05-18T06:22:41.264+0000] {dagbag.py:536} INFO - Filling up the DagBag from /opt/airflow/dags/brewery_pipeline_gold.py
[2025-05-18T06:22:41.777+0000] {processor.py:839} INFO - DAG(s) dict_keys(['brewery_pipeline_gold']) retrieved from /opt/airflow/dags/brewery_pipeline_gold.py
[2025-05-18T06:22:41.809+0000] {logging_mixin.py:151} INFO - [2025-05-18T06:22:41.808+0000] {dag.py:2941} INFO - Sync 1 DAGs
[2025-05-18T06:22:41.828+0000] {logging_mixin.py:151} INFO - [2025-05-18T06:22:41.827+0000] {dag.py:3722} INFO - Setting next_dagrun for brewery_pipeline_gold to None, run_after=None
[2025-05-18T06:22:41.872+0000] {processor.py:179} INFO - Processing /opt/airflow/dags/brewery_pipeline_gold.py took 0.616 seconds
[2025-05-18T06:23:12.058+0000] {processor.py:157} INFO - Started process (PID=214) to work on /opt/airflow/dags/brewery_pipeline_gold.py
[2025-05-18T06:23:12.062+0000] {processor.py:829} INFO - Processing file /opt/airflow/dags/brewery_pipeline_gold.py for tasks to queue
[2025-05-18T06:23:12.063+0000] {logging_mixin.py:151} INFO - [2025-05-18T06:23:12.063+0000] {dagbag.py:536} INFO - Filling up the DagBag from /opt/airflow/dags/brewery_pipeline_gold.py
[2025-05-18T06:23:12.611+0000] {processor.py:839} INFO - DAG(s) dict_keys(['brewery_pipeline_gold']) retrieved from /opt/airflow/dags/brewery_pipeline_gold.py
[2025-05-18T06:23:12.644+0000] {logging_mixin.py:151} INFO - [2025-05-18T06:23:12.643+0000] {dag.py:2941} INFO - Sync 1 DAGs
[2025-05-18T06:23:12.663+0000] {logging_mixin.py:151} INFO - [2025-05-18T06:23:12.663+0000] {dag.py:3722} INFO - Setting next_dagrun for brewery_pipeline_gold to None, run_after=None
[2025-05-18T06:23:12.703+0000] {processor.py:179} INFO - Processing /opt/airflow/dags/brewery_pipeline_gold.py took 0.653 seconds
[2025-05-18T06:23:42.846+0000] {processor.py:157} INFO - Started process (PID=220) to work on /opt/airflow/dags/brewery_pipeline_gold.py
[2025-05-18T06:23:42.848+0000] {processor.py:829} INFO - Processing file /opt/airflow/dags/brewery_pipeline_gold.py for tasks to queue
[2025-05-18T06:23:42.849+0000] {logging_mixin.py:151} INFO - [2025-05-18T06:23:42.849+0000] {dagbag.py:536} INFO - Filling up the DagBag from /opt/airflow/dags/brewery_pipeline_gold.py
[2025-05-18T06:23:43.352+0000] {processor.py:839} INFO - DAG(s) dict_keys(['brewery_pipeline_gold']) retrieved from /opt/airflow/dags/brewery_pipeline_gold.py
[2025-05-18T06:23:43.385+0000] {logging_mixin.py:151} INFO - [2025-05-18T06:23:43.384+0000] {dag.py:2941} INFO - Sync 1 DAGs
[2025-05-18T06:23:43.406+0000] {logging_mixin.py:151} INFO - [2025-05-18T06:23:43.406+0000] {dag.py:3722} INFO - Setting next_dagrun for brewery_pipeline_gold to None, run_after=None
[2025-05-18T06:23:43.449+0000] {processor.py:179} INFO - Processing /opt/airflow/dags/brewery_pipeline_gold.py took 0.608 seconds
[2025-05-18T06:24:40.293+0000] {processor.py:157} INFO - Started process (PID=37) to work on /opt/airflow/dags/brewery_pipeline_gold.py
[2025-05-18T06:24:40.295+0000] {processor.py:829} INFO - Processing file /opt/airflow/dags/brewery_pipeline_gold.py for tasks to queue
[2025-05-18T06:24:40.296+0000] {logging_mixin.py:151} INFO - [2025-05-18T06:24:40.295+0000] {dagbag.py:536} INFO - Filling up the DagBag from /opt/airflow/dags/brewery_pipeline_gold.py
[2025-05-18T06:24:40.800+0000] {processor.py:839} INFO - DAG(s) dict_keys(['brewery_pipeline_gold']) retrieved from /opt/airflow/dags/brewery_pipeline_gold.py
[2025-05-18T06:24:40.814+0000] {logging_mixin.py:151} INFO - [2025-05-18T06:24:40.812+0000] {dag.py:2941} INFO - Sync 1 DAGs
[2025-05-18T06:24:40.836+0000] {logging_mixin.py:151} INFO - [2025-05-18T06:24:40.836+0000] {dag.py:3722} INFO - Setting next_dagrun for brewery_pipeline_gold to None, run_after=None
[2025-05-18T06:24:40.874+0000] {processor.py:179} INFO - Processing /opt/airflow/dags/brewery_pipeline_gold.py took 0.586 seconds
[2025-05-18T06:25:11.623+0000] {processor.py:157} INFO - Started process (PID=44) to work on /opt/airflow/dags/brewery_pipeline_gold.py
[2025-05-18T06:25:11.624+0000] {processor.py:829} INFO - Processing file /opt/airflow/dags/brewery_pipeline_gold.py for tasks to queue
[2025-05-18T06:25:11.625+0000] {logging_mixin.py:151} INFO - [2025-05-18T06:25:11.625+0000] {dagbag.py:536} INFO - Filling up the DagBag from /opt/airflow/dags/brewery_pipeline_gold.py
[2025-05-18T06:25:12.124+0000] {processor.py:839} INFO - DAG(s) dict_keys(['brewery_pipeline_gold']) retrieved from /opt/airflow/dags/brewery_pipeline_gold.py
[2025-05-18T06:25:12.156+0000] {logging_mixin.py:151} INFO - [2025-05-18T06:25:12.155+0000] {dag.py:2941} INFO - Sync 1 DAGs
[2025-05-18T06:25:12.176+0000] {logging_mixin.py:151} INFO - [2025-05-18T06:25:12.176+0000] {dag.py:3722} INFO - Setting next_dagrun for brewery_pipeline_gold to None, run_after=None
[2025-05-18T06:25:12.217+0000] {processor.py:179} INFO - Processing /opt/airflow/dags/brewery_pipeline_gold.py took 0.599 seconds
[2025-05-18T06:25:43.037+0000] {processor.py:157} INFO - Started process (PID=51) to work on /opt/airflow/dags/brewery_pipeline_gold.py
[2025-05-18T06:25:43.039+0000] {processor.py:829} INFO - Processing file /opt/airflow/dags/brewery_pipeline_gold.py for tasks to queue
[2025-05-18T06:25:43.040+0000] {logging_mixin.py:151} INFO - [2025-05-18T06:25:43.040+0000] {dagbag.py:536} INFO - Filling up the DagBag from /opt/airflow/dags/brewery_pipeline_gold.py
[2025-05-18T06:25:43.555+0000] {processor.py:839} INFO - DAG(s) dict_keys(['brewery_pipeline_gold']) retrieved from /opt/airflow/dags/brewery_pipeline_gold.py
[2025-05-18T06:25:43.586+0000] {logging_mixin.py:151} INFO - [2025-05-18T06:25:43.585+0000] {dag.py:2941} INFO - Sync 1 DAGs
[2025-05-18T06:25:43.606+0000] {logging_mixin.py:151} INFO - [2025-05-18T06:25:43.606+0000] {dag.py:3722} INFO - Setting next_dagrun for brewery_pipeline_gold to None, run_after=None
[2025-05-18T06:25:43.643+0000] {processor.py:179} INFO - Processing /opt/airflow/dags/brewery_pipeline_gold.py took 0.611 seconds
[2025-05-18T06:26:14.457+0000] {processor.py:157} INFO - Started process (PID=58) to work on /opt/airflow/dags/brewery_pipeline_gold.py
[2025-05-18T06:26:14.459+0000] {processor.py:829} INFO - Processing file /opt/airflow/dags/brewery_pipeline_gold.py for tasks to queue
[2025-05-18T06:26:14.460+0000] {logging_mixin.py:151} INFO - [2025-05-18T06:26:14.459+0000] {dagbag.py:536} INFO - Filling up the DagBag from /opt/airflow/dags/brewery_pipeline_gold.py
[2025-05-18T06:26:15.007+0000] {processor.py:839} INFO - DAG(s) dict_keys(['brewery_pipeline_gold']) retrieved from /opt/airflow/dags/brewery_pipeline_gold.py
[2025-05-18T06:26:15.045+0000] {logging_mixin.py:151} INFO - [2025-05-18T06:26:15.044+0000] {dag.py:2941} INFO - Sync 1 DAGs
[2025-05-18T06:26:15.067+0000] {logging_mixin.py:151} INFO - [2025-05-18T06:26:15.066+0000] {dag.py:3722} INFO - Setting next_dagrun for brewery_pipeline_gold to None, run_after=None
[2025-05-18T06:26:15.107+0000] {processor.py:179} INFO - Processing /opt/airflow/dags/brewery_pipeline_gold.py took 0.656 seconds
[2025-05-18T06:26:45.522+0000] {processor.py:157} INFO - Started process (PID=66) to work on /opt/airflow/dags/brewery_pipeline_gold.py
[2025-05-18T06:26:45.523+0000] {processor.py:829} INFO - Processing file /opt/airflow/dags/brewery_pipeline_gold.py for tasks to queue
[2025-05-18T06:26:45.524+0000] {logging_mixin.py:151} INFO - [2025-05-18T06:26:45.524+0000] {dagbag.py:536} INFO - Filling up the DagBag from /opt/airflow/dags/brewery_pipeline_gold.py
[2025-05-18T06:26:46.033+0000] {processor.py:839} INFO - DAG(s) dict_keys(['brewery_pipeline_gold']) retrieved from /opt/airflow/dags/brewery_pipeline_gold.py
[2025-05-18T06:26:46.068+0000] {logging_mixin.py:151} INFO - [2025-05-18T06:26:46.065+0000] {dag.py:2941} INFO - Sync 1 DAGs
[2025-05-18T06:26:46.087+0000] {logging_mixin.py:151} INFO - [2025-05-18T06:26:46.087+0000] {dag.py:3722} INFO - Setting next_dagrun for brewery_pipeline_gold to None, run_after=None
[2025-05-18T06:26:46.127+0000] {processor.py:179} INFO - Processing /opt/airflow/dags/brewery_pipeline_gold.py took 0.611 seconds
[2025-05-18T06:27:16.735+0000] {processor.py:157} INFO - Started process (PID=73) to work on /opt/airflow/dags/brewery_pipeline_gold.py
[2025-05-18T06:27:16.737+0000] {processor.py:829} INFO - Processing file /opt/airflow/dags/brewery_pipeline_gold.py for tasks to queue
[2025-05-18T06:27:16.738+0000] {logging_mixin.py:151} INFO - [2025-05-18T06:27:16.738+0000] {dagbag.py:536} INFO - Filling up the DagBag from /opt/airflow/dags/brewery_pipeline_gold.py
[2025-05-18T06:27:17.281+0000] {processor.py:839} INFO - DAG(s) dict_keys(['brewery_pipeline_gold']) retrieved from /opt/airflow/dags/brewery_pipeline_gold.py
[2025-05-18T06:27:17.316+0000] {logging_mixin.py:151} INFO - [2025-05-18T06:27:17.315+0000] {dag.py:2941} INFO - Sync 1 DAGs
[2025-05-18T06:27:17.337+0000] {logging_mixin.py:151} INFO - [2025-05-18T06:27:17.337+0000] {dag.py:3722} INFO - Setting next_dagrun for brewery_pipeline_gold to None, run_after=None
[2025-05-18T06:27:17.378+0000] {processor.py:179} INFO - Processing /opt/airflow/dags/brewery_pipeline_gold.py took 0.648 seconds
[2025-05-18T06:27:48.335+0000] {processor.py:157} INFO - Started process (PID=80) to work on /opt/airflow/dags/brewery_pipeline_gold.py
[2025-05-18T06:27:48.336+0000] {processor.py:829} INFO - Processing file /opt/airflow/dags/brewery_pipeline_gold.py for tasks to queue
[2025-05-18T06:27:48.338+0000] {logging_mixin.py:151} INFO - [2025-05-18T06:27:48.337+0000] {dagbag.py:536} INFO - Filling up the DagBag from /opt/airflow/dags/brewery_pipeline_gold.py
[2025-05-18T06:27:48.851+0000] {processor.py:839} INFO - DAG(s) dict_keys(['brewery_pipeline_gold']) retrieved from /opt/airflow/dags/brewery_pipeline_gold.py
[2025-05-18T06:27:48.886+0000] {logging_mixin.py:151} INFO - [2025-05-18T06:27:48.885+0000] {dag.py:2941} INFO - Sync 1 DAGs
[2025-05-18T06:27:48.909+0000] {logging_mixin.py:151} INFO - [2025-05-18T06:27:48.908+0000] {dag.py:3722} INFO - Setting next_dagrun for brewery_pipeline_gold to None, run_after=None
[2025-05-18T06:27:48.951+0000] {processor.py:179} INFO - Processing /opt/airflow/dags/brewery_pipeline_gold.py took 0.622 seconds
[2025-05-18T06:28:19.269+0000] {processor.py:157} INFO - Started process (PID=87) to work on /opt/airflow/dags/brewery_pipeline_gold.py
[2025-05-18T06:28:19.272+0000] {processor.py:829} INFO - Processing file /opt/airflow/dags/brewery_pipeline_gold.py for tasks to queue
[2025-05-18T06:28:19.273+0000] {logging_mixin.py:151} INFO - [2025-05-18T06:28:19.272+0000] {dagbag.py:536} INFO - Filling up the DagBag from /opt/airflow/dags/brewery_pipeline_gold.py
[2025-05-18T06:28:19.762+0000] {processor.py:839} INFO - DAG(s) dict_keys(['brewery_pipeline_gold']) retrieved from /opt/airflow/dags/brewery_pipeline_gold.py
[2025-05-18T06:28:19.795+0000] {logging_mixin.py:151} INFO - [2025-05-18T06:28:19.794+0000] {dag.py:2941} INFO - Sync 1 DAGs
[2025-05-18T06:28:19.817+0000] {logging_mixin.py:151} INFO - [2025-05-18T06:28:19.816+0000] {dag.py:3722} INFO - Setting next_dagrun for brewery_pipeline_gold to None, run_after=None
[2025-05-18T06:28:19.856+0000] {processor.py:179} INFO - Processing /opt/airflow/dags/brewery_pipeline_gold.py took 0.593 seconds
[2025-05-18T06:28:50.273+0000] {processor.py:157} INFO - Started process (PID=94) to work on /opt/airflow/dags/brewery_pipeline_gold.py
[2025-05-18T06:28:50.274+0000] {processor.py:829} INFO - Processing file /opt/airflow/dags/brewery_pipeline_gold.py for tasks to queue
[2025-05-18T06:28:50.275+0000] {logging_mixin.py:151} INFO - [2025-05-18T06:28:50.275+0000] {dagbag.py:536} INFO - Filling up the DagBag from /opt/airflow/dags/brewery_pipeline_gold.py
[2025-05-18T06:28:50.762+0000] {processor.py:839} INFO - DAG(s) dict_keys(['brewery_pipeline_gold']) retrieved from /opt/airflow/dags/brewery_pipeline_gold.py
[2025-05-18T06:28:50.796+0000] {logging_mixin.py:151} INFO - [2025-05-18T06:28:50.793+0000] {dag.py:2941} INFO - Sync 1 DAGs
[2025-05-18T06:28:50.816+0000] {logging_mixin.py:151} INFO - [2025-05-18T06:28:50.815+0000] {dag.py:3722} INFO - Setting next_dagrun for brewery_pipeline_gold to None, run_after=None
[2025-05-18T06:28:50.856+0000] {processor.py:179} INFO - Processing /opt/airflow/dags/brewery_pipeline_gold.py took 0.589 seconds
[2025-05-18T06:29:21.295+0000] {processor.py:157} INFO - Started process (PID=101) to work on /opt/airflow/dags/brewery_pipeline_gold.py
[2025-05-18T06:29:21.297+0000] {processor.py:829} INFO - Processing file /opt/airflow/dags/brewery_pipeline_gold.py for tasks to queue
[2025-05-18T06:29:21.298+0000] {logging_mixin.py:151} INFO - [2025-05-18T06:29:21.298+0000] {dagbag.py:536} INFO - Filling up the DagBag from /opt/airflow/dags/brewery_pipeline_gold.py
[2025-05-18T06:29:21.797+0000] {processor.py:839} INFO - DAG(s) dict_keys(['brewery_pipeline_gold']) retrieved from /opt/airflow/dags/brewery_pipeline_gold.py
[2025-05-18T06:29:21.830+0000] {logging_mixin.py:151} INFO - [2025-05-18T06:29:21.829+0000] {dag.py:2941} INFO - Sync 1 DAGs
[2025-05-18T06:29:21.850+0000] {logging_mixin.py:151} INFO - [2025-05-18T06:29:21.849+0000] {dag.py:3722} INFO - Setting next_dagrun for brewery_pipeline_gold to None, run_after=None
[2025-05-18T06:29:21.889+0000] {processor.py:179} INFO - Processing /opt/airflow/dags/brewery_pipeline_gold.py took 0.600 seconds
[2025-05-18T06:29:52.317+0000] {processor.py:157} INFO - Started process (PID=108) to work on /opt/airflow/dags/brewery_pipeline_gold.py
[2025-05-18T06:29:52.318+0000] {processor.py:829} INFO - Processing file /opt/airflow/dags/brewery_pipeline_gold.py for tasks to queue
[2025-05-18T06:29:52.319+0000] {logging_mixin.py:151} INFO - [2025-05-18T06:29:52.319+0000] {dagbag.py:536} INFO - Filling up the DagBag from /opt/airflow/dags/brewery_pipeline_gold.py
[2025-05-18T06:29:52.814+0000] {processor.py:839} INFO - DAG(s) dict_keys(['brewery_pipeline_gold']) retrieved from /opt/airflow/dags/brewery_pipeline_gold.py
[2025-05-18T06:29:52.845+0000] {logging_mixin.py:151} INFO - [2025-05-18T06:29:52.844+0000] {dag.py:2941} INFO - Sync 1 DAGs
[2025-05-18T06:29:52.864+0000] {logging_mixin.py:151} INFO - [2025-05-18T06:29:52.864+0000] {dag.py:3722} INFO - Setting next_dagrun for brewery_pipeline_gold to None, run_after=None
[2025-05-18T06:29:52.904+0000] {processor.py:179} INFO - Processing /opt/airflow/dags/brewery_pipeline_gold.py took 0.593 seconds
[2025-05-18T06:30:23.319+0000] {processor.py:157} INFO - Started process (PID=115) to work on /opt/airflow/dags/brewery_pipeline_gold.py
[2025-05-18T06:30:23.321+0000] {processor.py:829} INFO - Processing file /opt/airflow/dags/brewery_pipeline_gold.py for tasks to queue
[2025-05-18T06:30:23.323+0000] {logging_mixin.py:151} INFO - [2025-05-18T06:30:23.322+0000] {dagbag.py:536} INFO - Filling up the DagBag from /opt/airflow/dags/brewery_pipeline_gold.py
[2025-05-18T06:30:23.816+0000] {processor.py:839} INFO - DAG(s) dict_keys(['brewery_pipeline_gold']) retrieved from /opt/airflow/dags/brewery_pipeline_gold.py
[2025-05-18T06:30:23.848+0000] {logging_mixin.py:151} INFO - [2025-05-18T06:30:23.847+0000] {dag.py:2941} INFO - Sync 1 DAGs
[2025-05-18T06:30:23.869+0000] {logging_mixin.py:151} INFO - [2025-05-18T06:30:23.869+0000] {dag.py:3722} INFO - Setting next_dagrun for brewery_pipeline_gold to None, run_after=None
[2025-05-18T06:30:23.907+0000] {processor.py:179} INFO - Processing /opt/airflow/dags/brewery_pipeline_gold.py took 0.594 seconds
[2025-05-18T06:30:54.311+0000] {processor.py:157} INFO - Started process (PID=122) to work on /opt/airflow/dags/brewery_pipeline_gold.py
[2025-05-18T06:30:54.314+0000] {processor.py:829} INFO - Processing file /opt/airflow/dags/brewery_pipeline_gold.py for tasks to queue
[2025-05-18T06:30:54.315+0000] {logging_mixin.py:151} INFO - [2025-05-18T06:30:54.315+0000] {dagbag.py:536} INFO - Filling up the DagBag from /opt/airflow/dags/brewery_pipeline_gold.py
[2025-05-18T06:30:54.827+0000] {processor.py:839} INFO - DAG(s) dict_keys(['brewery_pipeline_gold']) retrieved from /opt/airflow/dags/brewery_pipeline_gold.py
[2025-05-18T06:30:54.860+0000] {logging_mixin.py:151} INFO - [2025-05-18T06:30:54.858+0000] {dag.py:2941} INFO - Sync 1 DAGs
[2025-05-18T06:30:54.880+0000] {logging_mixin.py:151} INFO - [2025-05-18T06:30:54.879+0000] {dag.py:3722} INFO - Setting next_dagrun for brewery_pipeline_gold to None, run_after=None
[2025-05-18T06:30:54.916+0000] {processor.py:179} INFO - Processing /opt/airflow/dags/brewery_pipeline_gold.py took 0.610 seconds
[2025-05-18T06:31:25.318+0000] {processor.py:157} INFO - Started process (PID=129) to work on /opt/airflow/dags/brewery_pipeline_gold.py
[2025-05-18T06:31:25.320+0000] {processor.py:829} INFO - Processing file /opt/airflow/dags/brewery_pipeline_gold.py for tasks to queue
[2025-05-18T06:31:25.321+0000] {logging_mixin.py:151} INFO - [2025-05-18T06:31:25.321+0000] {dagbag.py:536} INFO - Filling up the DagBag from /opt/airflow/dags/brewery_pipeline_gold.py
[2025-05-18T06:31:25.818+0000] {processor.py:839} INFO - DAG(s) dict_keys(['brewery_pipeline_gold']) retrieved from /opt/airflow/dags/brewery_pipeline_gold.py
[2025-05-18T06:31:25.851+0000] {logging_mixin.py:151} INFO - [2025-05-18T06:31:25.850+0000] {dag.py:2941} INFO - Sync 1 DAGs
[2025-05-18T06:31:25.870+0000] {logging_mixin.py:151} INFO - [2025-05-18T06:31:25.869+0000] {dag.py:3722} INFO - Setting next_dagrun for brewery_pipeline_gold to None, run_after=None
[2025-05-18T06:31:25.910+0000] {processor.py:179} INFO - Processing /opt/airflow/dags/brewery_pipeline_gold.py took 0.597 seconds
[2025-05-18T06:31:56.324+0000] {processor.py:157} INFO - Started process (PID=136) to work on /opt/airflow/dags/brewery_pipeline_gold.py
[2025-05-18T06:31:56.326+0000] {processor.py:829} INFO - Processing file /opt/airflow/dags/brewery_pipeline_gold.py for tasks to queue
[2025-05-18T06:31:56.327+0000] {logging_mixin.py:151} INFO - [2025-05-18T06:31:56.327+0000] {dagbag.py:536} INFO - Filling up the DagBag from /opt/airflow/dags/brewery_pipeline_gold.py
[2025-05-18T06:31:56.822+0000] {processor.py:839} INFO - DAG(s) dict_keys(['brewery_pipeline_gold']) retrieved from /opt/airflow/dags/brewery_pipeline_gold.py
[2025-05-18T06:31:56.856+0000] {logging_mixin.py:151} INFO - [2025-05-18T06:31:56.855+0000] {dag.py:2941} INFO - Sync 1 DAGs
[2025-05-18T06:31:56.875+0000] {logging_mixin.py:151} INFO - [2025-05-18T06:31:56.875+0000] {dag.py:3722} INFO - Setting next_dagrun for brewery_pipeline_gold to None, run_after=None
[2025-05-18T06:31:56.914+0000] {processor.py:179} INFO - Processing /opt/airflow/dags/brewery_pipeline_gold.py took 0.596 seconds
[2025-05-18T06:32:27.331+0000] {processor.py:157} INFO - Started process (PID=143) to work on /opt/airflow/dags/brewery_pipeline_gold.py
[2025-05-18T06:32:27.332+0000] {processor.py:829} INFO - Processing file /opt/airflow/dags/brewery_pipeline_gold.py for tasks to queue
[2025-05-18T06:32:27.334+0000] {logging_mixin.py:151} INFO - [2025-05-18T06:32:27.333+0000] {dagbag.py:536} INFO - Filling up the DagBag from /opt/airflow/dags/brewery_pipeline_gold.py
[2025-05-18T06:32:27.824+0000] {processor.py:839} INFO - DAG(s) dict_keys(['brewery_pipeline_gold']) retrieved from /opt/airflow/dags/brewery_pipeline_gold.py
[2025-05-18T06:32:27.856+0000] {logging_mixin.py:151} INFO - [2025-05-18T06:32:27.855+0000] {dag.py:2941} INFO - Sync 1 DAGs
[2025-05-18T06:32:27.877+0000] {logging_mixin.py:151} INFO - [2025-05-18T06:32:27.876+0000] {dag.py:3722} INFO - Setting next_dagrun for brewery_pipeline_gold to None, run_after=None
[2025-05-18T06:32:27.915+0000] {processor.py:179} INFO - Processing /opt/airflow/dags/brewery_pipeline_gold.py took 0.590 seconds
[2025-05-18T06:32:58.304+0000] {processor.py:157} INFO - Started process (PID=150) to work on /opt/airflow/dags/brewery_pipeline_gold.py
[2025-05-18T06:32:58.306+0000] {processor.py:829} INFO - Processing file /opt/airflow/dags/brewery_pipeline_gold.py for tasks to queue
[2025-05-18T06:32:58.308+0000] {logging_mixin.py:151} INFO - [2025-05-18T06:32:58.307+0000] {dagbag.py:536} INFO - Filling up the DagBag from /opt/airflow/dags/brewery_pipeline_gold.py
[2025-05-18T06:32:58.805+0000] {processor.py:839} INFO - DAG(s) dict_keys(['brewery_pipeline_gold']) retrieved from /opt/airflow/dags/brewery_pipeline_gold.py
[2025-05-18T06:32:58.838+0000] {logging_mixin.py:151} INFO - [2025-05-18T06:32:58.835+0000] {dag.py:2941} INFO - Sync 1 DAGs
[2025-05-18T06:32:58.858+0000] {logging_mixin.py:151} INFO - [2025-05-18T06:32:58.857+0000] {dag.py:3722} INFO - Setting next_dagrun for brewery_pipeline_gold to None, run_after=None
[2025-05-18T06:32:58.896+0000] {processor.py:179} INFO - Processing /opt/airflow/dags/brewery_pipeline_gold.py took 0.597 seconds
[2025-05-18T06:33:29.308+0000] {processor.py:157} INFO - Started process (PID=157) to work on /opt/airflow/dags/brewery_pipeline_gold.py
[2025-05-18T06:33:29.310+0000] {processor.py:829} INFO - Processing file /opt/airflow/dags/brewery_pipeline_gold.py for tasks to queue
[2025-05-18T06:33:29.312+0000] {logging_mixin.py:151} INFO - [2025-05-18T06:33:29.311+0000] {dagbag.py:536} INFO - Filling up the DagBag from /opt/airflow/dags/brewery_pipeline_gold.py
[2025-05-18T06:33:29.812+0000] {processor.py:839} INFO - DAG(s) dict_keys(['brewery_pipeline_gold']) retrieved from /opt/airflow/dags/brewery_pipeline_gold.py
[2025-05-18T06:33:29.847+0000] {logging_mixin.py:151} INFO - [2025-05-18T06:33:29.846+0000] {dag.py:2941} INFO - Sync 1 DAGs
[2025-05-18T06:33:29.867+0000] {logging_mixin.py:151} INFO - [2025-05-18T06:33:29.866+0000] {dag.py:3722} INFO - Setting next_dagrun for brewery_pipeline_gold to None, run_after=None
[2025-05-18T06:33:29.905+0000] {processor.py:179} INFO - Processing /opt/airflow/dags/brewery_pipeline_gold.py took 0.603 seconds
[2025-05-18T06:34:00.300+0000] {processor.py:157} INFO - Started process (PID=164) to work on /opt/airflow/dags/brewery_pipeline_gold.py
[2025-05-18T06:34:00.302+0000] {processor.py:829} INFO - Processing file /opt/airflow/dags/brewery_pipeline_gold.py for tasks to queue
[2025-05-18T06:34:00.303+0000] {logging_mixin.py:151} INFO - [2025-05-18T06:34:00.303+0000] {dagbag.py:536} INFO - Filling up the DagBag from /opt/airflow/dags/brewery_pipeline_gold.py
[2025-05-18T06:34:00.802+0000] {processor.py:839} INFO - DAG(s) dict_keys(['brewery_pipeline_gold']) retrieved from /opt/airflow/dags/brewery_pipeline_gold.py
[2025-05-18T06:34:00.834+0000] {logging_mixin.py:151} INFO - [2025-05-18T06:34:00.833+0000] {dag.py:2941} INFO - Sync 1 DAGs
[2025-05-18T06:34:00.853+0000] {logging_mixin.py:151} INFO - [2025-05-18T06:34:00.853+0000] {dag.py:3722} INFO - Setting next_dagrun for brewery_pipeline_gold to None, run_after=None
[2025-05-18T06:34:00.889+0000] {processor.py:179} INFO - Processing /opt/airflow/dags/brewery_pipeline_gold.py took 0.595 seconds
[2025-05-18T06:34:31.281+0000] {processor.py:157} INFO - Started process (PID=171) to work on /opt/airflow/dags/brewery_pipeline_gold.py
[2025-05-18T06:34:31.283+0000] {processor.py:829} INFO - Processing file /opt/airflow/dags/brewery_pipeline_gold.py for tasks to queue
[2025-05-18T06:34:31.284+0000] {logging_mixin.py:151} INFO - [2025-05-18T06:34:31.284+0000] {dagbag.py:536} INFO - Filling up the DagBag from /opt/airflow/dags/brewery_pipeline_gold.py
[2025-05-18T06:34:31.782+0000] {processor.py:839} INFO - DAG(s) dict_keys(['brewery_pipeline_gold']) retrieved from /opt/airflow/dags/brewery_pipeline_gold.py
[2025-05-18T06:34:31.815+0000] {logging_mixin.py:151} INFO - [2025-05-18T06:34:31.814+0000] {dag.py:2941} INFO - Sync 1 DAGs
[2025-05-18T06:34:31.835+0000] {logging_mixin.py:151} INFO - [2025-05-18T06:34:31.835+0000] {dag.py:3722} INFO - Setting next_dagrun for brewery_pipeline_gold to None, run_after=None
[2025-05-18T06:34:31.874+0000] {processor.py:179} INFO - Processing /opt/airflow/dags/brewery_pipeline_gold.py took 0.599 seconds
[2025-05-18T06:35:02.286+0000] {processor.py:157} INFO - Started process (PID=178) to work on /opt/airflow/dags/brewery_pipeline_gold.py
[2025-05-18T06:35:02.289+0000] {processor.py:829} INFO - Processing file /opt/airflow/dags/brewery_pipeline_gold.py for tasks to queue
[2025-05-18T06:35:02.290+0000] {logging_mixin.py:151} INFO - [2025-05-18T06:35:02.289+0000] {dagbag.py:536} INFO - Filling up the DagBag from /opt/airflow/dags/brewery_pipeline_gold.py
[2025-05-18T06:35:02.786+0000] {processor.py:839} INFO - DAG(s) dict_keys(['brewery_pipeline_gold']) retrieved from /opt/airflow/dags/brewery_pipeline_gold.py
[2025-05-18T06:35:02.819+0000] {logging_mixin.py:151} INFO - [2025-05-18T06:35:02.818+0000] {dag.py:2941} INFO - Sync 1 DAGs
[2025-05-18T06:35:02.841+0000] {logging_mixin.py:151} INFO - [2025-05-18T06:35:02.841+0000] {dag.py:3722} INFO - Setting next_dagrun for brewery_pipeline_gold to None, run_after=None
[2025-05-18T06:35:02.878+0000] {processor.py:179} INFO - Processing /opt/airflow/dags/brewery_pipeline_gold.py took 0.598 seconds
[2025-05-18T06:35:33.287+0000] {processor.py:157} INFO - Started process (PID=185) to work on /opt/airflow/dags/brewery_pipeline_gold.py
[2025-05-18T06:35:33.289+0000] {processor.py:829} INFO - Processing file /opt/airflow/dags/brewery_pipeline_gold.py for tasks to queue
[2025-05-18T06:35:33.291+0000] {logging_mixin.py:151} INFO - [2025-05-18T06:35:33.290+0000] {dagbag.py:536} INFO - Filling up the DagBag from /opt/airflow/dags/brewery_pipeline_gold.py
[2025-05-18T06:35:33.783+0000] {processor.py:839} INFO - DAG(s) dict_keys(['brewery_pipeline_gold']) retrieved from /opt/airflow/dags/brewery_pipeline_gold.py
[2025-05-18T06:35:33.816+0000] {logging_mixin.py:151} INFO - [2025-05-18T06:35:33.815+0000] {dag.py:2941} INFO - Sync 1 DAGs
[2025-05-18T06:35:33.836+0000] {logging_mixin.py:151} INFO - [2025-05-18T06:35:33.835+0000] {dag.py:3722} INFO - Setting next_dagrun for brewery_pipeline_gold to None, run_after=None
[2025-05-18T06:35:33.874+0000] {processor.py:179} INFO - Processing /opt/airflow/dags/brewery_pipeline_gold.py took 0.592 seconds
[2025-05-18T06:36:04.312+0000] {processor.py:157} INFO - Started process (PID=192) to work on /opt/airflow/dags/brewery_pipeline_gold.py
[2025-05-18T06:36:04.314+0000] {processor.py:829} INFO - Processing file /opt/airflow/dags/brewery_pipeline_gold.py for tasks to queue
[2025-05-18T06:36:04.316+0000] {logging_mixin.py:151} INFO - [2025-05-18T06:36:04.315+0000] {dagbag.py:536} INFO - Filling up the DagBag from /opt/airflow/dags/brewery_pipeline_gold.py
[2025-05-18T06:36:04.814+0000] {processor.py:839} INFO - DAG(s) dict_keys(['brewery_pipeline_gold']) retrieved from /opt/airflow/dags/brewery_pipeline_gold.py
[2025-05-18T06:36:04.847+0000] {logging_mixin.py:151} INFO - [2025-05-18T06:36:04.846+0000] {dag.py:2941} INFO - Sync 1 DAGs
[2025-05-18T06:36:04.867+0000] {logging_mixin.py:151} INFO - [2025-05-18T06:36:04.867+0000] {dag.py:3722} INFO - Setting next_dagrun for brewery_pipeline_gold to None, run_after=None
[2025-05-18T06:36:04.905+0000] {processor.py:179} INFO - Processing /opt/airflow/dags/brewery_pipeline_gold.py took 0.599 seconds
[2025-05-18T06:36:35.308+0000] {processor.py:157} INFO - Started process (PID=199) to work on /opt/airflow/dags/brewery_pipeline_gold.py
[2025-05-18T06:36:35.310+0000] {processor.py:829} INFO - Processing file /opt/airflow/dags/brewery_pipeline_gold.py for tasks to queue
[2025-05-18T06:36:35.312+0000] {logging_mixin.py:151} INFO - [2025-05-18T06:36:35.311+0000] {dagbag.py:536} INFO - Filling up the DagBag from /opt/airflow/dags/brewery_pipeline_gold.py
[2025-05-18T06:36:35.801+0000] {processor.py:839} INFO - DAG(s) dict_keys(['brewery_pipeline_gold']) retrieved from /opt/airflow/dags/brewery_pipeline_gold.py
[2025-05-18T06:36:35.833+0000] {logging_mixin.py:151} INFO - [2025-05-18T06:36:35.832+0000] {dag.py:2941} INFO - Sync 1 DAGs
[2025-05-18T06:36:35.852+0000] {logging_mixin.py:151} INFO - [2025-05-18T06:36:35.852+0000] {dag.py:3722} INFO - Setting next_dagrun for brewery_pipeline_gold to None, run_after=None
[2025-05-18T06:36:35.893+0000] {processor.py:179} INFO - Processing /opt/airflow/dags/brewery_pipeline_gold.py took 0.591 seconds
[2025-05-18T06:37:06.294+0000] {processor.py:157} INFO - Started process (PID=206) to work on /opt/airflow/dags/brewery_pipeline_gold.py
[2025-05-18T06:37:06.296+0000] {processor.py:829} INFO - Processing file /opt/airflow/dags/brewery_pipeline_gold.py for tasks to queue
[2025-05-18T06:37:06.297+0000] {logging_mixin.py:151} INFO - [2025-05-18T06:37:06.297+0000] {dagbag.py:536} INFO - Filling up the DagBag from /opt/airflow/dags/brewery_pipeline_gold.py
[2025-05-18T06:37:06.786+0000] {processor.py:839} INFO - DAG(s) dict_keys(['brewery_pipeline_gold']) retrieved from /opt/airflow/dags/brewery_pipeline_gold.py
[2025-05-18T06:37:06.816+0000] {logging_mixin.py:151} INFO - [2025-05-18T06:37:06.815+0000] {dag.py:2941} INFO - Sync 1 DAGs
[2025-05-18T06:37:06.837+0000] {logging_mixin.py:151} INFO - [2025-05-18T06:37:06.837+0000] {dag.py:3722} INFO - Setting next_dagrun for brewery_pipeline_gold to None, run_after=None
[2025-05-18T06:37:06.873+0000] {processor.py:179} INFO - Processing /opt/airflow/dags/brewery_pipeline_gold.py took 0.584 seconds
[2025-05-18T06:37:37.391+0000] {processor.py:157} INFO - Started process (PID=213) to work on /opt/airflow/dags/brewery_pipeline_gold.py
[2025-05-18T06:37:37.394+0000] {processor.py:829} INFO - Processing file /opt/airflow/dags/brewery_pipeline_gold.py for tasks to queue
[2025-05-18T06:37:37.395+0000] {logging_mixin.py:151} INFO - [2025-05-18T06:37:37.395+0000] {dagbag.py:536} INFO - Filling up the DagBag from /opt/airflow/dags/brewery_pipeline_gold.py
[2025-05-18T06:37:37.954+0000] {processor.py:839} INFO - DAG(s) dict_keys(['brewery_pipeline_gold']) retrieved from /opt/airflow/dags/brewery_pipeline_gold.py
[2025-05-18T06:37:37.990+0000] {logging_mixin.py:151} INFO - [2025-05-18T06:37:37.989+0000] {dag.py:2941} INFO - Sync 1 DAGs
[2025-05-18T06:37:38.011+0000] {logging_mixin.py:151} INFO - [2025-05-18T06:37:38.010+0000] {dag.py:3722} INFO - Setting next_dagrun for brewery_pipeline_gold to None, run_after=None
[2025-05-18T06:37:38.051+0000] {processor.py:179} INFO - Processing /opt/airflow/dags/brewery_pipeline_gold.py took 0.667 seconds
