[2025-05-18T06:15:57.949+0000] {processor.py:157} INFO - Started process (PID=34) to work on /opt/airflow/dags/brewery_pipeline_silver.py
[2025-05-18T06:15:57.950+0000] {processor.py:829} INFO - Processing file /opt/airflow/dags/brewery_pipeline_silver.py for tasks to queue
[2025-05-18T06:15:57.950+0000] {logging_mixin.py:151} INFO - [2025-05-18T06:15:57.950+0000] {dagbag.py:536} INFO - Filling up the DagBag from /opt/airflow/dags/brewery_pipeline_silver.py
[2025-05-18T06:15:58.207+0000] {processor.py:839} INFO - DAG(s) dict_keys(['brewery_pipeline_silver']) retrieved from /opt/airflow/dags/brewery_pipeline_silver.py
[2025-05-18T06:15:58.223+0000] {logging_mixin.py:151} INFO - [2025-05-18T06:15:58.222+0000] {dag.py:2941} INFO - Sync 1 DAGs
[2025-05-18T06:15:58.232+0000] {logging_mixin.py:151} INFO - [2025-05-18T06:15:58.232+0000] {dag.py:3722} INFO - Setting next_dagrun for brewery_pipeline_silver to None, run_after=None
[2025-05-18T06:15:58.257+0000] {processor.py:179} INFO - Processing /opt/airflow/dags/brewery_pipeline_silver.py took 0.310 seconds
[2025-05-18T06:16:28.457+0000] {processor.py:157} INFO - Started process (PID=50) to work on /opt/airflow/dags/brewery_pipeline_silver.py
[2025-05-18T06:16:28.458+0000] {processor.py:829} INFO - Processing file /opt/airflow/dags/brewery_pipeline_silver.py for tasks to queue
[2025-05-18T06:16:28.458+0000] {logging_mixin.py:151} INFO - [2025-05-18T06:16:28.458+0000] {dagbag.py:536} INFO - Filling up the DagBag from /opt/airflow/dags/brewery_pipeline_silver.py
[2025-05-18T06:16:28.640+0000] {processor.py:839} INFO - DAG(s) dict_keys(['brewery_pipeline_silver']) retrieved from /opt/airflow/dags/brewery_pipeline_silver.py
[2025-05-18T06:16:28.653+0000] {logging_mixin.py:151} INFO - [2025-05-18T06:16:28.652+0000] {dag.py:2941} INFO - Sync 1 DAGs
[2025-05-18T06:16:28.660+0000] {logging_mixin.py:151} INFO - [2025-05-18T06:16:28.659+0000] {dag.py:3722} INFO - Setting next_dagrun for brewery_pipeline_silver to None, run_after=None
[2025-05-18T06:16:28.683+0000] {processor.py:179} INFO - Processing /opt/airflow/dags/brewery_pipeline_silver.py took 0.228 seconds
[2025-05-18T06:16:58.903+0000] {processor.py:157} INFO - Started process (PID=66) to work on /opt/airflow/dags/brewery_pipeline_silver.py
[2025-05-18T06:16:58.904+0000] {processor.py:829} INFO - Processing file /opt/airflow/dags/brewery_pipeline_silver.py for tasks to queue
[2025-05-18T06:16:58.905+0000] {logging_mixin.py:151} INFO - [2025-05-18T06:16:58.905+0000] {dagbag.py:536} INFO - Filling up the DagBag from /opt/airflow/dags/brewery_pipeline_silver.py
[2025-05-18T06:16:59.405+0000] {processor.py:839} INFO - DAG(s) dict_keys(['brewery_pipeline_silver']) retrieved from /opt/airflow/dags/brewery_pipeline_silver.py
[2025-05-18T06:16:59.436+0000] {logging_mixin.py:151} INFO - [2025-05-18T06:16:59.435+0000] {dag.py:2941} INFO - Sync 1 DAGs
[2025-05-18T06:16:59.455+0000] {logging_mixin.py:151} INFO - [2025-05-18T06:16:59.455+0000] {dag.py:3722} INFO - Setting next_dagrun for brewery_pipeline_silver to None, run_after=None
[2025-05-18T06:16:59.500+0000] {processor.py:179} INFO - Processing /opt/airflow/dags/brewery_pipeline_silver.py took 0.603 seconds
[2025-05-18T06:17:29.881+0000] {processor.py:157} INFO - Started process (PID=84) to work on /opt/airflow/dags/brewery_pipeline_silver.py
[2025-05-18T06:17:29.884+0000] {processor.py:829} INFO - Processing file /opt/airflow/dags/brewery_pipeline_silver.py for tasks to queue
[2025-05-18T06:17:29.885+0000] {logging_mixin.py:151} INFO - [2025-05-18T06:17:29.885+0000] {dagbag.py:536} INFO - Filling up the DagBag from /opt/airflow/dags/brewery_pipeline_silver.py
[2025-05-18T06:17:30.476+0000] {processor.py:839} INFO - DAG(s) dict_keys(['brewery_pipeline_silver']) retrieved from /opt/airflow/dags/brewery_pipeline_silver.py
[2025-05-18T06:17:30.522+0000] {logging_mixin.py:151} INFO - [2025-05-18T06:17:30.521+0000] {dag.py:2941} INFO - Sync 1 DAGs
[2025-05-18T06:17:30.552+0000] {logging_mixin.py:151} INFO - [2025-05-18T06:17:30.552+0000] {dag.py:3722} INFO - Setting next_dagrun for brewery_pipeline_silver to None, run_after=None
[2025-05-18T06:17:30.602+0000] {processor.py:179} INFO - Processing /opt/airflow/dags/brewery_pipeline_silver.py took 0.727 seconds
[2025-05-18T06:18:00.811+0000] {processor.py:157} INFO - Started process (PID=101) to work on /opt/airflow/dags/brewery_pipeline_silver.py
[2025-05-18T06:18:00.812+0000] {processor.py:829} INFO - Processing file /opt/airflow/dags/brewery_pipeline_silver.py for tasks to queue
[2025-05-18T06:18:00.813+0000] {logging_mixin.py:151} INFO - [2025-05-18T06:18:00.813+0000] {dagbag.py:536} INFO - Filling up the DagBag from /opt/airflow/dags/brewery_pipeline_silver.py
[2025-05-18T06:18:01.342+0000] {processor.py:839} INFO - DAG(s) dict_keys(['brewery_pipeline_silver']) retrieved from /opt/airflow/dags/brewery_pipeline_silver.py
[2025-05-18T06:18:01.375+0000] {logging_mixin.py:151} INFO - [2025-05-18T06:18:01.373+0000] {dag.py:2941} INFO - Sync 1 DAGs
[2025-05-18T06:18:01.395+0000] {logging_mixin.py:151} INFO - [2025-05-18T06:18:01.394+0000] {dag.py:3722} INFO - Setting next_dagrun for brewery_pipeline_silver to None, run_after=None
[2025-05-18T06:18:01.431+0000] {processor.py:179} INFO - Processing /opt/airflow/dags/brewery_pipeline_silver.py took 0.625 seconds
[2025-05-18T06:18:31.878+0000] {processor.py:157} INFO - Started process (PID=109) to work on /opt/airflow/dags/brewery_pipeline_silver.py
[2025-05-18T06:18:31.880+0000] {processor.py:829} INFO - Processing file /opt/airflow/dags/brewery_pipeline_silver.py for tasks to queue
[2025-05-18T06:18:31.881+0000] {logging_mixin.py:151} INFO - [2025-05-18T06:18:31.880+0000] {dagbag.py:536} INFO - Filling up the DagBag from /opt/airflow/dags/brewery_pipeline_silver.py
[2025-05-18T06:18:32.374+0000] {processor.py:839} INFO - DAG(s) dict_keys(['brewery_pipeline_silver']) retrieved from /opt/airflow/dags/brewery_pipeline_silver.py
[2025-05-18T06:18:32.407+0000] {logging_mixin.py:151} INFO - [2025-05-18T06:18:32.406+0000] {dag.py:2941} INFO - Sync 1 DAGs
[2025-05-18T06:18:32.429+0000] {logging_mixin.py:151} INFO - [2025-05-18T06:18:32.428+0000] {dag.py:3722} INFO - Setting next_dagrun for brewery_pipeline_silver to None, run_after=None
[2025-05-18T06:18:32.466+0000] {processor.py:179} INFO - Processing /opt/airflow/dags/brewery_pipeline_silver.py took 0.594 seconds
[2025-05-18T06:19:02.707+0000] {processor.py:157} INFO - Started process (PID=115) to work on /opt/airflow/dags/brewery_pipeline_silver.py
[2025-05-18T06:19:02.708+0000] {processor.py:829} INFO - Processing file /opt/airflow/dags/brewery_pipeline_silver.py for tasks to queue
[2025-05-18T06:19:02.710+0000] {logging_mixin.py:151} INFO - [2025-05-18T06:19:02.709+0000] {dagbag.py:536} INFO - Filling up the DagBag from /opt/airflow/dags/brewery_pipeline_silver.py
[2025-05-18T06:19:03.287+0000] {processor.py:839} INFO - DAG(s) dict_keys(['brewery_pipeline_silver']) retrieved from /opt/airflow/dags/brewery_pipeline_silver.py
[2025-05-18T06:19:03.320+0000] {logging_mixin.py:151} INFO - [2025-05-18T06:19:03.319+0000] {dag.py:2941} INFO - Sync 1 DAGs
[2025-05-18T06:19:03.340+0000] {logging_mixin.py:151} INFO - [2025-05-18T06:19:03.339+0000] {dag.py:3722} INFO - Setting next_dagrun for brewery_pipeline_silver to None, run_after=None
[2025-05-18T06:19:03.378+0000] {processor.py:179} INFO - Processing /opt/airflow/dags/brewery_pipeline_silver.py took 0.678 seconds
[2025-05-18T06:19:34.180+0000] {processor.py:157} INFO - Started process (PID=151) to work on /opt/airflow/dags/brewery_pipeline_silver.py
[2025-05-18T06:19:34.181+0000] {processor.py:829} INFO - Processing file /opt/airflow/dags/brewery_pipeline_silver.py for tasks to queue
[2025-05-18T06:19:34.183+0000] {logging_mixin.py:151} INFO - [2025-05-18T06:19:34.182+0000] {dagbag.py:536} INFO - Filling up the DagBag from /opt/airflow/dags/brewery_pipeline_silver.py
[2025-05-18T06:19:34.795+0000] {processor.py:839} INFO - DAG(s) dict_keys(['brewery_pipeline_silver']) retrieved from /opt/airflow/dags/brewery_pipeline_silver.py
[2025-05-18T06:19:34.833+0000] {logging_mixin.py:151} INFO - [2025-05-18T06:19:34.832+0000] {dag.py:2941} INFO - Sync 1 DAGs
[2025-05-18T06:19:34.863+0000] {logging_mixin.py:151} INFO - [2025-05-18T06:19:34.863+0000] {dag.py:3722} INFO - Setting next_dagrun for brewery_pipeline_silver to None, run_after=None
[2025-05-18T06:19:34.914+0000] {processor.py:179} INFO - Processing /opt/airflow/dags/brewery_pipeline_silver.py took 0.741 seconds
[2025-05-18T06:20:05.526+0000] {processor.py:157} INFO - Started process (PID=169) to work on /opt/airflow/dags/brewery_pipeline_silver.py
[2025-05-18T06:20:05.528+0000] {processor.py:829} INFO - Processing file /opt/airflow/dags/brewery_pipeline_silver.py for tasks to queue
[2025-05-18T06:20:05.530+0000] {logging_mixin.py:151} INFO - [2025-05-18T06:20:05.529+0000] {dagbag.py:536} INFO - Filling up the DagBag from /opt/airflow/dags/brewery_pipeline_silver.py
[2025-05-18T06:20:06.440+0000] {processor.py:839} INFO - DAG(s) dict_keys(['brewery_pipeline_silver']) retrieved from /opt/airflow/dags/brewery_pipeline_silver.py
[2025-05-18T06:20:06.481+0000] {logging_mixin.py:151} INFO - [2025-05-18T06:20:06.477+0000] {dag.py:2941} INFO - Sync 1 DAGs
[2025-05-18T06:20:06.504+0000] {logging_mixin.py:151} INFO - [2025-05-18T06:20:06.503+0000] {dag.py:3722} INFO - Setting next_dagrun for brewery_pipeline_silver to None, run_after=None
[2025-05-18T06:20:06.545+0000] {processor.py:179} INFO - Processing /opt/airflow/dags/brewery_pipeline_silver.py took 1.028 seconds
[2025-05-18T06:20:36.767+0000] {processor.py:157} INFO - Started process (PID=176) to work on /opt/airflow/dags/brewery_pipeline_silver.py
[2025-05-18T06:20:36.768+0000] {processor.py:829} INFO - Processing file /opt/airflow/dags/brewery_pipeline_silver.py for tasks to queue
[2025-05-18T06:20:36.769+0000] {logging_mixin.py:151} INFO - [2025-05-18T06:20:36.769+0000] {dagbag.py:536} INFO - Filling up the DagBag from /opt/airflow/dags/brewery_pipeline_silver.py
[2025-05-18T06:20:37.411+0000] {processor.py:839} INFO - DAG(s) dict_keys(['brewery_pipeline_silver']) retrieved from /opt/airflow/dags/brewery_pipeline_silver.py
[2025-05-18T06:20:37.453+0000] {logging_mixin.py:151} INFO - [2025-05-18T06:20:37.452+0000] {dag.py:2941} INFO - Sync 1 DAGs
[2025-05-18T06:20:37.479+0000] {logging_mixin.py:151} INFO - [2025-05-18T06:20:37.478+0000] {dag.py:3722} INFO - Setting next_dagrun for brewery_pipeline_silver to None, run_after=None
[2025-05-18T06:20:37.527+0000] {processor.py:179} INFO - Processing /opt/airflow/dags/brewery_pipeline_silver.py took 0.766 seconds
[2025-05-18T06:21:07.669+0000] {processor.py:157} INFO - Started process (PID=183) to work on /opt/airflow/dags/brewery_pipeline_silver.py
[2025-05-18T06:21:07.671+0000] {processor.py:829} INFO - Processing file /opt/airflow/dags/brewery_pipeline_silver.py for tasks to queue
[2025-05-18T06:21:07.672+0000] {logging_mixin.py:151} INFO - [2025-05-18T06:21:07.671+0000] {dagbag.py:536} INFO - Filling up the DagBag from /opt/airflow/dags/brewery_pipeline_silver.py
[2025-05-18T06:21:08.185+0000] {processor.py:839} INFO - DAG(s) dict_keys(['brewery_pipeline_silver']) retrieved from /opt/airflow/dags/brewery_pipeline_silver.py
[2025-05-18T06:21:08.219+0000] {logging_mixin.py:151} INFO - [2025-05-18T06:21:08.218+0000] {dag.py:2941} INFO - Sync 1 DAGs
[2025-05-18T06:21:08.239+0000] {logging_mixin.py:151} INFO - [2025-05-18T06:21:08.239+0000] {dag.py:3722} INFO - Setting next_dagrun for brewery_pipeline_silver to None, run_after=None
[2025-05-18T06:21:08.282+0000] {processor.py:179} INFO - Processing /opt/airflow/dags/brewery_pipeline_silver.py took 0.619 seconds
[2025-05-18T06:21:38.876+0000] {processor.py:157} INFO - Started process (PID=190) to work on /opt/airflow/dags/brewery_pipeline_silver.py
[2025-05-18T06:21:38.878+0000] {processor.py:829} INFO - Processing file /opt/airflow/dags/brewery_pipeline_silver.py for tasks to queue
[2025-05-18T06:21:38.879+0000] {logging_mixin.py:151} INFO - [2025-05-18T06:21:38.878+0000] {dagbag.py:536} INFO - Filling up the DagBag from /opt/airflow/dags/brewery_pipeline_silver.py
[2025-05-18T06:21:39.389+0000] {processor.py:839} INFO - DAG(s) dict_keys(['brewery_pipeline_silver']) retrieved from /opt/airflow/dags/brewery_pipeline_silver.py
[2025-05-18T06:21:39.422+0000] {logging_mixin.py:151} INFO - [2025-05-18T06:21:39.421+0000] {dag.py:2941} INFO - Sync 1 DAGs
[2025-05-18T06:21:39.445+0000] {logging_mixin.py:151} INFO - [2025-05-18T06:21:39.445+0000] {dag.py:3722} INFO - Setting next_dagrun for brewery_pipeline_silver to None, run_after=None
[2025-05-18T06:21:39.487+0000] {processor.py:179} INFO - Processing /opt/airflow/dags/brewery_pipeline_silver.py took 0.616 seconds
[2025-05-18T06:22:09.567+0000] {processor.py:157} INFO - Started process (PID=196) to work on /opt/airflow/dags/brewery_pipeline_silver.py
[2025-05-18T06:22:09.568+0000] {processor.py:829} INFO - Processing file /opt/airflow/dags/brewery_pipeline_silver.py for tasks to queue
[2025-05-18T06:22:09.570+0000] {logging_mixin.py:151} INFO - [2025-05-18T06:22:09.569+0000] {dagbag.py:536} INFO - Filling up the DagBag from /opt/airflow/dags/brewery_pipeline_silver.py
[2025-05-18T06:22:10.061+0000] {processor.py:839} INFO - DAG(s) dict_keys(['brewery_pipeline_silver']) retrieved from /opt/airflow/dags/brewery_pipeline_silver.py
[2025-05-18T06:22:10.097+0000] {logging_mixin.py:151} INFO - [2025-05-18T06:22:10.094+0000] {dag.py:2941} INFO - Sync 1 DAGs
[2025-05-18T06:22:10.117+0000] {logging_mixin.py:151} INFO - [2025-05-18T06:22:10.116+0000] {dag.py:3722} INFO - Setting next_dagrun for brewery_pipeline_silver to None, run_after=None
[2025-05-18T06:22:10.156+0000] {processor.py:179} INFO - Processing /opt/airflow/dags/brewery_pipeline_silver.py took 0.595 seconds
[2025-05-18T06:22:40.241+0000] {processor.py:157} INFO - Started process (PID=203) to work on /opt/airflow/dags/brewery_pipeline_silver.py
[2025-05-18T06:22:40.242+0000] {processor.py:829} INFO - Processing file /opt/airflow/dags/brewery_pipeline_silver.py for tasks to queue
[2025-05-18T06:22:40.243+0000] {logging_mixin.py:151} INFO - [2025-05-18T06:22:40.243+0000] {dagbag.py:536} INFO - Filling up the DagBag from /opt/airflow/dags/brewery_pipeline_silver.py
[2025-05-18T06:22:40.809+0000] {processor.py:839} INFO - DAG(s) dict_keys(['brewery_pipeline_silver']) retrieved from /opt/airflow/dags/brewery_pipeline_silver.py
[2025-05-18T06:22:40.858+0000] {logging_mixin.py:151} INFO - [2025-05-18T06:22:40.857+0000] {dag.py:2941} INFO - Sync 1 DAGs
[2025-05-18T06:22:40.879+0000] {logging_mixin.py:151} INFO - [2025-05-18T06:22:40.879+0000] {dag.py:3722} INFO - Setting next_dagrun for brewery_pipeline_silver to None, run_after=None
[2025-05-18T06:22:40.921+0000] {processor.py:179} INFO - Processing /opt/airflow/dags/brewery_pipeline_silver.py took 0.686 seconds
[2025-05-18T06:23:11.038+0000] {processor.py:157} INFO - Started process (PID=210) to work on /opt/airflow/dags/brewery_pipeline_silver.py
[2025-05-18T06:23:11.039+0000] {processor.py:829} INFO - Processing file /opt/airflow/dags/brewery_pipeline_silver.py for tasks to queue
[2025-05-18T06:23:11.041+0000] {logging_mixin.py:151} INFO - [2025-05-18T06:23:11.040+0000] {dagbag.py:536} INFO - Filling up the DagBag from /opt/airflow/dags/brewery_pipeline_silver.py
[2025-05-18T06:23:11.642+0000] {processor.py:839} INFO - DAG(s) dict_keys(['brewery_pipeline_silver']) retrieved from /opt/airflow/dags/brewery_pipeline_silver.py
[2025-05-18T06:23:11.680+0000] {logging_mixin.py:151} INFO - [2025-05-18T06:23:11.679+0000] {dag.py:2941} INFO - Sync 1 DAGs
[2025-05-18T06:23:11.701+0000] {logging_mixin.py:151} INFO - [2025-05-18T06:23:11.700+0000] {dag.py:3722} INFO - Setting next_dagrun for brewery_pipeline_silver to None, run_after=None
[2025-05-18T06:23:11.739+0000] {processor.py:179} INFO - Processing /opt/airflow/dags/brewery_pipeline_silver.py took 0.707 seconds
[2025-05-18T06:23:41.816+0000] {processor.py:157} INFO - Started process (PID=217) to work on /opt/airflow/dags/brewery_pipeline_silver.py
[2025-05-18T06:23:41.817+0000] {processor.py:829} INFO - Processing file /opt/airflow/dags/brewery_pipeline_silver.py for tasks to queue
[2025-05-18T06:23:41.818+0000] {logging_mixin.py:151} INFO - [2025-05-18T06:23:41.818+0000] {dagbag.py:536} INFO - Filling up the DagBag from /opt/airflow/dags/brewery_pipeline_silver.py
[2025-05-18T06:23:42.316+0000] {processor.py:839} INFO - DAG(s) dict_keys(['brewery_pipeline_silver']) retrieved from /opt/airflow/dags/brewery_pipeline_silver.py
[2025-05-18T06:23:42.350+0000] {logging_mixin.py:151} INFO - [2025-05-18T06:23:42.349+0000] {dag.py:2941} INFO - Sync 1 DAGs
[2025-05-18T06:23:42.369+0000] {logging_mixin.py:151} INFO - [2025-05-18T06:23:42.369+0000] {dag.py:3722} INFO - Setting next_dagrun for brewery_pipeline_silver to None, run_after=None
[2025-05-18T06:23:42.411+0000] {processor.py:179} INFO - Processing /opt/airflow/dags/brewery_pipeline_silver.py took 0.601 seconds
[2025-05-18T06:24:39.598+0000] {processor.py:157} INFO - Started process (PID=34) to work on /opt/airflow/dags/brewery_pipeline_silver.py
[2025-05-18T06:24:39.600+0000] {processor.py:829} INFO - Processing file /opt/airflow/dags/brewery_pipeline_silver.py for tasks to queue
[2025-05-18T06:24:39.601+0000] {logging_mixin.py:151} INFO - [2025-05-18T06:24:39.601+0000] {dagbag.py:536} INFO - Filling up the DagBag from /opt/airflow/dags/brewery_pipeline_silver.py
[2025-05-18T06:24:40.164+0000] {processor.py:839} INFO - DAG(s) dict_keys(['brewery_pipeline_silver']) retrieved from /opt/airflow/dags/brewery_pipeline_silver.py
[2025-05-18T06:24:40.198+0000] {logging_mixin.py:151} INFO - [2025-05-18T06:24:40.197+0000] {dag.py:2941} INFO - Sync 1 DAGs
[2025-05-18T06:24:40.220+0000] {logging_mixin.py:151} INFO - [2025-05-18T06:24:40.220+0000] {dag.py:3722} INFO - Setting next_dagrun for brewery_pipeline_silver to None, run_after=None
[2025-05-18T06:24:40.260+0000] {processor.py:179} INFO - Processing /opt/airflow/dags/brewery_pipeline_silver.py took 0.667 seconds
[2025-05-18T06:25:11.004+0000] {processor.py:157} INFO - Started process (PID=41) to work on /opt/airflow/dags/brewery_pipeline_silver.py
[2025-05-18T06:25:11.005+0000] {processor.py:829} INFO - Processing file /opt/airflow/dags/brewery_pipeline_silver.py for tasks to queue
[2025-05-18T06:25:11.006+0000] {logging_mixin.py:151} INFO - [2025-05-18T06:25:11.006+0000] {dagbag.py:536} INFO - Filling up the DagBag from /opt/airflow/dags/brewery_pipeline_silver.py
[2025-05-18T06:25:11.504+0000] {processor.py:839} INFO - DAG(s) dict_keys(['brewery_pipeline_silver']) retrieved from /opt/airflow/dags/brewery_pipeline_silver.py
[2025-05-18T06:25:11.536+0000] {logging_mixin.py:151} INFO - [2025-05-18T06:25:11.535+0000] {dag.py:2941} INFO - Sync 1 DAGs
[2025-05-18T06:25:11.556+0000] {logging_mixin.py:151} INFO - [2025-05-18T06:25:11.556+0000] {dag.py:3722} INFO - Setting next_dagrun for brewery_pipeline_silver to None, run_after=None
[2025-05-18T06:25:11.597+0000] {processor.py:179} INFO - Processing /opt/airflow/dags/brewery_pipeline_silver.py took 0.599 seconds
[2025-05-18T06:25:42.413+0000] {processor.py:157} INFO - Started process (PID=48) to work on /opt/airflow/dags/brewery_pipeline_silver.py
[2025-05-18T06:25:42.414+0000] {processor.py:829} INFO - Processing file /opt/airflow/dags/brewery_pipeline_silver.py for tasks to queue
[2025-05-18T06:25:42.415+0000] {logging_mixin.py:151} INFO - [2025-05-18T06:25:42.415+0000] {dagbag.py:536} INFO - Filling up the DagBag from /opt/airflow/dags/brewery_pipeline_silver.py
[2025-05-18T06:25:42.917+0000] {processor.py:839} INFO - DAG(s) dict_keys(['brewery_pipeline_silver']) retrieved from /opt/airflow/dags/brewery_pipeline_silver.py
[2025-05-18T06:25:42.950+0000] {logging_mixin.py:151} INFO - [2025-05-18T06:25:42.949+0000] {dag.py:2941} INFO - Sync 1 DAGs
[2025-05-18T06:25:42.970+0000] {logging_mixin.py:151} INFO - [2025-05-18T06:25:42.970+0000] {dag.py:3722} INFO - Setting next_dagrun for brewery_pipeline_silver to None, run_after=None
[2025-05-18T06:25:43.011+0000] {processor.py:179} INFO - Processing /opt/airflow/dags/brewery_pipeline_silver.py took 0.604 seconds
[2025-05-18T06:26:13.782+0000] {processor.py:157} INFO - Started process (PID=55) to work on /opt/airflow/dags/brewery_pipeline_silver.py
[2025-05-18T06:26:13.783+0000] {processor.py:829} INFO - Processing file /opt/airflow/dags/brewery_pipeline_silver.py for tasks to queue
[2025-05-18T06:26:13.785+0000] {logging_mixin.py:151} INFO - [2025-05-18T06:26:13.784+0000] {dagbag.py:536} INFO - Filling up the DagBag from /opt/airflow/dags/brewery_pipeline_silver.py
[2025-05-18T06:26:14.320+0000] {processor.py:839} INFO - DAG(s) dict_keys(['brewery_pipeline_silver']) retrieved from /opt/airflow/dags/brewery_pipeline_silver.py
[2025-05-18T06:26:14.355+0000] {logging_mixin.py:151} INFO - [2025-05-18T06:26:14.354+0000] {dag.py:2941} INFO - Sync 1 DAGs
[2025-05-18T06:26:14.378+0000] {logging_mixin.py:151} INFO - [2025-05-18T06:26:14.378+0000] {dag.py:3722} INFO - Setting next_dagrun for brewery_pipeline_silver to None, run_after=None
[2025-05-18T06:26:14.418+0000] {processor.py:179} INFO - Processing /opt/airflow/dags/brewery_pipeline_silver.py took 0.643 seconds
[2025-05-18T06:26:44.867+0000] {processor.py:157} INFO - Started process (PID=62) to work on /opt/airflow/dags/brewery_pipeline_silver.py
[2025-05-18T06:26:44.868+0000] {processor.py:829} INFO - Processing file /opt/airflow/dags/brewery_pipeline_silver.py for tasks to queue
[2025-05-18T06:26:44.870+0000] {logging_mixin.py:151} INFO - [2025-05-18T06:26:44.869+0000] {dagbag.py:536} INFO - Filling up the DagBag from /opt/airflow/dags/brewery_pipeline_silver.py
[2025-05-18T06:26:45.387+0000] {processor.py:839} INFO - DAG(s) dict_keys(['brewery_pipeline_silver']) retrieved from /opt/airflow/dags/brewery_pipeline_silver.py
[2025-05-18T06:26:45.420+0000] {logging_mixin.py:151} INFO - [2025-05-18T06:26:45.417+0000] {dag.py:2941} INFO - Sync 1 DAGs
[2025-05-18T06:26:45.440+0000] {logging_mixin.py:151} INFO - [2025-05-18T06:26:45.440+0000] {dag.py:3722} INFO - Setting next_dagrun for brewery_pipeline_silver to None, run_after=None
[2025-05-18T06:26:45.478+0000] {processor.py:179} INFO - Processing /opt/airflow/dags/brewery_pipeline_silver.py took 0.617 seconds
[2025-05-18T06:27:15.842+0000] {processor.py:157} INFO - Started process (PID=69) to work on /opt/airflow/dags/brewery_pipeline_silver.py
[2025-05-18T06:27:15.844+0000] {processor.py:829} INFO - Processing file /opt/airflow/dags/brewery_pipeline_silver.py for tasks to queue
[2025-05-18T06:27:15.845+0000] {logging_mixin.py:151} INFO - [2025-05-18T06:27:15.845+0000] {dagbag.py:536} INFO - Filling up the DagBag from /opt/airflow/dags/brewery_pipeline_silver.py
[2025-05-18T06:27:16.411+0000] {processor.py:839} INFO - DAG(s) dict_keys(['brewery_pipeline_silver']) retrieved from /opt/airflow/dags/brewery_pipeline_silver.py
[2025-05-18T06:27:16.446+0000] {logging_mixin.py:151} INFO - [2025-05-18T06:27:16.446+0000] {dag.py:2941} INFO - Sync 1 DAGs
[2025-05-18T06:27:16.467+0000] {logging_mixin.py:151} INFO - [2025-05-18T06:27:16.466+0000] {dag.py:3722} INFO - Setting next_dagrun for brewery_pipeline_silver to None, run_after=None
[2025-05-18T06:27:16.508+0000] {processor.py:179} INFO - Processing /opt/airflow/dags/brewery_pipeline_silver.py took 0.673 seconds
[2025-05-18T06:27:46.588+0000] {processor.py:157} INFO - Started process (PID=76) to work on /opt/airflow/dags/brewery_pipeline_silver.py
[2025-05-18T06:27:46.589+0000] {processor.py:829} INFO - Processing file /opt/airflow/dags/brewery_pipeline_silver.py for tasks to queue
[2025-05-18T06:27:46.591+0000] {logging_mixin.py:151} INFO - [2025-05-18T06:27:46.590+0000] {dagbag.py:536} INFO - Filling up the DagBag from /opt/airflow/dags/brewery_pipeline_silver.py
[2025-05-18T06:27:47.114+0000] {processor.py:839} INFO - DAG(s) dict_keys(['brewery_pipeline_silver']) retrieved from /opt/airflow/dags/brewery_pipeline_silver.py
[2025-05-18T06:27:47.147+0000] {logging_mixin.py:151} INFO - [2025-05-18T06:27:47.146+0000] {dag.py:2941} INFO - Sync 1 DAGs
[2025-05-18T06:27:47.167+0000] {logging_mixin.py:151} INFO - [2025-05-18T06:27:47.167+0000] {dag.py:3722} INFO - Setting next_dagrun for brewery_pipeline_silver to None, run_after=None
[2025-05-18T06:27:47.209+0000] {processor.py:179} INFO - Processing /opt/airflow/dags/brewery_pipeline_silver.py took 0.627 seconds
[2025-05-18T06:28:17.616+0000] {processor.py:157} INFO - Started process (PID=83) to work on /opt/airflow/dags/brewery_pipeline_silver.py
[2025-05-18T06:28:17.617+0000] {processor.py:829} INFO - Processing file /opt/airflow/dags/brewery_pipeline_silver.py for tasks to queue
[2025-05-18T06:28:17.619+0000] {logging_mixin.py:151} INFO - [2025-05-18T06:28:17.618+0000] {dagbag.py:536} INFO - Filling up the DagBag from /opt/airflow/dags/brewery_pipeline_silver.py
[2025-05-18T06:28:18.114+0000] {processor.py:839} INFO - DAG(s) dict_keys(['brewery_pipeline_silver']) retrieved from /opt/airflow/dags/brewery_pipeline_silver.py
[2025-05-18T06:28:18.147+0000] {logging_mixin.py:151} INFO - [2025-05-18T06:28:18.146+0000] {dag.py:2941} INFO - Sync 1 DAGs
[2025-05-18T06:28:18.168+0000] {logging_mixin.py:151} INFO - [2025-05-18T06:28:18.168+0000] {dag.py:3722} INFO - Setting next_dagrun for brewery_pipeline_silver to None, run_after=None
[2025-05-18T06:28:18.213+0000] {processor.py:179} INFO - Processing /opt/airflow/dags/brewery_pipeline_silver.py took 0.603 seconds
[2025-05-18T06:28:48.628+0000] {processor.py:157} INFO - Started process (PID=90) to work on /opt/airflow/dags/brewery_pipeline_silver.py
[2025-05-18T06:28:48.630+0000] {processor.py:829} INFO - Processing file /opt/airflow/dags/brewery_pipeline_silver.py for tasks to queue
[2025-05-18T06:28:48.631+0000] {logging_mixin.py:151} INFO - [2025-05-18T06:28:48.631+0000] {dagbag.py:536} INFO - Filling up the DagBag from /opt/airflow/dags/brewery_pipeline_silver.py
[2025-05-18T06:28:49.132+0000] {processor.py:839} INFO - DAG(s) dict_keys(['brewery_pipeline_silver']) retrieved from /opt/airflow/dags/brewery_pipeline_silver.py
[2025-05-18T06:28:49.167+0000] {logging_mixin.py:151} INFO - [2025-05-18T06:28:49.164+0000] {dag.py:2941} INFO - Sync 1 DAGs
[2025-05-18T06:28:49.187+0000] {logging_mixin.py:151} INFO - [2025-05-18T06:28:49.186+0000] {dag.py:3722} INFO - Setting next_dagrun for brewery_pipeline_silver to None, run_after=None
[2025-05-18T06:28:49.227+0000] {processor.py:179} INFO - Processing /opt/airflow/dags/brewery_pipeline_silver.py took 0.605 seconds
[2025-05-18T06:29:19.604+0000] {processor.py:157} INFO - Started process (PID=97) to work on /opt/airflow/dags/brewery_pipeline_silver.py
[2025-05-18T06:29:19.606+0000] {processor.py:829} INFO - Processing file /opt/airflow/dags/brewery_pipeline_silver.py for tasks to queue
[2025-05-18T06:29:19.607+0000] {logging_mixin.py:151} INFO - [2025-05-18T06:29:19.607+0000] {dagbag.py:536} INFO - Filling up the DagBag from /opt/airflow/dags/brewery_pipeline_silver.py
[2025-05-18T06:29:20.139+0000] {processor.py:839} INFO - DAG(s) dict_keys(['brewery_pipeline_silver']) retrieved from /opt/airflow/dags/brewery_pipeline_silver.py
[2025-05-18T06:29:20.177+0000] {logging_mixin.py:151} INFO - [2025-05-18T06:29:20.175+0000] {dag.py:2941} INFO - Sync 1 DAGs
[2025-05-18T06:29:20.200+0000] {logging_mixin.py:151} INFO - [2025-05-18T06:29:20.199+0000] {dag.py:3722} INFO - Setting next_dagrun for brewery_pipeline_silver to None, run_after=None
[2025-05-18T06:29:20.242+0000] {processor.py:179} INFO - Processing /opt/airflow/dags/brewery_pipeline_silver.py took 0.646 seconds
[2025-05-18T06:29:50.659+0000] {processor.py:157} INFO - Started process (PID=104) to work on /opt/airflow/dags/brewery_pipeline_silver.py
[2025-05-18T06:29:50.661+0000] {processor.py:829} INFO - Processing file /opt/airflow/dags/brewery_pipeline_silver.py for tasks to queue
[2025-05-18T06:29:50.662+0000] {logging_mixin.py:151} INFO - [2025-05-18T06:29:50.662+0000] {dagbag.py:536} INFO - Filling up the DagBag from /opt/airflow/dags/brewery_pipeline_silver.py
[2025-05-18T06:29:51.167+0000] {processor.py:839} INFO - DAG(s) dict_keys(['brewery_pipeline_silver']) retrieved from /opt/airflow/dags/brewery_pipeline_silver.py
[2025-05-18T06:29:51.202+0000] {logging_mixin.py:151} INFO - [2025-05-18T06:29:51.201+0000] {dag.py:2941} INFO - Sync 1 DAGs
[2025-05-18T06:29:51.222+0000] {logging_mixin.py:151} INFO - [2025-05-18T06:29:51.222+0000] {dag.py:3722} INFO - Setting next_dagrun for brewery_pipeline_silver to None, run_after=None
[2025-05-18T06:29:51.262+0000] {processor.py:179} INFO - Processing /opt/airflow/dags/brewery_pipeline_silver.py took 0.608 seconds
[2025-05-18T06:30:21.666+0000] {processor.py:157} INFO - Started process (PID=111) to work on /opt/airflow/dags/brewery_pipeline_silver.py
[2025-05-18T06:30:21.668+0000] {processor.py:829} INFO - Processing file /opt/airflow/dags/brewery_pipeline_silver.py for tasks to queue
[2025-05-18T06:30:21.669+0000] {logging_mixin.py:151} INFO - [2025-05-18T06:30:21.669+0000] {dagbag.py:536} INFO - Filling up the DagBag from /opt/airflow/dags/brewery_pipeline_silver.py
[2025-05-18T06:30:22.170+0000] {processor.py:839} INFO - DAG(s) dict_keys(['brewery_pipeline_silver']) retrieved from /opt/airflow/dags/brewery_pipeline_silver.py
[2025-05-18T06:30:22.202+0000] {logging_mixin.py:151} INFO - [2025-05-18T06:30:22.201+0000] {dag.py:2941} INFO - Sync 1 DAGs
[2025-05-18T06:30:22.223+0000] {logging_mixin.py:151} INFO - [2025-05-18T06:30:22.223+0000] {dag.py:3722} INFO - Setting next_dagrun for brewery_pipeline_silver to None, run_after=None
[2025-05-18T06:30:22.262+0000] {processor.py:179} INFO - Processing /opt/airflow/dags/brewery_pipeline_silver.py took 0.601 seconds
[2025-05-18T06:30:52.655+0000] {processor.py:157} INFO - Started process (PID=118) to work on /opt/airflow/dags/brewery_pipeline_silver.py
[2025-05-18T06:30:52.656+0000] {processor.py:829} INFO - Processing file /opt/airflow/dags/brewery_pipeline_silver.py for tasks to queue
[2025-05-18T06:30:52.658+0000] {logging_mixin.py:151} INFO - [2025-05-18T06:30:52.657+0000] {dagbag.py:536} INFO - Filling up the DagBag from /opt/airflow/dags/brewery_pipeline_silver.py
[2025-05-18T06:30:53.162+0000] {processor.py:839} INFO - DAG(s) dict_keys(['brewery_pipeline_silver']) retrieved from /opt/airflow/dags/brewery_pipeline_silver.py
[2025-05-18T06:30:53.195+0000] {logging_mixin.py:151} INFO - [2025-05-18T06:30:53.192+0000] {dag.py:2941} INFO - Sync 1 DAGs
[2025-05-18T06:30:53.217+0000] {logging_mixin.py:151} INFO - [2025-05-18T06:30:53.217+0000] {dag.py:3722} INFO - Setting next_dagrun for brewery_pipeline_silver to None, run_after=None
[2025-05-18T06:30:53.258+0000] {processor.py:179} INFO - Processing /opt/airflow/dags/brewery_pipeline_silver.py took 0.609 seconds
[2025-05-18T06:31:23.658+0000] {processor.py:157} INFO - Started process (PID=125) to work on /opt/airflow/dags/brewery_pipeline_silver.py
[2025-05-18T06:31:23.659+0000] {processor.py:829} INFO - Processing file /opt/airflow/dags/brewery_pipeline_silver.py for tasks to queue
[2025-05-18T06:31:23.661+0000] {logging_mixin.py:151} INFO - [2025-05-18T06:31:23.660+0000] {dagbag.py:536} INFO - Filling up the DagBag from /opt/airflow/dags/brewery_pipeline_silver.py
[2025-05-18T06:31:24.177+0000] {processor.py:839} INFO - DAG(s) dict_keys(['brewery_pipeline_silver']) retrieved from /opt/airflow/dags/brewery_pipeline_silver.py
[2025-05-18T06:31:24.209+0000] {logging_mixin.py:151} INFO - [2025-05-18T06:31:24.208+0000] {dag.py:2941} INFO - Sync 1 DAGs
[2025-05-18T06:31:24.230+0000] {logging_mixin.py:151} INFO - [2025-05-18T06:31:24.230+0000] {dag.py:3722} INFO - Setting next_dagrun for brewery_pipeline_silver to None, run_after=None
[2025-05-18T06:31:24.267+0000] {processor.py:179} INFO - Processing /opt/airflow/dags/brewery_pipeline_silver.py took 0.615 seconds
[2025-05-18T06:31:54.666+0000] {processor.py:157} INFO - Started process (PID=132) to work on /opt/airflow/dags/brewery_pipeline_silver.py
[2025-05-18T06:31:54.668+0000] {processor.py:829} INFO - Processing file /opt/airflow/dags/brewery_pipeline_silver.py for tasks to queue
[2025-05-18T06:31:54.669+0000] {logging_mixin.py:151} INFO - [2025-05-18T06:31:54.669+0000] {dagbag.py:536} INFO - Filling up the DagBag from /opt/airflow/dags/brewery_pipeline_silver.py
[2025-05-18T06:31:55.177+0000] {processor.py:839} INFO - DAG(s) dict_keys(['brewery_pipeline_silver']) retrieved from /opt/airflow/dags/brewery_pipeline_silver.py
[2025-05-18T06:31:55.210+0000] {logging_mixin.py:151} INFO - [2025-05-18T06:31:55.209+0000] {dag.py:2941} INFO - Sync 1 DAGs
[2025-05-18T06:31:55.229+0000] {logging_mixin.py:151} INFO - [2025-05-18T06:31:55.229+0000] {dag.py:3722} INFO - Setting next_dagrun for brewery_pipeline_silver to None, run_after=None
[2025-05-18T06:31:55.270+0000] {processor.py:179} INFO - Processing /opt/airflow/dags/brewery_pipeline_silver.py took 0.609 seconds
[2025-05-18T06:32:25.655+0000] {processor.py:157} INFO - Started process (PID=139) to work on /opt/airflow/dags/brewery_pipeline_silver.py
[2025-05-18T06:32:25.657+0000] {processor.py:829} INFO - Processing file /opt/airflow/dags/brewery_pipeline_silver.py for tasks to queue
[2025-05-18T06:32:25.658+0000] {logging_mixin.py:151} INFO - [2025-05-18T06:32:25.658+0000] {dagbag.py:536} INFO - Filling up the DagBag from /opt/airflow/dags/brewery_pipeline_silver.py
[2025-05-18T06:32:26.168+0000] {processor.py:839} INFO - DAG(s) dict_keys(['brewery_pipeline_silver']) retrieved from /opt/airflow/dags/brewery_pipeline_silver.py
[2025-05-18T06:32:26.202+0000] {logging_mixin.py:151} INFO - [2025-05-18T06:32:26.201+0000] {dag.py:2941} INFO - Sync 1 DAGs
[2025-05-18T06:32:26.225+0000] {logging_mixin.py:151} INFO - [2025-05-18T06:32:26.224+0000] {dag.py:3722} INFO - Setting next_dagrun for brewery_pipeline_silver to None, run_after=None
[2025-05-18T06:32:26.266+0000] {processor.py:179} INFO - Processing /opt/airflow/dags/brewery_pipeline_silver.py took 0.616 seconds
[2025-05-18T06:32:56.651+0000] {processor.py:157} INFO - Started process (PID=146) to work on /opt/airflow/dags/brewery_pipeline_silver.py
[2025-05-18T06:32:56.652+0000] {processor.py:829} INFO - Processing file /opt/airflow/dags/brewery_pipeline_silver.py for tasks to queue
[2025-05-18T06:32:56.654+0000] {logging_mixin.py:151} INFO - [2025-05-18T06:32:56.653+0000] {dagbag.py:536} INFO - Filling up the DagBag from /opt/airflow/dags/brewery_pipeline_silver.py
[2025-05-18T06:32:57.153+0000] {processor.py:839} INFO - DAG(s) dict_keys(['brewery_pipeline_silver']) retrieved from /opt/airflow/dags/brewery_pipeline_silver.py
[2025-05-18T06:32:57.187+0000] {logging_mixin.py:151} INFO - [2025-05-18T06:32:57.185+0000] {dag.py:2941} INFO - Sync 1 DAGs
[2025-05-18T06:32:57.208+0000] {logging_mixin.py:151} INFO - [2025-05-18T06:32:57.207+0000] {dag.py:3722} INFO - Setting next_dagrun for brewery_pipeline_silver to None, run_after=None
[2025-05-18T06:32:57.248+0000] {processor.py:179} INFO - Processing /opt/airflow/dags/brewery_pipeline_silver.py took 0.603 seconds
[2025-05-18T06:33:27.644+0000] {processor.py:157} INFO - Started process (PID=153) to work on /opt/airflow/dags/brewery_pipeline_silver.py
[2025-05-18T06:33:27.645+0000] {processor.py:829} INFO - Processing file /opt/airflow/dags/brewery_pipeline_silver.py for tasks to queue
[2025-05-18T06:33:27.647+0000] {logging_mixin.py:151} INFO - [2025-05-18T06:33:27.646+0000] {dagbag.py:536} INFO - Filling up the DagBag from /opt/airflow/dags/brewery_pipeline_silver.py
[2025-05-18T06:33:28.151+0000] {processor.py:839} INFO - DAG(s) dict_keys(['brewery_pipeline_silver']) retrieved from /opt/airflow/dags/brewery_pipeline_silver.py
[2025-05-18T06:33:28.184+0000] {logging_mixin.py:151} INFO - [2025-05-18T06:33:28.183+0000] {dag.py:2941} INFO - Sync 1 DAGs
[2025-05-18T06:33:28.204+0000] {logging_mixin.py:151} INFO - [2025-05-18T06:33:28.204+0000] {dag.py:3722} INFO - Setting next_dagrun for brewery_pipeline_silver to None, run_after=None
[2025-05-18T06:33:28.245+0000] {processor.py:179} INFO - Processing /opt/airflow/dags/brewery_pipeline_silver.py took 0.608 seconds
[2025-05-18T06:33:58.647+0000] {processor.py:157} INFO - Started process (PID=160) to work on /opt/airflow/dags/brewery_pipeline_silver.py
[2025-05-18T06:33:58.649+0000] {processor.py:829} INFO - Processing file /opt/airflow/dags/brewery_pipeline_silver.py for tasks to queue
[2025-05-18T06:33:58.650+0000] {logging_mixin.py:151} INFO - [2025-05-18T06:33:58.650+0000] {dagbag.py:536} INFO - Filling up the DagBag from /opt/airflow/dags/brewery_pipeline_silver.py
[2025-05-18T06:33:59.149+0000] {processor.py:839} INFO - DAG(s) dict_keys(['brewery_pipeline_silver']) retrieved from /opt/airflow/dags/brewery_pipeline_silver.py
[2025-05-18T06:33:59.180+0000] {logging_mixin.py:151} INFO - [2025-05-18T06:33:59.179+0000] {dag.py:2941} INFO - Sync 1 DAGs
[2025-05-18T06:33:59.200+0000] {logging_mixin.py:151} INFO - [2025-05-18T06:33:59.200+0000] {dag.py:3722} INFO - Setting next_dagrun for brewery_pipeline_silver to None, run_after=None
[2025-05-18T06:33:59.242+0000] {processor.py:179} INFO - Processing /opt/airflow/dags/brewery_pipeline_silver.py took 0.600 seconds
[2025-05-18T06:34:29.620+0000] {processor.py:157} INFO - Started process (PID=167) to work on /opt/airflow/dags/brewery_pipeline_silver.py
[2025-05-18T06:34:29.621+0000] {processor.py:829} INFO - Processing file /opt/airflow/dags/brewery_pipeline_silver.py for tasks to queue
[2025-05-18T06:34:29.623+0000] {logging_mixin.py:151} INFO - [2025-05-18T06:34:29.622+0000] {dagbag.py:536} INFO - Filling up the DagBag from /opt/airflow/dags/brewery_pipeline_silver.py
[2025-05-18T06:34:30.132+0000] {processor.py:839} INFO - DAG(s) dict_keys(['brewery_pipeline_silver']) retrieved from /opt/airflow/dags/brewery_pipeline_silver.py
[2025-05-18T06:34:30.165+0000] {logging_mixin.py:151} INFO - [2025-05-18T06:34:30.164+0000] {dag.py:2941} INFO - Sync 1 DAGs
[2025-05-18T06:34:30.185+0000] {logging_mixin.py:151} INFO - [2025-05-18T06:34:30.185+0000] {dag.py:3722} INFO - Setting next_dagrun for brewery_pipeline_silver to None, run_after=None
[2025-05-18T06:34:30.229+0000] {processor.py:179} INFO - Processing /opt/airflow/dags/brewery_pipeline_silver.py took 0.615 seconds
[2025-05-18T06:35:00.627+0000] {processor.py:157} INFO - Started process (PID=174) to work on /opt/airflow/dags/brewery_pipeline_silver.py
[2025-05-18T06:35:00.628+0000] {processor.py:829} INFO - Processing file /opt/airflow/dags/brewery_pipeline_silver.py for tasks to queue
[2025-05-18T06:35:00.629+0000] {logging_mixin.py:151} INFO - [2025-05-18T06:35:00.629+0000] {dagbag.py:536} INFO - Filling up the DagBag from /opt/airflow/dags/brewery_pipeline_silver.py
[2025-05-18T06:35:01.132+0000] {processor.py:839} INFO - DAG(s) dict_keys(['brewery_pipeline_silver']) retrieved from /opt/airflow/dags/brewery_pipeline_silver.py
[2025-05-18T06:35:01.165+0000] {logging_mixin.py:151} INFO - [2025-05-18T06:35:01.164+0000] {dag.py:2941} INFO - Sync 1 DAGs
[2025-05-18T06:35:01.186+0000] {logging_mixin.py:151} INFO - [2025-05-18T06:35:01.186+0000] {dag.py:3722} INFO - Setting next_dagrun for brewery_pipeline_silver to None, run_after=None
[2025-05-18T06:35:01.229+0000] {processor.py:179} INFO - Processing /opt/airflow/dags/brewery_pipeline_silver.py took 0.608 seconds
[2025-05-18T06:35:31.622+0000] {processor.py:157} INFO - Started process (PID=181) to work on /opt/airflow/dags/brewery_pipeline_silver.py
[2025-05-18T06:35:31.624+0000] {processor.py:829} INFO - Processing file /opt/airflow/dags/brewery_pipeline_silver.py for tasks to queue
[2025-05-18T06:35:31.625+0000] {logging_mixin.py:151} INFO - [2025-05-18T06:35:31.624+0000] {dagbag.py:536} INFO - Filling up the DagBag from /opt/airflow/dags/brewery_pipeline_silver.py
[2025-05-18T06:35:32.135+0000] {processor.py:839} INFO - DAG(s) dict_keys(['brewery_pipeline_silver']) retrieved from /opt/airflow/dags/brewery_pipeline_silver.py
[2025-05-18T06:35:32.170+0000] {logging_mixin.py:151} INFO - [2025-05-18T06:35:32.169+0000] {dag.py:2941} INFO - Sync 1 DAGs
[2025-05-18T06:35:32.190+0000] {logging_mixin.py:151} INFO - [2025-05-18T06:35:32.190+0000] {dag.py:3722} INFO - Setting next_dagrun for brewery_pipeline_silver to None, run_after=None
[2025-05-18T06:35:32.232+0000] {processor.py:179} INFO - Processing /opt/airflow/dags/brewery_pipeline_silver.py took 0.616 seconds
[2025-05-18T06:36:02.648+0000] {processor.py:157} INFO - Started process (PID=188) to work on /opt/airflow/dags/brewery_pipeline_silver.py
[2025-05-18T06:36:02.650+0000] {processor.py:829} INFO - Processing file /opt/airflow/dags/brewery_pipeline_silver.py for tasks to queue
[2025-05-18T06:36:02.651+0000] {logging_mixin.py:151} INFO - [2025-05-18T06:36:02.650+0000] {dagbag.py:536} INFO - Filling up the DagBag from /opt/airflow/dags/brewery_pipeline_silver.py
[2025-05-18T06:36:03.161+0000] {processor.py:839} INFO - DAG(s) dict_keys(['brewery_pipeline_silver']) retrieved from /opt/airflow/dags/brewery_pipeline_silver.py
[2025-05-18T06:36:03.196+0000] {logging_mixin.py:151} INFO - [2025-05-18T06:36:03.195+0000] {dag.py:2941} INFO - Sync 1 DAGs
[2025-05-18T06:36:03.217+0000] {logging_mixin.py:151} INFO - [2025-05-18T06:36:03.217+0000] {dag.py:3722} INFO - Setting next_dagrun for brewery_pipeline_silver to None, run_after=None
[2025-05-18T06:36:03.256+0000] {processor.py:179} INFO - Processing /opt/airflow/dags/brewery_pipeline_silver.py took 0.614 seconds
[2025-05-18T06:36:33.645+0000] {processor.py:157} INFO - Started process (PID=195) to work on /opt/airflow/dags/brewery_pipeline_silver.py
[2025-05-18T06:36:33.647+0000] {processor.py:829} INFO - Processing file /opt/airflow/dags/brewery_pipeline_silver.py for tasks to queue
[2025-05-18T06:36:33.648+0000] {logging_mixin.py:151} INFO - [2025-05-18T06:36:33.647+0000] {dagbag.py:536} INFO - Filling up the DagBag from /opt/airflow/dags/brewery_pipeline_silver.py
[2025-05-18T06:36:34.158+0000] {processor.py:839} INFO - DAG(s) dict_keys(['brewery_pipeline_silver']) retrieved from /opt/airflow/dags/brewery_pipeline_silver.py
[2025-05-18T06:36:34.190+0000] {logging_mixin.py:151} INFO - [2025-05-18T06:36:34.189+0000] {dag.py:2941} INFO - Sync 1 DAGs
[2025-05-18T06:36:34.210+0000] {logging_mixin.py:151} INFO - [2025-05-18T06:36:34.210+0000] {dag.py:3722} INFO - Setting next_dagrun for brewery_pipeline_silver to None, run_after=None
[2025-05-18T06:36:34.254+0000] {processor.py:179} INFO - Processing /opt/airflow/dags/brewery_pipeline_silver.py took 0.614 seconds
[2025-05-18T06:37:04.636+0000] {processor.py:157} INFO - Started process (PID=202) to work on /opt/airflow/dags/brewery_pipeline_silver.py
[2025-05-18T06:37:04.637+0000] {processor.py:829} INFO - Processing file /opt/airflow/dags/brewery_pipeline_silver.py for tasks to queue
[2025-05-18T06:37:04.638+0000] {logging_mixin.py:151} INFO - [2025-05-18T06:37:04.638+0000] {dagbag.py:536} INFO - Filling up the DagBag from /opt/airflow/dags/brewery_pipeline_silver.py
[2025-05-18T06:37:05.141+0000] {processor.py:839} INFO - DAG(s) dict_keys(['brewery_pipeline_silver']) retrieved from /opt/airflow/dags/brewery_pipeline_silver.py
[2025-05-18T06:37:05.172+0000] {logging_mixin.py:151} INFO - [2025-05-18T06:37:05.171+0000] {dag.py:2941} INFO - Sync 1 DAGs
[2025-05-18T06:37:05.194+0000] {logging_mixin.py:151} INFO - [2025-05-18T06:37:05.194+0000] {dag.py:3722} INFO - Setting next_dagrun for brewery_pipeline_silver to None, run_after=None
[2025-05-18T06:37:05.238+0000] {processor.py:179} INFO - Processing /opt/airflow/dags/brewery_pipeline_silver.py took 0.608 seconds
[2025-05-18T06:37:35.611+0000] {processor.py:157} INFO - Started process (PID=209) to work on /opt/airflow/dags/brewery_pipeline_silver.py
[2025-05-18T06:37:35.613+0000] {processor.py:829} INFO - Processing file /opt/airflow/dags/brewery_pipeline_silver.py for tasks to queue
[2025-05-18T06:37:35.615+0000] {logging_mixin.py:151} INFO - [2025-05-18T06:37:35.614+0000] {dagbag.py:536} INFO - Filling up the DagBag from /opt/airflow/dags/brewery_pipeline_silver.py
[2025-05-18T06:37:36.239+0000] {processor.py:839} INFO - DAG(s) dict_keys(['brewery_pipeline_silver']) retrieved from /opt/airflow/dags/brewery_pipeline_silver.py
[2025-05-18T06:37:36.274+0000] {logging_mixin.py:151} INFO - [2025-05-18T06:37:36.273+0000] {dag.py:2941} INFO - Sync 1 DAGs
[2025-05-18T06:37:36.297+0000] {logging_mixin.py:151} INFO - [2025-05-18T06:37:36.296+0000] {dag.py:3722} INFO - Setting next_dagrun for brewery_pipeline_silver to None, run_after=None
[2025-05-18T06:37:36.342+0000] {processor.py:179} INFO - Processing /opt/airflow/dags/brewery_pipeline_silver.py took 0.737 seconds
