[2025-05-18T06:15:58.279+0000] {processor.py:157} INFO - Started process (PID=39) to work on /opt/airflow/dags/brewery_pipeline_bronze.py
[2025-05-18T06:15:58.280+0000] {processor.py:829} INFO - Processing file /opt/airflow/dags/brewery_pipeline_bronze.py for tasks to queue
[2025-05-18T06:15:58.280+0000] {logging_mixin.py:151} INFO - [2025-05-18T06:15:58.280+0000] {dagbag.py:536} INFO - Filling up the DagBag from /opt/airflow/dags/brewery_pipeline_bronze.py
[2025-05-18T06:15:58.288+0000] {processor.py:839} INFO - DAG(s) dict_keys(['brewery_pipeline_bronze']) retrieved from /opt/airflow/dags/brewery_pipeline_bronze.py
[2025-05-18T06:15:58.295+0000] {logging_mixin.py:151} INFO - [2025-05-18T06:15:58.295+0000] {dag.py:2941} INFO - Sync 1 DAGs
[2025-05-18T06:15:58.316+0000] {logging_mixin.py:151} INFO - [2025-05-18T06:15:58.315+0000] {dag.py:3722} INFO - Setting next_dagrun for brewery_pipeline_bronze to 2025-05-18T06:15:55.932085+00:00, run_after=2025-05-19T06:15:55.932085+00:00
[2025-05-18T06:15:58.337+0000] {processor.py:179} INFO - Processing /opt/airflow/dags/brewery_pipeline_bronze.py took 0.061 seconds
[2025-05-18T06:16:28.695+0000] {processor.py:157} INFO - Started process (PID=53) to work on /opt/airflow/dags/brewery_pipeline_bronze.py
[2025-05-18T06:16:28.696+0000] {processor.py:829} INFO - Processing file /opt/airflow/dags/brewery_pipeline_bronze.py for tasks to queue
[2025-05-18T06:16:28.696+0000] {logging_mixin.py:151} INFO - [2025-05-18T06:16:28.696+0000] {dagbag.py:536} INFO - Filling up the DagBag from /opt/airflow/dags/brewery_pipeline_bronze.py
[2025-05-18T06:16:28.703+0000] {processor.py:839} INFO - DAG(s) dict_keys(['brewery_pipeline_bronze']) retrieved from /opt/airflow/dags/brewery_pipeline_bronze.py
[2025-05-18T06:16:28.716+0000] {logging_mixin.py:151} INFO - [2025-05-18T06:16:28.716+0000] {dag.py:2941} INFO - Sync 1 DAGs
[2025-05-18T06:16:28.729+0000] {logging_mixin.py:151} INFO - [2025-05-18T06:16:28.729+0000] {dag.py:3722} INFO - Setting next_dagrun for brewery_pipeline_bronze to 2025-05-18T06:15:55.932085+00:00, run_after=2025-05-19T06:15:55.932085+00:00
[2025-05-18T06:16:28.747+0000] {processor.py:179} INFO - Processing /opt/airflow/dags/brewery_pipeline_bronze.py took 0.053 seconds
[2025-05-18T06:16:59.536+0000] {processor.py:157} INFO - Started process (PID=69) to work on /opt/airflow/dags/brewery_pipeline_bronze.py
[2025-05-18T06:16:59.537+0000] {processor.py:829} INFO - Processing file /opt/airflow/dags/brewery_pipeline_bronze.py for tasks to queue
[2025-05-18T06:16:59.538+0000] {logging_mixin.py:151} INFO - [2025-05-18T06:16:59.538+0000] {dagbag.py:536} INFO - Filling up the DagBag from /opt/airflow/dags/brewery_pipeline_bronze.py
[2025-05-18T06:16:59.554+0000] {processor.py:839} INFO - DAG(s) dict_keys(['brewery_pipeline_bronze']) retrieved from /opt/airflow/dags/brewery_pipeline_bronze.py
[2025-05-18T06:16:59.590+0000] {logging_mixin.py:151} INFO - [2025-05-18T06:16:59.589+0000] {dag.py:2941} INFO - Sync 1 DAGs
[2025-05-18T06:16:59.627+0000] {logging_mixin.py:151} INFO - [2025-05-18T06:16:59.627+0000] {dag.py:3722} INFO - Setting next_dagrun for brewery_pipeline_bronze to 2025-05-18T06:15:55.932085+00:00, run_after=2025-05-19T06:15:55.932085+00:00
[2025-05-18T06:16:59.667+0000] {processor.py:179} INFO - Processing /opt/airflow/dags/brewery_pipeline_bronze.py took 0.137 seconds
[2025-05-18T06:17:30.257+0000] {processor.py:157} INFO - Started process (PID=86) to work on /opt/airflow/dags/brewery_pipeline_bronze.py
[2025-05-18T06:17:30.259+0000] {processor.py:829} INFO - Processing file /opt/airflow/dags/brewery_pipeline_bronze.py for tasks to queue
[2025-05-18T06:17:30.260+0000] {logging_mixin.py:151} INFO - [2025-05-18T06:17:30.260+0000] {dagbag.py:536} INFO - Filling up the DagBag from /opt/airflow/dags/brewery_pipeline_bronze.py
[2025-05-18T06:17:30.280+0000] {processor.py:839} INFO - DAG(s) dict_keys(['brewery_pipeline_bronze']) retrieved from /opt/airflow/dags/brewery_pipeline_bronze.py
[2025-05-18T06:17:30.324+0000] {logging_mixin.py:151} INFO - [2025-05-18T06:17:30.323+0000] {dag.py:2941} INFO - Sync 1 DAGs
[2025-05-18T06:17:30.369+0000] {logging_mixin.py:151} INFO - [2025-05-18T06:17:30.369+0000] {dag.py:3722} INFO - Setting next_dagrun for brewery_pipeline_bronze to 2025-05-18T06:15:55.932085+00:00, run_after=2025-05-19T06:15:55.932085+00:00
[2025-05-18T06:17:30.415+0000] {processor.py:179} INFO - Processing /opt/airflow/dags/brewery_pipeline_bronze.py took 0.164 seconds
[2025-05-18T06:18:01.004+0000] {processor.py:157} INFO - Started process (PID=103) to work on /opt/airflow/dags/brewery_pipeline_bronze.py
[2025-05-18T06:18:01.005+0000] {processor.py:829} INFO - Processing file /opt/airflow/dags/brewery_pipeline_bronze.py for tasks to queue
[2025-05-18T06:18:01.006+0000] {logging_mixin.py:151} INFO - [2025-05-18T06:18:01.006+0000] {dagbag.py:536} INFO - Filling up the DagBag from /opt/airflow/dags/brewery_pipeline_bronze.py
[2025-05-18T06:18:01.022+0000] {processor.py:839} INFO - DAG(s) dict_keys(['brewery_pipeline_bronze']) retrieved from /opt/airflow/dags/brewery_pipeline_bronze.py
[2025-05-18T06:18:01.058+0000] {logging_mixin.py:151} INFO - [2025-05-18T06:18:01.057+0000] {dag.py:2941} INFO - Sync 1 DAGs
[2025-05-18T06:18:01.094+0000] {logging_mixin.py:151} INFO - [2025-05-18T06:18:01.094+0000] {dag.py:3722} INFO - Setting next_dagrun for brewery_pipeline_bronze to 2025-05-18T06:15:55.932085+00:00, run_after=2025-05-19T06:15:55.932085+00:00
[2025-05-18T06:18:01.136+0000] {processor.py:179} INFO - Processing /opt/airflow/dags/brewery_pipeline_bronze.py took 0.138 seconds
[2025-05-18T06:18:31.263+0000] {processor.py:157} INFO - Started process (PID=107) to work on /opt/airflow/dags/brewery_pipeline_bronze.py
[2025-05-18T06:18:31.265+0000] {processor.py:829} INFO - Processing file /opt/airflow/dags/brewery_pipeline_bronze.py for tasks to queue
[2025-05-18T06:18:31.266+0000] {logging_mixin.py:151} INFO - [2025-05-18T06:18:31.265+0000] {dagbag.py:536} INFO - Filling up the DagBag from /opt/airflow/dags/brewery_pipeline_bronze.py
[2025-05-18T06:18:31.282+0000] {processor.py:839} INFO - DAG(s) dict_keys(['brewery_pipeline_bronze']) retrieved from /opt/airflow/dags/brewery_pipeline_bronze.py
[2025-05-18T06:18:31.317+0000] {logging_mixin.py:151} INFO - [2025-05-18T06:18:31.317+0000] {dag.py:2941} INFO - Sync 1 DAGs
[2025-05-18T06:18:31.355+0000] {logging_mixin.py:151} INFO - [2025-05-18T06:18:31.354+0000] {dag.py:3722} INFO - Setting next_dagrun for brewery_pipeline_bronze to 2025-05-18T06:15:55.932085+00:00, run_after=2025-05-19T06:15:55.932085+00:00
[2025-05-18T06:18:31.393+0000] {processor.py:179} INFO - Processing /opt/airflow/dags/brewery_pipeline_bronze.py took 0.135 seconds
[2025-05-18T06:19:01.678+0000] {processor.py:157} INFO - Started process (PID=113) to work on /opt/airflow/dags/brewery_pipeline_bronze.py
[2025-05-18T06:19:01.680+0000] {processor.py:829} INFO - Processing file /opt/airflow/dags/brewery_pipeline_bronze.py for tasks to queue
[2025-05-18T06:19:01.681+0000] {logging_mixin.py:151} INFO - [2025-05-18T06:19:01.681+0000] {dagbag.py:536} INFO - Filling up the DagBag from /opt/airflow/dags/brewery_pipeline_bronze.py
[2025-05-18T06:19:01.699+0000] {processor.py:839} INFO - DAG(s) dict_keys(['brewery_pipeline_bronze']) retrieved from /opt/airflow/dags/brewery_pipeline_bronze.py
[2025-05-18T06:19:01.737+0000] {logging_mixin.py:151} INFO - [2025-05-18T06:19:01.737+0000] {dag.py:2941} INFO - Sync 1 DAGs
[2025-05-18T06:19:01.773+0000] {logging_mixin.py:151} INFO - [2025-05-18T06:19:01.773+0000] {dag.py:3722} INFO - Setting next_dagrun for brewery_pipeline_bronze to 2025-05-18T06:15:55.932085+00:00, run_after=2025-05-19T06:15:55.932085+00:00
[2025-05-18T06:19:01.809+0000] {processor.py:179} INFO - Processing /opt/airflow/dags/brewery_pipeline_bronze.py took 0.137 seconds
[2025-05-18T06:19:32.134+0000] {processor.py:157} INFO - Started process (PID=141) to work on /opt/airflow/dags/brewery_pipeline_bronze.py
[2025-05-18T06:19:32.136+0000] {processor.py:829} INFO - Processing file /opt/airflow/dags/brewery_pipeline_bronze.py for tasks to queue
[2025-05-18T06:19:32.138+0000] {logging_mixin.py:151} INFO - [2025-05-18T06:19:32.137+0000] {dagbag.py:536} INFO - Filling up the DagBag from /opt/airflow/dags/brewery_pipeline_bronze.py
[2025-05-18T06:19:32.154+0000] {processor.py:839} INFO - DAG(s) dict_keys(['brewery_pipeline_bronze']) retrieved from /opt/airflow/dags/brewery_pipeline_bronze.py
[2025-05-18T06:19:32.191+0000] {logging_mixin.py:151} INFO - [2025-05-18T06:19:32.191+0000] {dag.py:2941} INFO - Sync 1 DAGs
[2025-05-18T06:19:32.231+0000] {logging_mixin.py:151} INFO - [2025-05-18T06:19:32.230+0000] {dag.py:3722} INFO - Setting next_dagrun for brewery_pipeline_bronze to 2025-05-18T06:15:55.932085+00:00, run_after=2025-05-19T06:15:55.932085+00:00
[2025-05-18T06:19:32.268+0000] {processor.py:179} INFO - Processing /opt/airflow/dags/brewery_pipeline_bronze.py took 0.139 seconds
[2025-05-18T06:20:02.472+0000] {processor.py:157} INFO - Started process (PID=167) to work on /opt/airflow/dags/brewery_pipeline_bronze.py
[2025-05-18T06:20:02.475+0000] {processor.py:829} INFO - Processing file /opt/airflow/dags/brewery_pipeline_bronze.py for tasks to queue
[2025-05-18T06:20:02.477+0000] {logging_mixin.py:151} INFO - [2025-05-18T06:20:02.476+0000] {dagbag.py:536} INFO - Filling up the DagBag from /opt/airflow/dags/brewery_pipeline_bronze.py
[2025-05-18T06:20:02.495+0000] {processor.py:839} INFO - DAG(s) dict_keys(['brewery_pipeline_bronze']) retrieved from /opt/airflow/dags/brewery_pipeline_bronze.py
[2025-05-18T06:20:02.531+0000] {logging_mixin.py:151} INFO - [2025-05-18T06:20:02.531+0000] {dag.py:2941} INFO - Sync 1 DAGs
[2025-05-18T06:20:02.572+0000] {logging_mixin.py:151} INFO - [2025-05-18T06:20:02.572+0000] {dag.py:3722} INFO - Setting next_dagrun for brewery_pipeline_bronze to 2025-05-18T06:15:55.932085+00:00, run_after=2025-05-19T06:15:55.932085+00:00
[2025-05-18T06:20:02.612+0000] {processor.py:179} INFO - Processing /opt/airflow/dags/brewery_pipeline_bronze.py took 0.146 seconds
[2025-05-18T06:20:32.727+0000] {processor.py:157} INFO - Started process (PID=174) to work on /opt/airflow/dags/brewery_pipeline_bronze.py
[2025-05-18T06:20:32.729+0000] {processor.py:829} INFO - Processing file /opt/airflow/dags/brewery_pipeline_bronze.py for tasks to queue
[2025-05-18T06:20:32.730+0000] {logging_mixin.py:151} INFO - [2025-05-18T06:20:32.730+0000] {dagbag.py:536} INFO - Filling up the DagBag from /opt/airflow/dags/brewery_pipeline_bronze.py
[2025-05-18T06:20:32.747+0000] {processor.py:839} INFO - DAG(s) dict_keys(['brewery_pipeline_bronze']) retrieved from /opt/airflow/dags/brewery_pipeline_bronze.py
[2025-05-18T06:20:32.785+0000] {logging_mixin.py:151} INFO - [2025-05-18T06:20:32.785+0000] {dag.py:2941} INFO - Sync 1 DAGs
[2025-05-18T06:20:32.824+0000] {logging_mixin.py:151} INFO - [2025-05-18T06:20:32.824+0000] {dag.py:3722} INFO - Setting next_dagrun for brewery_pipeline_bronze to 2025-05-18T06:15:55.932085+00:00, run_after=2025-05-19T06:15:55.932085+00:00
[2025-05-18T06:20:32.862+0000] {processor.py:179} INFO - Processing /opt/airflow/dags/brewery_pipeline_bronze.py took 0.141 seconds
[2025-05-18T06:21:03.457+0000] {processor.py:157} INFO - Started process (PID=181) to work on /opt/airflow/dags/brewery_pipeline_bronze.py
[2025-05-18T06:21:03.459+0000] {processor.py:829} INFO - Processing file /opt/airflow/dags/brewery_pipeline_bronze.py for tasks to queue
[2025-05-18T06:21:03.461+0000] {logging_mixin.py:151} INFO - [2025-05-18T06:21:03.460+0000] {dagbag.py:536} INFO - Filling up the DagBag from /opt/airflow/dags/brewery_pipeline_bronze.py
[2025-05-18T06:21:03.479+0000] {processor.py:839} INFO - DAG(s) dict_keys(['brewery_pipeline_bronze']) retrieved from /opt/airflow/dags/brewery_pipeline_bronze.py
[2025-05-18T06:21:03.523+0000] {logging_mixin.py:151} INFO - [2025-05-18T06:21:03.522+0000] {dag.py:2941} INFO - Sync 1 DAGs
[2025-05-18T06:21:03.562+0000] {logging_mixin.py:151} INFO - [2025-05-18T06:21:03.562+0000] {dag.py:3722} INFO - Setting next_dagrun for brewery_pipeline_bronze to 2025-05-18T06:15:55.932085+00:00, run_after=2025-05-19T06:15:55.932085+00:00
[2025-05-18T06:21:03.603+0000] {processor.py:179} INFO - Processing /opt/airflow/dags/brewery_pipeline_bronze.py took 0.152 seconds
[2025-05-18T06:21:33.830+0000] {processor.py:157} INFO - Started process (PID=188) to work on /opt/airflow/dags/brewery_pipeline_bronze.py
[2025-05-18T06:21:33.832+0000] {processor.py:829} INFO - Processing file /opt/airflow/dags/brewery_pipeline_bronze.py for tasks to queue
[2025-05-18T06:21:33.833+0000] {logging_mixin.py:151} INFO - [2025-05-18T06:21:33.833+0000] {dagbag.py:536} INFO - Filling up the DagBag from /opt/airflow/dags/brewery_pipeline_bronze.py
[2025-05-18T06:21:33.851+0000] {processor.py:839} INFO - DAG(s) dict_keys(['brewery_pipeline_bronze']) retrieved from /opt/airflow/dags/brewery_pipeline_bronze.py
[2025-05-18T06:21:33.892+0000] {logging_mixin.py:151} INFO - [2025-05-18T06:21:33.892+0000] {dag.py:2941} INFO - Sync 1 DAGs
[2025-05-18T06:21:33.932+0000] {logging_mixin.py:151} INFO - [2025-05-18T06:21:33.932+0000] {dag.py:3722} INFO - Setting next_dagrun for brewery_pipeline_bronze to 2025-05-18T06:15:55.932085+00:00, run_after=2025-05-19T06:15:55.932085+00:00
[2025-05-18T06:21:33.975+0000] {processor.py:179} INFO - Processing /opt/airflow/dags/brewery_pipeline_bronze.py took 0.150 seconds
[2025-05-18T06:22:04.371+0000] {processor.py:157} INFO - Started process (PID=195) to work on /opt/airflow/dags/brewery_pipeline_bronze.py
[2025-05-18T06:22:04.373+0000] {processor.py:829} INFO - Processing file /opt/airflow/dags/brewery_pipeline_bronze.py for tasks to queue
[2025-05-18T06:22:04.374+0000] {logging_mixin.py:151} INFO - [2025-05-18T06:22:04.374+0000] {dagbag.py:536} INFO - Filling up the DagBag from /opt/airflow/dags/brewery_pipeline_bronze.py
[2025-05-18T06:22:04.392+0000] {processor.py:839} INFO - DAG(s) dict_keys(['brewery_pipeline_bronze']) retrieved from /opt/airflow/dags/brewery_pipeline_bronze.py
[2025-05-18T06:22:04.429+0000] {logging_mixin.py:151} INFO - [2025-05-18T06:22:04.429+0000] {dag.py:2941} INFO - Sync 1 DAGs
[2025-05-18T06:22:04.466+0000] {logging_mixin.py:151} INFO - [2025-05-18T06:22:04.466+0000] {dag.py:3722} INFO - Setting next_dagrun for brewery_pipeline_bronze to 2025-05-18T06:15:55.932085+00:00, run_after=2025-05-19T06:15:55.932085+00:00
[2025-05-18T06:22:04.503+0000] {processor.py:179} INFO - Processing /opt/airflow/dags/brewery_pipeline_bronze.py took 0.138 seconds
[2025-05-18T06:22:35.050+0000] {processor.py:157} INFO - Started process (PID=202) to work on /opt/airflow/dags/brewery_pipeline_bronze.py
[2025-05-18T06:22:35.053+0000] {processor.py:829} INFO - Processing file /opt/airflow/dags/brewery_pipeline_bronze.py for tasks to queue
[2025-05-18T06:22:35.054+0000] {logging_mixin.py:151} INFO - [2025-05-18T06:22:35.054+0000] {dagbag.py:536} INFO - Filling up the DagBag from /opt/airflow/dags/brewery_pipeline_bronze.py
[2025-05-18T06:22:35.072+0000] {processor.py:839} INFO - DAG(s) dict_keys(['brewery_pipeline_bronze']) retrieved from /opt/airflow/dags/brewery_pipeline_bronze.py
[2025-05-18T06:22:35.110+0000] {logging_mixin.py:151} INFO - [2025-05-18T06:22:35.110+0000] {dag.py:2941} INFO - Sync 1 DAGs
[2025-05-18T06:22:35.146+0000] {logging_mixin.py:151} INFO - [2025-05-18T06:22:35.146+0000] {dag.py:3722} INFO - Setting next_dagrun for brewery_pipeline_bronze to 2025-05-18T06:15:55.932085+00:00, run_after=2025-05-19T06:15:55.932085+00:00
[2025-05-18T06:22:35.182+0000] {processor.py:179} INFO - Processing /opt/airflow/dags/brewery_pipeline_bronze.py took 0.138 seconds
[2025-05-18T06:23:05.824+0000] {processor.py:157} INFO - Started process (PID=209) to work on /opt/airflow/dags/brewery_pipeline_bronze.py
[2025-05-18T06:23:05.826+0000] {processor.py:829} INFO - Processing file /opt/airflow/dags/brewery_pipeline_bronze.py for tasks to queue
[2025-05-18T06:23:05.828+0000] {logging_mixin.py:151} INFO - [2025-05-18T06:23:05.827+0000] {dagbag.py:536} INFO - Filling up the DagBag from /opt/airflow/dags/brewery_pipeline_bronze.py
[2025-05-18T06:23:05.847+0000] {processor.py:839} INFO - DAG(s) dict_keys(['brewery_pipeline_bronze']) retrieved from /opt/airflow/dags/brewery_pipeline_bronze.py
[2025-05-18T06:23:05.887+0000] {logging_mixin.py:151} INFO - [2025-05-18T06:23:05.886+0000] {dag.py:2941} INFO - Sync 1 DAGs
[2025-05-18T06:23:05.929+0000] {logging_mixin.py:151} INFO - [2025-05-18T06:23:05.928+0000] {dag.py:3722} INFO - Setting next_dagrun for brewery_pipeline_bronze to 2025-05-18T06:15:55.932085+00:00, run_after=2025-05-19T06:15:55.932085+00:00
[2025-05-18T06:23:05.969+0000] {processor.py:179} INFO - Processing /opt/airflow/dags/brewery_pipeline_bronze.py took 0.152 seconds
[2025-05-18T06:23:36.621+0000] {processor.py:157} INFO - Started process (PID=216) to work on /opt/airflow/dags/brewery_pipeline_bronze.py
[2025-05-18T06:23:36.623+0000] {processor.py:829} INFO - Processing file /opt/airflow/dags/brewery_pipeline_bronze.py for tasks to queue
[2025-05-18T06:23:36.624+0000] {logging_mixin.py:151} INFO - [2025-05-18T06:23:36.624+0000] {dagbag.py:536} INFO - Filling up the DagBag from /opt/airflow/dags/brewery_pipeline_bronze.py
[2025-05-18T06:23:36.641+0000] {processor.py:839} INFO - DAG(s) dict_keys(['brewery_pipeline_bronze']) retrieved from /opt/airflow/dags/brewery_pipeline_bronze.py
[2025-05-18T06:23:36.676+0000] {logging_mixin.py:151} INFO - [2025-05-18T06:23:36.676+0000] {dag.py:2941} INFO - Sync 1 DAGs
[2025-05-18T06:23:36.714+0000] {logging_mixin.py:151} INFO - [2025-05-18T06:23:36.713+0000] {dag.py:3722} INFO - Setting next_dagrun for brewery_pipeline_bronze to 2025-05-18T06:15:55.932085+00:00, run_after=2025-05-19T06:15:55.932085+00:00
[2025-05-18T06:23:36.753+0000] {processor.py:179} INFO - Processing /opt/airflow/dags/brewery_pipeline_bronze.py took 0.137 seconds
[2025-05-18T06:24:40.684+0000] {processor.py:157} INFO - Started process (PID=39) to work on /opt/airflow/dags/brewery_pipeline_bronze.py
[2025-05-18T06:24:40.686+0000] {processor.py:829} INFO - Processing file /opt/airflow/dags/brewery_pipeline_bronze.py for tasks to queue
[2025-05-18T06:24:40.687+0000] {logging_mixin.py:151} INFO - [2025-05-18T06:24:40.687+0000] {dagbag.py:536} INFO - Filling up the DagBag from /opt/airflow/dags/brewery_pipeline_bronze.py
[2025-05-18T06:24:40.703+0000] {processor.py:839} INFO - DAG(s) dict_keys(['brewery_pipeline_bronze']) retrieved from /opt/airflow/dags/brewery_pipeline_bronze.py
[2025-05-18T06:24:40.718+0000] {logging_mixin.py:151} INFO - [2025-05-18T06:24:40.718+0000] {dag.py:2941} INFO - Sync 1 DAGs
[2025-05-18T06:24:40.759+0000] {logging_mixin.py:151} INFO - [2025-05-18T06:24:40.758+0000] {dag.py:3722} INFO - Setting next_dagrun for brewery_pipeline_bronze to 2025-05-18T06:15:55.932085+00:00, run_after=2025-05-19T06:15:55.932085+00:00
[2025-05-18T06:24:40.802+0000] {processor.py:179} INFO - Processing /opt/airflow/dags/brewery_pipeline_bronze.py took 0.124 seconds
[2025-05-18T06:25:12.057+0000] {processor.py:157} INFO - Started process (PID=46) to work on /opt/airflow/dags/brewery_pipeline_bronze.py
[2025-05-18T06:25:12.060+0000] {processor.py:829} INFO - Processing file /opt/airflow/dags/brewery_pipeline_bronze.py for tasks to queue
[2025-05-18T06:25:12.061+0000] {logging_mixin.py:151} INFO - [2025-05-18T06:25:12.061+0000] {dagbag.py:536} INFO - Filling up the DagBag from /opt/airflow/dags/brewery_pipeline_bronze.py
[2025-05-18T06:25:12.079+0000] {processor.py:839} INFO - DAG(s) dict_keys(['brewery_pipeline_bronze']) retrieved from /opt/airflow/dags/brewery_pipeline_bronze.py
[2025-05-18T06:25:12.114+0000] {logging_mixin.py:151} INFO - [2025-05-18T06:25:12.114+0000] {dag.py:2941} INFO - Sync 1 DAGs
[2025-05-18T06:25:12.151+0000] {logging_mixin.py:151} INFO - [2025-05-18T06:25:12.151+0000] {dag.py:3722} INFO - Setting next_dagrun for brewery_pipeline_bronze to 2025-05-18T06:15:55.932085+00:00, run_after=2025-05-19T06:15:55.932085+00:00
[2025-05-18T06:25:12.187+0000] {processor.py:179} INFO - Processing /opt/airflow/dags/brewery_pipeline_bronze.py took 0.135 seconds
[2025-05-18T06:25:43.438+0000] {processor.py:157} INFO - Started process (PID=53) to work on /opt/airflow/dags/brewery_pipeline_bronze.py
[2025-05-18T06:25:43.439+0000] {processor.py:829} INFO - Processing file /opt/airflow/dags/brewery_pipeline_bronze.py for tasks to queue
[2025-05-18T06:25:43.441+0000] {logging_mixin.py:151} INFO - [2025-05-18T06:25:43.440+0000] {dagbag.py:536} INFO - Filling up the DagBag from /opt/airflow/dags/brewery_pipeline_bronze.py
[2025-05-18T06:25:43.456+0000] {processor.py:839} INFO - DAG(s) dict_keys(['brewery_pipeline_bronze']) retrieved from /opt/airflow/dags/brewery_pipeline_bronze.py
[2025-05-18T06:25:43.492+0000] {logging_mixin.py:151} INFO - [2025-05-18T06:25:43.491+0000] {dag.py:2941} INFO - Sync 1 DAGs
[2025-05-18T06:25:43.528+0000] {logging_mixin.py:151} INFO - [2025-05-18T06:25:43.528+0000] {dag.py:3722} INFO - Setting next_dagrun for brewery_pipeline_bronze to 2025-05-18T06:15:55.932085+00:00, run_after=2025-05-19T06:15:55.932085+00:00
[2025-05-18T06:25:43.566+0000] {processor.py:179} INFO - Processing /opt/airflow/dags/brewery_pipeline_bronze.py took 0.134 seconds
[2025-05-18T06:26:14.511+0000] {processor.py:157} INFO - Started process (PID=59) to work on /opt/airflow/dags/brewery_pipeline_bronze.py
[2025-05-18T06:26:14.513+0000] {processor.py:829} INFO - Processing file /opt/airflow/dags/brewery_pipeline_bronze.py for tasks to queue
[2025-05-18T06:26:14.514+0000] {logging_mixin.py:151} INFO - [2025-05-18T06:26:14.514+0000] {dagbag.py:536} INFO - Filling up the DagBag from /opt/airflow/dags/brewery_pipeline_bronze.py
[2025-05-18T06:26:14.533+0000] {processor.py:839} INFO - DAG(s) dict_keys(['brewery_pipeline_bronze']) retrieved from /opt/airflow/dags/brewery_pipeline_bronze.py
[2025-05-18T06:26:14.574+0000] {logging_mixin.py:151} INFO - [2025-05-18T06:26:14.574+0000] {dag.py:2941} INFO - Sync 1 DAGs
[2025-05-18T06:26:14.615+0000] {logging_mixin.py:151} INFO - [2025-05-18T06:26:14.615+0000] {dag.py:3722} INFO - Setting next_dagrun for brewery_pipeline_bronze to 2025-05-18T06:15:55.932085+00:00, run_after=2025-05-19T06:15:55.932085+00:00
[2025-05-18T06:26:14.657+0000] {processor.py:179} INFO - Processing /opt/airflow/dags/brewery_pipeline_bronze.py took 0.152 seconds
[2025-05-18T06:26:45.499+0000] {processor.py:157} INFO - Started process (PID=65) to work on /opt/airflow/dags/brewery_pipeline_bronze.py
[2025-05-18T06:26:45.501+0000] {processor.py:829} INFO - Processing file /opt/airflow/dags/brewery_pipeline_bronze.py for tasks to queue
[2025-05-18T06:26:45.502+0000] {logging_mixin.py:151} INFO - [2025-05-18T06:26:45.502+0000] {dagbag.py:536} INFO - Filling up the DagBag from /opt/airflow/dags/brewery_pipeline_bronze.py
[2025-05-18T06:26:45.518+0000] {processor.py:839} INFO - DAG(s) dict_keys(['brewery_pipeline_bronze']) retrieved from /opt/airflow/dags/brewery_pipeline_bronze.py
[2025-05-18T06:26:45.554+0000] {logging_mixin.py:151} INFO - [2025-05-18T06:26:45.554+0000] {dag.py:2941} INFO - Sync 1 DAGs
[2025-05-18T06:26:45.590+0000] {logging_mixin.py:151} INFO - [2025-05-18T06:26:45.590+0000] {dag.py:3722} INFO - Setting next_dagrun for brewery_pipeline_bronze to 2025-05-18T06:15:55.932085+00:00, run_after=2025-05-19T06:15:55.932085+00:00
[2025-05-18T06:26:45.627+0000] {processor.py:179} INFO - Processing /opt/airflow/dags/brewery_pipeline_bronze.py took 0.132 seconds
[2025-05-18T06:27:16.549+0000] {processor.py:157} INFO - Started process (PID=72) to work on /opt/airflow/dags/brewery_pipeline_bronze.py
[2025-05-18T06:27:16.550+0000] {processor.py:829} INFO - Processing file /opt/airflow/dags/brewery_pipeline_bronze.py for tasks to queue
[2025-05-18T06:27:16.551+0000] {logging_mixin.py:151} INFO - [2025-05-18T06:27:16.551+0000] {dagbag.py:536} INFO - Filling up the DagBag from /opt/airflow/dags/brewery_pipeline_bronze.py
[2025-05-18T06:27:16.569+0000] {processor.py:839} INFO - DAG(s) dict_keys(['brewery_pipeline_bronze']) retrieved from /opt/airflow/dags/brewery_pipeline_bronze.py
[2025-05-18T06:27:16.607+0000] {logging_mixin.py:151} INFO - [2025-05-18T06:27:16.607+0000] {dag.py:2941} INFO - Sync 1 DAGs
[2025-05-18T06:27:16.651+0000] {logging_mixin.py:151} INFO - [2025-05-18T06:27:16.651+0000] {dag.py:3722} INFO - Setting next_dagrun for brewery_pipeline_bronze to 2025-05-18T06:15:55.932085+00:00, run_after=2025-05-19T06:15:55.932085+00:00
[2025-05-18T06:27:16.699+0000] {processor.py:179} INFO - Processing /opt/airflow/dags/brewery_pipeline_bronze.py took 0.157 seconds
[2025-05-18T06:27:47.245+0000] {processor.py:157} INFO - Started process (PID=79) to work on /opt/airflow/dags/brewery_pipeline_bronze.py
[2025-05-18T06:27:47.247+0000] {processor.py:829} INFO - Processing file /opt/airflow/dags/brewery_pipeline_bronze.py for tasks to queue
[2025-05-18T06:27:47.248+0000] {logging_mixin.py:151} INFO - [2025-05-18T06:27:47.248+0000] {dagbag.py:536} INFO - Filling up the DagBag from /opt/airflow/dags/brewery_pipeline_bronze.py
[2025-05-18T06:27:47.265+0000] {processor.py:839} INFO - DAG(s) dict_keys(['brewery_pipeline_bronze']) retrieved from /opt/airflow/dags/brewery_pipeline_bronze.py
[2025-05-18T06:27:47.300+0000] {logging_mixin.py:151} INFO - [2025-05-18T06:27:47.300+0000] {dag.py:2941} INFO - Sync 1 DAGs
[2025-05-18T06:27:47.338+0000] {logging_mixin.py:151} INFO - [2025-05-18T06:27:47.337+0000] {dag.py:3722} INFO - Setting next_dagrun for brewery_pipeline_bronze to 2025-05-18T06:15:55.932085+00:00, run_after=2025-05-19T06:15:55.932085+00:00
[2025-05-18T06:27:47.378+0000] {processor.py:179} INFO - Processing /opt/airflow/dags/brewery_pipeline_bronze.py took 0.137 seconds
[2025-05-18T06:28:18.249+0000] {processor.py:157} INFO - Started process (PID=86) to work on /opt/airflow/dags/brewery_pipeline_bronze.py
[2025-05-18T06:28:18.250+0000] {processor.py:829} INFO - Processing file /opt/airflow/dags/brewery_pipeline_bronze.py for tasks to queue
[2025-05-18T06:28:18.251+0000] {logging_mixin.py:151} INFO - [2025-05-18T06:28:18.251+0000] {dagbag.py:536} INFO - Filling up the DagBag from /opt/airflow/dags/brewery_pipeline_bronze.py
[2025-05-18T06:28:18.267+0000] {processor.py:839} INFO - DAG(s) dict_keys(['brewery_pipeline_bronze']) retrieved from /opt/airflow/dags/brewery_pipeline_bronze.py
[2025-05-18T06:28:18.304+0000] {logging_mixin.py:151} INFO - [2025-05-18T06:28:18.304+0000] {dag.py:2941} INFO - Sync 1 DAGs
[2025-05-18T06:28:18.341+0000] {logging_mixin.py:151} INFO - [2025-05-18T06:28:18.341+0000] {dag.py:3722} INFO - Setting next_dagrun for brewery_pipeline_bronze to 2025-05-18T06:15:55.932085+00:00, run_after=2025-05-19T06:15:55.932085+00:00
[2025-05-18T06:28:18.379+0000] {processor.py:179} INFO - Processing /opt/airflow/dags/brewery_pipeline_bronze.py took 0.135 seconds
[2025-05-18T06:28:49.255+0000] {processor.py:157} INFO - Started process (PID=93) to work on /opt/airflow/dags/brewery_pipeline_bronze.py
[2025-05-18T06:28:49.257+0000] {processor.py:829} INFO - Processing file /opt/airflow/dags/brewery_pipeline_bronze.py for tasks to queue
[2025-05-18T06:28:49.258+0000] {logging_mixin.py:151} INFO - [2025-05-18T06:28:49.258+0000] {dagbag.py:536} INFO - Filling up the DagBag from /opt/airflow/dags/brewery_pipeline_bronze.py
[2025-05-18T06:28:49.274+0000] {processor.py:839} INFO - DAG(s) dict_keys(['brewery_pipeline_bronze']) retrieved from /opt/airflow/dags/brewery_pipeline_bronze.py
[2025-05-18T06:28:49.312+0000] {logging_mixin.py:151} INFO - [2025-05-18T06:28:49.311+0000] {dag.py:2941} INFO - Sync 1 DAGs
[2025-05-18T06:28:49.347+0000] {logging_mixin.py:151} INFO - [2025-05-18T06:28:49.347+0000] {dag.py:3722} INFO - Setting next_dagrun for brewery_pipeline_bronze to 2025-05-18T06:15:55.932085+00:00, run_after=2025-05-19T06:15:55.932085+00:00
[2025-05-18T06:28:49.385+0000] {processor.py:179} INFO - Processing /opt/airflow/dags/brewery_pipeline_bronze.py took 0.135 seconds
[2025-05-18T06:29:20.278+0000] {processor.py:157} INFO - Started process (PID=100) to work on /opt/airflow/dags/brewery_pipeline_bronze.py
[2025-05-18T06:29:20.280+0000] {processor.py:829} INFO - Processing file /opt/airflow/dags/brewery_pipeline_bronze.py for tasks to queue
[2025-05-18T06:29:20.281+0000] {logging_mixin.py:151} INFO - [2025-05-18T06:29:20.280+0000] {dagbag.py:536} INFO - Filling up the DagBag from /opt/airflow/dags/brewery_pipeline_bronze.py
[2025-05-18T06:29:20.300+0000] {processor.py:839} INFO - DAG(s) dict_keys(['brewery_pipeline_bronze']) retrieved from /opt/airflow/dags/brewery_pipeline_bronze.py
[2025-05-18T06:29:20.337+0000] {logging_mixin.py:151} INFO - [2025-05-18T06:29:20.337+0000] {dag.py:2941} INFO - Sync 1 DAGs
[2025-05-18T06:29:20.374+0000] {logging_mixin.py:151} INFO - [2025-05-18T06:29:20.374+0000] {dag.py:3722} INFO - Setting next_dagrun for brewery_pipeline_bronze to 2025-05-18T06:15:55.932085+00:00, run_after=2025-05-19T06:15:55.932085+00:00
[2025-05-18T06:29:20.413+0000] {processor.py:179} INFO - Processing /opt/airflow/dags/brewery_pipeline_bronze.py took 0.141 seconds
[2025-05-18T06:29:51.301+0000] {processor.py:157} INFO - Started process (PID=107) to work on /opt/airflow/dags/brewery_pipeline_bronze.py
[2025-05-18T06:29:51.303+0000] {processor.py:829} INFO - Processing file /opt/airflow/dags/brewery_pipeline_bronze.py for tasks to queue
[2025-05-18T06:29:51.304+0000] {logging_mixin.py:151} INFO - [2025-05-18T06:29:51.304+0000] {dagbag.py:536} INFO - Filling up the DagBag from /opt/airflow/dags/brewery_pipeline_bronze.py
[2025-05-18T06:29:51.320+0000] {processor.py:839} INFO - DAG(s) dict_keys(['brewery_pipeline_bronze']) retrieved from /opt/airflow/dags/brewery_pipeline_bronze.py
[2025-05-18T06:29:51.359+0000] {logging_mixin.py:151} INFO - [2025-05-18T06:29:51.359+0000] {dag.py:2941} INFO - Sync 1 DAGs
[2025-05-18T06:29:51.395+0000] {logging_mixin.py:151} INFO - [2025-05-18T06:29:51.395+0000] {dag.py:3722} INFO - Setting next_dagrun for brewery_pipeline_bronze to 2025-05-18T06:15:55.932085+00:00, run_after=2025-05-19T06:15:55.932085+00:00
[2025-05-18T06:29:51.433+0000] {processor.py:179} INFO - Processing /opt/airflow/dags/brewery_pipeline_bronze.py took 0.138 seconds
[2025-05-18T06:30:22.301+0000] {processor.py:157} INFO - Started process (PID=114) to work on /opt/airflow/dags/brewery_pipeline_bronze.py
[2025-05-18T06:30:22.304+0000] {processor.py:829} INFO - Processing file /opt/airflow/dags/brewery_pipeline_bronze.py for tasks to queue
[2025-05-18T06:30:22.305+0000] {logging_mixin.py:151} INFO - [2025-05-18T06:30:22.305+0000] {dagbag.py:536} INFO - Filling up the DagBag from /opt/airflow/dags/brewery_pipeline_bronze.py
[2025-05-18T06:30:22.321+0000] {processor.py:839} INFO - DAG(s) dict_keys(['brewery_pipeline_bronze']) retrieved from /opt/airflow/dags/brewery_pipeline_bronze.py
[2025-05-18T06:30:22.359+0000] {logging_mixin.py:151} INFO - [2025-05-18T06:30:22.359+0000] {dag.py:2941} INFO - Sync 1 DAGs
[2025-05-18T06:30:22.396+0000] {logging_mixin.py:151} INFO - [2025-05-18T06:30:22.396+0000] {dag.py:3722} INFO - Setting next_dagrun for brewery_pipeline_bronze to 2025-05-18T06:15:55.932085+00:00, run_after=2025-05-19T06:15:55.932085+00:00
[2025-05-18T06:30:22.434+0000] {processor.py:179} INFO - Processing /opt/airflow/dags/brewery_pipeline_bronze.py took 0.139 seconds
[2025-05-18T06:30:53.296+0000] {processor.py:157} INFO - Started process (PID=121) to work on /opt/airflow/dags/brewery_pipeline_bronze.py
[2025-05-18T06:30:53.298+0000] {processor.py:829} INFO - Processing file /opt/airflow/dags/brewery_pipeline_bronze.py for tasks to queue
[2025-05-18T06:30:53.300+0000] {logging_mixin.py:151} INFO - [2025-05-18T06:30:53.299+0000] {dagbag.py:536} INFO - Filling up the DagBag from /opt/airflow/dags/brewery_pipeline_bronze.py
[2025-05-18T06:30:53.316+0000] {processor.py:839} INFO - DAG(s) dict_keys(['brewery_pipeline_bronze']) retrieved from /opt/airflow/dags/brewery_pipeline_bronze.py
[2025-05-18T06:30:53.352+0000] {logging_mixin.py:151} INFO - [2025-05-18T06:30:53.352+0000] {dag.py:2941} INFO - Sync 1 DAGs
[2025-05-18T06:30:53.389+0000] {logging_mixin.py:151} INFO - [2025-05-18T06:30:53.389+0000] {dag.py:3722} INFO - Setting next_dagrun for brewery_pipeline_bronze to 2025-05-18T06:15:55.932085+00:00, run_after=2025-05-19T06:15:55.932085+00:00
[2025-05-18T06:30:53.427+0000] {processor.py:179} INFO - Processing /opt/airflow/dags/brewery_pipeline_bronze.py took 0.137 seconds
[2025-05-18T06:31:24.299+0000] {processor.py:157} INFO - Started process (PID=128) to work on /opt/airflow/dags/brewery_pipeline_bronze.py
[2025-05-18T06:31:24.301+0000] {processor.py:829} INFO - Processing file /opt/airflow/dags/brewery_pipeline_bronze.py for tasks to queue
[2025-05-18T06:31:24.302+0000] {logging_mixin.py:151} INFO - [2025-05-18T06:31:24.301+0000] {dagbag.py:536} INFO - Filling up the DagBag from /opt/airflow/dags/brewery_pipeline_bronze.py
[2025-05-18T06:31:24.318+0000] {processor.py:839} INFO - DAG(s) dict_keys(['brewery_pipeline_bronze']) retrieved from /opt/airflow/dags/brewery_pipeline_bronze.py
[2025-05-18T06:31:24.354+0000] {logging_mixin.py:151} INFO - [2025-05-18T06:31:24.354+0000] {dag.py:2941} INFO - Sync 1 DAGs
[2025-05-18T06:31:24.390+0000] {logging_mixin.py:151} INFO - [2025-05-18T06:31:24.389+0000] {dag.py:3722} INFO - Setting next_dagrun for brewery_pipeline_bronze to 2025-05-18T06:15:55.932085+00:00, run_after=2025-05-19T06:15:55.932085+00:00
[2025-05-18T06:31:24.427+0000] {processor.py:179} INFO - Processing /opt/airflow/dags/brewery_pipeline_bronze.py took 0.133 seconds
[2025-05-18T06:31:55.306+0000] {processor.py:157} INFO - Started process (PID=135) to work on /opt/airflow/dags/brewery_pipeline_bronze.py
[2025-05-18T06:31:55.308+0000] {processor.py:829} INFO - Processing file /opt/airflow/dags/brewery_pipeline_bronze.py for tasks to queue
[2025-05-18T06:31:55.309+0000] {logging_mixin.py:151} INFO - [2025-05-18T06:31:55.309+0000] {dagbag.py:536} INFO - Filling up the DagBag from /opt/airflow/dags/brewery_pipeline_bronze.py
[2025-05-18T06:31:55.325+0000] {processor.py:839} INFO - DAG(s) dict_keys(['brewery_pipeline_bronze']) retrieved from /opt/airflow/dags/brewery_pipeline_bronze.py
[2025-05-18T06:31:55.360+0000] {logging_mixin.py:151} INFO - [2025-05-18T06:31:55.360+0000] {dag.py:2941} INFO - Sync 1 DAGs
[2025-05-18T06:31:55.396+0000] {logging_mixin.py:151} INFO - [2025-05-18T06:31:55.396+0000] {dag.py:3722} INFO - Setting next_dagrun for brewery_pipeline_bronze to 2025-05-18T06:15:55.932085+00:00, run_after=2025-05-19T06:15:55.932085+00:00
[2025-05-18T06:31:55.435+0000] {processor.py:179} INFO - Processing /opt/airflow/dags/brewery_pipeline_bronze.py took 0.135 seconds
[2025-05-18T06:32:26.291+0000] {processor.py:157} INFO - Started process (PID=142) to work on /opt/airflow/dags/brewery_pipeline_bronze.py
[2025-05-18T06:32:26.292+0000] {processor.py:829} INFO - Processing file /opt/airflow/dags/brewery_pipeline_bronze.py for tasks to queue
[2025-05-18T06:32:26.294+0000] {logging_mixin.py:151} INFO - [2025-05-18T06:32:26.293+0000] {dagbag.py:536} INFO - Filling up the DagBag from /opt/airflow/dags/brewery_pipeline_bronze.py
[2025-05-18T06:32:26.309+0000] {processor.py:839} INFO - DAG(s) dict_keys(['brewery_pipeline_bronze']) retrieved from /opt/airflow/dags/brewery_pipeline_bronze.py
[2025-05-18T06:32:26.345+0000] {logging_mixin.py:151} INFO - [2025-05-18T06:32:26.345+0000] {dag.py:2941} INFO - Sync 1 DAGs
[2025-05-18T06:32:26.382+0000] {logging_mixin.py:151} INFO - [2025-05-18T06:32:26.382+0000] {dag.py:3722} INFO - Setting next_dagrun for brewery_pipeline_bronze to 2025-05-18T06:15:55.932085+00:00, run_after=2025-05-19T06:15:55.932085+00:00
[2025-05-18T06:32:26.419+0000] {processor.py:179} INFO - Processing /opt/airflow/dags/brewery_pipeline_bronze.py took 0.134 seconds
[2025-05-18T06:32:57.288+0000] {processor.py:157} INFO - Started process (PID=149) to work on /opt/airflow/dags/brewery_pipeline_bronze.py
[2025-05-18T06:32:57.290+0000] {processor.py:829} INFO - Processing file /opt/airflow/dags/brewery_pipeline_bronze.py for tasks to queue
[2025-05-18T06:32:57.291+0000] {logging_mixin.py:151} INFO - [2025-05-18T06:32:57.290+0000] {dagbag.py:536} INFO - Filling up the DagBag from /opt/airflow/dags/brewery_pipeline_bronze.py
[2025-05-18T06:32:57.307+0000] {processor.py:839} INFO - DAG(s) dict_keys(['brewery_pipeline_bronze']) retrieved from /opt/airflow/dags/brewery_pipeline_bronze.py
[2025-05-18T06:32:57.343+0000] {logging_mixin.py:151} INFO - [2025-05-18T06:32:57.343+0000] {dag.py:2941} INFO - Sync 1 DAGs
[2025-05-18T06:32:57.378+0000] {logging_mixin.py:151} INFO - [2025-05-18T06:32:57.378+0000] {dag.py:3722} INFO - Setting next_dagrun for brewery_pipeline_bronze to 2025-05-18T06:15:55.932085+00:00, run_after=2025-05-19T06:15:55.932085+00:00
[2025-05-18T06:32:57.415+0000] {processor.py:179} INFO - Processing /opt/airflow/dags/brewery_pipeline_bronze.py took 0.133 seconds
[2025-05-18T06:33:28.291+0000] {processor.py:157} INFO - Started process (PID=156) to work on /opt/airflow/dags/brewery_pipeline_bronze.py
[2025-05-18T06:33:28.293+0000] {processor.py:829} INFO - Processing file /opt/airflow/dags/brewery_pipeline_bronze.py for tasks to queue
[2025-05-18T06:33:28.294+0000] {logging_mixin.py:151} INFO - [2025-05-18T06:33:28.293+0000] {dagbag.py:536} INFO - Filling up the DagBag from /opt/airflow/dags/brewery_pipeline_bronze.py
[2025-05-18T06:33:28.310+0000] {processor.py:839} INFO - DAG(s) dict_keys(['brewery_pipeline_bronze']) retrieved from /opt/airflow/dags/brewery_pipeline_bronze.py
[2025-05-18T06:33:28.345+0000] {logging_mixin.py:151} INFO - [2025-05-18T06:33:28.345+0000] {dag.py:2941} INFO - Sync 1 DAGs
[2025-05-18T06:33:28.382+0000] {logging_mixin.py:151} INFO - [2025-05-18T06:33:28.381+0000] {dag.py:3722} INFO - Setting next_dagrun for brewery_pipeline_bronze to 2025-05-18T06:15:55.932085+00:00, run_after=2025-05-19T06:15:55.932085+00:00
[2025-05-18T06:33:28.419+0000] {processor.py:179} INFO - Processing /opt/airflow/dags/brewery_pipeline_bronze.py took 0.133 seconds
[2025-05-18T06:33:59.281+0000] {processor.py:157} INFO - Started process (PID=163) to work on /opt/airflow/dags/brewery_pipeline_bronze.py
[2025-05-18T06:33:59.282+0000] {processor.py:829} INFO - Processing file /opt/airflow/dags/brewery_pipeline_bronze.py for tasks to queue
[2025-05-18T06:33:59.283+0000] {logging_mixin.py:151} INFO - [2025-05-18T06:33:59.283+0000] {dagbag.py:536} INFO - Filling up the DagBag from /opt/airflow/dags/brewery_pipeline_bronze.py
[2025-05-18T06:33:59.299+0000] {processor.py:839} INFO - DAG(s) dict_keys(['brewery_pipeline_bronze']) retrieved from /opt/airflow/dags/brewery_pipeline_bronze.py
[2025-05-18T06:33:59.336+0000] {logging_mixin.py:151} INFO - [2025-05-18T06:33:59.336+0000] {dag.py:2941} INFO - Sync 1 DAGs
[2025-05-18T06:33:59.372+0000] {logging_mixin.py:151} INFO - [2025-05-18T06:33:59.372+0000] {dag.py:3722} INFO - Setting next_dagrun for brewery_pipeline_bronze to 2025-05-18T06:15:55.932085+00:00, run_after=2025-05-19T06:15:55.932085+00:00
[2025-05-18T06:33:59.408+0000] {processor.py:179} INFO - Processing /opt/airflow/dags/brewery_pipeline_bronze.py took 0.133 seconds
[2025-05-18T06:34:30.264+0000] {processor.py:157} INFO - Started process (PID=170) to work on /opt/airflow/dags/brewery_pipeline_bronze.py
[2025-05-18T06:34:30.266+0000] {processor.py:829} INFO - Processing file /opt/airflow/dags/brewery_pipeline_bronze.py for tasks to queue
[2025-05-18T06:34:30.267+0000] {logging_mixin.py:151} INFO - [2025-05-18T06:34:30.267+0000] {dagbag.py:536} INFO - Filling up the DagBag from /opt/airflow/dags/brewery_pipeline_bronze.py
[2025-05-18T06:34:30.283+0000] {processor.py:839} INFO - DAG(s) dict_keys(['brewery_pipeline_bronze']) retrieved from /opt/airflow/dags/brewery_pipeline_bronze.py
[2025-05-18T06:34:30.321+0000] {logging_mixin.py:151} INFO - [2025-05-18T06:34:30.321+0000] {dag.py:2941} INFO - Sync 1 DAGs
[2025-05-18T06:34:30.358+0000] {logging_mixin.py:151} INFO - [2025-05-18T06:34:30.358+0000] {dag.py:3722} INFO - Setting next_dagrun for brewery_pipeline_bronze to 2025-05-18T06:15:55.932085+00:00, run_after=2025-05-19T06:15:55.932085+00:00
[2025-05-18T06:34:30.393+0000] {processor.py:179} INFO - Processing /opt/airflow/dags/brewery_pipeline_bronze.py took 0.134 seconds
[2025-05-18T06:35:01.268+0000] {processor.py:157} INFO - Started process (PID=177) to work on /opt/airflow/dags/brewery_pipeline_bronze.py
[2025-05-18T06:35:01.269+0000] {processor.py:829} INFO - Processing file /opt/airflow/dags/brewery_pipeline_bronze.py for tasks to queue
[2025-05-18T06:35:01.271+0000] {logging_mixin.py:151} INFO - [2025-05-18T06:35:01.270+0000] {dagbag.py:536} INFO - Filling up the DagBag from /opt/airflow/dags/brewery_pipeline_bronze.py
[2025-05-18T06:35:01.286+0000] {processor.py:839} INFO - DAG(s) dict_keys(['brewery_pipeline_bronze']) retrieved from /opt/airflow/dags/brewery_pipeline_bronze.py
[2025-05-18T06:35:01.322+0000] {logging_mixin.py:151} INFO - [2025-05-18T06:35:01.321+0000] {dag.py:2941} INFO - Sync 1 DAGs
[2025-05-18T06:35:01.358+0000] {logging_mixin.py:151} INFO - [2025-05-18T06:35:01.358+0000] {dag.py:3722} INFO - Setting next_dagrun for brewery_pipeline_bronze to 2025-05-18T06:15:55.932085+00:00, run_after=2025-05-19T06:15:55.932085+00:00
[2025-05-18T06:35:01.399+0000] {processor.py:179} INFO - Processing /opt/airflow/dags/brewery_pipeline_bronze.py took 0.137 seconds
[2025-05-18T06:35:32.269+0000] {processor.py:157} INFO - Started process (PID=184) to work on /opt/airflow/dags/brewery_pipeline_bronze.py
[2025-05-18T06:35:32.271+0000] {processor.py:829} INFO - Processing file /opt/airflow/dags/brewery_pipeline_bronze.py for tasks to queue
[2025-05-18T06:35:32.272+0000] {logging_mixin.py:151} INFO - [2025-05-18T06:35:32.272+0000] {dagbag.py:536} INFO - Filling up the DagBag from /opt/airflow/dags/brewery_pipeline_bronze.py
[2025-05-18T06:35:32.290+0000] {processor.py:839} INFO - DAG(s) dict_keys(['brewery_pipeline_bronze']) retrieved from /opt/airflow/dags/brewery_pipeline_bronze.py
[2025-05-18T06:35:32.326+0000] {logging_mixin.py:151} INFO - [2025-05-18T06:35:32.325+0000] {dag.py:2941} INFO - Sync 1 DAGs
[2025-05-18T06:35:32.362+0000] {logging_mixin.py:151} INFO - [2025-05-18T06:35:32.362+0000] {dag.py:3722} INFO - Setting next_dagrun for brewery_pipeline_bronze to 2025-05-18T06:15:55.932085+00:00, run_after=2025-05-19T06:15:55.932085+00:00
[2025-05-18T06:35:32.407+0000] {processor.py:179} INFO - Processing /opt/airflow/dags/brewery_pipeline_bronze.py took 0.143 seconds
[2025-05-18T06:36:03.295+0000] {processor.py:157} INFO - Started process (PID=191) to work on /opt/airflow/dags/brewery_pipeline_bronze.py
[2025-05-18T06:36:03.297+0000] {processor.py:829} INFO - Processing file /opt/airflow/dags/brewery_pipeline_bronze.py for tasks to queue
[2025-05-18T06:36:03.298+0000] {logging_mixin.py:151} INFO - [2025-05-18T06:36:03.298+0000] {dagbag.py:536} INFO - Filling up the DagBag from /opt/airflow/dags/brewery_pipeline_bronze.py
[2025-05-18T06:36:03.314+0000] {processor.py:839} INFO - DAG(s) dict_keys(['brewery_pipeline_bronze']) retrieved from /opt/airflow/dags/brewery_pipeline_bronze.py
[2025-05-18T06:36:03.349+0000] {logging_mixin.py:151} INFO - [2025-05-18T06:36:03.349+0000] {dag.py:2941} INFO - Sync 1 DAGs
[2025-05-18T06:36:03.384+0000] {logging_mixin.py:151} INFO - [2025-05-18T06:36:03.384+0000] {dag.py:3722} INFO - Setting next_dagrun for brewery_pipeline_bronze to 2025-05-18T06:15:55.932085+00:00, run_after=2025-05-19T06:15:55.932085+00:00
[2025-05-18T06:36:03.424+0000] {processor.py:179} INFO - Processing /opt/airflow/dags/brewery_pipeline_bronze.py took 0.134 seconds
[2025-05-18T06:36:34.291+0000] {processor.py:157} INFO - Started process (PID=198) to work on /opt/airflow/dags/brewery_pipeline_bronze.py
[2025-05-18T06:36:34.293+0000] {processor.py:829} INFO - Processing file /opt/airflow/dags/brewery_pipeline_bronze.py for tasks to queue
[2025-05-18T06:36:34.294+0000] {logging_mixin.py:151} INFO - [2025-05-18T06:36:34.294+0000] {dagbag.py:536} INFO - Filling up the DagBag from /opt/airflow/dags/brewery_pipeline_bronze.py
[2025-05-18T06:36:34.311+0000] {processor.py:839} INFO - DAG(s) dict_keys(['brewery_pipeline_bronze']) retrieved from /opt/airflow/dags/brewery_pipeline_bronze.py
[2025-05-18T06:36:34.349+0000] {logging_mixin.py:151} INFO - [2025-05-18T06:36:34.348+0000] {dag.py:2941} INFO - Sync 1 DAGs
[2025-05-18T06:36:34.385+0000] {logging_mixin.py:151} INFO - [2025-05-18T06:36:34.385+0000] {dag.py:3722} INFO - Setting next_dagrun for brewery_pipeline_bronze to 2025-05-18T06:15:55.932085+00:00, run_after=2025-05-19T06:15:55.932085+00:00
[2025-05-18T06:36:34.424+0000] {processor.py:179} INFO - Processing /opt/airflow/dags/brewery_pipeline_bronze.py took 0.139 seconds
[2025-05-18T06:37:05.275+0000] {processor.py:157} INFO - Started process (PID=205) to work on /opt/airflow/dags/brewery_pipeline_bronze.py
[2025-05-18T06:37:05.277+0000] {processor.py:829} INFO - Processing file /opt/airflow/dags/brewery_pipeline_bronze.py for tasks to queue
[2025-05-18T06:37:05.278+0000] {logging_mixin.py:151} INFO - [2025-05-18T06:37:05.277+0000] {dagbag.py:536} INFO - Filling up the DagBag from /opt/airflow/dags/brewery_pipeline_bronze.py
[2025-05-18T06:37:05.293+0000] {processor.py:839} INFO - DAG(s) dict_keys(['brewery_pipeline_bronze']) retrieved from /opt/airflow/dags/brewery_pipeline_bronze.py
[2025-05-18T06:37:05.329+0000] {logging_mixin.py:151} INFO - [2025-05-18T06:37:05.329+0000] {dag.py:2941} INFO - Sync 1 DAGs
[2025-05-18T06:37:05.365+0000] {logging_mixin.py:151} INFO - [2025-05-18T06:37:05.365+0000] {dag.py:3722} INFO - Setting next_dagrun for brewery_pipeline_bronze to 2025-05-18T06:15:55.932085+00:00, run_after=2025-05-19T06:15:55.932085+00:00
[2025-05-18T06:37:05.403+0000] {processor.py:179} INFO - Processing /opt/airflow/dags/brewery_pipeline_bronze.py took 0.134 seconds
[2025-05-18T06:37:36.264+0000] {processor.py:157} INFO - Started process (PID=212) to work on /opt/airflow/dags/brewery_pipeline_bronze.py
[2025-05-18T06:37:36.266+0000] {processor.py:829} INFO - Processing file /opt/airflow/dags/brewery_pipeline_bronze.py for tasks to queue
[2025-05-18T06:37:36.267+0000] {logging_mixin.py:151} INFO - [2025-05-18T06:37:36.267+0000] {dagbag.py:536} INFO - Filling up the DagBag from /opt/airflow/dags/brewery_pipeline_bronze.py
[2025-05-18T06:37:36.284+0000] {processor.py:839} INFO - DAG(s) dict_keys(['brewery_pipeline_bronze']) retrieved from /opt/airflow/dags/brewery_pipeline_bronze.py
[2025-05-18T06:37:36.320+0000] {logging_mixin.py:151} INFO - [2025-05-18T06:37:36.320+0000] {dag.py:2941} INFO - Sync 1 DAGs
[2025-05-18T06:37:36.365+0000] {logging_mixin.py:151} INFO - [2025-05-18T06:37:36.364+0000] {dag.py:3722} INFO - Setting next_dagrun for brewery_pipeline_bronze to 2025-05-18T06:15:55.932085+00:00, run_after=2025-05-19T06:15:55.932085+00:00
[2025-05-18T06:37:36.406+0000] {processor.py:179} INFO - Processing /opt/airflow/dags/brewery_pipeline_bronze.py took 0.148 seconds
