[2025-05-18T06:15:57.943+0000] {processor.py:157} INFO - Started process (PID=33) to work on /opt/airflow/dags/brewery_pipeline_bronze_silver_gold.py
[2025-05-18T06:15:57.944+0000] {processor.py:829} INFO - Processing file /opt/airflow/dags/brewery_pipeline_bronze_silver_gold.py for tasks to queue
[2025-05-18T06:15:57.944+0000] {logging_mixin.py:151} INFO - [2025-05-18T06:15:57.944+0000] {dagbag.py:536} INFO - Filling up the DagBag from /opt/airflow/dags/brewery_pipeline_bronze_silver_gold.py
[2025-05-18T06:15:58.184+0000] {processor.py:839} INFO - DAG(s) dict_keys(['brewery_pipeline_bronze_silver_gold']) retrieved from /opt/airflow/dags/brewery_pipeline_bronze_silver_gold.py
[2025-05-18T06:15:58.201+0000] {logging_mixin.py:151} INFO - [2025-05-18T06:15:58.201+0000] {dag.py:2941} INFO - Sync 1 DAGs
[2025-05-18T06:15:58.212+0000] {logging_mixin.py:151} INFO - [2025-05-18T06:15:58.212+0000] {dag.py:3722} INFO - Setting next_dagrun for brewery_pipeline_bronze_silver_gold to None, run_after=None
[2025-05-18T06:15:58.240+0000] {processor.py:179} INFO - Processing /opt/airflow/dags/brewery_pipeline_bronze_silver_gold.py took 0.300 seconds
[2025-05-18T06:16:28.453+0000] {processor.py:157} INFO - Started process (PID=49) to work on /opt/airflow/dags/brewery_pipeline_bronze_silver_gold.py
[2025-05-18T06:16:28.455+0000] {processor.py:829} INFO - Processing file /opt/airflow/dags/brewery_pipeline_bronze_silver_gold.py for tasks to queue
[2025-05-18T06:16:28.455+0000] {logging_mixin.py:151} INFO - [2025-05-18T06:16:28.455+0000] {dagbag.py:536} INFO - Filling up the DagBag from /opt/airflow/dags/brewery_pipeline_bronze_silver_gold.py
[2025-05-18T06:16:28.640+0000] {processor.py:839} INFO - DAG(s) dict_keys(['brewery_pipeline_bronze_silver_gold']) retrieved from /opt/airflow/dags/brewery_pipeline_bronze_silver_gold.py
[2025-05-18T06:16:28.652+0000] {logging_mixin.py:151} INFO - [2025-05-18T06:16:28.652+0000] {dag.py:2941} INFO - Sync 1 DAGs
[2025-05-18T06:16:28.660+0000] {logging_mixin.py:151} INFO - [2025-05-18T06:16:28.659+0000] {dag.py:3722} INFO - Setting next_dagrun for brewery_pipeline_bronze_silver_gold to None, run_after=None
[2025-05-18T06:16:28.681+0000] {processor.py:179} INFO - Processing /opt/airflow/dags/brewery_pipeline_bronze_silver_gold.py took 0.230 seconds
[2025-05-18T06:16:58.892+0000] {processor.py:157} INFO - Started process (PID=65) to work on /opt/airflow/dags/brewery_pipeline_bronze_silver_gold.py
[2025-05-18T06:16:58.894+0000] {processor.py:829} INFO - Processing file /opt/airflow/dags/brewery_pipeline_bronze_silver_gold.py for tasks to queue
[2025-05-18T06:16:58.896+0000] {logging_mixin.py:151} INFO - [2025-05-18T06:16:58.895+0000] {dagbag.py:536} INFO - Filling up the DagBag from /opt/airflow/dags/brewery_pipeline_bronze_silver_gold.py
[2025-05-18T06:16:59.401+0000] {processor.py:839} INFO - DAG(s) dict_keys(['brewery_pipeline_bronze_silver_gold']) retrieved from /opt/airflow/dags/brewery_pipeline_bronze_silver_gold.py
[2025-05-18T06:16:59.436+0000] {logging_mixin.py:151} INFO - [2025-05-18T06:16:59.435+0000] {dag.py:2941} INFO - Sync 1 DAGs
[2025-05-18T06:16:59.455+0000] {logging_mixin.py:151} INFO - [2025-05-18T06:16:59.455+0000] {dag.py:3722} INFO - Setting next_dagrun for brewery_pipeline_bronze_silver_gold to None, run_after=None
[2025-05-18T06:16:59.497+0000] {processor.py:179} INFO - Processing /opt/airflow/dags/brewery_pipeline_bronze_silver_gold.py took 0.611 seconds
[2025-05-18T06:17:29.537+0000] {processor.py:157} INFO - Started process (PID=82) to work on /opt/airflow/dags/brewery_pipeline_bronze_silver_gold.py
[2025-05-18T06:17:29.540+0000] {processor.py:829} INFO - Processing file /opt/airflow/dags/brewery_pipeline_bronze_silver_gold.py for tasks to queue
[2025-05-18T06:17:29.541+0000] {logging_mixin.py:151} INFO - [2025-05-18T06:17:29.540+0000] {dagbag.py:536} INFO - Filling up the DagBag from /opt/airflow/dags/brewery_pipeline_bronze_silver_gold.py
[2025-05-18T06:17:30.107+0000] {processor.py:839} INFO - DAG(s) dict_keys(['brewery_pipeline_bronze_silver_gold']) retrieved from /opt/airflow/dags/brewery_pipeline_bronze_silver_gold.py
[2025-05-18T06:17:30.144+0000] {logging_mixin.py:151} INFO - [2025-05-18T06:17:30.143+0000] {dag.py:2941} INFO - Sync 1 DAGs
[2025-05-18T06:17:30.168+0000] {logging_mixin.py:151} INFO - [2025-05-18T06:17:30.167+0000] {dag.py:3722} INFO - Setting next_dagrun for brewery_pipeline_bronze_silver_gold to None, run_after=None
[2025-05-18T06:17:30.209+0000] {processor.py:179} INFO - Processing /opt/airflow/dags/brewery_pipeline_bronze_silver_gold.py took 0.678 seconds
[2025-05-18T06:18:00.355+0000] {processor.py:157} INFO - Started process (PID=99) to work on /opt/airflow/dags/brewery_pipeline_bronze_silver_gold.py
[2025-05-18T06:18:00.356+0000] {processor.py:829} INFO - Processing file /opt/airflow/dags/brewery_pipeline_bronze_silver_gold.py for tasks to queue
[2025-05-18T06:18:00.357+0000] {logging_mixin.py:151} INFO - [2025-05-18T06:18:00.357+0000] {dagbag.py:536} INFO - Filling up the DagBag from /opt/airflow/dags/brewery_pipeline_bronze_silver_gold.py
[2025-05-18T06:18:00.854+0000] {processor.py:839} INFO - DAG(s) dict_keys(['brewery_pipeline_bronze_silver_gold']) retrieved from /opt/airflow/dags/brewery_pipeline_bronze_silver_gold.py
[2025-05-18T06:18:00.888+0000] {logging_mixin.py:151} INFO - [2025-05-18T06:18:00.888+0000] {dag.py:2941} INFO - Sync 1 DAGs
[2025-05-18T06:18:00.908+0000] {logging_mixin.py:151} INFO - [2025-05-18T06:18:00.908+0000] {dag.py:3722} INFO - Setting next_dagrun for brewery_pipeline_bronze_silver_gold to None, run_after=None
[2025-05-18T06:18:00.947+0000] {processor.py:179} INFO - Processing /opt/airflow/dags/brewery_pipeline_bronze_silver_gold.py took 0.598 seconds
[2025-05-18T06:18:31.253+0000] {processor.py:157} INFO - Started process (PID=106) to work on /opt/airflow/dags/brewery_pipeline_bronze_silver_gold.py
[2025-05-18T06:18:31.255+0000] {processor.py:829} INFO - Processing file /opt/airflow/dags/brewery_pipeline_bronze_silver_gold.py for tasks to queue
[2025-05-18T06:18:31.256+0000] {logging_mixin.py:151} INFO - [2025-05-18T06:18:31.256+0000] {dagbag.py:536} INFO - Filling up the DagBag from /opt/airflow/dags/brewery_pipeline_bronze_silver_gold.py
[2025-05-18T06:18:31.752+0000] {processor.py:839} INFO - DAG(s) dict_keys(['brewery_pipeline_bronze_silver_gold']) retrieved from /opt/airflow/dags/brewery_pipeline_bronze_silver_gold.py
[2025-05-18T06:18:31.786+0000] {logging_mixin.py:151} INFO - [2025-05-18T06:18:31.785+0000] {dag.py:2941} INFO - Sync 1 DAGs
[2025-05-18T06:18:31.805+0000] {logging_mixin.py:151} INFO - [2025-05-18T06:18:31.805+0000] {dag.py:3722} INFO - Setting next_dagrun for brewery_pipeline_bronze_silver_gold to None, run_after=None
[2025-05-18T06:18:31.842+0000] {processor.py:179} INFO - Processing /opt/airflow/dags/brewery_pipeline_bronze_silver_gold.py took 0.595 seconds
[2025-05-18T06:19:02.693+0000] {processor.py:157} INFO - Started process (PID=114) to work on /opt/airflow/dags/brewery_pipeline_bronze_silver_gold.py
[2025-05-18T06:19:02.695+0000] {processor.py:829} INFO - Processing file /opt/airflow/dags/brewery_pipeline_bronze_silver_gold.py for tasks to queue
[2025-05-18T06:19:02.697+0000] {logging_mixin.py:151} INFO - [2025-05-18T06:19:02.696+0000] {dagbag.py:536} INFO - Filling up the DagBag from /opt/airflow/dags/brewery_pipeline_bronze_silver_gold.py
[2025-05-18T06:19:03.224+0000] {processor.py:839} INFO - DAG(s) dict_keys(['brewery_pipeline_bronze_silver_gold']) retrieved from /opt/airflow/dags/brewery_pipeline_bronze_silver_gold.py
[2025-05-18T06:19:03.259+0000] {logging_mixin.py:151} INFO - [2025-05-18T06:19:03.258+0000] {dag.py:2941} INFO - Sync 1 DAGs
[2025-05-18T06:19:03.279+0000] {logging_mixin.py:151} INFO - [2025-05-18T06:19:03.279+0000] {dag.py:3722} INFO - Setting next_dagrun for brewery_pipeline_bronze_silver_gold to None, run_after=None
[2025-05-18T06:19:03.324+0000] {processor.py:179} INFO - Processing /opt/airflow/dags/brewery_pipeline_bronze_silver_gold.py took 0.637 seconds
[2025-05-18T06:19:34.165+0000] {processor.py:157} INFO - Started process (PID=150) to work on /opt/airflow/dags/brewery_pipeline_bronze_silver_gold.py
[2025-05-18T06:19:34.168+0000] {processor.py:829} INFO - Processing file /opt/airflow/dags/brewery_pipeline_bronze_silver_gold.py for tasks to queue
[2025-05-18T06:19:34.169+0000] {logging_mixin.py:151} INFO - [2025-05-18T06:19:34.168+0000] {dagbag.py:536} INFO - Filling up the DagBag from /opt/airflow/dags/brewery_pipeline_bronze_silver_gold.py
[2025-05-18T06:19:34.795+0000] {processor.py:839} INFO - DAG(s) dict_keys(['brewery_pipeline_bronze_silver_gold']) retrieved from /opt/airflow/dags/brewery_pipeline_bronze_silver_gold.py
[2025-05-18T06:19:34.834+0000] {logging_mixin.py:151} INFO - [2025-05-18T06:19:34.834+0000] {dag.py:2941} INFO - Sync 1 DAGs
[2025-05-18T06:19:34.858+0000] {logging_mixin.py:151} INFO - [2025-05-18T06:19:34.858+0000] {dag.py:3722} INFO - Setting next_dagrun for brewery_pipeline_bronze_silver_gold to None, run_after=None
[2025-05-18T06:19:34.901+0000] {processor.py:179} INFO - Processing /opt/airflow/dags/brewery_pipeline_bronze_silver_gold.py took 0.742 seconds
[2025-05-18T06:20:05.501+0000] {processor.py:157} INFO - Started process (PID=168) to work on /opt/airflow/dags/brewery_pipeline_bronze_silver_gold.py
[2025-05-18T06:20:05.504+0000] {processor.py:829} INFO - Processing file /opt/airflow/dags/brewery_pipeline_bronze_silver_gold.py for tasks to queue
[2025-05-18T06:20:05.505+0000] {logging_mixin.py:151} INFO - [2025-05-18T06:20:05.505+0000] {dagbag.py:536} INFO - Filling up the DagBag from /opt/airflow/dags/brewery_pipeline_bronze_silver_gold.py
[2025-05-18T06:20:06.309+0000] {processor.py:839} INFO - DAG(s) dict_keys(['brewery_pipeline_bronze_silver_gold']) retrieved from /opt/airflow/dags/brewery_pipeline_bronze_silver_gold.py
[2025-05-18T06:20:06.347+0000] {logging_mixin.py:151} INFO - [2025-05-18T06:20:06.346+0000] {dag.py:2941} INFO - Sync 1 DAGs
[2025-05-18T06:20:06.375+0000] {logging_mixin.py:151} INFO - [2025-05-18T06:20:06.374+0000] {dag.py:3722} INFO - Setting next_dagrun for brewery_pipeline_bronze_silver_gold to None, run_after=None
[2025-05-18T06:20:06.427+0000] {processor.py:179} INFO - Processing /opt/airflow/dags/brewery_pipeline_bronze_silver_gold.py took 0.932 seconds
[2025-05-18T06:20:36.754+0000] {processor.py:157} INFO - Started process (PID=175) to work on /opt/airflow/dags/brewery_pipeline_bronze_silver_gold.py
[2025-05-18T06:20:36.756+0000] {processor.py:829} INFO - Processing file /opt/airflow/dags/brewery_pipeline_bronze_silver_gold.py for tasks to queue
[2025-05-18T06:20:36.757+0000] {logging_mixin.py:151} INFO - [2025-05-18T06:20:36.757+0000] {dagbag.py:536} INFO - Filling up the DagBag from /opt/airflow/dags/brewery_pipeline_bronze_silver_gold.py
[2025-05-18T06:20:37.414+0000] {processor.py:839} INFO - DAG(s) dict_keys(['brewery_pipeline_bronze_silver_gold']) retrieved from /opt/airflow/dags/brewery_pipeline_bronze_silver_gold.py
[2025-05-18T06:20:37.461+0000] {logging_mixin.py:151} INFO - [2025-05-18T06:20:37.459+0000] {dag.py:2941} INFO - Sync 1 DAGs
[2025-05-18T06:20:37.494+0000] {logging_mixin.py:151} INFO - [2025-05-18T06:20:37.494+0000] {dag.py:3722} INFO - Setting next_dagrun for brewery_pipeline_bronze_silver_gold to None, run_after=None
[2025-05-18T06:20:37.549+0000] {processor.py:179} INFO - Processing /opt/airflow/dags/brewery_pipeline_bronze_silver_gold.py took 0.800 seconds
[2025-05-18T06:21:07.658+0000] {processor.py:157} INFO - Started process (PID=182) to work on /opt/airflow/dags/brewery_pipeline_bronze_silver_gold.py
[2025-05-18T06:21:07.660+0000] {processor.py:829} INFO - Processing file /opt/airflow/dags/brewery_pipeline_bronze_silver_gold.py for tasks to queue
[2025-05-18T06:21:07.661+0000] {logging_mixin.py:151} INFO - [2025-05-18T06:21:07.661+0000] {dagbag.py:536} INFO - Filling up the DagBag from /opt/airflow/dags/brewery_pipeline_bronze_silver_gold.py
[2025-05-18T06:21:08.177+0000] {processor.py:839} INFO - DAG(s) dict_keys(['brewery_pipeline_bronze_silver_gold']) retrieved from /opt/airflow/dags/brewery_pipeline_bronze_silver_gold.py
[2025-05-18T06:21:08.213+0000] {logging_mixin.py:151} INFO - [2025-05-18T06:21:08.212+0000] {dag.py:2941} INFO - Sync 1 DAGs
[2025-05-18T06:21:08.233+0000] {logging_mixin.py:151} INFO - [2025-05-18T06:21:08.233+0000] {dag.py:3722} INFO - Setting next_dagrun for brewery_pipeline_bronze_silver_gold to None, run_after=None
[2025-05-18T06:21:08.273+0000] {processor.py:179} INFO - Processing /opt/airflow/dags/brewery_pipeline_bronze_silver_gold.py took 0.621 seconds
[2025-05-18T06:21:38.867+0000] {processor.py:157} INFO - Started process (PID=189) to work on /opt/airflow/dags/brewery_pipeline_bronze_silver_gold.py
[2025-05-18T06:21:38.869+0000] {processor.py:829} INFO - Processing file /opt/airflow/dags/brewery_pipeline_bronze_silver_gold.py for tasks to queue
[2025-05-18T06:21:38.871+0000] {logging_mixin.py:151} INFO - [2025-05-18T06:21:38.870+0000] {dagbag.py:536} INFO - Filling up the DagBag from /opt/airflow/dags/brewery_pipeline_bronze_silver_gold.py
[2025-05-18T06:21:39.473+0000] {processor.py:839} INFO - DAG(s) dict_keys(['brewery_pipeline_bronze_silver_gold']) retrieved from /opt/airflow/dags/brewery_pipeline_bronze_silver_gold.py
[2025-05-18T06:21:39.512+0000] {logging_mixin.py:151} INFO - [2025-05-18T06:21:39.511+0000] {dag.py:2941} INFO - Sync 1 DAGs
[2025-05-18T06:21:39.540+0000] {logging_mixin.py:151} INFO - [2025-05-18T06:21:39.539+0000] {dag.py:3722} INFO - Setting next_dagrun for brewery_pipeline_bronze_silver_gold to None, run_after=None
[2025-05-18T06:21:39.586+0000] {processor.py:179} INFO - Processing /opt/airflow/dags/brewery_pipeline_bronze_silver_gold.py took 0.725 seconds
[2025-05-18T06:22:10.197+0000] {processor.py:157} INFO - Started process (PID=198) to work on /opt/airflow/dags/brewery_pipeline_bronze_silver_gold.py
[2025-05-18T06:22:10.198+0000] {processor.py:829} INFO - Processing file /opt/airflow/dags/brewery_pipeline_bronze_silver_gold.py for tasks to queue
[2025-05-18T06:22:10.199+0000] {logging_mixin.py:151} INFO - [2025-05-18T06:22:10.199+0000] {dagbag.py:536} INFO - Filling up the DagBag from /opt/airflow/dags/brewery_pipeline_bronze_silver_gold.py
[2025-05-18T06:22:10.765+0000] {processor.py:839} INFO - DAG(s) dict_keys(['brewery_pipeline_bronze_silver_gold']) retrieved from /opt/airflow/dags/brewery_pipeline_bronze_silver_gold.py
[2025-05-18T06:22:10.800+0000] {logging_mixin.py:151} INFO - [2025-05-18T06:22:10.799+0000] {dag.py:2941} INFO - Sync 1 DAGs
[2025-05-18T06:22:10.819+0000] {logging_mixin.py:151} INFO - [2025-05-18T06:22:10.819+0000] {dag.py:3722} INFO - Setting next_dagrun for brewery_pipeline_bronze_silver_gold to None, run_after=None
[2025-05-18T06:22:10.858+0000] {processor.py:179} INFO - Processing /opt/airflow/dags/brewery_pipeline_bronze_silver_gold.py took 0.666 seconds
[2025-05-18T06:22:40.973+0000] {processor.py:157} INFO - Started process (PID=205) to work on /opt/airflow/dags/brewery_pipeline_bronze_silver_gold.py
[2025-05-18T06:22:40.975+0000] {processor.py:829} INFO - Processing file /opt/airflow/dags/brewery_pipeline_bronze_silver_gold.py for tasks to queue
[2025-05-18T06:22:40.977+0000] {logging_mixin.py:151} INFO - [2025-05-18T06:22:40.976+0000] {dagbag.py:536} INFO - Filling up the DagBag from /opt/airflow/dags/brewery_pipeline_bronze_silver_gold.py
[2025-05-18T06:22:41.545+0000] {processor.py:839} INFO - DAG(s) dict_keys(['brewery_pipeline_bronze_silver_gold']) retrieved from /opt/airflow/dags/brewery_pipeline_bronze_silver_gold.py
[2025-05-18T06:22:41.579+0000] {logging_mixin.py:151} INFO - [2025-05-18T06:22:41.578+0000] {dag.py:2941} INFO - Sync 1 DAGs
[2025-05-18T06:22:41.599+0000] {logging_mixin.py:151} INFO - [2025-05-18T06:22:41.599+0000] {dag.py:3722} INFO - Setting next_dagrun for brewery_pipeline_bronze_silver_gold to None, run_after=None
[2025-05-18T06:22:41.638+0000] {processor.py:179} INFO - Processing /opt/airflow/dags/brewery_pipeline_bronze_silver_gold.py took 0.671 seconds
[2025-05-18T06:23:11.779+0000] {processor.py:157} INFO - Started process (PID=212) to work on /opt/airflow/dags/brewery_pipeline_bronze_silver_gold.py
[2025-05-18T06:23:11.781+0000] {processor.py:829} INFO - Processing file /opt/airflow/dags/brewery_pipeline_bronze_silver_gold.py for tasks to queue
[2025-05-18T06:23:11.782+0000] {logging_mixin.py:151} INFO - [2025-05-18T06:23:11.782+0000] {dagbag.py:536} INFO - Filling up the DagBag from /opt/airflow/dags/brewery_pipeline_bronze_silver_gold.py
[2025-05-18T06:23:12.315+0000] {processor.py:839} INFO - DAG(s) dict_keys(['brewery_pipeline_bronze_silver_gold']) retrieved from /opt/airflow/dags/brewery_pipeline_bronze_silver_gold.py
[2025-05-18T06:23:12.363+0000] {logging_mixin.py:151} INFO - [2025-05-18T06:23:12.362+0000] {dag.py:2941} INFO - Sync 1 DAGs
[2025-05-18T06:23:12.393+0000] {logging_mixin.py:151} INFO - [2025-05-18T06:23:12.392+0000] {dag.py:3722} INFO - Setting next_dagrun for brewery_pipeline_bronze_silver_gold to None, run_after=None
[2025-05-18T06:23:12.445+0000] {processor.py:179} INFO - Processing /opt/airflow/dags/brewery_pipeline_bronze_silver_gold.py took 0.670 seconds
[2025-05-18T06:23:42.836+0000] {processor.py:157} INFO - Started process (PID=219) to work on /opt/airflow/dags/brewery_pipeline_bronze_silver_gold.py
[2025-05-18T06:23:42.837+0000] {processor.py:829} INFO - Processing file /opt/airflow/dags/brewery_pipeline_bronze_silver_gold.py for tasks to queue
[2025-05-18T06:23:42.838+0000] {logging_mixin.py:151} INFO - [2025-05-18T06:23:42.838+0000] {dagbag.py:536} INFO - Filling up the DagBag from /opt/airflow/dags/brewery_pipeline_bronze_silver_gold.py
[2025-05-18T06:23:43.343+0000] {processor.py:839} INFO - DAG(s) dict_keys(['brewery_pipeline_bronze_silver_gold']) retrieved from /opt/airflow/dags/brewery_pipeline_bronze_silver_gold.py
[2025-05-18T06:23:43.379+0000] {logging_mixin.py:151} INFO - [2025-05-18T06:23:43.378+0000] {dag.py:2941} INFO - Sync 1 DAGs
[2025-05-18T06:23:43.401+0000] {logging_mixin.py:151} INFO - [2025-05-18T06:23:43.401+0000] {dag.py:3722} INFO - Setting next_dagrun for brewery_pipeline_bronze_silver_gold to None, run_after=None
[2025-05-18T06:23:43.443+0000] {processor.py:179} INFO - Processing /opt/airflow/dags/brewery_pipeline_bronze_silver_gold.py took 0.613 seconds
[2025-05-18T06:24:39.576+0000] {processor.py:157} INFO - Started process (PID=33) to work on /opt/airflow/dags/brewery_pipeline_bronze_silver_gold.py
[2025-05-18T06:24:39.578+0000] {processor.py:829} INFO - Processing file /opt/airflow/dags/brewery_pipeline_bronze_silver_gold.py for tasks to queue
[2025-05-18T06:24:39.579+0000] {logging_mixin.py:151} INFO - [2025-05-18T06:24:39.579+0000] {dagbag.py:536} INFO - Filling up the DagBag from /opt/airflow/dags/brewery_pipeline_bronze_silver_gold.py
[2025-05-18T06:24:40.152+0000] {processor.py:839} INFO - DAG(s) dict_keys(['brewery_pipeline_bronze_silver_gold']) retrieved from /opt/airflow/dags/brewery_pipeline_bronze_silver_gold.py
[2025-05-18T06:24:40.188+0000] {logging_mixin.py:151} INFO - [2025-05-18T06:24:40.187+0000] {dag.py:2941} INFO - Sync 1 DAGs
[2025-05-18T06:24:40.211+0000] {logging_mixin.py:151} INFO - [2025-05-18T06:24:40.211+0000] {dag.py:3722} INFO - Setting next_dagrun for brewery_pipeline_bronze_silver_gold to None, run_after=None
[2025-05-18T06:24:40.252+0000] {processor.py:179} INFO - Processing /opt/airflow/dags/brewery_pipeline_bronze_silver_gold.py took 0.682 seconds
[2025-05-18T06:25:10.993+0000] {processor.py:157} INFO - Started process (PID=40) to work on /opt/airflow/dags/brewery_pipeline_bronze_silver_gold.py
[2025-05-18T06:25:10.994+0000] {processor.py:829} INFO - Processing file /opt/airflow/dags/brewery_pipeline_bronze_silver_gold.py for tasks to queue
[2025-05-18T06:25:10.996+0000] {logging_mixin.py:151} INFO - [2025-05-18T06:25:10.995+0000] {dagbag.py:536} INFO - Filling up the DagBag from /opt/airflow/dags/brewery_pipeline_bronze_silver_gold.py
[2025-05-18T06:25:11.496+0000] {processor.py:839} INFO - DAG(s) dict_keys(['brewery_pipeline_bronze_silver_gold']) retrieved from /opt/airflow/dags/brewery_pipeline_bronze_silver_gold.py
[2025-05-18T06:25:11.530+0000] {logging_mixin.py:151} INFO - [2025-05-18T06:25:11.529+0000] {dag.py:2941} INFO - Sync 1 DAGs
[2025-05-18T06:25:11.550+0000] {logging_mixin.py:151} INFO - [2025-05-18T06:25:11.549+0000] {dag.py:3722} INFO - Setting next_dagrun for brewery_pipeline_bronze_silver_gold to None, run_after=None
[2025-05-18T06:25:11.587+0000] {processor.py:179} INFO - Processing /opt/airflow/dags/brewery_pipeline_bronze_silver_gold.py took 0.600 seconds
[2025-05-18T06:25:42.402+0000] {processor.py:157} INFO - Started process (PID=47) to work on /opt/airflow/dags/brewery_pipeline_bronze_silver_gold.py
[2025-05-18T06:25:42.404+0000] {processor.py:829} INFO - Processing file /opt/airflow/dags/brewery_pipeline_bronze_silver_gold.py for tasks to queue
[2025-05-18T06:25:42.406+0000] {logging_mixin.py:151} INFO - [2025-05-18T06:25:42.405+0000] {dagbag.py:536} INFO - Filling up the DagBag from /opt/airflow/dags/brewery_pipeline_bronze_silver_gold.py
[2025-05-18T06:25:42.907+0000] {processor.py:839} INFO - DAG(s) dict_keys(['brewery_pipeline_bronze_silver_gold']) retrieved from /opt/airflow/dags/brewery_pipeline_bronze_silver_gold.py
[2025-05-18T06:25:42.942+0000] {logging_mixin.py:151} INFO - [2025-05-18T06:25:42.941+0000] {dag.py:2941} INFO - Sync 1 DAGs
[2025-05-18T06:25:42.961+0000] {logging_mixin.py:151} INFO - [2025-05-18T06:25:42.961+0000] {dag.py:3722} INFO - Setting next_dagrun for brewery_pipeline_bronze_silver_gold to None, run_after=None
[2025-05-18T06:25:43.001+0000] {processor.py:179} INFO - Processing /opt/airflow/dags/brewery_pipeline_bronze_silver_gold.py took 0.605 seconds
[2025-05-18T06:26:13.772+0000] {processor.py:157} INFO - Started process (PID=54) to work on /opt/airflow/dags/brewery_pipeline_bronze_silver_gold.py
[2025-05-18T06:26:13.774+0000] {processor.py:829} INFO - Processing file /opt/airflow/dags/brewery_pipeline_bronze_silver_gold.py for tasks to queue
[2025-05-18T06:26:13.776+0000] {logging_mixin.py:151} INFO - [2025-05-18T06:26:13.775+0000] {dagbag.py:536} INFO - Filling up the DagBag from /opt/airflow/dags/brewery_pipeline_bronze_silver_gold.py
[2025-05-18T06:26:14.367+0000] {processor.py:839} INFO - DAG(s) dict_keys(['brewery_pipeline_bronze_silver_gold']) retrieved from /opt/airflow/dags/brewery_pipeline_bronze_silver_gold.py
[2025-05-18T06:26:14.401+0000] {logging_mixin.py:151} INFO - [2025-05-18T06:26:14.400+0000] {dag.py:2941} INFO - Sync 1 DAGs
[2025-05-18T06:26:14.425+0000] {logging_mixin.py:151} INFO - [2025-05-18T06:26:14.425+0000] {dag.py:3722} INFO - Setting next_dagrun for brewery_pipeline_bronze_silver_gold to None, run_after=None
[2025-05-18T06:26:14.469+0000] {processor.py:179} INFO - Processing /opt/airflow/dags/brewery_pipeline_bronze_silver_gold.py took 0.705 seconds
[2025-05-18T06:26:44.856+0000] {processor.py:157} INFO - Started process (PID=61) to work on /opt/airflow/dags/brewery_pipeline_bronze_silver_gold.py
[2025-05-18T06:26:44.858+0000] {processor.py:829} INFO - Processing file /opt/airflow/dags/brewery_pipeline_bronze_silver_gold.py for tasks to queue
[2025-05-18T06:26:44.859+0000] {logging_mixin.py:151} INFO - [2025-05-18T06:26:44.859+0000] {dagbag.py:536} INFO - Filling up the DagBag from /opt/airflow/dags/brewery_pipeline_bronze_silver_gold.py
[2025-05-18T06:26:45.365+0000] {processor.py:839} INFO - DAG(s) dict_keys(['brewery_pipeline_bronze_silver_gold']) retrieved from /opt/airflow/dags/brewery_pipeline_bronze_silver_gold.py
[2025-05-18T06:26:45.401+0000] {logging_mixin.py:151} INFO - [2025-05-18T06:26:45.400+0000] {dag.py:2941} INFO - Sync 1 DAGs
[2025-05-18T06:26:45.421+0000] {logging_mixin.py:151} INFO - [2025-05-18T06:26:45.421+0000] {dag.py:3722} INFO - Setting next_dagrun for brewery_pipeline_bronze_silver_gold to None, run_after=None
[2025-05-18T06:26:45.462+0000] {processor.py:179} INFO - Processing /opt/airflow/dags/brewery_pipeline_bronze_silver_gold.py took 0.612 seconds
[2025-05-18T06:27:15.829+0000] {processor.py:157} INFO - Started process (PID=68) to work on /opt/airflow/dags/brewery_pipeline_bronze_silver_gold.py
[2025-05-18T06:27:15.831+0000] {processor.py:829} INFO - Processing file /opt/airflow/dags/brewery_pipeline_bronze_silver_gold.py for tasks to queue
[2025-05-18T06:27:15.832+0000] {logging_mixin.py:151} INFO - [2025-05-18T06:27:15.832+0000] {dagbag.py:536} INFO - Filling up the DagBag from /opt/airflow/dags/brewery_pipeline_bronze_silver_gold.py
[2025-05-18T06:27:16.413+0000] {processor.py:839} INFO - DAG(s) dict_keys(['brewery_pipeline_bronze_silver_gold']) retrieved from /opt/airflow/dags/brewery_pipeline_bronze_silver_gold.py
[2025-05-18T06:27:16.447+0000] {logging_mixin.py:151} INFO - [2025-05-18T06:27:16.447+0000] {dag.py:2941} INFO - Sync 1 DAGs
[2025-05-18T06:27:16.468+0000] {logging_mixin.py:151} INFO - [2025-05-18T06:27:16.467+0000] {dag.py:3722} INFO - Setting next_dagrun for brewery_pipeline_bronze_silver_gold to None, run_after=None
[2025-05-18T06:27:16.508+0000] {processor.py:179} INFO - Processing /opt/airflow/dags/brewery_pipeline_bronze_silver_gold.py took 0.685 seconds
[2025-05-18T06:27:46.576+0000] {processor.py:157} INFO - Started process (PID=75) to work on /opt/airflow/dags/brewery_pipeline_bronze_silver_gold.py
[2025-05-18T06:27:46.578+0000] {processor.py:829} INFO - Processing file /opt/airflow/dags/brewery_pipeline_bronze_silver_gold.py for tasks to queue
[2025-05-18T06:27:46.579+0000] {logging_mixin.py:151} INFO - [2025-05-18T06:27:46.579+0000] {dagbag.py:536} INFO - Filling up the DagBag from /opt/airflow/dags/brewery_pipeline_bronze_silver_gold.py
[2025-05-18T06:27:47.184+0000] {processor.py:839} INFO - DAG(s) dict_keys(['brewery_pipeline_bronze_silver_gold']) retrieved from /opt/airflow/dags/brewery_pipeline_bronze_silver_gold.py
[2025-05-18T06:27:47.221+0000] {logging_mixin.py:151} INFO - [2025-05-18T06:27:47.220+0000] {dag.py:2941} INFO - Sync 1 DAGs
[2025-05-18T06:27:47.244+0000] {logging_mixin.py:151} INFO - [2025-05-18T06:27:47.243+0000] {dag.py:3722} INFO - Setting next_dagrun for brewery_pipeline_bronze_silver_gold to None, run_after=None
[2025-05-18T06:27:47.286+0000] {processor.py:179} INFO - Processing /opt/airflow/dags/brewery_pipeline_bronze_silver_gold.py took 0.715 seconds
[2025-05-18T06:28:17.605+0000] {processor.py:157} INFO - Started process (PID=82) to work on /opt/airflow/dags/brewery_pipeline_bronze_silver_gold.py
[2025-05-18T06:28:17.607+0000] {processor.py:829} INFO - Processing file /opt/airflow/dags/brewery_pipeline_bronze_silver_gold.py for tasks to queue
[2025-05-18T06:28:17.609+0000] {logging_mixin.py:151} INFO - [2025-05-18T06:28:17.608+0000] {dagbag.py:536} INFO - Filling up the DagBag from /opt/airflow/dags/brewery_pipeline_bronze_silver_gold.py
[2025-05-18T06:28:18.108+0000] {processor.py:839} INFO - DAG(s) dict_keys(['brewery_pipeline_bronze_silver_gold']) retrieved from /opt/airflow/dags/brewery_pipeline_bronze_silver_gold.py
[2025-05-18T06:28:18.144+0000] {logging_mixin.py:151} INFO - [2025-05-18T06:28:18.143+0000] {dag.py:2941} INFO - Sync 1 DAGs
[2025-05-18T06:28:18.166+0000] {logging_mixin.py:151} INFO - [2025-05-18T06:28:18.166+0000] {dag.py:3722} INFO - Setting next_dagrun for brewery_pipeline_bronze_silver_gold to None, run_after=None
[2025-05-18T06:28:18.211+0000] {processor.py:179} INFO - Processing /opt/airflow/dags/brewery_pipeline_bronze_silver_gold.py took 0.612 seconds
[2025-05-18T06:28:48.616+0000] {processor.py:157} INFO - Started process (PID=89) to work on /opt/airflow/dags/brewery_pipeline_bronze_silver_gold.py
[2025-05-18T06:28:48.619+0000] {processor.py:829} INFO - Processing file /opt/airflow/dags/brewery_pipeline_bronze_silver_gold.py for tasks to queue
[2025-05-18T06:28:48.620+0000] {logging_mixin.py:151} INFO - [2025-05-18T06:28:48.620+0000] {dagbag.py:536} INFO - Filling up the DagBag from /opt/airflow/dags/brewery_pipeline_bronze_silver_gold.py
[2025-05-18T06:28:49.124+0000] {processor.py:839} INFO - DAG(s) dict_keys(['brewery_pipeline_bronze_silver_gold']) retrieved from /opt/airflow/dags/brewery_pipeline_bronze_silver_gold.py
[2025-05-18T06:28:49.161+0000] {logging_mixin.py:151} INFO - [2025-05-18T06:28:49.160+0000] {dag.py:2941} INFO - Sync 1 DAGs
[2025-05-18T06:28:49.181+0000] {logging_mixin.py:151} INFO - [2025-05-18T06:28:49.181+0000] {dag.py:3722} INFO - Setting next_dagrun for brewery_pipeline_bronze_silver_gold to None, run_after=None
[2025-05-18T06:28:49.218+0000] {processor.py:179} INFO - Processing /opt/airflow/dags/brewery_pipeline_bronze_silver_gold.py took 0.608 seconds
[2025-05-18T06:29:19.587+0000] {processor.py:157} INFO - Started process (PID=96) to work on /opt/airflow/dags/brewery_pipeline_bronze_silver_gold.py
[2025-05-18T06:29:19.589+0000] {processor.py:829} INFO - Processing file /opt/airflow/dags/brewery_pipeline_bronze_silver_gold.py for tasks to queue
[2025-05-18T06:29:19.590+0000] {logging_mixin.py:151} INFO - [2025-05-18T06:29:19.590+0000] {dagbag.py:536} INFO - Filling up the DagBag from /opt/airflow/dags/brewery_pipeline_bronze_silver_gold.py
[2025-05-18T06:29:20.119+0000] {processor.py:839} INFO - DAG(s) dict_keys(['brewery_pipeline_bronze_silver_gold']) retrieved from /opt/airflow/dags/brewery_pipeline_bronze_silver_gold.py
[2025-05-18T06:29:20.156+0000] {logging_mixin.py:151} INFO - [2025-05-18T06:29:20.155+0000] {dag.py:2941} INFO - Sync 1 DAGs
[2025-05-18T06:29:20.184+0000] {logging_mixin.py:151} INFO - [2025-05-18T06:29:20.183+0000] {dag.py:3722} INFO - Setting next_dagrun for brewery_pipeline_bronze_silver_gold to None, run_after=None
[2025-05-18T06:29:20.232+0000] {processor.py:179} INFO - Processing /opt/airflow/dags/brewery_pipeline_bronze_silver_gold.py took 0.650 seconds
[2025-05-18T06:29:50.648+0000] {processor.py:157} INFO - Started process (PID=103) to work on /opt/airflow/dags/brewery_pipeline_bronze_silver_gold.py
[2025-05-18T06:29:50.650+0000] {processor.py:829} INFO - Processing file /opt/airflow/dags/brewery_pipeline_bronze_silver_gold.py for tasks to queue
[2025-05-18T06:29:50.652+0000] {logging_mixin.py:151} INFO - [2025-05-18T06:29:50.651+0000] {dagbag.py:536} INFO - Filling up the DagBag from /opt/airflow/dags/brewery_pipeline_bronze_silver_gold.py
[2025-05-18T06:29:51.174+0000] {processor.py:839} INFO - DAG(s) dict_keys(['brewery_pipeline_bronze_silver_gold']) retrieved from /opt/airflow/dags/brewery_pipeline_bronze_silver_gold.py
[2025-05-18T06:29:51.206+0000] {logging_mixin.py:151} INFO - [2025-05-18T06:29:51.206+0000] {dag.py:2941} INFO - Sync 1 DAGs
[2025-05-18T06:29:51.226+0000] {logging_mixin.py:151} INFO - [2025-05-18T06:29:51.226+0000] {dag.py:3722} INFO - Setting next_dagrun for brewery_pipeline_bronze_silver_gold to None, run_after=None
[2025-05-18T06:29:51.269+0000] {processor.py:179} INFO - Processing /opt/airflow/dags/brewery_pipeline_bronze_silver_gold.py took 0.628 seconds
[2025-05-18T06:30:21.655+0000] {processor.py:157} INFO - Started process (PID=110) to work on /opt/airflow/dags/brewery_pipeline_bronze_silver_gold.py
[2025-05-18T06:30:21.657+0000] {processor.py:829} INFO - Processing file /opt/airflow/dags/brewery_pipeline_bronze_silver_gold.py for tasks to queue
[2025-05-18T06:30:21.658+0000] {logging_mixin.py:151} INFO - [2025-05-18T06:30:21.658+0000] {dagbag.py:536} INFO - Filling up the DagBag from /opt/airflow/dags/brewery_pipeline_bronze_silver_gold.py
[2025-05-18T06:30:22.168+0000] {processor.py:839} INFO - DAG(s) dict_keys(['brewery_pipeline_bronze_silver_gold']) retrieved from /opt/airflow/dags/brewery_pipeline_bronze_silver_gold.py
[2025-05-18T06:30:22.203+0000] {logging_mixin.py:151} INFO - [2025-05-18T06:30:22.202+0000] {dag.py:2941} INFO - Sync 1 DAGs
[2025-05-18T06:30:22.224+0000] {logging_mixin.py:151} INFO - [2025-05-18T06:30:22.224+0000] {dag.py:3722} INFO - Setting next_dagrun for brewery_pipeline_bronze_silver_gold to None, run_after=None
[2025-05-18T06:30:22.266+0000] {processor.py:179} INFO - Processing /opt/airflow/dags/brewery_pipeline_bronze_silver_gold.py took 0.618 seconds
[2025-05-18T06:30:52.643+0000] {processor.py:157} INFO - Started process (PID=117) to work on /opt/airflow/dags/brewery_pipeline_bronze_silver_gold.py
[2025-05-18T06:30:52.645+0000] {processor.py:829} INFO - Processing file /opt/airflow/dags/brewery_pipeline_bronze_silver_gold.py for tasks to queue
[2025-05-18T06:30:52.646+0000] {logging_mixin.py:151} INFO - [2025-05-18T06:30:52.646+0000] {dagbag.py:536} INFO - Filling up the DagBag from /opt/airflow/dags/brewery_pipeline_bronze_silver_gold.py
[2025-05-18T06:30:53.159+0000] {processor.py:839} INFO - DAG(s) dict_keys(['brewery_pipeline_bronze_silver_gold']) retrieved from /opt/airflow/dags/brewery_pipeline_bronze_silver_gold.py
[2025-05-18T06:30:53.196+0000] {logging_mixin.py:151} INFO - [2025-05-18T06:30:53.195+0000] {dag.py:2941} INFO - Sync 1 DAGs
[2025-05-18T06:30:53.216+0000] {logging_mixin.py:151} INFO - [2025-05-18T06:30:53.216+0000] {dag.py:3722} INFO - Setting next_dagrun for brewery_pipeline_bronze_silver_gold to None, run_after=None
[2025-05-18T06:30:53.256+0000] {processor.py:179} INFO - Processing /opt/airflow/dags/brewery_pipeline_bronze_silver_gold.py took 0.619 seconds
[2025-05-18T06:31:23.646+0000] {processor.py:157} INFO - Started process (PID=124) to work on /opt/airflow/dags/brewery_pipeline_bronze_silver_gold.py
[2025-05-18T06:31:23.648+0000] {processor.py:829} INFO - Processing file /opt/airflow/dags/brewery_pipeline_bronze_silver_gold.py for tasks to queue
[2025-05-18T06:31:23.649+0000] {logging_mixin.py:151} INFO - [2025-05-18T06:31:23.649+0000] {dagbag.py:536} INFO - Filling up the DagBag from /opt/airflow/dags/brewery_pipeline_bronze_silver_gold.py
[2025-05-18T06:31:24.164+0000] {processor.py:839} INFO - DAG(s) dict_keys(['brewery_pipeline_bronze_silver_gold']) retrieved from /opt/airflow/dags/brewery_pipeline_bronze_silver_gold.py
[2025-05-18T06:31:24.201+0000] {logging_mixin.py:151} INFO - [2025-05-18T06:31:24.200+0000] {dag.py:2941} INFO - Sync 1 DAGs
[2025-05-18T06:31:24.222+0000] {logging_mixin.py:151} INFO - [2025-05-18T06:31:24.221+0000] {dag.py:3722} INFO - Setting next_dagrun for brewery_pipeline_bronze_silver_gold to None, run_after=None
[2025-05-18T06:31:24.260+0000] {processor.py:179} INFO - Processing /opt/airflow/dags/brewery_pipeline_bronze_silver_gold.py took 0.620 seconds
[2025-05-18T06:31:54.654+0000] {processor.py:157} INFO - Started process (PID=131) to work on /opt/airflow/dags/brewery_pipeline_bronze_silver_gold.py
[2025-05-18T06:31:54.656+0000] {processor.py:829} INFO - Processing file /opt/airflow/dags/brewery_pipeline_bronze_silver_gold.py for tasks to queue
[2025-05-18T06:31:54.658+0000] {logging_mixin.py:151} INFO - [2025-05-18T06:31:54.657+0000] {dagbag.py:536} INFO - Filling up the DagBag from /opt/airflow/dags/brewery_pipeline_bronze_silver_gold.py
[2025-05-18T06:31:55.172+0000] {processor.py:839} INFO - DAG(s) dict_keys(['brewery_pipeline_bronze_silver_gold']) retrieved from /opt/airflow/dags/brewery_pipeline_bronze_silver_gold.py
[2025-05-18T06:31:55.207+0000] {logging_mixin.py:151} INFO - [2025-05-18T06:31:55.206+0000] {dag.py:2941} INFO - Sync 1 DAGs
[2025-05-18T06:31:55.228+0000] {logging_mixin.py:151} INFO - [2025-05-18T06:31:55.227+0000] {dag.py:3722} INFO - Setting next_dagrun for brewery_pipeline_bronze_silver_gold to None, run_after=None
[2025-05-18T06:31:55.267+0000] {processor.py:179} INFO - Processing /opt/airflow/dags/brewery_pipeline_bronze_silver_gold.py took 0.619 seconds
[2025-05-18T06:32:25.643+0000] {processor.py:157} INFO - Started process (PID=138) to work on /opt/airflow/dags/brewery_pipeline_bronze_silver_gold.py
[2025-05-18T06:32:25.645+0000] {processor.py:829} INFO - Processing file /opt/airflow/dags/brewery_pipeline_bronze_silver_gold.py for tasks to queue
[2025-05-18T06:32:25.647+0000] {logging_mixin.py:151} INFO - [2025-05-18T06:32:25.647+0000] {dagbag.py:536} INFO - Filling up the DagBag from /opt/airflow/dags/brewery_pipeline_bronze_silver_gold.py
[2025-05-18T06:32:26.155+0000] {processor.py:839} INFO - DAG(s) dict_keys(['brewery_pipeline_bronze_silver_gold']) retrieved from /opt/airflow/dags/brewery_pipeline_bronze_silver_gold.py
[2025-05-18T06:32:26.190+0000] {logging_mixin.py:151} INFO - [2025-05-18T06:32:26.189+0000] {dag.py:2941} INFO - Sync 1 DAGs
[2025-05-18T06:32:26.212+0000] {logging_mixin.py:151} INFO - [2025-05-18T06:32:26.212+0000] {dag.py:3722} INFO - Setting next_dagrun for brewery_pipeline_bronze_silver_gold to None, run_after=None
[2025-05-18T06:32:26.252+0000] {processor.py:179} INFO - Processing /opt/airflow/dags/brewery_pipeline_bronze_silver_gold.py took 0.614 seconds
[2025-05-18T06:32:56.639+0000] {processor.py:157} INFO - Started process (PID=145) to work on /opt/airflow/dags/brewery_pipeline_bronze_silver_gold.py
[2025-05-18T06:32:56.641+0000] {processor.py:829} INFO - Processing file /opt/airflow/dags/brewery_pipeline_bronze_silver_gold.py for tasks to queue
[2025-05-18T06:32:56.643+0000] {logging_mixin.py:151} INFO - [2025-05-18T06:32:56.642+0000] {dagbag.py:536} INFO - Filling up the DagBag from /opt/airflow/dags/brewery_pipeline_bronze_silver_gold.py
[2025-05-18T06:32:57.150+0000] {processor.py:839} INFO - DAG(s) dict_keys(['brewery_pipeline_bronze_silver_gold']) retrieved from /opt/airflow/dags/brewery_pipeline_bronze_silver_gold.py
[2025-05-18T06:32:57.188+0000] {logging_mixin.py:151} INFO - [2025-05-18T06:32:57.187+0000] {dag.py:2941} INFO - Sync 1 DAGs
[2025-05-18T06:32:57.208+0000] {logging_mixin.py:151} INFO - [2025-05-18T06:32:57.208+0000] {dag.py:3722} INFO - Setting next_dagrun for brewery_pipeline_bronze_silver_gold to None, run_after=None
[2025-05-18T06:32:57.251+0000] {processor.py:179} INFO - Processing /opt/airflow/dags/brewery_pipeline_bronze_silver_gold.py took 0.618 seconds
[2025-05-18T06:33:27.632+0000] {processor.py:157} INFO - Started process (PID=152) to work on /opt/airflow/dags/brewery_pipeline_bronze_silver_gold.py
[2025-05-18T06:33:27.634+0000] {processor.py:829} INFO - Processing file /opt/airflow/dags/brewery_pipeline_bronze_silver_gold.py for tasks to queue
[2025-05-18T06:33:27.636+0000] {logging_mixin.py:151} INFO - [2025-05-18T06:33:27.636+0000] {dagbag.py:536} INFO - Filling up the DagBag from /opt/airflow/dags/brewery_pipeline_bronze_silver_gold.py
[2025-05-18T06:33:28.148+0000] {processor.py:839} INFO - DAG(s) dict_keys(['brewery_pipeline_bronze_silver_gold']) retrieved from /opt/airflow/dags/brewery_pipeline_bronze_silver_gold.py
[2025-05-18T06:33:28.185+0000] {logging_mixin.py:151} INFO - [2025-05-18T06:33:28.184+0000] {dag.py:2941} INFO - Sync 1 DAGs
[2025-05-18T06:33:28.206+0000] {logging_mixin.py:151} INFO - [2025-05-18T06:33:28.206+0000] {dag.py:3722} INFO - Setting next_dagrun for brewery_pipeline_bronze_silver_gold to None, run_after=None
[2025-05-18T06:33:28.249+0000] {processor.py:179} INFO - Processing /opt/airflow/dags/brewery_pipeline_bronze_silver_gold.py took 0.623 seconds
[2025-05-18T06:33:58.635+0000] {processor.py:157} INFO - Started process (PID=159) to work on /opt/airflow/dags/brewery_pipeline_bronze_silver_gold.py
[2025-05-18T06:33:58.638+0000] {processor.py:829} INFO - Processing file /opt/airflow/dags/brewery_pipeline_bronze_silver_gold.py for tasks to queue
[2025-05-18T06:33:58.639+0000] {logging_mixin.py:151} INFO - [2025-05-18T06:33:58.639+0000] {dagbag.py:536} INFO - Filling up the DagBag from /opt/airflow/dags/brewery_pipeline_bronze_silver_gold.py
[2025-05-18T06:33:59.147+0000] {processor.py:839} INFO - DAG(s) dict_keys(['brewery_pipeline_bronze_silver_gold']) retrieved from /opt/airflow/dags/brewery_pipeline_bronze_silver_gold.py
[2025-05-18T06:33:59.180+0000] {logging_mixin.py:151} INFO - [2025-05-18T06:33:59.180+0000] {dag.py:2941} INFO - Sync 1 DAGs
[2025-05-18T06:33:59.200+0000] {logging_mixin.py:151} INFO - [2025-05-18T06:33:59.200+0000] {dag.py:3722} INFO - Setting next_dagrun for brewery_pipeline_bronze_silver_gold to None, run_after=None
[2025-05-18T06:33:59.244+0000] {processor.py:179} INFO - Processing /opt/airflow/dags/brewery_pipeline_bronze_silver_gold.py took 0.614 seconds
[2025-05-18T06:34:29.608+0000] {processor.py:157} INFO - Started process (PID=166) to work on /opt/airflow/dags/brewery_pipeline_bronze_silver_gold.py
[2025-05-18T06:34:29.610+0000] {processor.py:829} INFO - Processing file /opt/airflow/dags/brewery_pipeline_bronze_silver_gold.py for tasks to queue
[2025-05-18T06:34:29.611+0000] {logging_mixin.py:151} INFO - [2025-05-18T06:34:29.611+0000] {dagbag.py:536} INFO - Filling up the DagBag from /opt/airflow/dags/brewery_pipeline_bronze_silver_gold.py
[2025-05-18T06:34:30.124+0000] {processor.py:839} INFO - DAG(s) dict_keys(['brewery_pipeline_bronze_silver_gold']) retrieved from /opt/airflow/dags/brewery_pipeline_bronze_silver_gold.py
[2025-05-18T06:34:30.160+0000] {logging_mixin.py:151} INFO - [2025-05-18T06:34:30.159+0000] {dag.py:2941} INFO - Sync 1 DAGs
[2025-05-18T06:34:30.179+0000] {logging_mixin.py:151} INFO - [2025-05-18T06:34:30.179+0000] {dag.py:3722} INFO - Setting next_dagrun for brewery_pipeline_bronze_silver_gold to None, run_after=None
[2025-05-18T06:34:30.221+0000] {processor.py:179} INFO - Processing /opt/airflow/dags/brewery_pipeline_bronze_silver_gold.py took 0.619 seconds
[2025-05-18T06:35:00.615+0000] {processor.py:157} INFO - Started process (PID=173) to work on /opt/airflow/dags/brewery_pipeline_bronze_silver_gold.py
[2025-05-18T06:35:00.617+0000] {processor.py:829} INFO - Processing file /opt/airflow/dags/brewery_pipeline_bronze_silver_gold.py for tasks to queue
[2025-05-18T06:35:00.619+0000] {logging_mixin.py:151} INFO - [2025-05-18T06:35:00.618+0000] {dagbag.py:536} INFO - Filling up the DagBag from /opt/airflow/dags/brewery_pipeline_bronze_silver_gold.py
[2025-05-18T06:35:01.132+0000] {processor.py:839} INFO - DAG(s) dict_keys(['brewery_pipeline_bronze_silver_gold']) retrieved from /opt/airflow/dags/brewery_pipeline_bronze_silver_gold.py
[2025-05-18T06:35:01.167+0000] {logging_mixin.py:151} INFO - [2025-05-18T06:35:01.166+0000] {dag.py:2941} INFO - Sync 1 DAGs
[2025-05-18T06:35:01.188+0000] {logging_mixin.py:151} INFO - [2025-05-18T06:35:01.188+0000] {dag.py:3722} INFO - Setting next_dagrun for brewery_pipeline_bronze_silver_gold to None, run_after=None
[2025-05-18T06:35:01.232+0000] {processor.py:179} INFO - Processing /opt/airflow/dags/brewery_pipeline_bronze_silver_gold.py took 0.623 seconds
[2025-05-18T06:35:31.610+0000] {processor.py:157} INFO - Started process (PID=180) to work on /opt/airflow/dags/brewery_pipeline_bronze_silver_gold.py
[2025-05-18T06:35:31.613+0000] {processor.py:829} INFO - Processing file /opt/airflow/dags/brewery_pipeline_bronze_silver_gold.py for tasks to queue
[2025-05-18T06:35:31.614+0000] {logging_mixin.py:151} INFO - [2025-05-18T06:35:31.614+0000] {dagbag.py:536} INFO - Filling up the DagBag from /opt/airflow/dags/brewery_pipeline_bronze_silver_gold.py
[2025-05-18T06:35:32.137+0000] {processor.py:839} INFO - DAG(s) dict_keys(['brewery_pipeline_bronze_silver_gold']) retrieved from /opt/airflow/dags/brewery_pipeline_bronze_silver_gold.py
[2025-05-18T06:35:32.170+0000] {logging_mixin.py:151} INFO - [2025-05-18T06:35:32.170+0000] {dag.py:2941} INFO - Sync 1 DAGs
[2025-05-18T06:35:32.190+0000] {logging_mixin.py:151} INFO - [2025-05-18T06:35:32.189+0000] {dag.py:3722} INFO - Setting next_dagrun for brewery_pipeline_bronze_silver_gold to None, run_after=None
[2025-05-18T06:35:32.229+0000] {processor.py:179} INFO - Processing /opt/airflow/dags/brewery_pipeline_bronze_silver_gold.py took 0.625 seconds
[2025-05-18T06:36:02.636+0000] {processor.py:157} INFO - Started process (PID=187) to work on /opt/airflow/dags/brewery_pipeline_bronze_silver_gold.py
[2025-05-18T06:36:02.638+0000] {processor.py:829} INFO - Processing file /opt/airflow/dags/brewery_pipeline_bronze_silver_gold.py for tasks to queue
[2025-05-18T06:36:02.640+0000] {logging_mixin.py:151} INFO - [2025-05-18T06:36:02.639+0000] {dagbag.py:536} INFO - Filling up the DagBag from /opt/airflow/dags/brewery_pipeline_bronze_silver_gold.py
[2025-05-18T06:36:03.171+0000] {processor.py:839} INFO - DAG(s) dict_keys(['brewery_pipeline_bronze_silver_gold']) retrieved from /opt/airflow/dags/brewery_pipeline_bronze_silver_gold.py
[2025-05-18T06:36:03.204+0000] {logging_mixin.py:151} INFO - [2025-05-18T06:36:03.203+0000] {dag.py:2941} INFO - Sync 1 DAGs
[2025-05-18T06:36:03.224+0000] {logging_mixin.py:151} INFO - [2025-05-18T06:36:03.224+0000] {dag.py:3722} INFO - Setting next_dagrun for brewery_pipeline_bronze_silver_gold to None, run_after=None
[2025-05-18T06:36:03.263+0000] {processor.py:179} INFO - Processing /opt/airflow/dags/brewery_pipeline_bronze_silver_gold.py took 0.634 seconds
[2025-05-18T06:36:33.633+0000] {processor.py:157} INFO - Started process (PID=194) to work on /opt/airflow/dags/brewery_pipeline_bronze_silver_gold.py
[2025-05-18T06:36:33.636+0000] {processor.py:829} INFO - Processing file /opt/airflow/dags/brewery_pipeline_bronze_silver_gold.py for tasks to queue
[2025-05-18T06:36:33.637+0000] {logging_mixin.py:151} INFO - [2025-05-18T06:36:33.636+0000] {dagbag.py:536} INFO - Filling up the DagBag from /opt/airflow/dags/brewery_pipeline_bronze_silver_gold.py
[2025-05-18T06:36:34.150+0000] {processor.py:839} INFO - DAG(s) dict_keys(['brewery_pipeline_bronze_silver_gold']) retrieved from /opt/airflow/dags/brewery_pipeline_bronze_silver_gold.py
[2025-05-18T06:36:34.185+0000] {logging_mixin.py:151} INFO - [2025-05-18T06:36:34.185+0000] {dag.py:2941} INFO - Sync 1 DAGs
[2025-05-18T06:36:34.207+0000] {logging_mixin.py:151} INFO - [2025-05-18T06:36:34.207+0000] {dag.py:3722} INFO - Setting next_dagrun for brewery_pipeline_bronze_silver_gold to None, run_after=None
[2025-05-18T06:36:34.250+0000] {processor.py:179} INFO - Processing /opt/airflow/dags/brewery_pipeline_bronze_silver_gold.py took 0.623 seconds
[2025-05-18T06:37:04.623+0000] {processor.py:157} INFO - Started process (PID=201) to work on /opt/airflow/dags/brewery_pipeline_bronze_silver_gold.py
[2025-05-18T06:37:04.625+0000] {processor.py:829} INFO - Processing file /opt/airflow/dags/brewery_pipeline_bronze_silver_gold.py for tasks to queue
[2025-05-18T06:37:04.627+0000] {logging_mixin.py:151} INFO - [2025-05-18T06:37:04.626+0000] {dagbag.py:536} INFO - Filling up the DagBag from /opt/airflow/dags/brewery_pipeline_bronze_silver_gold.py
[2025-05-18T06:37:05.132+0000] {processor.py:839} INFO - DAG(s) dict_keys(['brewery_pipeline_bronze_silver_gold']) retrieved from /opt/airflow/dags/brewery_pipeline_bronze_silver_gold.py
[2025-05-18T06:37:05.167+0000] {logging_mixin.py:151} INFO - [2025-05-18T06:37:05.166+0000] {dag.py:2941} INFO - Sync 1 DAGs
[2025-05-18T06:37:05.188+0000] {logging_mixin.py:151} INFO - [2025-05-18T06:37:05.188+0000] {dag.py:3722} INFO - Setting next_dagrun for brewery_pipeline_bronze_silver_gold to None, run_after=None
[2025-05-18T06:37:05.234+0000] {processor.py:179} INFO - Processing /opt/airflow/dags/brewery_pipeline_bronze_silver_gold.py took 0.617 seconds
[2025-05-18T06:37:35.598+0000] {processor.py:157} INFO - Started process (PID=208) to work on /opt/airflow/dags/brewery_pipeline_bronze_silver_gold.py
[2025-05-18T06:37:35.600+0000] {processor.py:829} INFO - Processing file /opt/airflow/dags/brewery_pipeline_bronze_silver_gold.py for tasks to queue
[2025-05-18T06:37:35.602+0000] {logging_mixin.py:151} INFO - [2025-05-18T06:37:35.601+0000] {dagbag.py:536} INFO - Filling up the DagBag from /opt/airflow/dags/brewery_pipeline_bronze_silver_gold.py
[2025-05-18T06:37:36.133+0000] {processor.py:839} INFO - DAG(s) dict_keys(['brewery_pipeline_bronze_silver_gold']) retrieved from /opt/airflow/dags/brewery_pipeline_bronze_silver_gold.py
[2025-05-18T06:37:36.169+0000] {logging_mixin.py:151} INFO - [2025-05-18T06:37:36.168+0000] {dag.py:2941} INFO - Sync 1 DAGs
[2025-05-18T06:37:36.189+0000] {logging_mixin.py:151} INFO - [2025-05-18T06:37:36.188+0000] {dag.py:3722} INFO - Setting next_dagrun for brewery_pipeline_bronze_silver_gold to None, run_after=None
[2025-05-18T06:37:36.225+0000] {processor.py:179} INFO - Processing /opt/airflow/dags/brewery_pipeline_bronze_silver_gold.py took 0.633 seconds
