[2025-05-16T08:37:17.372+0000] {processor.py:157} INFO - Started process (PID=33) to work on /opt/airflow/dags/brewery_pipeline_gold.py
[2025-05-16T08:37:17.373+0000] {processor.py:829} INFO - Processing file /opt/airflow/dags/brewery_pipeline_gold.py for tasks to queue
[2025-05-16T08:37:17.373+0000] {logging_mixin.py:151} INFO - [2025-05-16T08:37:17.373+0000] {dagbag.py:536} INFO - Filling up the DagBag from /opt/airflow/dags/brewery_pipeline_gold.py
[2025-05-16T08:37:17.687+0000] {processor.py:839} INFO - DAG(s) dict_keys(['brewery_pipeline_gold']) retrieved from /opt/airflow/dags/brewery_pipeline_gold.py
[2025-05-16T08:37:17.705+0000] {logging_mixin.py:151} INFO - [2025-05-16T08:37:17.705+0000] {dag.py:2941} INFO - Sync 1 DAGs
[2025-05-16T08:37:17.717+0000] {logging_mixin.py:151} INFO - [2025-05-16T08:37:17.717+0000] {dag.py:3722} INFO - Setting next_dagrun for brewery_pipeline_gold to None, run_after=None
[2025-05-16T08:37:17.743+0000] {processor.py:179} INFO - Processing /opt/airflow/dags/brewery_pipeline_gold.py took 0.374 seconds
[2025-05-16T08:37:47.784+0000] {processor.py:157} INFO - Started process (PID=37) to work on /opt/airflow/dags/brewery_pipeline_gold.py
[2025-05-16T08:37:47.786+0000] {processor.py:829} INFO - Processing file /opt/airflow/dags/brewery_pipeline_gold.py for tasks to queue
[2025-05-16T08:37:47.787+0000] {logging_mixin.py:151} INFO - [2025-05-16T08:37:47.786+0000] {dagbag.py:536} INFO - Filling up the DagBag from /opt/airflow/dags/brewery_pipeline_gold.py
[2025-05-16T08:37:48.060+0000] {processor.py:839} INFO - DAG(s) dict_keys(['brewery_pipeline_gold']) retrieved from /opt/airflow/dags/brewery_pipeline_gold.py
[2025-05-16T08:37:48.086+0000] {logging_mixin.py:151} INFO - [2025-05-16T08:37:48.086+0000] {dag.py:2941} INFO - Sync 1 DAGs
[2025-05-16T08:37:48.099+0000] {logging_mixin.py:151} INFO - [2025-05-16T08:37:48.099+0000] {dag.py:3722} INFO - Setting next_dagrun for brewery_pipeline_gold to None, run_after=None
[2025-05-16T08:37:48.135+0000] {processor.py:179} INFO - Processing /opt/airflow/dags/brewery_pipeline_gold.py took 0.356 seconds
[2025-05-16T08:38:18.979+0000] {processor.py:157} INFO - Started process (PID=40) to work on /opt/airflow/dags/brewery_pipeline_gold.py
[2025-05-16T08:38:18.982+0000] {processor.py:829} INFO - Processing file /opt/airflow/dags/brewery_pipeline_gold.py for tasks to queue
[2025-05-16T08:38:18.983+0000] {logging_mixin.py:151} INFO - [2025-05-16T08:38:18.982+0000] {dagbag.py:536} INFO - Filling up the DagBag from /opt/airflow/dags/brewery_pipeline_gold.py
[2025-05-16T08:38:19.260+0000] {processor.py:839} INFO - DAG(s) dict_keys(['brewery_pipeline_gold']) retrieved from /opt/airflow/dags/brewery_pipeline_gold.py
[2025-05-16T08:38:19.277+0000] {logging_mixin.py:151} INFO - [2025-05-16T08:38:19.277+0000] {dag.py:2941} INFO - Sync 1 DAGs
[2025-05-16T08:38:19.287+0000] {logging_mixin.py:151} INFO - [2025-05-16T08:38:19.287+0000] {dag.py:3722} INFO - Setting next_dagrun for brewery_pipeline_gold to None, run_after=None
[2025-05-16T08:38:19.309+0000] {processor.py:179} INFO - Processing /opt/airflow/dags/brewery_pipeline_gold.py took 0.336 seconds
[2025-05-16T08:38:58.229+0000] {processor.py:157} INFO - Started process (PID=37) to work on /opt/airflow/dags/brewery_pipeline_gold.py
[2025-05-16T08:38:58.230+0000] {processor.py:829} INFO - Processing file /opt/airflow/dags/brewery_pipeline_gold.py for tasks to queue
[2025-05-16T08:38:58.231+0000] {logging_mixin.py:151} INFO - [2025-05-16T08:38:58.231+0000] {dagbag.py:536} INFO - Filling up the DagBag from /opt/airflow/dags/brewery_pipeline_gold.py
[2025-05-16T08:38:58.511+0000] {processor.py:839} INFO - DAG(s) dict_keys(['brewery_pipeline_gold']) retrieved from /opt/airflow/dags/brewery_pipeline_gold.py
[2025-05-16T08:38:58.531+0000] {logging_mixin.py:151} INFO - [2025-05-16T08:38:58.530+0000] {dag.py:2941} INFO - Sync 1 DAGs
[2025-05-16T08:38:58.543+0000] {logging_mixin.py:151} INFO - [2025-05-16T08:38:58.543+0000] {dag.py:3722} INFO - Setting next_dagrun for brewery_pipeline_gold to None, run_after=None
[2025-05-16T08:38:58.578+0000] {processor.py:179} INFO - Processing /opt/airflow/dags/brewery_pipeline_gold.py took 0.352 seconds
[2025-05-16T08:39:28.791+0000] {processor.py:157} INFO - Started process (PID=42) to work on /opt/airflow/dags/brewery_pipeline_gold.py
[2025-05-16T08:39:28.793+0000] {processor.py:829} INFO - Processing file /opt/airflow/dags/brewery_pipeline_gold.py for tasks to queue
[2025-05-16T08:39:28.795+0000] {logging_mixin.py:151} INFO - [2025-05-16T08:39:28.794+0000] {dagbag.py:536} INFO - Filling up the DagBag from /opt/airflow/dags/brewery_pipeline_gold.py
[2025-05-16T08:39:29.136+0000] {processor.py:839} INFO - DAG(s) dict_keys(['brewery_pipeline_gold']) retrieved from /opt/airflow/dags/brewery_pipeline_gold.py
[2025-05-16T08:39:29.156+0000] {logging_mixin.py:151} INFO - [2025-05-16T08:39:29.156+0000] {dag.py:2941} INFO - Sync 1 DAGs
[2025-05-16T08:39:29.168+0000] {logging_mixin.py:151} INFO - [2025-05-16T08:39:29.168+0000] {dag.py:3722} INFO - Setting next_dagrun for brewery_pipeline_gold to None, run_after=None
[2025-05-16T08:39:29.194+0000] {processor.py:179} INFO - Processing /opt/airflow/dags/brewery_pipeline_gold.py took 0.410 seconds
[2025-05-16T08:39:59.399+0000] {processor.py:157} INFO - Started process (PID=77) to work on /opt/airflow/dags/brewery_pipeline_gold.py
[2025-05-16T08:39:59.400+0000] {processor.py:829} INFO - Processing file /opt/airflow/dags/brewery_pipeline_gold.py for tasks to queue
[2025-05-16T08:39:59.402+0000] {logging_mixin.py:151} INFO - [2025-05-16T08:39:59.401+0000] {dagbag.py:536} INFO - Filling up the DagBag from /opt/airflow/dags/brewery_pipeline_gold.py
[2025-05-16T08:39:59.674+0000] {processor.py:839} INFO - DAG(s) dict_keys(['brewery_pipeline_gold']) retrieved from /opt/airflow/dags/brewery_pipeline_gold.py
[2025-05-16T08:39:59.690+0000] {logging_mixin.py:151} INFO - [2025-05-16T08:39:59.690+0000] {dag.py:2941} INFO - Sync 1 DAGs
[2025-05-16T08:39:59.700+0000] {logging_mixin.py:151} INFO - [2025-05-16T08:39:59.700+0000] {dag.py:3722} INFO - Setting next_dagrun for brewery_pipeline_gold to None, run_after=None
[2025-05-16T08:39:59.726+0000] {processor.py:179} INFO - Processing /opt/airflow/dags/brewery_pipeline_gold.py took 0.333 seconds
[2025-05-16T08:40:29.935+0000] {processor.py:157} INFO - Started process (PID=82) to work on /opt/airflow/dags/brewery_pipeline_gold.py
[2025-05-16T08:40:29.936+0000] {processor.py:829} INFO - Processing file /opt/airflow/dags/brewery_pipeline_gold.py for tasks to queue
[2025-05-16T08:40:29.937+0000] {logging_mixin.py:151} INFO - [2025-05-16T08:40:29.937+0000] {dagbag.py:536} INFO - Filling up the DagBag from /opt/airflow/dags/brewery_pipeline_gold.py
[2025-05-16T08:40:30.238+0000] {processor.py:839} INFO - DAG(s) dict_keys(['brewery_pipeline_gold']) retrieved from /opt/airflow/dags/brewery_pipeline_gold.py
[2025-05-16T08:40:30.256+0000] {logging_mixin.py:151} INFO - [2025-05-16T08:40:30.256+0000] {dag.py:2941} INFO - Sync 1 DAGs
[2025-05-16T08:40:30.271+0000] {logging_mixin.py:151} INFO - [2025-05-16T08:40:30.271+0000] {dag.py:3722} INFO - Setting next_dagrun for brewery_pipeline_gold to None, run_after=None
[2025-05-16T08:40:30.317+0000] {processor.py:179} INFO - Processing /opt/airflow/dags/brewery_pipeline_gold.py took 0.389 seconds
[2025-05-16T08:41:00.563+0000] {processor.py:157} INFO - Started process (PID=87) to work on /opt/airflow/dags/brewery_pipeline_gold.py
[2025-05-16T08:41:00.564+0000] {processor.py:829} INFO - Processing file /opt/airflow/dags/brewery_pipeline_gold.py for tasks to queue
[2025-05-16T08:41:00.566+0000] {logging_mixin.py:151} INFO - [2025-05-16T08:41:00.565+0000] {dagbag.py:536} INFO - Filling up the DagBag from /opt/airflow/dags/brewery_pipeline_gold.py
[2025-05-16T08:41:00.842+0000] {processor.py:839} INFO - DAG(s) dict_keys(['brewery_pipeline_gold']) retrieved from /opt/airflow/dags/brewery_pipeline_gold.py
[2025-05-16T08:41:00.860+0000] {logging_mixin.py:151} INFO - [2025-05-16T08:41:00.860+0000] {dag.py:2941} INFO - Sync 1 DAGs
[2025-05-16T08:41:00.872+0000] {logging_mixin.py:151} INFO - [2025-05-16T08:41:00.871+0000] {dag.py:3722} INFO - Setting next_dagrun for brewery_pipeline_gold to None, run_after=None
[2025-05-16T08:41:00.896+0000] {processor.py:179} INFO - Processing /opt/airflow/dags/brewery_pipeline_gold.py took 0.339 seconds
[2025-05-16T08:41:31.123+0000] {processor.py:157} INFO - Started process (PID=92) to work on /opt/airflow/dags/brewery_pipeline_gold.py
[2025-05-16T08:41:31.124+0000] {processor.py:829} INFO - Processing file /opt/airflow/dags/brewery_pipeline_gold.py for tasks to queue
[2025-05-16T08:41:31.126+0000] {logging_mixin.py:151} INFO - [2025-05-16T08:41:31.125+0000] {dagbag.py:536} INFO - Filling up the DagBag from /opt/airflow/dags/brewery_pipeline_gold.py
[2025-05-16T08:41:31.416+0000] {processor.py:839} INFO - DAG(s) dict_keys(['brewery_pipeline_gold']) retrieved from /opt/airflow/dags/brewery_pipeline_gold.py
[2025-05-16T08:41:31.436+0000] {logging_mixin.py:151} INFO - [2025-05-16T08:41:31.434+0000] {dag.py:2941} INFO - Sync 1 DAGs
[2025-05-16T08:41:31.448+0000] {logging_mixin.py:151} INFO - [2025-05-16T08:41:31.448+0000] {dag.py:3722} INFO - Setting next_dagrun for brewery_pipeline_gold to None, run_after=None
[2025-05-16T08:41:31.472+0000] {processor.py:179} INFO - Processing /opt/airflow/dags/brewery_pipeline_gold.py took 0.355 seconds
[2025-05-16T08:42:01.724+0000] {processor.py:157} INFO - Started process (PID=97) to work on /opt/airflow/dags/brewery_pipeline_gold.py
[2025-05-16T08:42:01.725+0000] {processor.py:829} INFO - Processing file /opt/airflow/dags/brewery_pipeline_gold.py for tasks to queue
[2025-05-16T08:42:01.727+0000] {logging_mixin.py:151} INFO - [2025-05-16T08:42:01.726+0000] {dagbag.py:536} INFO - Filling up the DagBag from /opt/airflow/dags/brewery_pipeline_gold.py
[2025-05-16T08:42:02.007+0000] {processor.py:839} INFO - DAG(s) dict_keys(['brewery_pipeline_gold']) retrieved from /opt/airflow/dags/brewery_pipeline_gold.py
[2025-05-16T08:42:02.028+0000] {logging_mixin.py:151} INFO - [2025-05-16T08:42:02.027+0000] {dag.py:2941} INFO - Sync 1 DAGs
[2025-05-16T08:42:02.040+0000] {logging_mixin.py:151} INFO - [2025-05-16T08:42:02.040+0000] {dag.py:3722} INFO - Setting next_dagrun for brewery_pipeline_gold to None, run_after=None
[2025-05-16T08:42:02.072+0000] {processor.py:179} INFO - Processing /opt/airflow/dags/brewery_pipeline_gold.py took 0.354 seconds
[2025-05-16T08:42:32.287+0000] {processor.py:157} INFO - Started process (PID=102) to work on /opt/airflow/dags/brewery_pipeline_gold.py
[2025-05-16T08:42:32.288+0000] {processor.py:829} INFO - Processing file /opt/airflow/dags/brewery_pipeline_gold.py for tasks to queue
[2025-05-16T08:42:32.289+0000] {logging_mixin.py:151} INFO - [2025-05-16T08:42:32.288+0000] {dagbag.py:536} INFO - Filling up the DagBag from /opt/airflow/dags/brewery_pipeline_gold.py
[2025-05-16T08:42:32.620+0000] {processor.py:839} INFO - DAG(s) dict_keys(['brewery_pipeline_gold']) retrieved from /opt/airflow/dags/brewery_pipeline_gold.py
[2025-05-16T08:42:32.639+0000] {logging_mixin.py:151} INFO - [2025-05-16T08:42:32.639+0000] {dag.py:2941} INFO - Sync 1 DAGs
[2025-05-16T08:42:32.654+0000] {logging_mixin.py:151} INFO - [2025-05-16T08:42:32.654+0000] {dag.py:3722} INFO - Setting next_dagrun for brewery_pipeline_gold to None, run_after=None
[2025-05-16T08:42:32.680+0000] {processor.py:179} INFO - Processing /opt/airflow/dags/brewery_pipeline_gold.py took 0.395 seconds
[2025-05-16T08:43:02.899+0000] {processor.py:157} INFO - Started process (PID=107) to work on /opt/airflow/dags/brewery_pipeline_gold.py
[2025-05-16T08:43:02.900+0000] {processor.py:829} INFO - Processing file /opt/airflow/dags/brewery_pipeline_gold.py for tasks to queue
[2025-05-16T08:43:02.902+0000] {logging_mixin.py:151} INFO - [2025-05-16T08:43:02.901+0000] {dagbag.py:536} INFO - Filling up the DagBag from /opt/airflow/dags/brewery_pipeline_gold.py
[2025-05-16T08:43:03.183+0000] {processor.py:839} INFO - DAG(s) dict_keys(['brewery_pipeline_gold']) retrieved from /opt/airflow/dags/brewery_pipeline_gold.py
[2025-05-16T08:43:03.201+0000] {logging_mixin.py:151} INFO - [2025-05-16T08:43:03.200+0000] {dag.py:2941} INFO - Sync 1 DAGs
[2025-05-16T08:43:03.211+0000] {logging_mixin.py:151} INFO - [2025-05-16T08:43:03.211+0000] {dag.py:3722} INFO - Setting next_dagrun for brewery_pipeline_gold to None, run_after=None
[2025-05-16T08:43:03.234+0000] {processor.py:179} INFO - Processing /opt/airflow/dags/brewery_pipeline_gold.py took 0.341 seconds
[2025-05-16T08:43:33.440+0000] {processor.py:157} INFO - Started process (PID=112) to work on /opt/airflow/dags/brewery_pipeline_gold.py
[2025-05-16T08:43:33.441+0000] {processor.py:829} INFO - Processing file /opt/airflow/dags/brewery_pipeline_gold.py for tasks to queue
[2025-05-16T08:43:33.442+0000] {logging_mixin.py:151} INFO - [2025-05-16T08:43:33.442+0000] {dagbag.py:536} INFO - Filling up the DagBag from /opt/airflow/dags/brewery_pipeline_gold.py
[2025-05-16T08:43:33.724+0000] {processor.py:839} INFO - DAG(s) dict_keys(['brewery_pipeline_gold']) retrieved from /opt/airflow/dags/brewery_pipeline_gold.py
[2025-05-16T08:43:33.743+0000] {logging_mixin.py:151} INFO - [2025-05-16T08:43:33.742+0000] {dag.py:2941} INFO - Sync 1 DAGs
[2025-05-16T08:43:33.754+0000] {logging_mixin.py:151} INFO - [2025-05-16T08:43:33.754+0000] {dag.py:3722} INFO - Setting next_dagrun for brewery_pipeline_gold to None, run_after=None
[2025-05-16T08:43:33.781+0000] {processor.py:179} INFO - Processing /opt/airflow/dags/brewery_pipeline_gold.py took 0.347 seconds
[2025-05-16T08:44:04.022+0000] {processor.py:157} INFO - Started process (PID=117) to work on /opt/airflow/dags/brewery_pipeline_gold.py
[2025-05-16T08:44:04.023+0000] {processor.py:829} INFO - Processing file /opt/airflow/dags/brewery_pipeline_gold.py for tasks to queue
[2025-05-16T08:44:04.024+0000] {logging_mixin.py:151} INFO - [2025-05-16T08:44:04.024+0000] {dagbag.py:536} INFO - Filling up the DagBag from /opt/airflow/dags/brewery_pipeline_gold.py
[2025-05-16T08:44:04.301+0000] {processor.py:839} INFO - DAG(s) dict_keys(['brewery_pipeline_gold']) retrieved from /opt/airflow/dags/brewery_pipeline_gold.py
[2025-05-16T08:44:04.319+0000] {logging_mixin.py:151} INFO - [2025-05-16T08:44:04.318+0000] {dag.py:2941} INFO - Sync 1 DAGs
[2025-05-16T08:44:04.330+0000] {logging_mixin.py:151} INFO - [2025-05-16T08:44:04.330+0000] {dag.py:3722} INFO - Setting next_dagrun for brewery_pipeline_gold to None, run_after=None
[2025-05-16T08:44:04.358+0000] {processor.py:179} INFO - Processing /opt/airflow/dags/brewery_pipeline_gold.py took 0.342 seconds
[2025-05-16T08:44:34.543+0000] {processor.py:157} INFO - Started process (PID=122) to work on /opt/airflow/dags/brewery_pipeline_gold.py
[2025-05-16T08:44:34.545+0000] {processor.py:829} INFO - Processing file /opt/airflow/dags/brewery_pipeline_gold.py for tasks to queue
[2025-05-16T08:44:34.546+0000] {logging_mixin.py:151} INFO - [2025-05-16T08:44:34.545+0000] {dagbag.py:536} INFO - Filling up the DagBag from /opt/airflow/dags/brewery_pipeline_gold.py
[2025-05-16T08:44:34.822+0000] {processor.py:839} INFO - DAG(s) dict_keys(['brewery_pipeline_gold']) retrieved from /opt/airflow/dags/brewery_pipeline_gold.py
[2025-05-16T08:44:34.846+0000] {logging_mixin.py:151} INFO - [2025-05-16T08:44:34.845+0000] {dag.py:2941} INFO - Sync 1 DAGs
[2025-05-16T08:44:34.859+0000] {logging_mixin.py:151} INFO - [2025-05-16T08:44:34.859+0000] {dag.py:3722} INFO - Setting next_dagrun for brewery_pipeline_gold to None, run_after=None
[2025-05-16T08:44:34.888+0000] {processor.py:179} INFO - Processing /opt/airflow/dags/brewery_pipeline_gold.py took 0.351 seconds
[2025-05-16T08:45:05.111+0000] {processor.py:157} INFO - Started process (PID=127) to work on /opt/airflow/dags/brewery_pipeline_gold.py
[2025-05-16T08:45:05.112+0000] {processor.py:829} INFO - Processing file /opt/airflow/dags/brewery_pipeline_gold.py for tasks to queue
[2025-05-16T08:45:05.114+0000] {logging_mixin.py:151} INFO - [2025-05-16T08:45:05.113+0000] {dagbag.py:536} INFO - Filling up the DagBag from /opt/airflow/dags/brewery_pipeline_gold.py
[2025-05-16T08:45:05.395+0000] {processor.py:839} INFO - DAG(s) dict_keys(['brewery_pipeline_gold']) retrieved from /opt/airflow/dags/brewery_pipeline_gold.py
[2025-05-16T08:45:05.413+0000] {logging_mixin.py:151} INFO - [2025-05-16T08:45:05.412+0000] {dag.py:2941} INFO - Sync 1 DAGs
[2025-05-16T08:45:05.423+0000] {logging_mixin.py:151} INFO - [2025-05-16T08:45:05.423+0000] {dag.py:3722} INFO - Setting next_dagrun for brewery_pipeline_gold to None, run_after=None
[2025-05-16T08:45:05.451+0000] {processor.py:179} INFO - Processing /opt/airflow/dags/brewery_pipeline_gold.py took 0.345 seconds
[2025-05-16T08:45:35.652+0000] {processor.py:157} INFO - Started process (PID=132) to work on /opt/airflow/dags/brewery_pipeline_gold.py
[2025-05-16T08:45:35.653+0000] {processor.py:829} INFO - Processing file /opt/airflow/dags/brewery_pipeline_gold.py for tasks to queue
[2025-05-16T08:45:35.654+0000] {logging_mixin.py:151} INFO - [2025-05-16T08:45:35.654+0000] {dagbag.py:536} INFO - Filling up the DagBag from /opt/airflow/dags/brewery_pipeline_gold.py
[2025-05-16T08:45:35.932+0000] {processor.py:839} INFO - DAG(s) dict_keys(['brewery_pipeline_gold']) retrieved from /opt/airflow/dags/brewery_pipeline_gold.py
[2025-05-16T08:45:35.950+0000] {logging_mixin.py:151} INFO - [2025-05-16T08:45:35.949+0000] {dag.py:2941} INFO - Sync 1 DAGs
[2025-05-16T08:45:35.959+0000] {logging_mixin.py:151} INFO - [2025-05-16T08:45:35.959+0000] {dag.py:3722} INFO - Setting next_dagrun for brewery_pipeline_gold to None, run_after=None
[2025-05-16T08:45:35.986+0000] {processor.py:179} INFO - Processing /opt/airflow/dags/brewery_pipeline_gold.py took 0.341 seconds
[2025-05-16T08:46:06.200+0000] {processor.py:157} INFO - Started process (PID=137) to work on /opt/airflow/dags/brewery_pipeline_gold.py
[2025-05-16T08:46:06.201+0000] {processor.py:829} INFO - Processing file /opt/airflow/dags/brewery_pipeline_gold.py for tasks to queue
[2025-05-16T08:46:06.203+0000] {logging_mixin.py:151} INFO - [2025-05-16T08:46:06.202+0000] {dagbag.py:536} INFO - Filling up the DagBag from /opt/airflow/dags/brewery_pipeline_gold.py
[2025-05-16T08:46:06.477+0000] {processor.py:839} INFO - DAG(s) dict_keys(['brewery_pipeline_gold']) retrieved from /opt/airflow/dags/brewery_pipeline_gold.py
[2025-05-16T08:46:06.494+0000] {logging_mixin.py:151} INFO - [2025-05-16T08:46:06.493+0000] {dag.py:2941} INFO - Sync 1 DAGs
[2025-05-16T08:46:06.504+0000] {logging_mixin.py:151} INFO - [2025-05-16T08:46:06.504+0000] {dag.py:3722} INFO - Setting next_dagrun for brewery_pipeline_gold to None, run_after=None
[2025-05-16T08:46:06.532+0000] {processor.py:179} INFO - Processing /opt/airflow/dags/brewery_pipeline_gold.py took 0.338 seconds
[2025-05-16T08:46:36.737+0000] {processor.py:157} INFO - Started process (PID=142) to work on /opt/airflow/dags/brewery_pipeline_gold.py
[2025-05-16T08:46:36.739+0000] {processor.py:829} INFO - Processing file /opt/airflow/dags/brewery_pipeline_gold.py for tasks to queue
[2025-05-16T08:46:36.740+0000] {logging_mixin.py:151} INFO - [2025-05-16T08:46:36.739+0000] {dagbag.py:536} INFO - Filling up the DagBag from /opt/airflow/dags/brewery_pipeline_gold.py
[2025-05-16T08:46:37.060+0000] {processor.py:839} INFO - DAG(s) dict_keys(['brewery_pipeline_gold']) retrieved from /opt/airflow/dags/brewery_pipeline_gold.py
[2025-05-16T08:46:37.081+0000] {logging_mixin.py:151} INFO - [2025-05-16T08:46:37.080+0000] {dag.py:2941} INFO - Sync 1 DAGs
[2025-05-16T08:46:37.095+0000] {logging_mixin.py:151} INFO - [2025-05-16T08:46:37.095+0000] {dag.py:3722} INFO - Setting next_dagrun for brewery_pipeline_gold to None, run_after=None
[2025-05-16T08:46:37.123+0000] {processor.py:179} INFO - Processing /opt/airflow/dags/brewery_pipeline_gold.py took 0.392 seconds
[2025-05-16T08:47:07.309+0000] {processor.py:157} INFO - Started process (PID=147) to work on /opt/airflow/dags/brewery_pipeline_gold.py
[2025-05-16T08:47:07.310+0000] {processor.py:829} INFO - Processing file /opt/airflow/dags/brewery_pipeline_gold.py for tasks to queue
[2025-05-16T08:47:07.311+0000] {logging_mixin.py:151} INFO - [2025-05-16T08:47:07.310+0000] {dagbag.py:536} INFO - Filling up the DagBag from /opt/airflow/dags/brewery_pipeline_gold.py
[2025-05-16T08:47:07.625+0000] {processor.py:839} INFO - DAG(s) dict_keys(['brewery_pipeline_gold']) retrieved from /opt/airflow/dags/brewery_pipeline_gold.py
[2025-05-16T08:47:07.645+0000] {logging_mixin.py:151} INFO - [2025-05-16T08:47:07.644+0000] {dag.py:2941} INFO - Sync 1 DAGs
[2025-05-16T08:47:07.656+0000] {logging_mixin.py:151} INFO - [2025-05-16T08:47:07.656+0000] {dag.py:3722} INFO - Setting next_dagrun for brewery_pipeline_gold to None, run_after=None
[2025-05-16T08:47:07.680+0000] {processor.py:179} INFO - Processing /opt/airflow/dags/brewery_pipeline_gold.py took 0.377 seconds
[2025-05-16T08:47:37.892+0000] {processor.py:157} INFO - Started process (PID=152) to work on /opt/airflow/dags/brewery_pipeline_gold.py
[2025-05-16T08:47:37.893+0000] {processor.py:829} INFO - Processing file /opt/airflow/dags/brewery_pipeline_gold.py for tasks to queue
[2025-05-16T08:47:37.895+0000] {logging_mixin.py:151} INFO - [2025-05-16T08:47:37.894+0000] {dagbag.py:536} INFO - Filling up the DagBag from /opt/airflow/dags/brewery_pipeline_gold.py
[2025-05-16T08:47:38.209+0000] {processor.py:839} INFO - DAG(s) dict_keys(['brewery_pipeline_gold']) retrieved from /opt/airflow/dags/brewery_pipeline_gold.py
[2025-05-16T08:47:38.228+0000] {logging_mixin.py:151} INFO - [2025-05-16T08:47:38.227+0000] {dag.py:2941} INFO - Sync 1 DAGs
[2025-05-16T08:47:38.238+0000] {logging_mixin.py:151} INFO - [2025-05-16T08:47:38.238+0000] {dag.py:3722} INFO - Setting next_dagrun for brewery_pipeline_gold to None, run_after=None
[2025-05-16T08:47:38.262+0000] {processor.py:179} INFO - Processing /opt/airflow/dags/brewery_pipeline_gold.py took 0.376 seconds
[2025-05-16T08:50:28.727+0000] {processor.py:157} INFO - Started process (PID=32) to work on /opt/airflow/dags/brewery_pipeline_gold.py
[2025-05-16T08:50:28.728+0000] {processor.py:829} INFO - Processing file /opt/airflow/dags/brewery_pipeline_gold.py for tasks to queue
[2025-05-16T08:50:28.729+0000] {logging_mixin.py:151} INFO - [2025-05-16T08:50:28.729+0000] {dagbag.py:536} INFO - Filling up the DagBag from /opt/airflow/dags/brewery_pipeline_gold.py
[2025-05-16T08:50:30.120+0000] {processor.py:839} INFO - DAG(s) dict_keys(['brewery_pipeline_gold']) retrieved from /opt/airflow/dags/brewery_pipeline_gold.py
[2025-05-16T08:50:30.543+0000] {logging_mixin.py:151} INFO - [2025-05-16T08:50:30.543+0000] {manager.py:499} INFO - Created Permission View: %s
[2025-05-16T08:50:30.560+0000] {logging_mixin.py:151} INFO - [2025-05-16T08:50:30.560+0000] {manager.py:499} INFO - Created Permission View: %s
[2025-05-16T08:50:30.573+0000] {logging_mixin.py:151} INFO - [2025-05-16T08:50:30.573+0000] {manager.py:499} INFO - Created Permission View: %s
[2025-05-16T08:50:30.574+0000] {logging_mixin.py:151} INFO - [2025-05-16T08:50:30.573+0000] {dag.py:2941} INFO - Sync 1 DAGs
[2025-05-16T08:50:30.590+0000] {logging_mixin.py:151} INFO - [2025-05-16T08:50:30.589+0000] {dag.py:2963} INFO - Creating ORM DAG for brewery_pipeline_gold
[2025-05-16T08:50:30.591+0000] {logging_mixin.py:151} INFO - [2025-05-16T08:50:30.591+0000] {dag.py:3722} INFO - Setting next_dagrun for brewery_pipeline_gold to None, run_after=None
[2025-05-16T08:50:30.619+0000] {processor.py:179} INFO - Processing /opt/airflow/dags/brewery_pipeline_gold.py took 1.895 seconds
[2025-05-16T08:51:00.935+0000] {processor.py:157} INFO - Started process (PID=37) to work on /opt/airflow/dags/brewery_pipeline_gold.py
[2025-05-16T08:51:00.937+0000] {processor.py:829} INFO - Processing file /opt/airflow/dags/brewery_pipeline_gold.py for tasks to queue
[2025-05-16T08:51:00.938+0000] {logging_mixin.py:151} INFO - [2025-05-16T08:51:00.937+0000] {dagbag.py:536} INFO - Filling up the DagBag from /opt/airflow/dags/brewery_pipeline_gold.py
[2025-05-16T08:51:01.219+0000] {processor.py:839} INFO - DAG(s) dict_keys(['brewery_pipeline_gold']) retrieved from /opt/airflow/dags/brewery_pipeline_gold.py
[2025-05-16T08:51:01.236+0000] {logging_mixin.py:151} INFO - [2025-05-16T08:51:01.236+0000] {dag.py:2941} INFO - Sync 1 DAGs
[2025-05-16T08:51:01.247+0000] {logging_mixin.py:151} INFO - [2025-05-16T08:51:01.246+0000] {dag.py:3722} INFO - Setting next_dagrun for brewery_pipeline_gold to None, run_after=None
[2025-05-16T08:51:01.273+0000] {processor.py:179} INFO - Processing /opt/airflow/dags/brewery_pipeline_gold.py took 0.344 seconds
[2025-05-16T08:51:31.515+0000] {processor.py:157} INFO - Started process (PID=42) to work on /opt/airflow/dags/brewery_pipeline_gold.py
[2025-05-16T08:51:31.516+0000] {processor.py:829} INFO - Processing file /opt/airflow/dags/brewery_pipeline_gold.py for tasks to queue
[2025-05-16T08:51:31.517+0000] {logging_mixin.py:151} INFO - [2025-05-16T08:51:31.517+0000] {dagbag.py:536} INFO - Filling up the DagBag from /opt/airflow/dags/brewery_pipeline_gold.py
[2025-05-16T08:51:31.796+0000] {processor.py:839} INFO - DAG(s) dict_keys(['brewery_pipeline_gold']) retrieved from /opt/airflow/dags/brewery_pipeline_gold.py
[2025-05-16T08:51:31.813+0000] {logging_mixin.py:151} INFO - [2025-05-16T08:51:31.812+0000] {dag.py:2941} INFO - Sync 1 DAGs
[2025-05-16T08:51:31.825+0000] {logging_mixin.py:151} INFO - [2025-05-16T08:51:31.825+0000] {dag.py:3722} INFO - Setting next_dagrun for brewery_pipeline_gold to None, run_after=None
[2025-05-16T08:51:31.853+0000] {processor.py:179} INFO - Processing /opt/airflow/dags/brewery_pipeline_gold.py took 0.345 seconds
[2025-05-16T08:52:02.080+0000] {processor.py:157} INFO - Started process (PID=47) to work on /opt/airflow/dags/brewery_pipeline_gold.py
[2025-05-16T08:52:02.081+0000] {processor.py:829} INFO - Processing file /opt/airflow/dags/brewery_pipeline_gold.py for tasks to queue
[2025-05-16T08:52:02.082+0000] {logging_mixin.py:151} INFO - [2025-05-16T08:52:02.082+0000] {dagbag.py:536} INFO - Filling up the DagBag from /opt/airflow/dags/brewery_pipeline_gold.py
[2025-05-16T08:52:02.359+0000] {processor.py:839} INFO - DAG(s) dict_keys(['brewery_pipeline_gold']) retrieved from /opt/airflow/dags/brewery_pipeline_gold.py
[2025-05-16T08:52:02.377+0000] {logging_mixin.py:151} INFO - [2025-05-16T08:52:02.377+0000] {dag.py:2941} INFO - Sync 1 DAGs
[2025-05-16T08:52:02.388+0000] {logging_mixin.py:151} INFO - [2025-05-16T08:52:02.388+0000] {dag.py:3722} INFO - Setting next_dagrun for brewery_pipeline_gold to None, run_after=None
[2025-05-16T08:52:02.417+0000] {processor.py:179} INFO - Processing /opt/airflow/dags/brewery_pipeline_gold.py took 0.343 seconds
[2025-05-16T08:52:32.642+0000] {processor.py:157} INFO - Started process (PID=52) to work on /opt/airflow/dags/brewery_pipeline_gold.py
[2025-05-16T08:52:32.643+0000] {processor.py:829} INFO - Processing file /opt/airflow/dags/brewery_pipeline_gold.py for tasks to queue
[2025-05-16T08:52:32.645+0000] {logging_mixin.py:151} INFO - [2025-05-16T08:52:32.644+0000] {dagbag.py:536} INFO - Filling up the DagBag from /opt/airflow/dags/brewery_pipeline_gold.py
[2025-05-16T08:52:32.928+0000] {processor.py:839} INFO - DAG(s) dict_keys(['brewery_pipeline_gold']) retrieved from /opt/airflow/dags/brewery_pipeline_gold.py
[2025-05-16T08:52:32.945+0000] {logging_mixin.py:151} INFO - [2025-05-16T08:52:32.944+0000] {dag.py:2941} INFO - Sync 1 DAGs
[2025-05-16T08:52:32.957+0000] {logging_mixin.py:151} INFO - [2025-05-16T08:52:32.957+0000] {dag.py:3722} INFO - Setting next_dagrun for brewery_pipeline_gold to None, run_after=None
[2025-05-16T08:52:32.982+0000] {processor.py:179} INFO - Processing /opt/airflow/dags/brewery_pipeline_gold.py took 0.346 seconds
