[2025-05-16T08:19:39.682+0000] {processor.py:157} INFO - Started process (PID=36) to work on /opt/airflow/dags/brewery_pipeline_bronze.py
[2025-05-16T08:19:39.683+0000] {processor.py:829} INFO - Processing file /opt/airflow/dags/brewery_pipeline_bronze.py for tasks to queue
[2025-05-16T08:19:39.684+0000] {logging_mixin.py:151} INFO - [2025-05-16T08:19:39.684+0000] {dagbag.py:536} INFO - Filling up the DagBag from /opt/airflow/dags/brewery_pipeline_bronze.py
[2025-05-16T08:19:39.693+0000] {processor.py:839} INFO - DAG(s) dict_keys(['brewery_pipeline_bronze']) retrieved from /opt/airflow/dags/brewery_pipeline_bronze.py
[2025-05-16T08:19:39.713+0000] {logging_mixin.py:151} INFO - [2025-05-16T08:19:39.713+0000] {dag.py:2941} INFO - Sync 1 DAGs
[2025-05-16T08:19:39.736+0000] {logging_mixin.py:151} INFO - [2025-05-16T08:19:39.735+0000] {dag.py:3722} INFO - Setting next_dagrun for brewery_pipeline_bronze to 2025-05-16T00:00:00+00:00, run_after=2025-05-17T00:00:00+00:00
[2025-05-16T08:19:39.759+0000] {processor.py:179} INFO - Processing /opt/airflow/dags/brewery_pipeline_bronze.py took 0.080 seconds
[2025-05-16T08:20:09.929+0000] {processor.py:157} INFO - Started process (PID=39) to work on /opt/airflow/dags/brewery_pipeline_bronze.py
[2025-05-16T08:20:09.931+0000] {processor.py:829} INFO - Processing file /opt/airflow/dags/brewery_pipeline_bronze.py for tasks to queue
[2025-05-16T08:20:09.932+0000] {logging_mixin.py:151} INFO - [2025-05-16T08:20:09.932+0000] {dagbag.py:536} INFO - Filling up the DagBag from /opt/airflow/dags/brewery_pipeline_bronze.py
[2025-05-16T08:20:09.950+0000] {processor.py:839} INFO - DAG(s) dict_keys(['brewery_pipeline_bronze']) retrieved from /opt/airflow/dags/brewery_pipeline_bronze.py
[2025-05-16T08:20:09.964+0000] {logging_mixin.py:151} INFO - [2025-05-16T08:20:09.964+0000] {dag.py:2941} INFO - Sync 1 DAGs
[2025-05-16T08:20:10.005+0000] {logging_mixin.py:151} INFO - [2025-05-16T08:20:10.005+0000] {dag.py:3722} INFO - Setting next_dagrun for brewery_pipeline_bronze to 2025-05-16T00:00:00+00:00, run_after=2025-05-17T00:00:00+00:00
[2025-05-16T08:20:10.045+0000] {processor.py:179} INFO - Processing /opt/airflow/dags/brewery_pipeline_bronze.py took 0.122 seconds
[2025-05-16T08:20:40.245+0000] {processor.py:157} INFO - Started process (PID=42) to work on /opt/airflow/dags/brewery_pipeline_bronze.py
[2025-05-16T08:20:40.246+0000] {processor.py:829} INFO - Processing file /opt/airflow/dags/brewery_pipeline_bronze.py for tasks to queue
[2025-05-16T08:20:40.247+0000] {logging_mixin.py:151} INFO - [2025-05-16T08:20:40.247+0000] {dagbag.py:536} INFO - Filling up the DagBag from /opt/airflow/dags/brewery_pipeline_bronze.py
[2025-05-16T08:20:40.265+0000] {processor.py:839} INFO - DAG(s) dict_keys(['brewery_pipeline_bronze']) retrieved from /opt/airflow/dags/brewery_pipeline_bronze.py
[2025-05-16T08:20:40.306+0000] {logging_mixin.py:151} INFO - [2025-05-16T08:20:40.306+0000] {dag.py:2941} INFO - Sync 1 DAGs
[2025-05-16T08:20:40.341+0000] {logging_mixin.py:151} INFO - [2025-05-16T08:20:40.341+0000] {dag.py:3722} INFO - Setting next_dagrun for brewery_pipeline_bronze to 2025-05-16T00:00:00+00:00, run_after=2025-05-17T00:00:00+00:00
[2025-05-16T08:20:40.372+0000] {processor.py:179} INFO - Processing /opt/airflow/dags/brewery_pipeline_bronze.py took 0.132 seconds
[2025-05-16T08:21:10.579+0000] {processor.py:157} INFO - Started process (PID=45) to work on /opt/airflow/dags/brewery_pipeline_bronze.py
[2025-05-16T08:21:10.580+0000] {processor.py:829} INFO - Processing file /opt/airflow/dags/brewery_pipeline_bronze.py for tasks to queue
[2025-05-16T08:21:10.581+0000] {logging_mixin.py:151} INFO - [2025-05-16T08:21:10.581+0000] {dagbag.py:536} INFO - Filling up the DagBag from /opt/airflow/dags/brewery_pipeline_bronze.py
[2025-05-16T08:21:10.598+0000] {processor.py:839} INFO - DAG(s) dict_keys(['brewery_pipeline_bronze']) retrieved from /opt/airflow/dags/brewery_pipeline_bronze.py
[2025-05-16T08:21:10.637+0000] {logging_mixin.py:151} INFO - [2025-05-16T08:21:10.637+0000] {dag.py:2941} INFO - Sync 1 DAGs
[2025-05-16T08:21:10.671+0000] {logging_mixin.py:151} INFO - [2025-05-16T08:21:10.671+0000] {dag.py:3722} INFO - Setting next_dagrun for brewery_pipeline_bronze to 2025-05-16T00:00:00+00:00, run_after=2025-05-17T00:00:00+00:00
[2025-05-16T08:21:10.704+0000] {processor.py:179} INFO - Processing /opt/airflow/dags/brewery_pipeline_bronze.py took 0.131 seconds
[2025-05-16T08:21:40.911+0000] {processor.py:157} INFO - Started process (PID=48) to work on /opt/airflow/dags/brewery_pipeline_bronze.py
[2025-05-16T08:21:40.912+0000] {processor.py:829} INFO - Processing file /opt/airflow/dags/brewery_pipeline_bronze.py for tasks to queue
[2025-05-16T08:21:40.913+0000] {logging_mixin.py:151} INFO - [2025-05-16T08:21:40.913+0000] {dagbag.py:536} INFO - Filling up the DagBag from /opt/airflow/dags/brewery_pipeline_bronze.py
[2025-05-16T08:21:40.930+0000] {processor.py:839} INFO - DAG(s) dict_keys(['brewery_pipeline_bronze']) retrieved from /opt/airflow/dags/brewery_pipeline_bronze.py
[2025-05-16T08:21:40.966+0000] {logging_mixin.py:151} INFO - [2025-05-16T08:21:40.966+0000] {dag.py:2941} INFO - Sync 1 DAGs
[2025-05-16T08:21:40.992+0000] {logging_mixin.py:151} INFO - [2025-05-16T08:21:40.992+0000] {dag.py:3722} INFO - Setting next_dagrun for brewery_pipeline_bronze to 2025-05-16T00:00:00+00:00, run_after=2025-05-17T00:00:00+00:00
[2025-05-16T08:21:41.020+0000] {processor.py:179} INFO - Processing /opt/airflow/dags/brewery_pipeline_bronze.py took 0.115 seconds
[2025-05-16T08:22:11.225+0000] {processor.py:157} INFO - Started process (PID=51) to work on /opt/airflow/dags/brewery_pipeline_bronze.py
[2025-05-16T08:22:11.226+0000] {processor.py:829} INFO - Processing file /opt/airflow/dags/brewery_pipeline_bronze.py for tasks to queue
[2025-05-16T08:22:11.227+0000] {logging_mixin.py:151} INFO - [2025-05-16T08:22:11.227+0000] {dagbag.py:536} INFO - Filling up the DagBag from /opt/airflow/dags/brewery_pipeline_bronze.py
[2025-05-16T08:22:11.245+0000] {processor.py:839} INFO - DAG(s) dict_keys(['brewery_pipeline_bronze']) retrieved from /opt/airflow/dags/brewery_pipeline_bronze.py
[2025-05-16T08:22:11.284+0000] {logging_mixin.py:151} INFO - [2025-05-16T08:22:11.284+0000] {dag.py:2941} INFO - Sync 1 DAGs
[2025-05-16T08:22:11.311+0000] {logging_mixin.py:151} INFO - [2025-05-16T08:22:11.311+0000] {dag.py:3722} INFO - Setting next_dagrun for brewery_pipeline_bronze to 2025-05-16T00:00:00+00:00, run_after=2025-05-17T00:00:00+00:00
[2025-05-16T08:22:11.336+0000] {processor.py:179} INFO - Processing /opt/airflow/dags/brewery_pipeline_bronze.py took 0.117 seconds
[2025-05-16T08:22:41.534+0000] {processor.py:157} INFO - Started process (PID=54) to work on /opt/airflow/dags/brewery_pipeline_bronze.py
[2025-05-16T08:22:41.536+0000] {processor.py:829} INFO - Processing file /opt/airflow/dags/brewery_pipeline_bronze.py for tasks to queue
[2025-05-16T08:22:41.537+0000] {logging_mixin.py:151} INFO - [2025-05-16T08:22:41.537+0000] {dagbag.py:536} INFO - Filling up the DagBag from /opt/airflow/dags/brewery_pipeline_bronze.py
[2025-05-16T08:22:41.556+0000] {processor.py:839} INFO - DAG(s) dict_keys(['brewery_pipeline_bronze']) retrieved from /opt/airflow/dags/brewery_pipeline_bronze.py
[2025-05-16T08:22:41.594+0000] {logging_mixin.py:151} INFO - [2025-05-16T08:22:41.594+0000] {dag.py:2941} INFO - Sync 1 DAGs
[2025-05-16T08:22:41.618+0000] {logging_mixin.py:151} INFO - [2025-05-16T08:22:41.617+0000] {dag.py:3722} INFO - Setting next_dagrun for brewery_pipeline_bronze to 2025-05-16T00:00:00+00:00, run_after=2025-05-17T00:00:00+00:00
[2025-05-16T08:22:41.641+0000] {processor.py:179} INFO - Processing /opt/airflow/dags/brewery_pipeline_bronze.py took 0.115 seconds
[2025-05-16T08:23:11.849+0000] {processor.py:157} INFO - Started process (PID=57) to work on /opt/airflow/dags/brewery_pipeline_bronze.py
[2025-05-16T08:23:11.850+0000] {processor.py:829} INFO - Processing file /opt/airflow/dags/brewery_pipeline_bronze.py for tasks to queue
[2025-05-16T08:23:11.851+0000] {logging_mixin.py:151} INFO - [2025-05-16T08:23:11.851+0000] {dagbag.py:536} INFO - Filling up the DagBag from /opt/airflow/dags/brewery_pipeline_bronze.py
[2025-05-16T08:23:11.868+0000] {processor.py:839} INFO - DAG(s) dict_keys(['brewery_pipeline_bronze']) retrieved from /opt/airflow/dags/brewery_pipeline_bronze.py
[2025-05-16T08:23:11.904+0000] {logging_mixin.py:151} INFO - [2025-05-16T08:23:11.904+0000] {dag.py:2941} INFO - Sync 1 DAGs
[2025-05-16T08:23:11.926+0000] {logging_mixin.py:151} INFO - [2025-05-16T08:23:11.926+0000] {dag.py:3722} INFO - Setting next_dagrun for brewery_pipeline_bronze to 2025-05-16T00:00:00+00:00, run_after=2025-05-17T00:00:00+00:00
[2025-05-16T08:23:11.947+0000] {processor.py:179} INFO - Processing /opt/airflow/dags/brewery_pipeline_bronze.py took 0.104 seconds
[2025-05-16T08:23:42.146+0000] {processor.py:157} INFO - Started process (PID=60) to work on /opt/airflow/dags/brewery_pipeline_bronze.py
[2025-05-16T08:23:42.148+0000] {processor.py:829} INFO - Processing file /opt/airflow/dags/brewery_pipeline_bronze.py for tasks to queue
[2025-05-16T08:23:42.149+0000] {logging_mixin.py:151} INFO - [2025-05-16T08:23:42.149+0000] {dagbag.py:536} INFO - Filling up the DagBag from /opt/airflow/dags/brewery_pipeline_bronze.py
[2025-05-16T08:23:42.166+0000] {processor.py:839} INFO - DAG(s) dict_keys(['brewery_pipeline_bronze']) retrieved from /opt/airflow/dags/brewery_pipeline_bronze.py
[2025-05-16T08:23:42.205+0000] {logging_mixin.py:151} INFO - [2025-05-16T08:23:42.205+0000] {dag.py:2941} INFO - Sync 1 DAGs
[2025-05-16T08:23:42.237+0000] {logging_mixin.py:151} INFO - [2025-05-16T08:23:42.236+0000] {dag.py:3722} INFO - Setting next_dagrun for brewery_pipeline_bronze to 2025-05-16T00:00:00+00:00, run_after=2025-05-17T00:00:00+00:00
[2025-05-16T08:23:42.269+0000] {processor.py:179} INFO - Processing /opt/airflow/dags/brewery_pipeline_bronze.py took 0.129 seconds
[2025-05-16T08:24:12.480+0000] {processor.py:157} INFO - Started process (PID=63) to work on /opt/airflow/dags/brewery_pipeline_bronze.py
[2025-05-16T08:24:12.482+0000] {processor.py:829} INFO - Processing file /opt/airflow/dags/brewery_pipeline_bronze.py for tasks to queue
[2025-05-16T08:24:12.483+0000] {logging_mixin.py:151} INFO - [2025-05-16T08:24:12.482+0000] {dagbag.py:536} INFO - Filling up the DagBag from /opt/airflow/dags/brewery_pipeline_bronze.py
[2025-05-16T08:24:12.502+0000] {processor.py:839} INFO - DAG(s) dict_keys(['brewery_pipeline_bronze']) retrieved from /opt/airflow/dags/brewery_pipeline_bronze.py
[2025-05-16T08:24:12.537+0000] {logging_mixin.py:151} INFO - [2025-05-16T08:24:12.537+0000] {dag.py:2941} INFO - Sync 1 DAGs
[2025-05-16T08:24:12.573+0000] {logging_mixin.py:151} INFO - [2025-05-16T08:24:12.572+0000] {dag.py:3722} INFO - Setting next_dagrun for brewery_pipeline_bronze to 2025-05-16T00:00:00+00:00, run_after=2025-05-17T00:00:00+00:00
[2025-05-16T08:24:12.612+0000] {processor.py:179} INFO - Processing /opt/airflow/dags/brewery_pipeline_bronze.py took 0.138 seconds
[2025-05-16T08:24:42.833+0000] {processor.py:157} INFO - Started process (PID=66) to work on /opt/airflow/dags/brewery_pipeline_bronze.py
[2025-05-16T08:24:42.834+0000] {processor.py:829} INFO - Processing file /opt/airflow/dags/brewery_pipeline_bronze.py for tasks to queue
[2025-05-16T08:24:42.835+0000] {logging_mixin.py:151} INFO - [2025-05-16T08:24:42.835+0000] {dagbag.py:536} INFO - Filling up the DagBag from /opt/airflow/dags/brewery_pipeline_bronze.py
[2025-05-16T08:24:42.854+0000] {processor.py:839} INFO - DAG(s) dict_keys(['brewery_pipeline_bronze']) retrieved from /opt/airflow/dags/brewery_pipeline_bronze.py
[2025-05-16T08:24:42.892+0000] {logging_mixin.py:151} INFO - [2025-05-16T08:24:42.891+0000] {dag.py:2941} INFO - Sync 1 DAGs
[2025-05-16T08:24:42.915+0000] {logging_mixin.py:151} INFO - [2025-05-16T08:24:42.915+0000] {dag.py:3722} INFO - Setting next_dagrun for brewery_pipeline_bronze to 2025-05-16T00:00:00+00:00, run_after=2025-05-17T00:00:00+00:00
[2025-05-16T08:24:42.939+0000] {processor.py:179} INFO - Processing /opt/airflow/dags/brewery_pipeline_bronze.py took 0.112 seconds
[2025-05-16T08:25:13.146+0000] {processor.py:157} INFO - Started process (PID=69) to work on /opt/airflow/dags/brewery_pipeline_bronze.py
[2025-05-16T08:25:13.148+0000] {processor.py:829} INFO - Processing file /opt/airflow/dags/brewery_pipeline_bronze.py for tasks to queue
[2025-05-16T08:25:13.150+0000] {logging_mixin.py:151} INFO - [2025-05-16T08:25:13.149+0000] {dagbag.py:536} INFO - Filling up the DagBag from /opt/airflow/dags/brewery_pipeline_bronze.py
[2025-05-16T08:25:13.168+0000] {processor.py:839} INFO - DAG(s) dict_keys(['brewery_pipeline_bronze']) retrieved from /opt/airflow/dags/brewery_pipeline_bronze.py
[2025-05-16T08:25:13.205+0000] {logging_mixin.py:151} INFO - [2025-05-16T08:25:13.204+0000] {dag.py:2941} INFO - Sync 1 DAGs
[2025-05-16T08:25:13.234+0000] {logging_mixin.py:151} INFO - [2025-05-16T08:25:13.234+0000] {dag.py:3722} INFO - Setting next_dagrun for brewery_pipeline_bronze to 2025-05-16T00:00:00+00:00, run_after=2025-05-17T00:00:00+00:00
[2025-05-16T08:25:13.273+0000] {processor.py:179} INFO - Processing /opt/airflow/dags/brewery_pipeline_bronze.py took 0.132 seconds
[2025-05-16T08:25:43.488+0000] {processor.py:157} INFO - Started process (PID=72) to work on /opt/airflow/dags/brewery_pipeline_bronze.py
[2025-05-16T08:25:43.489+0000] {processor.py:829} INFO - Processing file /opt/airflow/dags/brewery_pipeline_bronze.py for tasks to queue
[2025-05-16T08:25:43.491+0000] {logging_mixin.py:151} INFO - [2025-05-16T08:25:43.490+0000] {dagbag.py:536} INFO - Filling up the DagBag from /opt/airflow/dags/brewery_pipeline_bronze.py
[2025-05-16T08:25:43.509+0000] {processor.py:839} INFO - DAG(s) dict_keys(['brewery_pipeline_bronze']) retrieved from /opt/airflow/dags/brewery_pipeline_bronze.py
[2025-05-16T08:25:43.547+0000] {logging_mixin.py:151} INFO - [2025-05-16T08:25:43.547+0000] {dag.py:2941} INFO - Sync 1 DAGs
[2025-05-16T08:25:43.571+0000] {logging_mixin.py:151} INFO - [2025-05-16T08:25:43.571+0000] {dag.py:3722} INFO - Setting next_dagrun for brewery_pipeline_bronze to 2025-05-16T00:00:00+00:00, run_after=2025-05-17T00:00:00+00:00
[2025-05-16T08:25:43.595+0000] {processor.py:179} INFO - Processing /opt/airflow/dags/brewery_pipeline_bronze.py took 0.113 seconds
[2025-05-16T08:26:13.801+0000] {processor.py:157} INFO - Started process (PID=75) to work on /opt/airflow/dags/brewery_pipeline_bronze.py
[2025-05-16T08:26:13.802+0000] {processor.py:829} INFO - Processing file /opt/airflow/dags/brewery_pipeline_bronze.py for tasks to queue
[2025-05-16T08:26:13.803+0000] {logging_mixin.py:151} INFO - [2025-05-16T08:26:13.803+0000] {dagbag.py:536} INFO - Filling up the DagBag from /opt/airflow/dags/brewery_pipeline_bronze.py
[2025-05-16T08:26:13.821+0000] {processor.py:839} INFO - DAG(s) dict_keys(['brewery_pipeline_bronze']) retrieved from /opt/airflow/dags/brewery_pipeline_bronze.py
[2025-05-16T08:26:13.857+0000] {logging_mixin.py:151} INFO - [2025-05-16T08:26:13.857+0000] {dag.py:2941} INFO - Sync 1 DAGs
[2025-05-16T08:26:13.882+0000] {logging_mixin.py:151} INFO - [2025-05-16T08:26:13.882+0000] {dag.py:3722} INFO - Setting next_dagrun for brewery_pipeline_bronze to 2025-05-16T00:00:00+00:00, run_after=2025-05-17T00:00:00+00:00
[2025-05-16T08:26:13.922+0000] {processor.py:179} INFO - Processing /opt/airflow/dags/brewery_pipeline_bronze.py took 0.126 seconds
[2025-05-16T08:26:44.133+0000] {processor.py:157} INFO - Started process (PID=78) to work on /opt/airflow/dags/brewery_pipeline_bronze.py
[2025-05-16T08:26:44.135+0000] {processor.py:829} INFO - Processing file /opt/airflow/dags/brewery_pipeline_bronze.py for tasks to queue
[2025-05-16T08:26:44.136+0000] {logging_mixin.py:151} INFO - [2025-05-16T08:26:44.135+0000] {dagbag.py:536} INFO - Filling up the DagBag from /opt/airflow/dags/brewery_pipeline_bronze.py
[2025-05-16T08:26:44.155+0000] {processor.py:839} INFO - DAG(s) dict_keys(['brewery_pipeline_bronze']) retrieved from /opt/airflow/dags/brewery_pipeline_bronze.py
[2025-05-16T08:26:44.193+0000] {logging_mixin.py:151} INFO - [2025-05-16T08:26:44.192+0000] {dag.py:2941} INFO - Sync 1 DAGs
[2025-05-16T08:26:44.226+0000] {logging_mixin.py:151} INFO - [2025-05-16T08:26:44.226+0000] {dag.py:3722} INFO - Setting next_dagrun for brewery_pipeline_bronze to 2025-05-16T00:00:00+00:00, run_after=2025-05-17T00:00:00+00:00
[2025-05-16T08:26:44.258+0000] {processor.py:179} INFO - Processing /opt/airflow/dags/brewery_pipeline_bronze.py took 0.131 seconds
[2025-05-16T08:27:14.479+0000] {processor.py:157} INFO - Started process (PID=81) to work on /opt/airflow/dags/brewery_pipeline_bronze.py
[2025-05-16T08:27:14.482+0000] {processor.py:829} INFO - Processing file /opt/airflow/dags/brewery_pipeline_bronze.py for tasks to queue
[2025-05-16T08:27:14.483+0000] {logging_mixin.py:151} INFO - [2025-05-16T08:27:14.482+0000] {dagbag.py:536} INFO - Filling up the DagBag from /opt/airflow/dags/brewery_pipeline_bronze.py
[2025-05-16T08:27:14.501+0000] {processor.py:839} INFO - DAG(s) dict_keys(['brewery_pipeline_bronze']) retrieved from /opt/airflow/dags/brewery_pipeline_bronze.py
[2025-05-16T08:27:14.537+0000] {logging_mixin.py:151} INFO - [2025-05-16T08:27:14.536+0000] {dag.py:2941} INFO - Sync 1 DAGs
[2025-05-16T08:27:14.559+0000] {logging_mixin.py:151} INFO - [2025-05-16T08:27:14.559+0000] {dag.py:3722} INFO - Setting next_dagrun for brewery_pipeline_bronze to 2025-05-16T00:00:00+00:00, run_after=2025-05-17T00:00:00+00:00
[2025-05-16T08:27:14.579+0000] {processor.py:179} INFO - Processing /opt/airflow/dags/brewery_pipeline_bronze.py took 0.106 seconds
[2025-05-16T08:27:44.776+0000] {processor.py:157} INFO - Started process (PID=84) to work on /opt/airflow/dags/brewery_pipeline_bronze.py
[2025-05-16T08:27:44.777+0000] {processor.py:829} INFO - Processing file /opt/airflow/dags/brewery_pipeline_bronze.py for tasks to queue
[2025-05-16T08:27:44.778+0000] {logging_mixin.py:151} INFO - [2025-05-16T08:27:44.778+0000] {dagbag.py:536} INFO - Filling up the DagBag from /opt/airflow/dags/brewery_pipeline_bronze.py
[2025-05-16T08:27:44.797+0000] {processor.py:839} INFO - DAG(s) dict_keys(['brewery_pipeline_bronze']) retrieved from /opt/airflow/dags/brewery_pipeline_bronze.py
[2025-05-16T08:27:44.833+0000] {logging_mixin.py:151} INFO - [2025-05-16T08:27:44.833+0000] {dag.py:2941} INFO - Sync 1 DAGs
[2025-05-16T08:27:44.856+0000] {logging_mixin.py:151} INFO - [2025-05-16T08:27:44.856+0000] {dag.py:3722} INFO - Setting next_dagrun for brewery_pipeline_bronze to 2025-05-16T00:00:00+00:00, run_after=2025-05-17T00:00:00+00:00
[2025-05-16T08:27:44.882+0000] {processor.py:179} INFO - Processing /opt/airflow/dags/brewery_pipeline_bronze.py took 0.112 seconds
[2025-05-16T08:28:15.082+0000] {processor.py:157} INFO - Started process (PID=87) to work on /opt/airflow/dags/brewery_pipeline_bronze.py
[2025-05-16T08:28:15.084+0000] {processor.py:829} INFO - Processing file /opt/airflow/dags/brewery_pipeline_bronze.py for tasks to queue
[2025-05-16T08:28:15.085+0000] {logging_mixin.py:151} INFO - [2025-05-16T08:28:15.085+0000] {dagbag.py:536} INFO - Filling up the DagBag from /opt/airflow/dags/brewery_pipeline_bronze.py
[2025-05-16T08:28:15.102+0000] {processor.py:839} INFO - DAG(s) dict_keys(['brewery_pipeline_bronze']) retrieved from /opt/airflow/dags/brewery_pipeline_bronze.py
[2025-05-16T08:28:15.140+0000] {logging_mixin.py:151} INFO - [2025-05-16T08:28:15.140+0000] {dag.py:2941} INFO - Sync 1 DAGs
[2025-05-16T08:28:15.164+0000] {logging_mixin.py:151} INFO - [2025-05-16T08:28:15.164+0000] {dag.py:3722} INFO - Setting next_dagrun for brewery_pipeline_bronze to 2025-05-16T00:00:00+00:00, run_after=2025-05-17T00:00:00+00:00
[2025-05-16T08:28:15.187+0000] {processor.py:179} INFO - Processing /opt/airflow/dags/brewery_pipeline_bronze.py took 0.111 seconds
[2025-05-16T08:28:45.376+0000] {processor.py:157} INFO - Started process (PID=90) to work on /opt/airflow/dags/brewery_pipeline_bronze.py
[2025-05-16T08:28:45.378+0000] {processor.py:829} INFO - Processing file /opt/airflow/dags/brewery_pipeline_bronze.py for tasks to queue
[2025-05-16T08:28:45.380+0000] {logging_mixin.py:151} INFO - [2025-05-16T08:28:45.379+0000] {dagbag.py:536} INFO - Filling up the DagBag from /opt/airflow/dags/brewery_pipeline_bronze.py
[2025-05-16T08:28:45.403+0000] {processor.py:839} INFO - DAG(s) dict_keys(['brewery_pipeline_bronze']) retrieved from /opt/airflow/dags/brewery_pipeline_bronze.py
[2025-05-16T08:28:45.427+0000] {logging_mixin.py:151} INFO - [2025-05-16T08:28:45.427+0000] {dag.py:2941} INFO - Sync 1 DAGs
[2025-05-16T08:28:45.448+0000] {logging_mixin.py:151} INFO - [2025-05-16T08:28:45.448+0000] {dag.py:3722} INFO - Setting next_dagrun for brewery_pipeline_bronze to 2025-05-16T00:00:00+00:00, run_after=2025-05-17T00:00:00+00:00
[2025-05-16T08:28:45.469+0000] {processor.py:179} INFO - Processing /opt/airflow/dags/brewery_pipeline_bronze.py took 0.101 seconds
[2025-05-16T08:29:15.646+0000] {processor.py:157} INFO - Started process (PID=112) to work on /opt/airflow/dags/brewery_pipeline_bronze.py
[2025-05-16T08:29:15.648+0000] {processor.py:829} INFO - Processing file /opt/airflow/dags/brewery_pipeline_bronze.py for tasks to queue
[2025-05-16T08:29:15.649+0000] {logging_mixin.py:151} INFO - [2025-05-16T08:29:15.649+0000] {dagbag.py:536} INFO - Filling up the DagBag from /opt/airflow/dags/brewery_pipeline_bronze.py
[2025-05-16T08:29:15.669+0000] {processor.py:839} INFO - DAG(s) dict_keys(['brewery_pipeline_bronze']) retrieved from /opt/airflow/dags/brewery_pipeline_bronze.py
[2025-05-16T08:29:15.702+0000] {logging_mixin.py:151} INFO - [2025-05-16T08:29:15.702+0000] {dag.py:2941} INFO - Sync 1 DAGs
[2025-05-16T08:29:15.738+0000] {logging_mixin.py:151} INFO - [2025-05-16T08:29:15.738+0000] {dag.py:3722} INFO - Setting next_dagrun for brewery_pipeline_bronze to 2025-05-16T00:00:00+00:00, run_after=2025-05-17T00:00:00+00:00
[2025-05-16T08:29:15.767+0000] {processor.py:179} INFO - Processing /opt/airflow/dags/brewery_pipeline_bronze.py took 0.128 seconds
[2025-05-16T08:29:45.965+0000] {processor.py:157} INFO - Started process (PID=115) to work on /opt/airflow/dags/brewery_pipeline_bronze.py
[2025-05-16T08:29:45.968+0000] {processor.py:829} INFO - Processing file /opt/airflow/dags/brewery_pipeline_bronze.py for tasks to queue
[2025-05-16T08:29:45.969+0000] {logging_mixin.py:151} INFO - [2025-05-16T08:29:45.968+0000] {dagbag.py:536} INFO - Filling up the DagBag from /opt/airflow/dags/brewery_pipeline_bronze.py
[2025-05-16T08:29:45.988+0000] {processor.py:839} INFO - DAG(s) dict_keys(['brewery_pipeline_bronze']) retrieved from /opt/airflow/dags/brewery_pipeline_bronze.py
[2025-05-16T08:29:46.030+0000] {logging_mixin.py:151} INFO - [2025-05-16T08:29:46.029+0000] {dag.py:2941} INFO - Sync 1 DAGs
[2025-05-16T08:29:46.059+0000] {logging_mixin.py:151} INFO - [2025-05-16T08:29:46.059+0000] {dag.py:3722} INFO - Setting next_dagrun for brewery_pipeline_bronze to 2025-05-16T00:00:00+00:00, run_after=2025-05-17T00:00:00+00:00
[2025-05-16T08:29:46.083+0000] {processor.py:179} INFO - Processing /opt/airflow/dags/brewery_pipeline_bronze.py took 0.124 seconds
[2025-05-16T08:30:16.276+0000] {processor.py:157} INFO - Started process (PID=118) to work on /opt/airflow/dags/brewery_pipeline_bronze.py
[2025-05-16T08:30:16.278+0000] {processor.py:829} INFO - Processing file /opt/airflow/dags/brewery_pipeline_bronze.py for tasks to queue
[2025-05-16T08:30:16.279+0000] {logging_mixin.py:151} INFO - [2025-05-16T08:30:16.279+0000] {dagbag.py:536} INFO - Filling up the DagBag from /opt/airflow/dags/brewery_pipeline_bronze.py
[2025-05-16T08:30:16.301+0000] {processor.py:839} INFO - DAG(s) dict_keys(['brewery_pipeline_bronze']) retrieved from /opt/airflow/dags/brewery_pipeline_bronze.py
[2025-05-16T08:30:16.328+0000] {logging_mixin.py:151} INFO - [2025-05-16T08:30:16.328+0000] {dag.py:2941} INFO - Sync 1 DAGs
[2025-05-16T08:30:16.350+0000] {logging_mixin.py:151} INFO - [2025-05-16T08:30:16.350+0000] {dag.py:3722} INFO - Setting next_dagrun for brewery_pipeline_bronze to 2025-05-16T00:00:00+00:00, run_after=2025-05-17T00:00:00+00:00
[2025-05-16T08:30:16.375+0000] {processor.py:179} INFO - Processing /opt/airflow/dags/brewery_pipeline_bronze.py took 0.107 seconds
[2025-05-16T08:30:46.555+0000] {processor.py:157} INFO - Started process (PID=121) to work on /opt/airflow/dags/brewery_pipeline_bronze.py
[2025-05-16T08:30:46.558+0000] {processor.py:829} INFO - Processing file /opt/airflow/dags/brewery_pipeline_bronze.py for tasks to queue
[2025-05-16T08:30:46.559+0000] {logging_mixin.py:151} INFO - [2025-05-16T08:30:46.558+0000] {dagbag.py:536} INFO - Filling up the DagBag from /opt/airflow/dags/brewery_pipeline_bronze.py
[2025-05-16T08:30:46.579+0000] {processor.py:839} INFO - DAG(s) dict_keys(['brewery_pipeline_bronze']) retrieved from /opt/airflow/dags/brewery_pipeline_bronze.py
[2025-05-16T08:30:46.602+0000] {logging_mixin.py:151} INFO - [2025-05-16T08:30:46.602+0000] {dag.py:2941} INFO - Sync 1 DAGs
[2025-05-16T08:30:46.621+0000] {logging_mixin.py:151} INFO - [2025-05-16T08:30:46.621+0000] {dag.py:3722} INFO - Setting next_dagrun for brewery_pipeline_bronze to 2025-05-16T00:00:00+00:00, run_after=2025-05-17T00:00:00+00:00
[2025-05-16T08:30:46.645+0000] {processor.py:179} INFO - Processing /opt/airflow/dags/brewery_pipeline_bronze.py took 0.096 seconds
[2025-05-16T08:31:16.843+0000] {processor.py:157} INFO - Started process (PID=124) to work on /opt/airflow/dags/brewery_pipeline_bronze.py
[2025-05-16T08:31:16.845+0000] {processor.py:829} INFO - Processing file /opt/airflow/dags/brewery_pipeline_bronze.py for tasks to queue
[2025-05-16T08:31:16.846+0000] {logging_mixin.py:151} INFO - [2025-05-16T08:31:16.846+0000] {dagbag.py:536} INFO - Filling up the DagBag from /opt/airflow/dags/brewery_pipeline_bronze.py
[2025-05-16T08:31:16.868+0000] {processor.py:839} INFO - DAG(s) dict_keys(['brewery_pipeline_bronze']) retrieved from /opt/airflow/dags/brewery_pipeline_bronze.py
[2025-05-16T08:31:16.901+0000] {logging_mixin.py:151} INFO - [2025-05-16T08:31:16.901+0000] {dag.py:2941} INFO - Sync 1 DAGs
[2025-05-16T08:31:16.923+0000] {logging_mixin.py:151} INFO - [2025-05-16T08:31:16.923+0000] {dag.py:3722} INFO - Setting next_dagrun for brewery_pipeline_bronze to 2025-05-16T00:00:00+00:00, run_after=2025-05-17T00:00:00+00:00
[2025-05-16T08:31:16.960+0000] {processor.py:179} INFO - Processing /opt/airflow/dags/brewery_pipeline_bronze.py took 0.125 seconds
[2025-05-16T08:31:47.142+0000] {processor.py:157} INFO - Started process (PID=127) to work on /opt/airflow/dags/brewery_pipeline_bronze.py
[2025-05-16T08:31:47.144+0000] {processor.py:829} INFO - Processing file /opt/airflow/dags/brewery_pipeline_bronze.py for tasks to queue
[2025-05-16T08:31:47.145+0000] {logging_mixin.py:151} INFO - [2025-05-16T08:31:47.145+0000] {dagbag.py:536} INFO - Filling up the DagBag from /opt/airflow/dags/brewery_pipeline_bronze.py
[2025-05-16T08:31:47.164+0000] {processor.py:839} INFO - DAG(s) dict_keys(['brewery_pipeline_bronze']) retrieved from /opt/airflow/dags/brewery_pipeline_bronze.py
[2025-05-16T08:31:47.202+0000] {logging_mixin.py:151} INFO - [2025-05-16T08:31:47.202+0000] {dag.py:2941} INFO - Sync 1 DAGs
[2025-05-16T08:31:47.225+0000] {logging_mixin.py:151} INFO - [2025-05-16T08:31:47.225+0000] {dag.py:3722} INFO - Setting next_dagrun for brewery_pipeline_bronze to 2025-05-16T00:00:00+00:00, run_after=2025-05-17T00:00:00+00:00
[2025-05-16T08:31:47.247+0000] {processor.py:179} INFO - Processing /opt/airflow/dags/brewery_pipeline_bronze.py took 0.111 seconds
[2025-05-16T08:32:17.423+0000] {processor.py:157} INFO - Started process (PID=130) to work on /opt/airflow/dags/brewery_pipeline_bronze.py
[2025-05-16T08:32:17.426+0000] {processor.py:829} INFO - Processing file /opt/airflow/dags/brewery_pipeline_bronze.py for tasks to queue
[2025-05-16T08:32:17.427+0000] {logging_mixin.py:151} INFO - [2025-05-16T08:32:17.426+0000] {dagbag.py:536} INFO - Filling up the DagBag from /opt/airflow/dags/brewery_pipeline_bronze.py
[2025-05-16T08:32:17.443+0000] {processor.py:839} INFO - DAG(s) dict_keys(['brewery_pipeline_bronze']) retrieved from /opt/airflow/dags/brewery_pipeline_bronze.py
[2025-05-16T08:32:17.477+0000] {logging_mixin.py:151} INFO - [2025-05-16T08:32:17.477+0000] {dag.py:2941} INFO - Sync 1 DAGs
[2025-05-16T08:32:17.515+0000] {logging_mixin.py:151} INFO - [2025-05-16T08:32:17.514+0000] {dag.py:3722} INFO - Setting next_dagrun for brewery_pipeline_bronze to 2025-05-16T00:00:00+00:00, run_after=2025-05-17T00:00:00+00:00
[2025-05-16T08:32:17.547+0000] {processor.py:179} INFO - Processing /opt/airflow/dags/brewery_pipeline_bronze.py took 0.130 seconds
[2025-05-16T08:32:47.714+0000] {processor.py:157} INFO - Started process (PID=135) to work on /opt/airflow/dags/brewery_pipeline_bronze.py
[2025-05-16T08:32:47.716+0000] {processor.py:829} INFO - Processing file /opt/airflow/dags/brewery_pipeline_bronze.py for tasks to queue
[2025-05-16T08:32:47.717+0000] {logging_mixin.py:151} INFO - [2025-05-16T08:32:47.716+0000] {dagbag.py:536} INFO - Filling up the DagBag from /opt/airflow/dags/brewery_pipeline_bronze.py
[2025-05-16T08:32:47.726+0000] {processor.py:839} INFO - DAG(s) dict_keys(['brewery_pipeline_bronze']) retrieved from /opt/airflow/dags/brewery_pipeline_bronze.py
[2025-05-16T08:32:47.747+0000] {logging_mixin.py:151} INFO - [2025-05-16T08:32:47.747+0000] {dag.py:2941} INFO - Sync 1 DAGs
[2025-05-16T08:32:47.769+0000] {logging_mixin.py:151} INFO - [2025-05-16T08:32:47.768+0000] {dag.py:3722} INFO - Setting next_dagrun for brewery_pipeline_bronze to 2025-05-16T00:00:00+00:00, run_after=2025-05-17T00:00:00+00:00
[2025-05-16T08:32:47.794+0000] {processor.py:179} INFO - Processing /opt/airflow/dags/brewery_pipeline_bronze.py took 0.082 seconds
[2025-05-16T08:33:17.966+0000] {processor.py:157} INFO - Started process (PID=144) to work on /opt/airflow/dags/brewery_pipeline_bronze.py
[2025-05-16T08:33:17.968+0000] {processor.py:829} INFO - Processing file /opt/airflow/dags/brewery_pipeline_bronze.py for tasks to queue
[2025-05-16T08:33:17.970+0000] {logging_mixin.py:151} INFO - [2025-05-16T08:33:17.969+0000] {dagbag.py:536} INFO - Filling up the DagBag from /opt/airflow/dags/brewery_pipeline_bronze.py
[2025-05-16T08:33:17.988+0000] {processor.py:839} INFO - DAG(s) dict_keys(['brewery_pipeline_bronze']) retrieved from /opt/airflow/dags/brewery_pipeline_bronze.py
[2025-05-16T08:33:18.025+0000] {logging_mixin.py:151} INFO - [2025-05-16T08:33:18.025+0000] {dag.py:2941} INFO - Sync 1 DAGs
[2025-05-16T08:33:18.057+0000] {logging_mixin.py:151} INFO - [2025-05-16T08:33:18.057+0000] {dag.py:3722} INFO - Setting next_dagrun for brewery_pipeline_bronze to 2025-05-16T00:00:00+00:00, run_after=2025-05-17T00:00:00+00:00
[2025-05-16T08:33:18.082+0000] {processor.py:179} INFO - Processing /opt/airflow/dags/brewery_pipeline_bronze.py took 0.121 seconds
[2025-05-16T08:33:48.173+0000] {processor.py:157} INFO - Started process (PID=146) to work on /opt/airflow/dags/brewery_pipeline_bronze.py
[2025-05-16T08:33:48.174+0000] {processor.py:829} INFO - Processing file /opt/airflow/dags/brewery_pipeline_bronze.py for tasks to queue
[2025-05-16T08:33:48.176+0000] {logging_mixin.py:151} INFO - [2025-05-16T08:33:48.175+0000] {dagbag.py:536} INFO - Filling up the DagBag from /opt/airflow/dags/brewery_pipeline_bronze.py
[2025-05-16T08:33:48.193+0000] {processor.py:839} INFO - DAG(s) dict_keys(['brewery_pipeline_bronze']) retrieved from /opt/airflow/dags/brewery_pipeline_bronze.py
[2025-05-16T08:33:48.228+0000] {logging_mixin.py:151} INFO - [2025-05-16T08:33:48.228+0000] {dag.py:2941} INFO - Sync 1 DAGs
[2025-05-16T08:33:48.251+0000] {logging_mixin.py:151} INFO - [2025-05-16T08:33:48.251+0000] {dag.py:3722} INFO - Setting next_dagrun for brewery_pipeline_bronze to 2025-05-16T00:00:00+00:00, run_after=2025-05-17T00:00:00+00:00
[2025-05-16T08:33:48.276+0000] {processor.py:179} INFO - Processing /opt/airflow/dags/brewery_pipeline_bronze.py took 0.109 seconds
[2025-05-16T08:34:18.379+0000] {processor.py:157} INFO - Started process (PID=148) to work on /opt/airflow/dags/brewery_pipeline_bronze.py
[2025-05-16T08:34:18.382+0000] {processor.py:829} INFO - Processing file /opt/airflow/dags/brewery_pipeline_bronze.py for tasks to queue
[2025-05-16T08:34:18.383+0000] {logging_mixin.py:151} INFO - [2025-05-16T08:34:18.382+0000] {dagbag.py:536} INFO - Filling up the DagBag from /opt/airflow/dags/brewery_pipeline_bronze.py
[2025-05-16T08:34:18.401+0000] {processor.py:839} INFO - DAG(s) dict_keys(['brewery_pipeline_bronze']) retrieved from /opt/airflow/dags/brewery_pipeline_bronze.py
[2025-05-16T08:34:18.437+0000] {logging_mixin.py:151} INFO - [2025-05-16T08:34:18.436+0000] {dag.py:2941} INFO - Sync 1 DAGs
[2025-05-16T08:34:18.461+0000] {logging_mixin.py:151} INFO - [2025-05-16T08:34:18.461+0000] {dag.py:3722} INFO - Setting next_dagrun for brewery_pipeline_bronze to 2025-05-16T00:00:00+00:00, run_after=2025-05-17T00:00:00+00:00
[2025-05-16T08:34:18.483+0000] {processor.py:179} INFO - Processing /opt/airflow/dags/brewery_pipeline_bronze.py took 0.109 seconds
[2025-05-16T08:34:48.637+0000] {processor.py:157} INFO - Started process (PID=150) to work on /opt/airflow/dags/brewery_pipeline_bronze.py
[2025-05-16T08:34:48.639+0000] {processor.py:829} INFO - Processing file /opt/airflow/dags/brewery_pipeline_bronze.py for tasks to queue
[2025-05-16T08:34:48.640+0000] {logging_mixin.py:151} INFO - [2025-05-16T08:34:48.640+0000] {dagbag.py:536} INFO - Filling up the DagBag from /opt/airflow/dags/brewery_pipeline_bronze.py
[2025-05-16T08:34:48.662+0000] {processor.py:839} INFO - DAG(s) dict_keys(['brewery_pipeline_bronze']) retrieved from /opt/airflow/dags/brewery_pipeline_bronze.py
[2025-05-16T08:34:48.695+0000] {logging_mixin.py:151} INFO - [2025-05-16T08:34:48.695+0000] {dag.py:2941} INFO - Sync 1 DAGs
[2025-05-16T08:34:48.719+0000] {logging_mixin.py:151} INFO - [2025-05-16T08:34:48.719+0000] {dag.py:3722} INFO - Setting next_dagrun for brewery_pipeline_bronze to 2025-05-16T00:00:00+00:00, run_after=2025-05-17T00:00:00+00:00
[2025-05-16T08:34:48.743+0000] {processor.py:179} INFO - Processing /opt/airflow/dags/brewery_pipeline_bronze.py took 0.114 seconds
[2025-05-16T08:35:18.801+0000] {processor.py:157} INFO - Started process (PID=151) to work on /opt/airflow/dags/brewery_pipeline_bronze.py
[2025-05-16T08:35:18.803+0000] {processor.py:829} INFO - Processing file /opt/airflow/dags/brewery_pipeline_bronze.py for tasks to queue
[2025-05-16T08:35:18.803+0000] {logging_mixin.py:151} INFO - [2025-05-16T08:35:18.803+0000] {dagbag.py:536} INFO - Filling up the DagBag from /opt/airflow/dags/brewery_pipeline_bronze.py
[2025-05-16T08:35:18.813+0000] {processor.py:839} INFO - DAG(s) dict_keys(['brewery_pipeline_bronze']) retrieved from /opt/airflow/dags/brewery_pipeline_bronze.py
[2025-05-16T08:35:18.833+0000] {logging_mixin.py:151} INFO - [2025-05-16T08:35:18.833+0000] {dag.py:2941} INFO - Sync 1 DAGs
[2025-05-16T08:35:18.853+0000] {logging_mixin.py:151} INFO - [2025-05-16T08:35:18.853+0000] {dag.py:3722} INFO - Setting next_dagrun for brewery_pipeline_bronze to 2025-05-16T00:00:00+00:00, run_after=2025-05-17T00:00:00+00:00
[2025-05-16T08:35:18.882+0000] {processor.py:179} INFO - Processing /opt/airflow/dags/brewery_pipeline_bronze.py took 0.084 seconds
[2025-05-16T08:35:48.974+0000] {processor.py:157} INFO - Started process (PID=152) to work on /opt/airflow/dags/brewery_pipeline_bronze.py
[2025-05-16T08:35:48.977+0000] {processor.py:829} INFO - Processing file /opt/airflow/dags/brewery_pipeline_bronze.py for tasks to queue
[2025-05-16T08:35:48.979+0000] {logging_mixin.py:151} INFO - [2025-05-16T08:35:48.978+0000] {dagbag.py:536} INFO - Filling up the DagBag from /opt/airflow/dags/brewery_pipeline_bronze.py
[2025-05-16T08:35:48.999+0000] {processor.py:839} INFO - DAG(s) dict_keys(['brewery_pipeline_bronze']) retrieved from /opt/airflow/dags/brewery_pipeline_bronze.py
[2025-05-16T08:35:49.030+0000] {logging_mixin.py:151} INFO - [2025-05-16T08:35:49.030+0000] {dag.py:2941} INFO - Sync 1 DAGs
[2025-05-16T08:35:49.052+0000] {logging_mixin.py:151} INFO - [2025-05-16T08:35:49.051+0000] {dag.py:3722} INFO - Setting next_dagrun for brewery_pipeline_bronze to 2025-05-16T00:00:00+00:00, run_after=2025-05-17T00:00:00+00:00
[2025-05-16T08:35:49.075+0000] {processor.py:179} INFO - Processing /opt/airflow/dags/brewery_pipeline_bronze.py took 0.109 seconds
[2025-05-16T08:36:19.173+0000] {processor.py:157} INFO - Started process (PID=153) to work on /opt/airflow/dags/brewery_pipeline_bronze.py
[2025-05-16T08:36:19.175+0000] {processor.py:829} INFO - Processing file /opt/airflow/dags/brewery_pipeline_bronze.py for tasks to queue
[2025-05-16T08:36:19.177+0000] {logging_mixin.py:151} INFO - [2025-05-16T08:36:19.176+0000] {dagbag.py:536} INFO - Filling up the DagBag from /opt/airflow/dags/brewery_pipeline_bronze.py
[2025-05-16T08:36:19.197+0000] {processor.py:839} INFO - DAG(s) dict_keys(['brewery_pipeline_bronze']) retrieved from /opt/airflow/dags/brewery_pipeline_bronze.py
[2025-05-16T08:36:19.226+0000] {logging_mixin.py:151} INFO - [2025-05-16T08:36:19.226+0000] {dag.py:2941} INFO - Sync 1 DAGs
[2025-05-16T08:36:19.246+0000] {logging_mixin.py:151} INFO - [2025-05-16T08:36:19.246+0000] {dag.py:3722} INFO - Setting next_dagrun for brewery_pipeline_bronze to 2025-05-16T00:00:00+00:00, run_after=2025-05-17T00:00:00+00:00
[2025-05-16T08:36:19.267+0000] {processor.py:179} INFO - Processing /opt/airflow/dags/brewery_pipeline_bronze.py took 0.100 seconds
[2025-05-16T08:36:49.401+0000] {processor.py:157} INFO - Started process (PID=154) to work on /opt/airflow/dags/brewery_pipeline_bronze.py
[2025-05-16T08:36:49.405+0000] {processor.py:829} INFO - Processing file /opt/airflow/dags/brewery_pipeline_bronze.py for tasks to queue
[2025-05-16T08:36:49.407+0000] {logging_mixin.py:151} INFO - [2025-05-16T08:36:49.406+0000] {dagbag.py:536} INFO - Filling up the DagBag from /opt/airflow/dags/brewery_pipeline_bronze.py
[2025-05-16T08:36:49.425+0000] {processor.py:839} INFO - DAG(s) dict_keys(['brewery_pipeline_bronze']) retrieved from /opt/airflow/dags/brewery_pipeline_bronze.py
[2025-05-16T08:36:49.447+0000] {logging_mixin.py:151} INFO - [2025-05-16T08:36:49.447+0000] {dag.py:2941} INFO - Sync 1 DAGs
[2025-05-16T08:36:49.467+0000] {logging_mixin.py:151} INFO - [2025-05-16T08:36:49.467+0000] {dag.py:3722} INFO - Setting next_dagrun for brewery_pipeline_bronze to 2025-05-16T00:00:00+00:00, run_after=2025-05-17T00:00:00+00:00
[2025-05-16T08:36:49.492+0000] {processor.py:179} INFO - Processing /opt/airflow/dags/brewery_pipeline_bronze.py took 0.098 seconds
[2025-05-16T08:37:17.380+0000] {processor.py:157} INFO - Started process (PID=34) to work on /opt/airflow/dags/brewery_pipeline_bronze.py
[2025-05-16T08:37:17.381+0000] {processor.py:829} INFO - Processing file /opt/airflow/dags/brewery_pipeline_bronze.py for tasks to queue
[2025-05-16T08:37:17.382+0000] {logging_mixin.py:151} INFO - [2025-05-16T08:37:17.381+0000] {dagbag.py:536} INFO - Filling up the DagBag from /opt/airflow/dags/brewery_pipeline_bronze.py
[2025-05-16T08:37:17.390+0000] {processor.py:839} INFO - DAG(s) dict_keys(['brewery_pipeline_bronze']) retrieved from /opt/airflow/dags/brewery_pipeline_bronze.py
[2025-05-16T08:37:17.415+0000] {logging_mixin.py:151} INFO - [2025-05-16T08:37:17.415+0000] {dag.py:2941} INFO - Sync 1 DAGs
[2025-05-16T08:37:17.443+0000] {logging_mixin.py:151} INFO - [2025-05-16T08:37:17.443+0000] {dag.py:3722} INFO - Setting next_dagrun for brewery_pipeline_bronze to 2025-05-16T00:00:00+00:00, run_after=2025-05-17T00:00:00+00:00
[2025-05-16T08:37:17.474+0000] {processor.py:179} INFO - Processing /opt/airflow/dags/brewery_pipeline_bronze.py took 0.097 seconds
[2025-05-16T08:37:47.653+0000] {processor.py:157} INFO - Started process (PID=36) to work on /opt/airflow/dags/brewery_pipeline_bronze.py
[2025-05-16T08:37:47.654+0000] {processor.py:829} INFO - Processing file /opt/airflow/dags/brewery_pipeline_bronze.py for tasks to queue
[2025-05-16T08:37:47.656+0000] {logging_mixin.py:151} INFO - [2025-05-16T08:37:47.655+0000] {dagbag.py:536} INFO - Filling up the DagBag from /opt/airflow/dags/brewery_pipeline_bronze.py
[2025-05-16T08:37:47.673+0000] {processor.py:839} INFO - DAG(s) dict_keys(['brewery_pipeline_bronze']) retrieved from /opt/airflow/dags/brewery_pipeline_bronze.py
[2025-05-16T08:37:47.711+0000] {logging_mixin.py:151} INFO - [2025-05-16T08:37:47.710+0000] {dag.py:2941} INFO - Sync 1 DAGs
[2025-05-16T08:37:47.734+0000] {logging_mixin.py:151} INFO - [2025-05-16T08:37:47.733+0000] {dag.py:3722} INFO - Setting next_dagrun for brewery_pipeline_bronze to 2025-05-16T00:00:00+00:00, run_after=2025-05-17T00:00:00+00:00
[2025-05-16T08:37:47.758+0000] {processor.py:179} INFO - Processing /opt/airflow/dags/brewery_pipeline_bronze.py took 0.111 seconds
[2025-05-16T08:38:17.959+0000] {processor.py:157} INFO - Started process (PID=39) to work on /opt/airflow/dags/brewery_pipeline_bronze.py
[2025-05-16T08:38:17.961+0000] {processor.py:829} INFO - Processing file /opt/airflow/dags/brewery_pipeline_bronze.py for tasks to queue
[2025-05-16T08:38:17.962+0000] {logging_mixin.py:151} INFO - [2025-05-16T08:38:17.962+0000] {dagbag.py:536} INFO - Filling up the DagBag from /opt/airflow/dags/brewery_pipeline_bronze.py
[2025-05-16T08:38:17.981+0000] {processor.py:839} INFO - DAG(s) dict_keys(['brewery_pipeline_bronze']) retrieved from /opt/airflow/dags/brewery_pipeline_bronze.py
[2025-05-16T08:38:18.021+0000] {logging_mixin.py:151} INFO - [2025-05-16T08:38:18.020+0000] {dag.py:2941} INFO - Sync 1 DAGs
[2025-05-16T08:38:18.044+0000] {logging_mixin.py:151} INFO - [2025-05-16T08:38:18.044+0000] {dag.py:3722} INFO - Setting next_dagrun for brewery_pipeline_bronze to 2025-05-16T00:00:00+00:00, run_after=2025-05-17T00:00:00+00:00
[2025-05-16T08:38:18.068+0000] {processor.py:179} INFO - Processing /opt/airflow/dags/brewery_pipeline_bronze.py took 0.114 seconds
[2025-05-16T08:38:58.582+0000] {processor.py:157} INFO - Started process (PID=40) to work on /opt/airflow/dags/brewery_pipeline_bronze.py
[2025-05-16T08:38:58.583+0000] {processor.py:829} INFO - Processing file /opt/airflow/dags/brewery_pipeline_bronze.py for tasks to queue
[2025-05-16T08:38:58.584+0000] {logging_mixin.py:151} INFO - [2025-05-16T08:38:58.583+0000] {dagbag.py:536} INFO - Filling up the DagBag from /opt/airflow/dags/brewery_pipeline_bronze.py
[2025-05-16T08:38:58.592+0000] {processor.py:839} INFO - DAG(s) dict_keys(['brewery_pipeline_bronze']) retrieved from /opt/airflow/dags/brewery_pipeline_bronze.py
[2025-05-16T08:38:58.600+0000] {logging_mixin.py:151} INFO - [2025-05-16T08:38:58.600+0000] {dag.py:2941} INFO - Sync 1 DAGs
[2025-05-16T08:38:58.621+0000] {logging_mixin.py:151} INFO - [2025-05-16T08:38:58.621+0000] {dag.py:3722} INFO - Setting next_dagrun for brewery_pipeline_bronze to 2025-05-16T00:00:00+00:00, run_after=2025-05-17T00:00:00+00:00
[2025-05-16T08:38:58.644+0000] {processor.py:179} INFO - Processing /opt/airflow/dags/brewery_pipeline_bronze.py took 0.065 seconds
[2025-05-16T08:39:29.161+0000] {processor.py:157} INFO - Started process (PID=45) to work on /opt/airflow/dags/brewery_pipeline_bronze.py
[2025-05-16T08:39:29.162+0000] {processor.py:829} INFO - Processing file /opt/airflow/dags/brewery_pipeline_bronze.py for tasks to queue
[2025-05-16T08:39:29.163+0000] {logging_mixin.py:151} INFO - [2025-05-16T08:39:29.162+0000] {dagbag.py:536} INFO - Filling up the DagBag from /opt/airflow/dags/brewery_pipeline_bronze.py
[2025-05-16T08:39:29.172+0000] {processor.py:839} INFO - DAG(s) dict_keys(['brewery_pipeline_bronze']) retrieved from /opt/airflow/dags/brewery_pipeline_bronze.py
[2025-05-16T08:39:29.194+0000] {logging_mixin.py:151} INFO - [2025-05-16T08:39:29.193+0000] {dag.py:2941} INFO - Sync 1 DAGs
[2025-05-16T08:39:29.218+0000] {logging_mixin.py:151} INFO - [2025-05-16T08:39:29.218+0000] {dag.py:3722} INFO - Setting next_dagrun for brewery_pipeline_bronze to 2025-05-16T00:00:00+00:00, run_after=2025-05-17T00:00:00+00:00
[2025-05-16T08:39:29.244+0000] {processor.py:179} INFO - Processing /opt/airflow/dags/brewery_pipeline_bronze.py took 0.086 seconds
[2025-05-16T08:39:59.750+0000] {processor.py:157} INFO - Started process (PID=80) to work on /opt/airflow/dags/brewery_pipeline_bronze.py
[2025-05-16T08:39:59.751+0000] {processor.py:829} INFO - Processing file /opt/airflow/dags/brewery_pipeline_bronze.py for tasks to queue
[2025-05-16T08:39:59.752+0000] {logging_mixin.py:151} INFO - [2025-05-16T08:39:59.751+0000] {dagbag.py:536} INFO - Filling up the DagBag from /opt/airflow/dags/brewery_pipeline_bronze.py
[2025-05-16T08:39:59.762+0000] {processor.py:839} INFO - DAG(s) dict_keys(['brewery_pipeline_bronze']) retrieved from /opt/airflow/dags/brewery_pipeline_bronze.py
[2025-05-16T08:39:59.781+0000] {logging_mixin.py:151} INFO - [2025-05-16T08:39:59.781+0000] {dag.py:2941} INFO - Sync 1 DAGs
[2025-05-16T08:39:59.801+0000] {logging_mixin.py:151} INFO - [2025-05-16T08:39:59.801+0000] {dag.py:3722} INFO - Setting next_dagrun for brewery_pipeline_bronze to 2025-05-16T00:00:00+00:00, run_after=2025-05-17T00:00:00+00:00
[2025-05-16T08:39:59.823+0000] {processor.py:179} INFO - Processing /opt/airflow/dags/brewery_pipeline_bronze.py took 0.077 seconds
[2025-05-16T08:40:30.357+0000] {processor.py:157} INFO - Started process (PID=85) to work on /opt/airflow/dags/brewery_pipeline_bronze.py
[2025-05-16T08:40:30.358+0000] {processor.py:829} INFO - Processing file /opt/airflow/dags/brewery_pipeline_bronze.py for tasks to queue
[2025-05-16T08:40:30.360+0000] {logging_mixin.py:151} INFO - [2025-05-16T08:40:30.359+0000] {dagbag.py:536} INFO - Filling up the DagBag from /opt/airflow/dags/brewery_pipeline_bronze.py
[2025-05-16T08:40:30.377+0000] {processor.py:839} INFO - DAG(s) dict_keys(['brewery_pipeline_bronze']) retrieved from /opt/airflow/dags/brewery_pipeline_bronze.py
[2025-05-16T08:40:30.404+0000] {logging_mixin.py:151} INFO - [2025-05-16T08:40:30.404+0000] {dag.py:2941} INFO - Sync 1 DAGs
[2025-05-16T08:40:30.422+0000] {logging_mixin.py:151} INFO - [2025-05-16T08:40:30.422+0000] {dag.py:3722} INFO - Setting next_dagrun for brewery_pipeline_bronze to 2025-05-16T00:00:00+00:00, run_after=2025-05-17T00:00:00+00:00
[2025-05-16T08:40:30.445+0000] {processor.py:179} INFO - Processing /opt/airflow/dags/brewery_pipeline_bronze.py took 0.094 seconds
[2025-05-16T08:41:00.924+0000] {processor.py:157} INFO - Started process (PID=90) to work on /opt/airflow/dags/brewery_pipeline_bronze.py
[2025-05-16T08:41:00.925+0000] {processor.py:829} INFO - Processing file /opt/airflow/dags/brewery_pipeline_bronze.py for tasks to queue
[2025-05-16T08:41:00.926+0000] {logging_mixin.py:151} INFO - [2025-05-16T08:41:00.926+0000] {dagbag.py:536} INFO - Filling up the DagBag from /opt/airflow/dags/brewery_pipeline_bronze.py
[2025-05-16T08:41:00.939+0000] {processor.py:839} INFO - DAG(s) dict_keys(['brewery_pipeline_bronze']) retrieved from /opt/airflow/dags/brewery_pipeline_bronze.py
[2025-05-16T08:41:00.968+0000] {logging_mixin.py:151} INFO - [2025-05-16T08:41:00.968+0000] {dag.py:2941} INFO - Sync 1 DAGs
[2025-05-16T08:41:00.988+0000] {logging_mixin.py:151} INFO - [2025-05-16T08:41:00.988+0000] {dag.py:3722} INFO - Setting next_dagrun for brewery_pipeline_bronze to 2025-05-16T00:00:00+00:00, run_after=2025-05-17T00:00:00+00:00
[2025-05-16T08:41:01.012+0000] {processor.py:179} INFO - Processing /opt/airflow/dags/brewery_pipeline_bronze.py took 0.092 seconds
[2025-05-16T08:41:31.496+0000] {processor.py:157} INFO - Started process (PID=95) to work on /opt/airflow/dags/brewery_pipeline_bronze.py
[2025-05-16T08:41:31.497+0000] {processor.py:829} INFO - Processing file /opt/airflow/dags/brewery_pipeline_bronze.py for tasks to queue
[2025-05-16T08:41:31.498+0000] {logging_mixin.py:151} INFO - [2025-05-16T08:41:31.498+0000] {dagbag.py:536} INFO - Filling up the DagBag from /opt/airflow/dags/brewery_pipeline_bronze.py
[2025-05-16T08:41:31.510+0000] {processor.py:839} INFO - DAG(s) dict_keys(['brewery_pipeline_bronze']) retrieved from /opt/airflow/dags/brewery_pipeline_bronze.py
[2025-05-16T08:41:31.530+0000] {logging_mixin.py:151} INFO - [2025-05-16T08:41:31.529+0000] {dag.py:2941} INFO - Sync 1 DAGs
[2025-05-16T08:41:31.548+0000] {logging_mixin.py:151} INFO - [2025-05-16T08:41:31.548+0000] {dag.py:3722} INFO - Setting next_dagrun for brewery_pipeline_bronze to 2025-05-16T00:00:00+00:00, run_after=2025-05-17T00:00:00+00:00
[2025-05-16T08:41:31.569+0000] {processor.py:179} INFO - Processing /opt/airflow/dags/brewery_pipeline_bronze.py took 0.075 seconds
[2025-05-16T08:42:02.105+0000] {processor.py:157} INFO - Started process (PID=100) to work on /opt/airflow/dags/brewery_pipeline_bronze.py
[2025-05-16T08:42:02.107+0000] {processor.py:829} INFO - Processing file /opt/airflow/dags/brewery_pipeline_bronze.py for tasks to queue
[2025-05-16T08:42:02.108+0000] {logging_mixin.py:151} INFO - [2025-05-16T08:42:02.107+0000] {dagbag.py:536} INFO - Filling up the DagBag from /opt/airflow/dags/brewery_pipeline_bronze.py
[2025-05-16T08:42:02.121+0000] {processor.py:839} INFO - DAG(s) dict_keys(['brewery_pipeline_bronze']) retrieved from /opt/airflow/dags/brewery_pipeline_bronze.py
[2025-05-16T08:42:02.157+0000] {logging_mixin.py:151} INFO - [2025-05-16T08:42:02.157+0000] {dag.py:2941} INFO - Sync 1 DAGs
[2025-05-16T08:42:02.186+0000] {logging_mixin.py:151} INFO - [2025-05-16T08:42:02.186+0000] {dag.py:3722} INFO - Setting next_dagrun for brewery_pipeline_bronze to 2025-05-16T00:00:00+00:00, run_after=2025-05-17T00:00:00+00:00
[2025-05-16T08:42:02.213+0000] {processor.py:179} INFO - Processing /opt/airflow/dags/brewery_pipeline_bronze.py took 0.114 seconds
[2025-05-16T08:42:32.707+0000] {processor.py:157} INFO - Started process (PID=105) to work on /opt/airflow/dags/brewery_pipeline_bronze.py
[2025-05-16T08:42:32.708+0000] {processor.py:829} INFO - Processing file /opt/airflow/dags/brewery_pipeline_bronze.py for tasks to queue
[2025-05-16T08:42:32.709+0000] {logging_mixin.py:151} INFO - [2025-05-16T08:42:32.708+0000] {dagbag.py:536} INFO - Filling up the DagBag from /opt/airflow/dags/brewery_pipeline_bronze.py
[2025-05-16T08:42:32.719+0000] {processor.py:839} INFO - DAG(s) dict_keys(['brewery_pipeline_bronze']) retrieved from /opt/airflow/dags/brewery_pipeline_bronze.py
[2025-05-16T08:42:32.751+0000] {logging_mixin.py:151} INFO - [2025-05-16T08:42:32.750+0000] {dag.py:2941} INFO - Sync 1 DAGs
[2025-05-16T08:42:32.788+0000] {logging_mixin.py:151} INFO - [2025-05-16T08:42:32.788+0000] {dag.py:3722} INFO - Setting next_dagrun for brewery_pipeline_bronze to 2025-05-16T00:00:00+00:00, run_after=2025-05-17T00:00:00+00:00
[2025-05-16T08:42:32.820+0000] {processor.py:179} INFO - Processing /opt/airflow/dags/brewery_pipeline_bronze.py took 0.116 seconds
[2025-05-16T08:43:03.252+0000] {processor.py:157} INFO - Started process (PID=110) to work on /opt/airflow/dags/brewery_pipeline_bronze.py
[2025-05-16T08:43:03.253+0000] {processor.py:829} INFO - Processing file /opt/airflow/dags/brewery_pipeline_bronze.py for tasks to queue
[2025-05-16T08:43:03.254+0000] {logging_mixin.py:151} INFO - [2025-05-16T08:43:03.253+0000] {dagbag.py:536} INFO - Filling up the DagBag from /opt/airflow/dags/brewery_pipeline_bronze.py
[2025-05-16T08:43:03.263+0000] {processor.py:839} INFO - DAG(s) dict_keys(['brewery_pipeline_bronze']) retrieved from /opt/airflow/dags/brewery_pipeline_bronze.py
[2025-05-16T08:43:03.288+0000] {logging_mixin.py:151} INFO - [2025-05-16T08:43:03.288+0000] {dag.py:2941} INFO - Sync 1 DAGs
[2025-05-16T08:43:03.308+0000] {logging_mixin.py:151} INFO - [2025-05-16T08:43:03.308+0000] {dag.py:3722} INFO - Setting next_dagrun for brewery_pipeline_bronze to 2025-05-16T00:00:00+00:00, run_after=2025-05-17T00:00:00+00:00
[2025-05-16T08:43:03.333+0000] {processor.py:179} INFO - Processing /opt/airflow/dags/brewery_pipeline_bronze.py took 0.083 seconds
[2025-05-16T08:43:33.806+0000] {processor.py:157} INFO - Started process (PID=115) to work on /opt/airflow/dags/brewery_pipeline_bronze.py
[2025-05-16T08:43:33.807+0000] {processor.py:829} INFO - Processing file /opt/airflow/dags/brewery_pipeline_bronze.py for tasks to queue
[2025-05-16T08:43:33.808+0000] {logging_mixin.py:151} INFO - [2025-05-16T08:43:33.808+0000] {dagbag.py:536} INFO - Filling up the DagBag from /opt/airflow/dags/brewery_pipeline_bronze.py
[2025-05-16T08:43:33.824+0000] {processor.py:839} INFO - DAG(s) dict_keys(['brewery_pipeline_bronze']) retrieved from /opt/airflow/dags/brewery_pipeline_bronze.py
[2025-05-16T08:43:33.848+0000] {logging_mixin.py:151} INFO - [2025-05-16T08:43:33.847+0000] {dag.py:2941} INFO - Sync 1 DAGs
[2025-05-16T08:43:33.868+0000] {logging_mixin.py:151} INFO - [2025-05-16T08:43:33.868+0000] {dag.py:3722} INFO - Setting next_dagrun for brewery_pipeline_bronze to 2025-05-16T00:00:00+00:00, run_after=2025-05-17T00:00:00+00:00
[2025-05-16T08:43:33.893+0000] {processor.py:179} INFO - Processing /opt/airflow/dags/brewery_pipeline_bronze.py took 0.090 seconds
[2025-05-16T08:44:04.388+0000] {processor.py:157} INFO - Started process (PID=120) to work on /opt/airflow/dags/brewery_pipeline_bronze.py
[2025-05-16T08:44:04.389+0000] {processor.py:829} INFO - Processing file /opt/airflow/dags/brewery_pipeline_bronze.py for tasks to queue
[2025-05-16T08:44:04.389+0000] {logging_mixin.py:151} INFO - [2025-05-16T08:44:04.389+0000] {dagbag.py:536} INFO - Filling up the DagBag from /opt/airflow/dags/brewery_pipeline_bronze.py
[2025-05-16T08:44:04.399+0000] {processor.py:839} INFO - DAG(s) dict_keys(['brewery_pipeline_bronze']) retrieved from /opt/airflow/dags/brewery_pipeline_bronze.py
[2025-05-16T08:44:04.418+0000] {logging_mixin.py:151} INFO - [2025-05-16T08:44:04.418+0000] {dag.py:2941} INFO - Sync 1 DAGs
[2025-05-16T08:44:04.438+0000] {logging_mixin.py:151} INFO - [2025-05-16T08:44:04.438+0000] {dag.py:3722} INFO - Setting next_dagrun for brewery_pipeline_bronze to 2025-05-16T00:00:00+00:00, run_after=2025-05-17T00:00:00+00:00
[2025-05-16T08:44:04.464+0000] {processor.py:179} INFO - Processing /opt/airflow/dags/brewery_pipeline_bronze.py took 0.079 seconds
[2025-05-16T08:44:34.917+0000] {processor.py:157} INFO - Started process (PID=125) to work on /opt/airflow/dags/brewery_pipeline_bronze.py
[2025-05-16T08:44:34.919+0000] {processor.py:829} INFO - Processing file /opt/airflow/dags/brewery_pipeline_bronze.py for tasks to queue
[2025-05-16T08:44:34.920+0000] {logging_mixin.py:151} INFO - [2025-05-16T08:44:34.919+0000] {dagbag.py:536} INFO - Filling up the DagBag from /opt/airflow/dags/brewery_pipeline_bronze.py
[2025-05-16T08:44:34.936+0000] {processor.py:839} INFO - DAG(s) dict_keys(['brewery_pipeline_bronze']) retrieved from /opt/airflow/dags/brewery_pipeline_bronze.py
[2025-05-16T08:44:34.966+0000] {logging_mixin.py:151} INFO - [2025-05-16T08:44:34.966+0000] {dag.py:2941} INFO - Sync 1 DAGs
[2025-05-16T08:44:34.998+0000] {logging_mixin.py:151} INFO - [2025-05-16T08:44:34.998+0000] {dag.py:3722} INFO - Setting next_dagrun for brewery_pipeline_bronze to 2025-05-16T00:00:00+00:00, run_after=2025-05-17T00:00:00+00:00
[2025-05-16T08:44:35.025+0000] {processor.py:179} INFO - Processing /opt/airflow/dags/brewery_pipeline_bronze.py took 0.114 seconds
[2025-05-16T08:45:05.475+0000] {processor.py:157} INFO - Started process (PID=130) to work on /opt/airflow/dags/brewery_pipeline_bronze.py
[2025-05-16T08:45:05.476+0000] {processor.py:829} INFO - Processing file /opt/airflow/dags/brewery_pipeline_bronze.py for tasks to queue
[2025-05-16T08:45:05.477+0000] {logging_mixin.py:151} INFO - [2025-05-16T08:45:05.477+0000] {dagbag.py:536} INFO - Filling up the DagBag from /opt/airflow/dags/brewery_pipeline_bronze.py
[2025-05-16T08:45:05.487+0000] {processor.py:839} INFO - DAG(s) dict_keys(['brewery_pipeline_bronze']) retrieved from /opt/airflow/dags/brewery_pipeline_bronze.py
[2025-05-16T08:45:05.506+0000] {logging_mixin.py:151} INFO - [2025-05-16T08:45:05.505+0000] {dag.py:2941} INFO - Sync 1 DAGs
[2025-05-16T08:45:05.523+0000] {logging_mixin.py:151} INFO - [2025-05-16T08:45:05.523+0000] {dag.py:3722} INFO - Setting next_dagrun for brewery_pipeline_bronze to 2025-05-16T00:00:00+00:00, run_after=2025-05-17T00:00:00+00:00
[2025-05-16T08:45:05.547+0000] {processor.py:179} INFO - Processing /opt/airflow/dags/brewery_pipeline_bronze.py took 0.076 seconds
[2025-05-16T08:45:36.010+0000] {processor.py:157} INFO - Started process (PID=135) to work on /opt/airflow/dags/brewery_pipeline_bronze.py
[2025-05-16T08:45:36.011+0000] {processor.py:829} INFO - Processing file /opt/airflow/dags/brewery_pipeline_bronze.py for tasks to queue
[2025-05-16T08:45:36.012+0000] {logging_mixin.py:151} INFO - [2025-05-16T08:45:36.012+0000] {dagbag.py:536} INFO - Filling up the DagBag from /opt/airflow/dags/brewery_pipeline_bronze.py
[2025-05-16T08:45:36.024+0000] {processor.py:839} INFO - DAG(s) dict_keys(['brewery_pipeline_bronze']) retrieved from /opt/airflow/dags/brewery_pipeline_bronze.py
[2025-05-16T08:45:36.052+0000] {logging_mixin.py:151} INFO - [2025-05-16T08:45:36.052+0000] {dag.py:2941} INFO - Sync 1 DAGs
[2025-05-16T08:45:36.078+0000] {logging_mixin.py:151} INFO - [2025-05-16T08:45:36.078+0000] {dag.py:3722} INFO - Setting next_dagrun for brewery_pipeline_bronze to 2025-05-16T00:00:00+00:00, run_after=2025-05-17T00:00:00+00:00
[2025-05-16T08:45:36.104+0000] {processor.py:179} INFO - Processing /opt/airflow/dags/brewery_pipeline_bronze.py took 0.098 seconds
[2025-05-16T08:46:06.554+0000] {processor.py:157} INFO - Started process (PID=140) to work on /opt/airflow/dags/brewery_pipeline_bronze.py
[2025-05-16T08:46:06.554+0000] {processor.py:829} INFO - Processing file /opt/airflow/dags/brewery_pipeline_bronze.py for tasks to queue
[2025-05-16T08:46:06.555+0000] {logging_mixin.py:151} INFO - [2025-05-16T08:46:06.555+0000] {dagbag.py:536} INFO - Filling up the DagBag from /opt/airflow/dags/brewery_pipeline_bronze.py
[2025-05-16T08:46:06.564+0000] {processor.py:839} INFO - DAG(s) dict_keys(['brewery_pipeline_bronze']) retrieved from /opt/airflow/dags/brewery_pipeline_bronze.py
[2025-05-16T08:46:06.586+0000] {logging_mixin.py:151} INFO - [2025-05-16T08:46:06.586+0000] {dag.py:2941} INFO - Sync 1 DAGs
[2025-05-16T08:46:06.614+0000] {logging_mixin.py:151} INFO - [2025-05-16T08:46:06.614+0000] {dag.py:3722} INFO - Setting next_dagrun for brewery_pipeline_bronze to 2025-05-16T00:00:00+00:00, run_after=2025-05-17T00:00:00+00:00
[2025-05-16T08:46:06.638+0000] {processor.py:179} INFO - Processing /opt/airflow/dags/brewery_pipeline_bronze.py took 0.087 seconds
[2025-05-16T08:46:37.102+0000] {processor.py:157} INFO - Started process (PID=145) to work on /opt/airflow/dags/brewery_pipeline_bronze.py
[2025-05-16T08:46:37.104+0000] {processor.py:829} INFO - Processing file /opt/airflow/dags/brewery_pipeline_bronze.py for tasks to queue
[2025-05-16T08:46:37.104+0000] {logging_mixin.py:151} INFO - [2025-05-16T08:46:37.104+0000] {dagbag.py:536} INFO - Filling up the DagBag from /opt/airflow/dags/brewery_pipeline_bronze.py
[2025-05-16T08:46:37.117+0000] {processor.py:839} INFO - DAG(s) dict_keys(['brewery_pipeline_bronze']) retrieved from /opt/airflow/dags/brewery_pipeline_bronze.py
[2025-05-16T08:46:37.138+0000] {logging_mixin.py:151} INFO - [2025-05-16T08:46:37.138+0000] {dag.py:2941} INFO - Sync 1 DAGs
[2025-05-16T08:46:37.160+0000] {logging_mixin.py:151} INFO - [2025-05-16T08:46:37.160+0000] {dag.py:3722} INFO - Setting next_dagrun for brewery_pipeline_bronze to 2025-05-16T00:00:00+00:00, run_after=2025-05-17T00:00:00+00:00
[2025-05-16T08:46:37.184+0000] {processor.py:179} INFO - Processing /opt/airflow/dags/brewery_pipeline_bronze.py took 0.086 seconds
[2025-05-16T08:47:07.661+0000] {processor.py:157} INFO - Started process (PID=150) to work on /opt/airflow/dags/brewery_pipeline_bronze.py
[2025-05-16T08:47:07.662+0000] {processor.py:829} INFO - Processing file /opt/airflow/dags/brewery_pipeline_bronze.py for tasks to queue
[2025-05-16T08:47:07.663+0000] {logging_mixin.py:151} INFO - [2025-05-16T08:47:07.662+0000] {dagbag.py:536} INFO - Filling up the DagBag from /opt/airflow/dags/brewery_pipeline_bronze.py
[2025-05-16T08:47:07.671+0000] {processor.py:839} INFO - DAG(s) dict_keys(['brewery_pipeline_bronze']) retrieved from /opt/airflow/dags/brewery_pipeline_bronze.py
[2025-05-16T08:47:07.691+0000] {logging_mixin.py:151} INFO - [2025-05-16T08:47:07.691+0000] {dag.py:2941} INFO - Sync 1 DAGs
[2025-05-16T08:47:07.709+0000] {logging_mixin.py:151} INFO - [2025-05-16T08:47:07.709+0000] {dag.py:3722} INFO - Setting next_dagrun for brewery_pipeline_bronze to 2025-05-16T00:00:00+00:00, run_after=2025-05-17T00:00:00+00:00
[2025-05-16T08:47:07.733+0000] {processor.py:179} INFO - Processing /opt/airflow/dags/brewery_pipeline_bronze.py took 0.074 seconds
[2025-05-16T08:47:38.238+0000] {processor.py:157} INFO - Started process (PID=155) to work on /opt/airflow/dags/brewery_pipeline_bronze.py
[2025-05-16T08:47:38.239+0000] {processor.py:829} INFO - Processing file /opt/airflow/dags/brewery_pipeline_bronze.py for tasks to queue
[2025-05-16T08:47:38.239+0000] {logging_mixin.py:151} INFO - [2025-05-16T08:47:38.239+0000] {dagbag.py:536} INFO - Filling up the DagBag from /opt/airflow/dags/brewery_pipeline_bronze.py
[2025-05-16T08:47:38.250+0000] {processor.py:839} INFO - DAG(s) dict_keys(['brewery_pipeline_bronze']) retrieved from /opt/airflow/dags/brewery_pipeline_bronze.py
[2025-05-16T08:47:38.272+0000] {logging_mixin.py:151} INFO - [2025-05-16T08:47:38.272+0000] {dag.py:2941} INFO - Sync 1 DAGs
[2025-05-16T08:47:38.292+0000] {logging_mixin.py:151} INFO - [2025-05-16T08:47:38.292+0000] {dag.py:3722} INFO - Setting next_dagrun for brewery_pipeline_bronze to 2025-05-16T00:00:00+00:00, run_after=2025-05-17T00:00:00+00:00
[2025-05-16T08:47:38.314+0000] {processor.py:179} INFO - Processing /opt/airflow/dags/brewery_pipeline_bronze.py took 0.080 seconds
[2025-05-16T08:50:30.645+0000] {processor.py:157} INFO - Started process (PID=35) to work on /opt/airflow/dags/brewery_pipeline_bronze.py
[2025-05-16T08:50:30.646+0000] {processor.py:829} INFO - Processing file /opt/airflow/dags/brewery_pipeline_bronze.py for tasks to queue
[2025-05-16T08:50:30.646+0000] {logging_mixin.py:151} INFO - [2025-05-16T08:50:30.646+0000] {dagbag.py:536} INFO - Filling up the DagBag from /opt/airflow/dags/brewery_pipeline_bronze.py
[2025-05-16T08:50:30.655+0000] {processor.py:839} INFO - DAG(s) dict_keys(['brewery_pipeline_bronze']) retrieved from /opt/airflow/dags/brewery_pipeline_bronze.py
[2025-05-16T08:50:30.756+0000] {logging_mixin.py:151} INFO - [2025-05-16T08:50:30.756+0000] {manager.py:499} INFO - Created Permission View: %s
[2025-05-16T08:50:30.772+0000] {logging_mixin.py:151} INFO - [2025-05-16T08:50:30.772+0000] {manager.py:499} INFO - Created Permission View: %s
[2025-05-16T08:50:30.785+0000] {logging_mixin.py:151} INFO - [2025-05-16T08:50:30.785+0000] {manager.py:499} INFO - Created Permission View: %s
[2025-05-16T08:50:30.785+0000] {logging_mixin.py:151} INFO - [2025-05-16T08:50:30.785+0000] {dag.py:2941} INFO - Sync 1 DAGs
[2025-05-16T08:50:30.795+0000] {logging_mixin.py:151} INFO - [2025-05-16T08:50:30.795+0000] {dag.py:2963} INFO - Creating ORM DAG for brewery_pipeline_bronze
[2025-05-16T08:50:30.803+0000] {logging_mixin.py:151} INFO - [2025-05-16T08:50:30.803+0000] {dag.py:3722} INFO - Setting next_dagrun for brewery_pipeline_bronze to 2025-05-16T00:00:00+00:00, run_after=2025-05-17T00:00:00+00:00
[2025-05-16T08:50:30.825+0000] {processor.py:179} INFO - Processing /opt/airflow/dags/brewery_pipeline_bronze.py took 0.182 seconds
[2025-05-16T08:51:01.295+0000] {processor.py:157} INFO - Started process (PID=40) to work on /opt/airflow/dags/brewery_pipeline_bronze.py
[2025-05-16T08:51:01.296+0000] {processor.py:829} INFO - Processing file /opt/airflow/dags/brewery_pipeline_bronze.py for tasks to queue
[2025-05-16T08:51:01.297+0000] {logging_mixin.py:151} INFO - [2025-05-16T08:51:01.296+0000] {dagbag.py:536} INFO - Filling up the DagBag from /opt/airflow/dags/brewery_pipeline_bronze.py
[2025-05-16T08:51:01.310+0000] {processor.py:839} INFO - DAG(s) dict_keys(['brewery_pipeline_bronze']) retrieved from /opt/airflow/dags/brewery_pipeline_bronze.py
[2025-05-16T08:51:01.328+0000] {logging_mixin.py:151} INFO - [2025-05-16T08:51:01.328+0000] {dag.py:2941} INFO - Sync 1 DAGs
[2025-05-16T08:51:01.347+0000] {logging_mixin.py:151} INFO - [2025-05-16T08:51:01.346+0000] {dag.py:3722} INFO - Setting next_dagrun for brewery_pipeline_bronze to 2025-05-16T00:00:00+00:00, run_after=2025-05-17T00:00:00+00:00
[2025-05-16T08:51:01.372+0000] {processor.py:179} INFO - Processing /opt/airflow/dags/brewery_pipeline_bronze.py took 0.081 seconds
[2025-05-16T08:51:31.871+0000] {processor.py:157} INFO - Started process (PID=45) to work on /opt/airflow/dags/brewery_pipeline_bronze.py
[2025-05-16T08:51:31.872+0000] {processor.py:829} INFO - Processing file /opt/airflow/dags/brewery_pipeline_bronze.py for tasks to queue
[2025-05-16T08:51:31.873+0000] {logging_mixin.py:151} INFO - [2025-05-16T08:51:31.872+0000] {dagbag.py:536} INFO - Filling up the DagBag from /opt/airflow/dags/brewery_pipeline_bronze.py
[2025-05-16T08:51:31.888+0000] {processor.py:839} INFO - DAG(s) dict_keys(['brewery_pipeline_bronze']) retrieved from /opt/airflow/dags/brewery_pipeline_bronze.py
[2025-05-16T08:51:31.923+0000] {logging_mixin.py:151} INFO - [2025-05-16T08:51:31.923+0000] {dag.py:2941} INFO - Sync 1 DAGs
[2025-05-16T08:51:31.951+0000] {logging_mixin.py:151} INFO - [2025-05-16T08:51:31.950+0000] {dag.py:3722} INFO - Setting next_dagrun for brewery_pipeline_bronze to 2025-05-16T00:00:00+00:00, run_after=2025-05-17T00:00:00+00:00
[2025-05-16T08:51:31.976+0000] {processor.py:179} INFO - Processing /opt/airflow/dags/brewery_pipeline_bronze.py took 0.109 seconds
[2025-05-16T08:52:02.438+0000] {processor.py:157} INFO - Started process (PID=50) to work on /opt/airflow/dags/brewery_pipeline_bronze.py
[2025-05-16T08:52:02.439+0000] {processor.py:829} INFO - Processing file /opt/airflow/dags/brewery_pipeline_bronze.py for tasks to queue
[2025-05-16T08:52:02.440+0000] {logging_mixin.py:151} INFO - [2025-05-16T08:52:02.440+0000] {dagbag.py:536} INFO - Filling up the DagBag from /opt/airflow/dags/brewery_pipeline_bronze.py
[2025-05-16T08:52:02.452+0000] {processor.py:839} INFO - DAG(s) dict_keys(['brewery_pipeline_bronze']) retrieved from /opt/airflow/dags/brewery_pipeline_bronze.py
[2025-05-16T08:52:02.472+0000] {logging_mixin.py:151} INFO - [2025-05-16T08:52:02.472+0000] {dag.py:2941} INFO - Sync 1 DAGs
[2025-05-16T08:52:02.491+0000] {logging_mixin.py:151} INFO - [2025-05-16T08:52:02.491+0000] {dag.py:3722} INFO - Setting next_dagrun for brewery_pipeline_bronze to 2025-05-16T00:00:00+00:00, run_after=2025-05-17T00:00:00+00:00
[2025-05-16T08:52:02.514+0000] {processor.py:179} INFO - Processing /opt/airflow/dags/brewery_pipeline_bronze.py took 0.081 seconds
[2025-05-16T08:52:33.008+0000] {processor.py:157} INFO - Started process (PID=55) to work on /opt/airflow/dags/brewery_pipeline_bronze.py
[2025-05-16T08:52:33.010+0000] {processor.py:829} INFO - Processing file /opt/airflow/dags/brewery_pipeline_bronze.py for tasks to queue
[2025-05-16T08:52:33.010+0000] {logging_mixin.py:151} INFO - [2025-05-16T08:52:33.010+0000] {dagbag.py:536} INFO - Filling up the DagBag from /opt/airflow/dags/brewery_pipeline_bronze.py
[2025-05-16T08:52:33.022+0000] {processor.py:839} INFO - DAG(s) dict_keys(['brewery_pipeline_bronze']) retrieved from /opt/airflow/dags/brewery_pipeline_bronze.py
[2025-05-16T08:52:33.047+0000] {logging_mixin.py:151} INFO - [2025-05-16T08:52:33.047+0000] {dag.py:2941} INFO - Sync 1 DAGs
[2025-05-16T08:52:33.071+0000] {logging_mixin.py:151} INFO - [2025-05-16T08:52:33.071+0000] {dag.py:3722} INFO - Setting next_dagrun for brewery_pipeline_bronze to 2025-05-16T00:00:00+00:00, run_after=2025-05-17T00:00:00+00:00
[2025-05-16T08:52:33.107+0000] {processor.py:179} INFO - Processing /opt/airflow/dags/brewery_pipeline_bronze.py took 0.102 seconds
