[2025-05-16T08:17:15.146+0000] {processor.py:157} INFO - Started process (PID=54) to work on /opt/airflow/dags/brewery_pipeline_silver.py
[2025-05-16T08:17:15.147+0000] {processor.py:829} INFO - Processing file /opt/airflow/dags/brewery_pipeline_silver.py for tasks to queue
[2025-05-16T08:17:15.148+0000] {logging_mixin.py:151} INFO - [2025-05-16T08:17:15.147+0000] {dagbag.py:536} INFO - Filling up the DagBag from /opt/airflow/dags/brewery_pipeline_silver.py
[2025-05-16T08:17:16.452+0000] {processor.py:839} INFO - DAG(s) dict_keys(['brewery_pipeline_silver']) retrieved from /opt/airflow/dags/brewery_pipeline_silver.py
[2025-05-16T08:17:16.667+0000] {logging_mixin.py:151} INFO - [2025-05-16T08:17:16.667+0000] {manager.py:499} INFO - Created Permission View: %s
[2025-05-16T08:17:16.684+0000] {logging_mixin.py:151} INFO - [2025-05-16T08:17:16.684+0000] {manager.py:499} INFO - Created Permission View: %s
[2025-05-16T08:17:16.696+0000] {logging_mixin.py:151} INFO - [2025-05-16T08:17:16.695+0000] {manager.py:499} INFO - Created Permission View: %s
[2025-05-16T08:17:16.696+0000] {logging_mixin.py:151} INFO - [2025-05-16T08:17:16.696+0000] {dag.py:2941} INFO - Sync 1 DAGs
[2025-05-16T08:17:16.705+0000] {logging_mixin.py:151} INFO - [2025-05-16T08:17:16.705+0000] {dag.py:2963} INFO - Creating ORM DAG for brewery_pipeline_silver
[2025-05-16T08:17:16.706+0000] {logging_mixin.py:151} INFO - [2025-05-16T08:17:16.706+0000] {dag.py:3722} INFO - Setting next_dagrun for brewery_pipeline_silver to None, run_after=None
[2025-05-16T08:17:16.729+0000] {processor.py:179} INFO - Processing /opt/airflow/dags/brewery_pipeline_silver.py took 1.588 seconds
[2025-05-16T08:17:47.351+0000] {processor.py:157} INFO - Started process (PID=57) to work on /opt/airflow/dags/brewery_pipeline_silver.py
[2025-05-16T08:17:47.353+0000] {processor.py:829} INFO - Processing file /opt/airflow/dags/brewery_pipeline_silver.py for tasks to queue
[2025-05-16T08:17:47.355+0000] {logging_mixin.py:151} INFO - [2025-05-16T08:17:47.354+0000] {dagbag.py:536} INFO - Filling up the DagBag from /opt/airflow/dags/brewery_pipeline_silver.py
[2025-05-16T08:17:47.647+0000] {processor.py:839} INFO - DAG(s) dict_keys(['brewery_pipeline_silver']) retrieved from /opt/airflow/dags/brewery_pipeline_silver.py
[2025-05-16T08:17:47.665+0000] {logging_mixin.py:151} INFO - [2025-05-16T08:17:47.664+0000] {dag.py:2941} INFO - Sync 1 DAGs
[2025-05-16T08:17:47.675+0000] {logging_mixin.py:151} INFO - [2025-05-16T08:17:47.675+0000] {dag.py:3722} INFO - Setting next_dagrun for brewery_pipeline_silver to None, run_after=None
[2025-05-16T08:17:47.819+0000] {processor.py:179} INFO - Processing /opt/airflow/dags/brewery_pipeline_silver.py took 0.476 seconds
[2025-05-16T08:18:18.605+0000] {processor.py:157} INFO - Started process (PID=60) to work on /opt/airflow/dags/brewery_pipeline_silver.py
[2025-05-16T08:18:18.606+0000] {processor.py:829} INFO - Processing file /opt/airflow/dags/brewery_pipeline_silver.py for tasks to queue
[2025-05-16T08:18:18.607+0000] {logging_mixin.py:151} INFO - [2025-05-16T08:18:18.607+0000] {dagbag.py:536} INFO - Filling up the DagBag from /opt/airflow/dags/brewery_pipeline_silver.py
[2025-05-16T08:18:18.899+0000] {processor.py:839} INFO - DAG(s) dict_keys(['brewery_pipeline_silver']) retrieved from /opt/airflow/dags/brewery_pipeline_silver.py
[2025-05-16T08:18:18.916+0000] {logging_mixin.py:151} INFO - [2025-05-16T08:18:18.916+0000] {dag.py:2941} INFO - Sync 1 DAGs
[2025-05-16T08:18:18.928+0000] {logging_mixin.py:151} INFO - [2025-05-16T08:18:18.927+0000] {dag.py:3722} INFO - Setting next_dagrun for brewery_pipeline_silver to None, run_after=None
[2025-05-16T08:18:18.954+0000] {processor.py:179} INFO - Processing /opt/airflow/dags/brewery_pipeline_silver.py took 0.353 seconds
[2025-05-16T08:18:49.102+0000] {processor.py:157} INFO - Started process (PID=62) to work on /opt/airflow/dags/brewery_pipeline_silver.py
[2025-05-16T08:18:49.104+0000] {processor.py:829} INFO - Processing file /opt/airflow/dags/brewery_pipeline_silver.py for tasks to queue
[2025-05-16T08:18:49.104+0000] {logging_mixin.py:151} INFO - [2025-05-16T08:18:49.104+0000] {dagbag.py:536} INFO - Filling up the DagBag from /opt/airflow/dags/brewery_pipeline_silver.py
[2025-05-16T08:18:49.367+0000] {processor.py:839} INFO - DAG(s) dict_keys(['brewery_pipeline_silver']) retrieved from /opt/airflow/dags/brewery_pipeline_silver.py
[2025-05-16T08:18:49.386+0000] {logging_mixin.py:151} INFO - [2025-05-16T08:18:49.385+0000] {dag.py:2941} INFO - Sync 1 DAGs
[2025-05-16T08:18:49.396+0000] {logging_mixin.py:151} INFO - [2025-05-16T08:18:49.395+0000] {dag.py:3722} INFO - Setting next_dagrun for brewery_pipeline_silver to None, run_after=None
[2025-05-16T08:18:49.422+0000] {processor.py:179} INFO - Processing /opt/airflow/dags/brewery_pipeline_silver.py took 0.324 seconds
[2025-05-16T08:19:19.604+0000] {processor.py:157} INFO - Started process (PID=64) to work on /opt/airflow/dags/brewery_pipeline_silver.py
[2025-05-16T08:19:19.607+0000] {processor.py:829} INFO - Processing file /opt/airflow/dags/brewery_pipeline_silver.py for tasks to queue
[2025-05-16T08:19:19.608+0000] {logging_mixin.py:151} INFO - [2025-05-16T08:19:19.608+0000] {dagbag.py:536} INFO - Filling up the DagBag from /opt/airflow/dags/brewery_pipeline_silver.py
[2025-05-16T08:19:19.883+0000] {processor.py:839} INFO - DAG(s) dict_keys(['brewery_pipeline_silver']) retrieved from /opt/airflow/dags/brewery_pipeline_silver.py
[2025-05-16T08:19:19.900+0000] {logging_mixin.py:151} INFO - [2025-05-16T08:19:19.899+0000] {dag.py:2941} INFO - Sync 1 DAGs
[2025-05-16T08:19:19.910+0000] {logging_mixin.py:151} INFO - [2025-05-16T08:19:19.910+0000] {dag.py:3722} INFO - Setting next_dagrun for brewery_pipeline_silver to None, run_after=None
[2025-05-16T08:19:19.934+0000] {processor.py:179} INFO - Processing /opt/airflow/dags/brewery_pipeline_silver.py took 0.336 seconds
[2025-05-16T08:19:39.693+0000] {processor.py:157} INFO - Started process (PID=37) to work on /opt/airflow/dags/brewery_pipeline_silver.py
[2025-05-16T08:19:39.694+0000] {processor.py:829} INFO - Processing file /opt/airflow/dags/brewery_pipeline_silver.py for tasks to queue
[2025-05-16T08:19:39.695+0000] {logging_mixin.py:151} INFO - [2025-05-16T08:19:39.694+0000] {dagbag.py:536} INFO - Filling up the DagBag from /opt/airflow/dags/brewery_pipeline_silver.py
[2025-05-16T08:19:40.009+0000] {processor.py:839} INFO - DAG(s) dict_keys(['brewery_pipeline_silver']) retrieved from /opt/airflow/dags/brewery_pipeline_silver.py
[2025-05-16T08:19:40.027+0000] {logging_mixin.py:151} INFO - [2025-05-16T08:19:40.027+0000] {dag.py:2941} INFO - Sync 1 DAGs
[2025-05-16T08:19:40.044+0000] {logging_mixin.py:151} INFO - [2025-05-16T08:19:40.043+0000] {dag.py:3722} INFO - Setting next_dagrun for brewery_pipeline_silver to None, run_after=None
[2025-05-16T08:19:40.070+0000] {processor.py:179} INFO - Processing /opt/airflow/dags/brewery_pipeline_silver.py took 0.380 seconds
[2025-05-16T08:20:10.949+0000] {processor.py:157} INFO - Started process (PID=40) to work on /opt/airflow/dags/brewery_pipeline_silver.py
[2025-05-16T08:20:10.950+0000] {processor.py:829} INFO - Processing file /opt/airflow/dags/brewery_pipeline_silver.py for tasks to queue
[2025-05-16T08:20:10.951+0000] {logging_mixin.py:151} INFO - [2025-05-16T08:20:10.951+0000] {dagbag.py:536} INFO - Filling up the DagBag from /opt/airflow/dags/brewery_pipeline_silver.py
[2025-05-16T08:20:11.224+0000] {processor.py:839} INFO - DAG(s) dict_keys(['brewery_pipeline_silver']) retrieved from /opt/airflow/dags/brewery_pipeline_silver.py
[2025-05-16T08:20:11.241+0000] {logging_mixin.py:151} INFO - [2025-05-16T08:20:11.240+0000] {dag.py:2941} INFO - Sync 1 DAGs
[2025-05-16T08:20:11.253+0000] {logging_mixin.py:151} INFO - [2025-05-16T08:20:11.253+0000] {dag.py:3722} INFO - Setting next_dagrun for brewery_pipeline_silver to None, run_after=None
[2025-05-16T08:20:11.291+0000] {processor.py:179} INFO - Processing /opt/airflow/dags/brewery_pipeline_silver.py took 0.348 seconds
[2025-05-16T08:20:41.413+0000] {processor.py:157} INFO - Started process (PID=43) to work on /opt/airflow/dags/brewery_pipeline_silver.py
[2025-05-16T08:20:41.416+0000] {processor.py:829} INFO - Processing file /opt/airflow/dags/brewery_pipeline_silver.py for tasks to queue
[2025-05-16T08:20:41.417+0000] {logging_mixin.py:151} INFO - [2025-05-16T08:20:41.417+0000] {dagbag.py:536} INFO - Filling up the DagBag from /opt/airflow/dags/brewery_pipeline_silver.py
[2025-05-16T08:20:41.686+0000] {processor.py:839} INFO - DAG(s) dict_keys(['brewery_pipeline_silver']) retrieved from /opt/airflow/dags/brewery_pipeline_silver.py
[2025-05-16T08:20:41.703+0000] {logging_mixin.py:151} INFO - [2025-05-16T08:20:41.703+0000] {dag.py:2941} INFO - Sync 1 DAGs
[2025-05-16T08:20:41.716+0000] {logging_mixin.py:151} INFO - [2025-05-16T08:20:41.715+0000] {dag.py:3722} INFO - Setting next_dagrun for brewery_pipeline_silver to None, run_after=None
[2025-05-16T08:20:41.754+0000] {processor.py:179} INFO - Processing /opt/airflow/dags/brewery_pipeline_silver.py took 0.347 seconds
[2025-05-16T08:21:12.604+0000] {processor.py:157} INFO - Started process (PID=46) to work on /opt/airflow/dags/brewery_pipeline_silver.py
[2025-05-16T08:21:12.606+0000] {processor.py:829} INFO - Processing file /opt/airflow/dags/brewery_pipeline_silver.py for tasks to queue
[2025-05-16T08:21:12.607+0000] {logging_mixin.py:151} INFO - [2025-05-16T08:21:12.607+0000] {dagbag.py:536} INFO - Filling up the DagBag from /opt/airflow/dags/brewery_pipeline_silver.py
[2025-05-16T08:21:12.880+0000] {processor.py:839} INFO - DAG(s) dict_keys(['brewery_pipeline_silver']) retrieved from /opt/airflow/dags/brewery_pipeline_silver.py
[2025-05-16T08:21:12.897+0000] {logging_mixin.py:151} INFO - [2025-05-16T08:21:12.896+0000] {dag.py:2941} INFO - Sync 1 DAGs
[2025-05-16T08:21:12.906+0000] {logging_mixin.py:151} INFO - [2025-05-16T08:21:12.906+0000] {dag.py:3722} INFO - Setting next_dagrun for brewery_pipeline_silver to None, run_after=None
[2025-05-16T08:21:12.932+0000] {processor.py:179} INFO - Processing /opt/airflow/dags/brewery_pipeline_silver.py took 0.335 seconds
[2025-05-16T08:21:43.063+0000] {processor.py:157} INFO - Started process (PID=49) to work on /opt/airflow/dags/brewery_pipeline_silver.py
[2025-05-16T08:21:43.064+0000] {processor.py:829} INFO - Processing file /opt/airflow/dags/brewery_pipeline_silver.py for tasks to queue
[2025-05-16T08:21:43.065+0000] {logging_mixin.py:151} INFO - [2025-05-16T08:21:43.065+0000] {dagbag.py:536} INFO - Filling up the DagBag from /opt/airflow/dags/brewery_pipeline_silver.py
[2025-05-16T08:21:43.338+0000] {processor.py:839} INFO - DAG(s) dict_keys(['brewery_pipeline_silver']) retrieved from /opt/airflow/dags/brewery_pipeline_silver.py
[2025-05-16T08:21:43.355+0000] {logging_mixin.py:151} INFO - [2025-05-16T08:21:43.355+0000] {dag.py:2941} INFO - Sync 1 DAGs
[2025-05-16T08:21:43.366+0000] {logging_mixin.py:151} INFO - [2025-05-16T08:21:43.366+0000] {dag.py:3722} INFO - Setting next_dagrun for brewery_pipeline_silver to None, run_after=None
[2025-05-16T08:21:43.391+0000] {processor.py:179} INFO - Processing /opt/airflow/dags/brewery_pipeline_silver.py took 0.334 seconds
[2025-05-16T08:22:14.257+0000] {processor.py:157} INFO - Started process (PID=52) to work on /opt/airflow/dags/brewery_pipeline_silver.py
[2025-05-16T08:22:14.260+0000] {processor.py:829} INFO - Processing file /opt/airflow/dags/brewery_pipeline_silver.py for tasks to queue
[2025-05-16T08:22:14.261+0000] {logging_mixin.py:151} INFO - [2025-05-16T08:22:14.260+0000] {dagbag.py:536} INFO - Filling up the DagBag from /opt/airflow/dags/brewery_pipeline_silver.py
[2025-05-16T08:22:14.531+0000] {processor.py:839} INFO - DAG(s) dict_keys(['brewery_pipeline_silver']) retrieved from /opt/airflow/dags/brewery_pipeline_silver.py
[2025-05-16T08:22:14.548+0000] {logging_mixin.py:151} INFO - [2025-05-16T08:22:14.548+0000] {dag.py:2941} INFO - Sync 1 DAGs
[2025-05-16T08:22:14.559+0000] {logging_mixin.py:151} INFO - [2025-05-16T08:22:14.559+0000] {dag.py:3722} INFO - Setting next_dagrun for brewery_pipeline_silver to None, run_after=None
[2025-05-16T08:22:14.581+0000] {processor.py:179} INFO - Processing /opt/airflow/dags/brewery_pipeline_silver.py took 0.331 seconds
[2025-05-16T08:22:44.686+0000] {processor.py:157} INFO - Started process (PID=55) to work on /opt/airflow/dags/brewery_pipeline_silver.py
[2025-05-16T08:22:44.688+0000] {processor.py:829} INFO - Processing file /opt/airflow/dags/brewery_pipeline_silver.py for tasks to queue
[2025-05-16T08:22:44.689+0000] {logging_mixin.py:151} INFO - [2025-05-16T08:22:44.689+0000] {dagbag.py:536} INFO - Filling up the DagBag from /opt/airflow/dags/brewery_pipeline_silver.py
[2025-05-16T08:22:44.958+0000] {processor.py:839} INFO - DAG(s) dict_keys(['brewery_pipeline_silver']) retrieved from /opt/airflow/dags/brewery_pipeline_silver.py
[2025-05-16T08:22:44.978+0000] {logging_mixin.py:151} INFO - [2025-05-16T08:22:44.977+0000] {dag.py:2941} INFO - Sync 1 DAGs
[2025-05-16T08:22:44.987+0000] {logging_mixin.py:151} INFO - [2025-05-16T08:22:44.987+0000] {dag.py:3722} INFO - Setting next_dagrun for brewery_pipeline_silver to None, run_after=None
[2025-05-16T08:22:45.010+0000] {processor.py:179} INFO - Processing /opt/airflow/dags/brewery_pipeline_silver.py took 0.329 seconds
[2025-05-16T08:23:15.888+0000] {processor.py:157} INFO - Started process (PID=58) to work on /opt/airflow/dags/brewery_pipeline_silver.py
[2025-05-16T08:23:15.890+0000] {processor.py:829} INFO - Processing file /opt/airflow/dags/brewery_pipeline_silver.py for tasks to queue
[2025-05-16T08:23:15.891+0000] {logging_mixin.py:151} INFO - [2025-05-16T08:23:15.891+0000] {dagbag.py:536} INFO - Filling up the DagBag from /opt/airflow/dags/brewery_pipeline_silver.py
[2025-05-16T08:23:16.194+0000] {processor.py:839} INFO - DAG(s) dict_keys(['brewery_pipeline_silver']) retrieved from /opt/airflow/dags/brewery_pipeline_silver.py
[2025-05-16T08:23:16.210+0000] {logging_mixin.py:151} INFO - [2025-05-16T08:23:16.210+0000] {dag.py:2941} INFO - Sync 1 DAGs
[2025-05-16T08:23:16.221+0000] {logging_mixin.py:151} INFO - [2025-05-16T08:23:16.220+0000] {dag.py:3722} INFO - Setting next_dagrun for brewery_pipeline_silver to None, run_after=None
[2025-05-16T08:23:16.244+0000] {processor.py:179} INFO - Processing /opt/airflow/dags/brewery_pipeline_silver.py took 0.362 seconds
[2025-05-16T08:23:46.327+0000] {processor.py:157} INFO - Started process (PID=61) to work on /opt/airflow/dags/brewery_pipeline_silver.py
[2025-05-16T08:23:46.329+0000] {processor.py:829} INFO - Processing file /opt/airflow/dags/brewery_pipeline_silver.py for tasks to queue
[2025-05-16T08:23:46.330+0000] {logging_mixin.py:151} INFO - [2025-05-16T08:23:46.330+0000] {dagbag.py:536} INFO - Filling up the DagBag from /opt/airflow/dags/brewery_pipeline_silver.py
[2025-05-16T08:23:46.597+0000] {processor.py:839} INFO - DAG(s) dict_keys(['brewery_pipeline_silver']) retrieved from /opt/airflow/dags/brewery_pipeline_silver.py
[2025-05-16T08:23:46.615+0000] {logging_mixin.py:151} INFO - [2025-05-16T08:23:46.614+0000] {dag.py:2941} INFO - Sync 1 DAGs
[2025-05-16T08:23:46.625+0000] {logging_mixin.py:151} INFO - [2025-05-16T08:23:46.624+0000] {dag.py:3722} INFO - Setting next_dagrun for brewery_pipeline_silver to None, run_after=None
[2025-05-16T08:23:46.649+0000] {processor.py:179} INFO - Processing /opt/airflow/dags/brewery_pipeline_silver.py took 0.328 seconds
[2025-05-16T08:24:17.523+0000] {processor.py:157} INFO - Started process (PID=64) to work on /opt/airflow/dags/brewery_pipeline_silver.py
[2025-05-16T08:24:17.526+0000] {processor.py:829} INFO - Processing file /opt/airflow/dags/brewery_pipeline_silver.py for tasks to queue
[2025-05-16T08:24:17.527+0000] {logging_mixin.py:151} INFO - [2025-05-16T08:24:17.527+0000] {dagbag.py:536} INFO - Filling up the DagBag from /opt/airflow/dags/brewery_pipeline_silver.py
[2025-05-16T08:24:17.798+0000] {processor.py:839} INFO - DAG(s) dict_keys(['brewery_pipeline_silver']) retrieved from /opt/airflow/dags/brewery_pipeline_silver.py
[2025-05-16T08:24:17.815+0000] {logging_mixin.py:151} INFO - [2025-05-16T08:24:17.814+0000] {dag.py:2941} INFO - Sync 1 DAGs
[2025-05-16T08:24:17.824+0000] {logging_mixin.py:151} INFO - [2025-05-16T08:24:17.824+0000] {dag.py:3722} INFO - Setting next_dagrun for brewery_pipeline_silver to None, run_after=None
[2025-05-16T08:24:17.847+0000] {processor.py:179} INFO - Processing /opt/airflow/dags/brewery_pipeline_silver.py took 0.329 seconds
[2025-05-16T08:24:47.998+0000] {processor.py:157} INFO - Started process (PID=67) to work on /opt/airflow/dags/brewery_pipeline_silver.py
[2025-05-16T08:24:48.000+0000] {processor.py:829} INFO - Processing file /opt/airflow/dags/brewery_pipeline_silver.py for tasks to queue
[2025-05-16T08:24:48.002+0000] {logging_mixin.py:151} INFO - [2025-05-16T08:24:48.001+0000] {dagbag.py:536} INFO - Filling up the DagBag from /opt/airflow/dags/brewery_pipeline_silver.py
[2025-05-16T08:24:48.270+0000] {processor.py:839} INFO - DAG(s) dict_keys(['brewery_pipeline_silver']) retrieved from /opt/airflow/dags/brewery_pipeline_silver.py
[2025-05-16T08:24:48.288+0000] {logging_mixin.py:151} INFO - [2025-05-16T08:24:48.288+0000] {dag.py:2941} INFO - Sync 1 DAGs
[2025-05-16T08:24:48.299+0000] {logging_mixin.py:151} INFO - [2025-05-16T08:24:48.299+0000] {dag.py:3722} INFO - Setting next_dagrun for brewery_pipeline_silver to None, run_after=None
[2025-05-16T08:24:48.322+0000] {processor.py:179} INFO - Processing /opt/airflow/dags/brewery_pipeline_silver.py took 0.331 seconds
[2025-05-16T08:25:19.197+0000] {processor.py:157} INFO - Started process (PID=70) to work on /opt/airflow/dags/brewery_pipeline_silver.py
[2025-05-16T08:25:19.199+0000] {processor.py:829} INFO - Processing file /opt/airflow/dags/brewery_pipeline_silver.py for tasks to queue
[2025-05-16T08:25:19.201+0000] {logging_mixin.py:151} INFO - [2025-05-16T08:25:19.200+0000] {dagbag.py:536} INFO - Filling up the DagBag from /opt/airflow/dags/brewery_pipeline_silver.py
[2025-05-16T08:25:19.471+0000] {processor.py:839} INFO - DAG(s) dict_keys(['brewery_pipeline_silver']) retrieved from /opt/airflow/dags/brewery_pipeline_silver.py
[2025-05-16T08:25:19.490+0000] {logging_mixin.py:151} INFO - [2025-05-16T08:25:19.489+0000] {dag.py:2941} INFO - Sync 1 DAGs
[2025-05-16T08:25:19.503+0000] {logging_mixin.py:151} INFO - [2025-05-16T08:25:19.503+0000] {dag.py:3722} INFO - Setting next_dagrun for brewery_pipeline_silver to None, run_after=None
[2025-05-16T08:25:19.543+0000] {processor.py:179} INFO - Processing /opt/airflow/dags/brewery_pipeline_silver.py took 0.351 seconds
[2025-05-16T08:25:49.655+0000] {processor.py:157} INFO - Started process (PID=73) to work on /opt/airflow/dags/brewery_pipeline_silver.py
[2025-05-16T08:25:49.657+0000] {processor.py:829} INFO - Processing file /opt/airflow/dags/brewery_pipeline_silver.py for tasks to queue
[2025-05-16T08:25:49.658+0000] {logging_mixin.py:151} INFO - [2025-05-16T08:25:49.658+0000] {dagbag.py:536} INFO - Filling up the DagBag from /opt/airflow/dags/brewery_pipeline_silver.py
[2025-05-16T08:25:49.931+0000] {processor.py:839} INFO - DAG(s) dict_keys(['brewery_pipeline_silver']) retrieved from /opt/airflow/dags/brewery_pipeline_silver.py
[2025-05-16T08:25:49.948+0000] {logging_mixin.py:151} INFO - [2025-05-16T08:25:49.947+0000] {dag.py:2941} INFO - Sync 1 DAGs
[2025-05-16T08:25:49.958+0000] {logging_mixin.py:151} INFO - [2025-05-16T08:25:49.958+0000] {dag.py:3722} INFO - Setting next_dagrun for brewery_pipeline_silver to None, run_after=None
[2025-05-16T08:25:49.980+0000] {processor.py:179} INFO - Processing /opt/airflow/dags/brewery_pipeline_silver.py took 0.331 seconds
[2025-05-16T08:26:20.861+0000] {processor.py:157} INFO - Started process (PID=76) to work on /opt/airflow/dags/brewery_pipeline_silver.py
[2025-05-16T08:26:20.864+0000] {processor.py:829} INFO - Processing file /opt/airflow/dags/brewery_pipeline_silver.py for tasks to queue
[2025-05-16T08:26:20.865+0000] {logging_mixin.py:151} INFO - [2025-05-16T08:26:20.865+0000] {dagbag.py:536} INFO - Filling up the DagBag from /opt/airflow/dags/brewery_pipeline_silver.py
[2025-05-16T08:26:21.139+0000] {processor.py:839} INFO - DAG(s) dict_keys(['brewery_pipeline_silver']) retrieved from /opt/airflow/dags/brewery_pipeline_silver.py
[2025-05-16T08:26:21.157+0000] {logging_mixin.py:151} INFO - [2025-05-16T08:26:21.156+0000] {dag.py:2941} INFO - Sync 1 DAGs
[2025-05-16T08:26:21.167+0000] {logging_mixin.py:151} INFO - [2025-05-16T08:26:21.167+0000] {dag.py:3722} INFO - Setting next_dagrun for brewery_pipeline_silver to None, run_after=None
[2025-05-16T08:26:21.187+0000] {processor.py:179} INFO - Processing /opt/airflow/dags/brewery_pipeline_silver.py took 0.332 seconds
[2025-05-16T08:26:51.328+0000] {processor.py:157} INFO - Started process (PID=79) to work on /opt/airflow/dags/brewery_pipeline_silver.py
[2025-05-16T08:26:51.331+0000] {processor.py:829} INFO - Processing file /opt/airflow/dags/brewery_pipeline_silver.py for tasks to queue
[2025-05-16T08:26:51.332+0000] {logging_mixin.py:151} INFO - [2025-05-16T08:26:51.331+0000] {dagbag.py:536} INFO - Filling up the DagBag from /opt/airflow/dags/brewery_pipeline_silver.py
[2025-05-16T08:26:51.600+0000] {processor.py:839} INFO - DAG(s) dict_keys(['brewery_pipeline_silver']) retrieved from /opt/airflow/dags/brewery_pipeline_silver.py
[2025-05-16T08:26:51.617+0000] {logging_mixin.py:151} INFO - [2025-05-16T08:26:51.617+0000] {dag.py:2941} INFO - Sync 1 DAGs
[2025-05-16T08:26:51.627+0000] {logging_mixin.py:151} INFO - [2025-05-16T08:26:51.627+0000] {dag.py:3722} INFO - Setting next_dagrun for brewery_pipeline_silver to None, run_after=None
[2025-05-16T08:26:51.651+0000] {processor.py:179} INFO - Processing /opt/airflow/dags/brewery_pipeline_silver.py took 0.329 seconds
[2025-05-16T08:27:22.545+0000] {processor.py:157} INFO - Started process (PID=82) to work on /opt/airflow/dags/brewery_pipeline_silver.py
[2025-05-16T08:27:22.547+0000] {processor.py:829} INFO - Processing file /opt/airflow/dags/brewery_pipeline_silver.py for tasks to queue
[2025-05-16T08:27:22.548+0000] {logging_mixin.py:151} INFO - [2025-05-16T08:27:22.548+0000] {dagbag.py:536} INFO - Filling up the DagBag from /opt/airflow/dags/brewery_pipeline_silver.py
[2025-05-16T08:27:22.819+0000] {processor.py:839} INFO - DAG(s) dict_keys(['brewery_pipeline_silver']) retrieved from /opt/airflow/dags/brewery_pipeline_silver.py
[2025-05-16T08:27:22.836+0000] {logging_mixin.py:151} INFO - [2025-05-16T08:27:22.835+0000] {dag.py:2941} INFO - Sync 1 DAGs
[2025-05-16T08:27:22.846+0000] {logging_mixin.py:151} INFO - [2025-05-16T08:27:22.846+0000] {dag.py:3722} INFO - Setting next_dagrun for brewery_pipeline_silver to None, run_after=None
[2025-05-16T08:27:22.869+0000] {processor.py:179} INFO - Processing /opt/airflow/dags/brewery_pipeline_silver.py took 0.331 seconds
[2025-05-16T08:27:52.956+0000] {processor.py:157} INFO - Started process (PID=85) to work on /opt/airflow/dags/brewery_pipeline_silver.py
[2025-05-16T08:27:52.958+0000] {processor.py:829} INFO - Processing file /opt/airflow/dags/brewery_pipeline_silver.py for tasks to queue
[2025-05-16T08:27:52.959+0000] {logging_mixin.py:151} INFO - [2025-05-16T08:27:52.958+0000] {dagbag.py:536} INFO - Filling up the DagBag from /opt/airflow/dags/brewery_pipeline_silver.py
[2025-05-16T08:27:53.230+0000] {processor.py:839} INFO - DAG(s) dict_keys(['brewery_pipeline_silver']) retrieved from /opt/airflow/dags/brewery_pipeline_silver.py
[2025-05-16T08:27:53.247+0000] {logging_mixin.py:151} INFO - [2025-05-16T08:27:53.247+0000] {dag.py:2941} INFO - Sync 1 DAGs
[2025-05-16T08:27:53.258+0000] {logging_mixin.py:151} INFO - [2025-05-16T08:27:53.258+0000] {dag.py:3722} INFO - Setting next_dagrun for brewery_pipeline_silver to None, run_after=None
[2025-05-16T08:27:53.282+0000] {processor.py:179} INFO - Processing /opt/airflow/dags/brewery_pipeline_silver.py took 0.331 seconds
[2025-05-16T08:28:24.155+0000] {processor.py:157} INFO - Started process (PID=88) to work on /opt/airflow/dags/brewery_pipeline_silver.py
[2025-05-16T08:28:24.158+0000] {processor.py:829} INFO - Processing file /opt/airflow/dags/brewery_pipeline_silver.py for tasks to queue
[2025-05-16T08:28:24.159+0000] {logging_mixin.py:151} INFO - [2025-05-16T08:28:24.159+0000] {dagbag.py:536} INFO - Filling up the DagBag from /opt/airflow/dags/brewery_pipeline_silver.py
[2025-05-16T08:28:24.435+0000] {processor.py:839} INFO - DAG(s) dict_keys(['brewery_pipeline_silver']) retrieved from /opt/airflow/dags/brewery_pipeline_silver.py
[2025-05-16T08:28:24.454+0000] {logging_mixin.py:151} INFO - [2025-05-16T08:28:24.453+0000] {dag.py:2941} INFO - Sync 1 DAGs
[2025-05-16T08:28:24.465+0000] {logging_mixin.py:151} INFO - [2025-05-16T08:28:24.465+0000] {dag.py:3722} INFO - Setting next_dagrun for brewery_pipeline_silver to None, run_after=None
[2025-05-16T08:28:24.502+0000] {processor.py:179} INFO - Processing /opt/airflow/dags/brewery_pipeline_silver.py took 0.355 seconds
[2025-05-16T08:28:55.447+0000] {processor.py:157} INFO - Started process (PID=100) to work on /opt/airflow/dags/brewery_pipeline_silver.py
[2025-05-16T08:28:55.449+0000] {processor.py:829} INFO - Processing file /opt/airflow/dags/brewery_pipeline_silver.py for tasks to queue
[2025-05-16T08:28:55.451+0000] {logging_mixin.py:151} INFO - [2025-05-16T08:28:55.450+0000] {dagbag.py:536} INFO - Filling up the DagBag from /opt/airflow/dags/brewery_pipeline_silver.py
[2025-05-16T08:28:55.728+0000] {processor.py:839} INFO - DAG(s) dict_keys(['brewery_pipeline_silver']) retrieved from /opt/airflow/dags/brewery_pipeline_silver.py
[2025-05-16T08:28:55.746+0000] {logging_mixin.py:151} INFO - [2025-05-16T08:28:55.745+0000] {dag.py:2941} INFO - Sync 1 DAGs
[2025-05-16T08:28:55.757+0000] {logging_mixin.py:151} INFO - [2025-05-16T08:28:55.757+0000] {dag.py:3722} INFO - Setting next_dagrun for brewery_pipeline_silver to None, run_after=None
[2025-05-16T08:28:55.804+0000] {processor.py:179} INFO - Processing /opt/airflow/dags/brewery_pipeline_silver.py took 0.363 seconds
[2025-05-16T08:29:26.720+0000] {processor.py:157} INFO - Started process (PID=113) to work on /opt/airflow/dags/brewery_pipeline_silver.py
[2025-05-16T08:29:26.721+0000] {processor.py:829} INFO - Processing file /opt/airflow/dags/brewery_pipeline_silver.py for tasks to queue
[2025-05-16T08:29:26.723+0000] {logging_mixin.py:151} INFO - [2025-05-16T08:29:26.722+0000] {dagbag.py:536} INFO - Filling up the DagBag from /opt/airflow/dags/brewery_pipeline_silver.py
[2025-05-16T08:29:26.992+0000] {processor.py:839} INFO - DAG(s) dict_keys(['brewery_pipeline_silver']) retrieved from /opt/airflow/dags/brewery_pipeline_silver.py
[2025-05-16T08:29:27.009+0000] {logging_mixin.py:151} INFO - [2025-05-16T08:29:27.009+0000] {dag.py:2941} INFO - Sync 1 DAGs
[2025-05-16T08:29:27.019+0000] {logging_mixin.py:151} INFO - [2025-05-16T08:29:27.018+0000] {dag.py:3722} INFO - Setting next_dagrun for brewery_pipeline_silver to None, run_after=None
[2025-05-16T08:29:27.042+0000] {processor.py:179} INFO - Processing /opt/airflow/dags/brewery_pipeline_silver.py took 0.328 seconds
[2025-05-16T08:29:57.162+0000] {processor.py:157} INFO - Started process (PID=116) to work on /opt/airflow/dags/brewery_pipeline_silver.py
[2025-05-16T08:29:57.163+0000] {processor.py:829} INFO - Processing file /opt/airflow/dags/brewery_pipeline_silver.py for tasks to queue
[2025-05-16T08:29:57.164+0000] {logging_mixin.py:151} INFO - [2025-05-16T08:29:57.164+0000] {dagbag.py:536} INFO - Filling up the DagBag from /opt/airflow/dags/brewery_pipeline_silver.py
[2025-05-16T08:29:57.487+0000] {processor.py:839} INFO - DAG(s) dict_keys(['brewery_pipeline_silver']) retrieved from /opt/airflow/dags/brewery_pipeline_silver.py
[2025-05-16T08:29:57.506+0000] {logging_mixin.py:151} INFO - [2025-05-16T08:29:57.505+0000] {dag.py:2941} INFO - Sync 1 DAGs
[2025-05-16T08:29:57.516+0000] {logging_mixin.py:151} INFO - [2025-05-16T08:29:57.516+0000] {dag.py:3722} INFO - Setting next_dagrun for brewery_pipeline_silver to None, run_after=None
[2025-05-16T08:29:57.544+0000] {processor.py:179} INFO - Processing /opt/airflow/dags/brewery_pipeline_silver.py took 0.389 seconds
[2025-05-16T08:30:28.355+0000] {processor.py:157} INFO - Started process (PID=119) to work on /opt/airflow/dags/brewery_pipeline_silver.py
[2025-05-16T08:30:28.358+0000] {processor.py:829} INFO - Processing file /opt/airflow/dags/brewery_pipeline_silver.py for tasks to queue
[2025-05-16T08:30:28.359+0000] {logging_mixin.py:151} INFO - [2025-05-16T08:30:28.359+0000] {dagbag.py:536} INFO - Filling up the DagBag from /opt/airflow/dags/brewery_pipeline_silver.py
[2025-05-16T08:30:28.636+0000] {processor.py:839} INFO - DAG(s) dict_keys(['brewery_pipeline_silver']) retrieved from /opt/airflow/dags/brewery_pipeline_silver.py
[2025-05-16T08:30:28.653+0000] {logging_mixin.py:151} INFO - [2025-05-16T08:30:28.653+0000] {dag.py:2941} INFO - Sync 1 DAGs
[2025-05-16T08:30:28.664+0000] {logging_mixin.py:151} INFO - [2025-05-16T08:30:28.664+0000] {dag.py:3722} INFO - Setting next_dagrun for brewery_pipeline_silver to None, run_after=None
[2025-05-16T08:30:28.686+0000] {processor.py:179} INFO - Processing /opt/airflow/dags/brewery_pipeline_silver.py took 0.337 seconds
[2025-05-16T08:30:58.729+0000] {processor.py:157} INFO - Started process (PID=122) to work on /opt/airflow/dags/brewery_pipeline_silver.py
[2025-05-16T08:30:58.731+0000] {processor.py:829} INFO - Processing file /opt/airflow/dags/brewery_pipeline_silver.py for tasks to queue
[2025-05-16T08:30:58.733+0000] {logging_mixin.py:151} INFO - [2025-05-16T08:30:58.732+0000] {dagbag.py:536} INFO - Filling up the DagBag from /opt/airflow/dags/brewery_pipeline_silver.py
[2025-05-16T08:30:59.055+0000] {processor.py:839} INFO - DAG(s) dict_keys(['brewery_pipeline_silver']) retrieved from /opt/airflow/dags/brewery_pipeline_silver.py
[2025-05-16T08:30:59.076+0000] {logging_mixin.py:151} INFO - [2025-05-16T08:30:59.074+0000] {dag.py:2941} INFO - Sync 1 DAGs
[2025-05-16T08:30:59.086+0000] {logging_mixin.py:151} INFO - [2025-05-16T08:30:59.086+0000] {dag.py:3722} INFO - Setting next_dagrun for brewery_pipeline_silver to None, run_after=None
[2025-05-16T08:30:59.110+0000] {processor.py:179} INFO - Processing /opt/airflow/dags/brewery_pipeline_silver.py took 0.388 seconds
[2025-05-16T08:31:29.920+0000] {processor.py:157} INFO - Started process (PID=125) to work on /opt/airflow/dags/brewery_pipeline_silver.py
[2025-05-16T08:31:29.923+0000] {processor.py:829} INFO - Processing file /opt/airflow/dags/brewery_pipeline_silver.py for tasks to queue
[2025-05-16T08:31:29.924+0000] {logging_mixin.py:151} INFO - [2025-05-16T08:31:29.923+0000] {dagbag.py:536} INFO - Filling up the DagBag from /opt/airflow/dags/brewery_pipeline_silver.py
[2025-05-16T08:31:30.198+0000] {processor.py:839} INFO - DAG(s) dict_keys(['brewery_pipeline_silver']) retrieved from /opt/airflow/dags/brewery_pipeline_silver.py
[2025-05-16T08:31:30.215+0000] {logging_mixin.py:151} INFO - [2025-05-16T08:31:30.215+0000] {dag.py:2941} INFO - Sync 1 DAGs
[2025-05-16T08:31:30.225+0000] {logging_mixin.py:151} INFO - [2025-05-16T08:31:30.225+0000] {dag.py:3722} INFO - Setting next_dagrun for brewery_pipeline_silver to None, run_after=None
[2025-05-16T08:31:30.246+0000] {processor.py:179} INFO - Processing /opt/airflow/dags/brewery_pipeline_silver.py took 0.332 seconds
[2025-05-16T08:32:00.330+0000] {processor.py:157} INFO - Started process (PID=128) to work on /opt/airflow/dags/brewery_pipeline_silver.py
[2025-05-16T08:32:00.331+0000] {processor.py:829} INFO - Processing file /opt/airflow/dags/brewery_pipeline_silver.py for tasks to queue
[2025-05-16T08:32:00.333+0000] {logging_mixin.py:151} INFO - [2025-05-16T08:32:00.332+0000] {dagbag.py:536} INFO - Filling up the DagBag from /opt/airflow/dags/brewery_pipeline_silver.py
[2025-05-16T08:32:00.617+0000] {processor.py:839} INFO - DAG(s) dict_keys(['brewery_pipeline_silver']) retrieved from /opt/airflow/dags/brewery_pipeline_silver.py
[2025-05-16T08:32:00.636+0000] {logging_mixin.py:151} INFO - [2025-05-16T08:32:00.635+0000] {dag.py:2941} INFO - Sync 1 DAGs
[2025-05-16T08:32:00.646+0000] {logging_mixin.py:151} INFO - [2025-05-16T08:32:00.646+0000] {dag.py:3722} INFO - Setting next_dagrun for brewery_pipeline_silver to None, run_after=None
[2025-05-16T08:32:00.669+0000] {processor.py:179} INFO - Processing /opt/airflow/dags/brewery_pipeline_silver.py took 0.346 seconds
[2025-05-16T08:32:31.515+0000] {processor.py:157} INFO - Started process (PID=131) to work on /opt/airflow/dags/brewery_pipeline_silver.py
[2025-05-16T08:32:31.516+0000] {processor.py:829} INFO - Processing file /opt/airflow/dags/brewery_pipeline_silver.py for tasks to queue
[2025-05-16T08:32:31.517+0000] {logging_mixin.py:151} INFO - [2025-05-16T08:32:31.517+0000] {dagbag.py:536} INFO - Filling up the DagBag from /opt/airflow/dags/brewery_pipeline_silver.py
[2025-05-16T08:32:31.794+0000] {processor.py:839} INFO - DAG(s) dict_keys(['brewery_pipeline_silver']) retrieved from /opt/airflow/dags/brewery_pipeline_silver.py
[2025-05-16T08:32:31.811+0000] {logging_mixin.py:151} INFO - [2025-05-16T08:32:31.811+0000] {dag.py:2941} INFO - Sync 1 DAGs
[2025-05-16T08:32:31.822+0000] {logging_mixin.py:151} INFO - [2025-05-16T08:32:31.822+0000] {dag.py:3722} INFO - Setting next_dagrun for brewery_pipeline_silver to None, run_after=None
[2025-05-16T08:32:31.848+0000] {processor.py:179} INFO - Processing /opt/airflow/dags/brewery_pipeline_silver.py took 0.340 seconds
[2025-05-16T08:32:34.652+0000] {processor.py:157} INFO - Started process (PID=133) to work on /opt/airflow/dags/brewery_pipeline_silver.py
[2025-05-16T08:32:34.654+0000] {processor.py:829} INFO - Processing file /opt/airflow/dags/brewery_pipeline_silver.py for tasks to queue
[2025-05-16T08:32:34.656+0000] {logging_mixin.py:151} INFO - [2025-05-16T08:32:34.655+0000] {dagbag.py:536} INFO - Filling up the DagBag from /opt/airflow/dags/brewery_pipeline_silver.py
[2025-05-16T08:32:34.658+0000] {logging_mixin.py:151} INFO - [2025-05-16T08:32:34.657+0000] {dagbag.py:323} INFO - File /opt/airflow/dags/brewery_pipeline_silver.py assumed to contain no DAGs. Skipping.
[2025-05-16T08:32:34.658+0000] {processor.py:841} WARNING - No viable dags retrieved from /opt/airflow/dags/brewery_pipeline_silver.py
[2025-05-16T08:32:34.681+0000] {processor.py:179} INFO - Processing /opt/airflow/dags/brewery_pipeline_silver.py took 0.036 seconds
[2025-05-16T08:33:04.858+0000] {processor.py:157} INFO - Started process (PID=143) to work on /opt/airflow/dags/brewery_pipeline_silver.py
[2025-05-16T08:33:04.861+0000] {processor.py:829} INFO - Processing file /opt/airflow/dags/brewery_pipeline_silver.py for tasks to queue
[2025-05-16T08:33:04.862+0000] {logging_mixin.py:151} INFO - [2025-05-16T08:33:04.862+0000] {dagbag.py:536} INFO - Filling up the DagBag from /opt/airflow/dags/brewery_pipeline_silver.py
[2025-05-16T08:33:04.865+0000] {logging_mixin.py:151} INFO - [2025-05-16T08:33:04.864+0000] {dagbag.py:323} INFO - File /opt/airflow/dags/brewery_pipeline_silver.py assumed to contain no DAGs. Skipping.
[2025-05-16T08:33:04.865+0000] {processor.py:841} WARNING - No viable dags retrieved from /opt/airflow/dags/brewery_pipeline_silver.py
[2025-05-16T08:33:04.890+0000] {processor.py:179} INFO - Processing /opt/airflow/dags/brewery_pipeline_silver.py took 0.040 seconds
[2025-05-16T08:33:35.079+0000] {processor.py:157} INFO - Started process (PID=145) to work on /opt/airflow/dags/brewery_pipeline_silver.py
[2025-05-16T08:33:35.082+0000] {processor.py:829} INFO - Processing file /opt/airflow/dags/brewery_pipeline_silver.py for tasks to queue
[2025-05-16T08:33:35.083+0000] {logging_mixin.py:151} INFO - [2025-05-16T08:33:35.082+0000] {dagbag.py:536} INFO - Filling up the DagBag from /opt/airflow/dags/brewery_pipeline_silver.py
[2025-05-16T08:33:35.085+0000] {logging_mixin.py:151} INFO - [2025-05-16T08:33:35.085+0000] {dagbag.py:323} INFO - File /opt/airflow/dags/brewery_pipeline_silver.py assumed to contain no DAGs. Skipping.
[2025-05-16T08:33:35.085+0000] {processor.py:841} WARNING - No viable dags retrieved from /opt/airflow/dags/brewery_pipeline_silver.py
[2025-05-16T08:33:35.106+0000] {processor.py:179} INFO - Processing /opt/airflow/dags/brewery_pipeline_silver.py took 0.032 seconds
[2025-05-16T08:34:05.297+0000] {processor.py:157} INFO - Started process (PID=147) to work on /opt/airflow/dags/brewery_pipeline_silver.py
[2025-05-16T08:34:05.299+0000] {processor.py:829} INFO - Processing file /opt/airflow/dags/brewery_pipeline_silver.py for tasks to queue
[2025-05-16T08:34:05.300+0000] {logging_mixin.py:151} INFO - [2025-05-16T08:34:05.300+0000] {dagbag.py:536} INFO - Filling up the DagBag from /opt/airflow/dags/brewery_pipeline_silver.py
[2025-05-16T08:34:05.302+0000] {logging_mixin.py:151} INFO - [2025-05-16T08:34:05.302+0000] {dagbag.py:323} INFO - File /opt/airflow/dags/brewery_pipeline_silver.py assumed to contain no DAGs. Skipping.
[2025-05-16T08:34:05.303+0000] {processor.py:841} WARNING - No viable dags retrieved from /opt/airflow/dags/brewery_pipeline_silver.py
[2025-05-16T08:34:05.323+0000] {processor.py:179} INFO - Processing /opt/airflow/dags/brewery_pipeline_silver.py took 0.032 seconds
[2025-05-16T08:34:35.517+0000] {processor.py:157} INFO - Started process (PID=149) to work on /opt/airflow/dags/brewery_pipeline_silver.py
[2025-05-16T08:34:35.520+0000] {processor.py:829} INFO - Processing file /opt/airflow/dags/brewery_pipeline_silver.py for tasks to queue
[2025-05-16T08:34:35.521+0000] {logging_mixin.py:151} INFO - [2025-05-16T08:34:35.520+0000] {dagbag.py:536} INFO - Filling up the DagBag from /opt/airflow/dags/brewery_pipeline_silver.py
[2025-05-16T08:34:35.523+0000] {logging_mixin.py:151} INFO - [2025-05-16T08:34:35.522+0000] {dagbag.py:323} INFO - File /opt/airflow/dags/brewery_pipeline_silver.py assumed to contain no DAGs. Skipping.
[2025-05-16T08:34:35.523+0000] {processor.py:841} WARNING - No viable dags retrieved from /opt/airflow/dags/brewery_pipeline_silver.py
[2025-05-16T08:34:35.543+0000] {processor.py:179} INFO - Processing /opt/airflow/dags/brewery_pipeline_silver.py took 0.031 seconds
[2025-05-16T08:38:58.221+0000] {processor.py:157} INFO - Started process (PID=36) to work on /opt/airflow/dags/brewery_pipeline_silver.py
[2025-05-16T08:38:58.222+0000] {processor.py:829} INFO - Processing file /opt/airflow/dags/brewery_pipeline_silver.py for tasks to queue
[2025-05-16T08:38:58.223+0000] {logging_mixin.py:151} INFO - [2025-05-16T08:38:58.223+0000] {dagbag.py:536} INFO - Filling up the DagBag from /opt/airflow/dags/brewery_pipeline_silver.py
[2025-05-16T08:38:58.494+0000] {processor.py:839} INFO - DAG(s) dict_keys(['brewery_pipeline_silver']) retrieved from /opt/airflow/dags/brewery_pipeline_silver.py
[2025-05-16T08:38:58.514+0000] {logging_mixin.py:151} INFO - [2025-05-16T08:38:58.513+0000] {dag.py:2941} INFO - Sync 1 DAGs
[2025-05-16T08:38:58.526+0000] {logging_mixin.py:151} INFO - [2025-05-16T08:38:58.526+0000] {dag.py:3722} INFO - Setting next_dagrun for brewery_pipeline_silver to None, run_after=None
[2025-05-16T08:38:58.553+0000] {processor.py:179} INFO - Processing /opt/airflow/dags/brewery_pipeline_silver.py took 0.335 seconds
[2025-05-16T08:39:28.776+0000] {processor.py:157} INFO - Started process (PID=41) to work on /opt/airflow/dags/brewery_pipeline_silver.py
[2025-05-16T08:39:28.779+0000] {processor.py:829} INFO - Processing file /opt/airflow/dags/brewery_pipeline_silver.py for tasks to queue
[2025-05-16T08:39:28.780+0000] {logging_mixin.py:151} INFO - [2025-05-16T08:39:28.779+0000] {dagbag.py:536} INFO - Filling up the DagBag from /opt/airflow/dags/brewery_pipeline_silver.py
[2025-05-16T08:39:29.082+0000] {processor.py:839} INFO - DAG(s) dict_keys(['brewery_pipeline_silver']) retrieved from /opt/airflow/dags/brewery_pipeline_silver.py
[2025-05-16T08:39:29.101+0000] {logging_mixin.py:151} INFO - [2025-05-16T08:39:29.100+0000] {dag.py:2941} INFO - Sync 1 DAGs
[2025-05-16T08:39:29.112+0000] {logging_mixin.py:151} INFO - [2025-05-16T08:39:29.112+0000] {dag.py:3722} INFO - Setting next_dagrun for brewery_pipeline_silver to None, run_after=None
[2025-05-16T08:39:29.137+0000] {processor.py:179} INFO - Processing /opt/airflow/dags/brewery_pipeline_silver.py took 0.367 seconds
[2025-05-16T08:39:59.387+0000] {processor.py:157} INFO - Started process (PID=76) to work on /opt/airflow/dags/brewery_pipeline_silver.py
[2025-05-16T08:39:59.389+0000] {processor.py:829} INFO - Processing file /opt/airflow/dags/brewery_pipeline_silver.py for tasks to queue
[2025-05-16T08:39:59.390+0000] {logging_mixin.py:151} INFO - [2025-05-16T08:39:59.390+0000] {dagbag.py:536} INFO - Filling up the DagBag from /opt/airflow/dags/brewery_pipeline_silver.py
[2025-05-16T08:39:59.672+0000] {processor.py:839} INFO - DAG(s) dict_keys(['brewery_pipeline_silver']) retrieved from /opt/airflow/dags/brewery_pipeline_silver.py
[2025-05-16T08:39:59.690+0000] {logging_mixin.py:151} INFO - [2025-05-16T08:39:59.690+0000] {dag.py:2941} INFO - Sync 1 DAGs
[2025-05-16T08:39:59.700+0000] {logging_mixin.py:151} INFO - [2025-05-16T08:39:59.700+0000] {dag.py:3722} INFO - Setting next_dagrun for brewery_pipeline_silver to None, run_after=None
[2025-05-16T08:39:59.725+0000] {processor.py:179} INFO - Processing /opt/airflow/dags/brewery_pipeline_silver.py took 0.343 seconds
[2025-05-16T08:40:29.925+0000] {processor.py:157} INFO - Started process (PID=81) to work on /opt/airflow/dags/brewery_pipeline_silver.py
[2025-05-16T08:40:29.927+0000] {processor.py:829} INFO - Processing file /opt/airflow/dags/brewery_pipeline_silver.py for tasks to queue
[2025-05-16T08:40:29.929+0000] {logging_mixin.py:151} INFO - [2025-05-16T08:40:29.928+0000] {dagbag.py:536} INFO - Filling up the DagBag from /opt/airflow/dags/brewery_pipeline_silver.py
[2025-05-16T08:40:30.238+0000] {processor.py:839} INFO - DAG(s) dict_keys(['brewery_pipeline_silver']) retrieved from /opt/airflow/dags/brewery_pipeline_silver.py
[2025-05-16T08:40:30.256+0000] {logging_mixin.py:151} INFO - [2025-05-16T08:40:30.256+0000] {dag.py:2941} INFO - Sync 1 DAGs
[2025-05-16T08:40:30.271+0000] {logging_mixin.py:151} INFO - [2025-05-16T08:40:30.271+0000] {dag.py:3722} INFO - Setting next_dagrun for brewery_pipeline_silver to None, run_after=None
[2025-05-16T08:40:30.316+0000] {processor.py:179} INFO - Processing /opt/airflow/dags/brewery_pipeline_silver.py took 0.399 seconds
[2025-05-16T08:41:00.551+0000] {processor.py:157} INFO - Started process (PID=86) to work on /opt/airflow/dags/brewery_pipeline_silver.py
[2025-05-16T08:41:00.553+0000] {processor.py:829} INFO - Processing file /opt/airflow/dags/brewery_pipeline_silver.py for tasks to queue
[2025-05-16T08:41:00.555+0000] {logging_mixin.py:151} INFO - [2025-05-16T08:41:00.554+0000] {dagbag.py:536} INFO - Filling up the DagBag from /opt/airflow/dags/brewery_pipeline_silver.py
[2025-05-16T08:41:00.842+0000] {processor.py:839} INFO - DAG(s) dict_keys(['brewery_pipeline_silver']) retrieved from /opt/airflow/dags/brewery_pipeline_silver.py
[2025-05-16T08:41:00.860+0000] {logging_mixin.py:151} INFO - [2025-05-16T08:41:00.860+0000] {dag.py:2941} INFO - Sync 1 DAGs
[2025-05-16T08:41:00.872+0000] {logging_mixin.py:151} INFO - [2025-05-16T08:41:00.871+0000] {dag.py:3722} INFO - Setting next_dagrun for brewery_pipeline_silver to None, run_after=None
[2025-05-16T08:41:00.898+0000] {processor.py:179} INFO - Processing /opt/airflow/dags/brewery_pipeline_silver.py took 0.354 seconds
[2025-05-16T08:41:31.113+0000] {processor.py:157} INFO - Started process (PID=91) to work on /opt/airflow/dags/brewery_pipeline_silver.py
[2025-05-16T08:41:31.116+0000] {processor.py:829} INFO - Processing file /opt/airflow/dags/brewery_pipeline_silver.py for tasks to queue
[2025-05-16T08:41:31.118+0000] {logging_mixin.py:151} INFO - [2025-05-16T08:41:31.117+0000] {dagbag.py:536} INFO - Filling up the DagBag from /opt/airflow/dags/brewery_pipeline_silver.py
[2025-05-16T08:41:31.444+0000] {processor.py:839} INFO - DAG(s) dict_keys(['brewery_pipeline_silver']) retrieved from /opt/airflow/dags/brewery_pipeline_silver.py
[2025-05-16T08:41:31.462+0000] {logging_mixin.py:151} INFO - [2025-05-16T08:41:31.461+0000] {dag.py:2941} INFO - Sync 1 DAGs
[2025-05-16T08:41:31.475+0000] {logging_mixin.py:151} INFO - [2025-05-16T08:41:31.475+0000] {dag.py:3722} INFO - Setting next_dagrun for brewery_pipeline_silver to None, run_after=None
[2025-05-16T08:41:31.499+0000] {processor.py:179} INFO - Processing /opt/airflow/dags/brewery_pipeline_silver.py took 0.394 seconds
[2025-05-16T08:42:01.710+0000] {processor.py:157} INFO - Started process (PID=96) to work on /opt/airflow/dags/brewery_pipeline_silver.py
[2025-05-16T08:42:01.713+0000] {processor.py:829} INFO - Processing file /opt/airflow/dags/brewery_pipeline_silver.py for tasks to queue
[2025-05-16T08:42:01.714+0000] {logging_mixin.py:151} INFO - [2025-05-16T08:42:01.714+0000] {dagbag.py:536} INFO - Filling up the DagBag from /opt/airflow/dags/brewery_pipeline_silver.py
[2025-05-16T08:42:02.007+0000] {processor.py:839} INFO - DAG(s) dict_keys(['brewery_pipeline_silver']) retrieved from /opt/airflow/dags/brewery_pipeline_silver.py
[2025-05-16T08:42:02.028+0000] {logging_mixin.py:151} INFO - [2025-05-16T08:42:02.027+0000] {dag.py:2941} INFO - Sync 1 DAGs
[2025-05-16T08:42:02.040+0000] {logging_mixin.py:151} INFO - [2025-05-16T08:42:02.040+0000] {dag.py:3722} INFO - Setting next_dagrun for brewery_pipeline_silver to None, run_after=None
[2025-05-16T08:42:02.068+0000] {processor.py:179} INFO - Processing /opt/airflow/dags/brewery_pipeline_silver.py took 0.363 seconds
[2025-05-16T08:42:32.280+0000] {processor.py:157} INFO - Started process (PID=101) to work on /opt/airflow/dags/brewery_pipeline_silver.py
[2025-05-16T08:42:32.281+0000] {processor.py:829} INFO - Processing file /opt/airflow/dags/brewery_pipeline_silver.py for tasks to queue
[2025-05-16T08:42:32.282+0000] {logging_mixin.py:151} INFO - [2025-05-16T08:42:32.281+0000] {dagbag.py:536} INFO - Filling up the DagBag from /opt/airflow/dags/brewery_pipeline_silver.py
[2025-05-16T08:42:32.630+0000] {processor.py:839} INFO - DAG(s) dict_keys(['brewery_pipeline_silver']) retrieved from /opt/airflow/dags/brewery_pipeline_silver.py
[2025-05-16T08:42:32.648+0000] {logging_mixin.py:151} INFO - [2025-05-16T08:42:32.647+0000] {dag.py:2941} INFO - Sync 1 DAGs
[2025-05-16T08:42:32.661+0000] {logging_mixin.py:151} INFO - [2025-05-16T08:42:32.660+0000] {dag.py:3722} INFO - Setting next_dagrun for brewery_pipeline_silver to None, run_after=None
[2025-05-16T08:42:32.685+0000] {processor.py:179} INFO - Processing /opt/airflow/dags/brewery_pipeline_silver.py took 0.409 seconds
[2025-05-16T08:43:02.887+0000] {processor.py:157} INFO - Started process (PID=106) to work on /opt/airflow/dags/brewery_pipeline_silver.py
[2025-05-16T08:43:02.890+0000] {processor.py:829} INFO - Processing file /opt/airflow/dags/brewery_pipeline_silver.py for tasks to queue
[2025-05-16T08:43:02.891+0000] {logging_mixin.py:151} INFO - [2025-05-16T08:43:02.890+0000] {dagbag.py:536} INFO - Filling up the DagBag from /opt/airflow/dags/brewery_pipeline_silver.py
[2025-05-16T08:43:03.175+0000] {processor.py:839} INFO - DAG(s) dict_keys(['brewery_pipeline_silver']) retrieved from /opt/airflow/dags/brewery_pipeline_silver.py
[2025-05-16T08:43:03.193+0000] {logging_mixin.py:151} INFO - [2025-05-16T08:43:03.192+0000] {dag.py:2941} INFO - Sync 1 DAGs
[2025-05-16T08:43:03.203+0000] {logging_mixin.py:151} INFO - [2025-05-16T08:43:03.203+0000] {dag.py:3722} INFO - Setting next_dagrun for brewery_pipeline_silver to None, run_after=None
[2025-05-16T08:43:03.230+0000] {processor.py:179} INFO - Processing /opt/airflow/dags/brewery_pipeline_silver.py took 0.348 seconds
[2025-05-16T08:43:33.426+0000] {processor.py:157} INFO - Started process (PID=111) to work on /opt/airflow/dags/brewery_pipeline_silver.py
[2025-05-16T08:43:33.428+0000] {processor.py:829} INFO - Processing file /opt/airflow/dags/brewery_pipeline_silver.py for tasks to queue
[2025-05-16T08:43:33.429+0000] {logging_mixin.py:151} INFO - [2025-05-16T08:43:33.429+0000] {dagbag.py:536} INFO - Filling up the DagBag from /opt/airflow/dags/brewery_pipeline_silver.py
[2025-05-16T08:43:33.716+0000] {processor.py:839} INFO - DAG(s) dict_keys(['brewery_pipeline_silver']) retrieved from /opt/airflow/dags/brewery_pipeline_silver.py
[2025-05-16T08:43:33.738+0000] {logging_mixin.py:151} INFO - [2025-05-16T08:43:33.737+0000] {dag.py:2941} INFO - Sync 1 DAGs
[2025-05-16T08:43:33.751+0000] {logging_mixin.py:151} INFO - [2025-05-16T08:43:33.750+0000] {dag.py:3722} INFO - Setting next_dagrun for brewery_pipeline_silver to None, run_after=None
[2025-05-16T08:43:33.783+0000] {processor.py:179} INFO - Processing /opt/airflow/dags/brewery_pipeline_silver.py took 0.362 seconds
[2025-05-16T08:44:04.010+0000] {processor.py:157} INFO - Started process (PID=116) to work on /opt/airflow/dags/brewery_pipeline_silver.py
[2025-05-16T08:44:04.011+0000] {processor.py:829} INFO - Processing file /opt/airflow/dags/brewery_pipeline_silver.py for tasks to queue
[2025-05-16T08:44:04.013+0000] {logging_mixin.py:151} INFO - [2025-05-16T08:44:04.012+0000] {dagbag.py:536} INFO - Filling up the DagBag from /opt/airflow/dags/brewery_pipeline_silver.py
[2025-05-16T08:44:04.296+0000] {processor.py:839} INFO - DAG(s) dict_keys(['brewery_pipeline_silver']) retrieved from /opt/airflow/dags/brewery_pipeline_silver.py
[2025-05-16T08:44:04.314+0000] {logging_mixin.py:151} INFO - [2025-05-16T08:44:04.314+0000] {dag.py:2941} INFO - Sync 1 DAGs
[2025-05-16T08:44:04.326+0000] {logging_mixin.py:151} INFO - [2025-05-16T08:44:04.326+0000] {dag.py:3722} INFO - Setting next_dagrun for brewery_pipeline_silver to None, run_after=None
[2025-05-16T08:44:04.355+0000] {processor.py:179} INFO - Processing /opt/airflow/dags/brewery_pipeline_silver.py took 0.352 seconds
[2025-05-16T08:44:34.531+0000] {processor.py:157} INFO - Started process (PID=121) to work on /opt/airflow/dags/brewery_pipeline_silver.py
[2025-05-16T08:44:34.534+0000] {processor.py:829} INFO - Processing file /opt/airflow/dags/brewery_pipeline_silver.py for tasks to queue
[2025-05-16T08:44:34.535+0000] {logging_mixin.py:151} INFO - [2025-05-16T08:44:34.535+0000] {dagbag.py:536} INFO - Filling up the DagBag from /opt/airflow/dags/brewery_pipeline_silver.py
[2025-05-16T08:44:34.823+0000] {processor.py:839} INFO - DAG(s) dict_keys(['brewery_pipeline_silver']) retrieved from /opt/airflow/dags/brewery_pipeline_silver.py
[2025-05-16T08:44:34.842+0000] {logging_mixin.py:151} INFO - [2025-05-16T08:44:34.842+0000] {dag.py:2941} INFO - Sync 1 DAGs
[2025-05-16T08:44:34.855+0000] {logging_mixin.py:151} INFO - [2025-05-16T08:44:34.854+0000] {dag.py:3722} INFO - Setting next_dagrun for brewery_pipeline_silver to None, run_after=None
[2025-05-16T08:44:34.886+0000] {processor.py:179} INFO - Processing /opt/airflow/dags/brewery_pipeline_silver.py took 0.361 seconds
[2025-05-16T08:45:05.099+0000] {processor.py:157} INFO - Started process (PID=126) to work on /opt/airflow/dags/brewery_pipeline_silver.py
[2025-05-16T08:45:05.101+0000] {processor.py:829} INFO - Processing file /opt/airflow/dags/brewery_pipeline_silver.py for tasks to queue
[2025-05-16T08:45:05.103+0000] {logging_mixin.py:151} INFO - [2025-05-16T08:45:05.102+0000] {dagbag.py:536} INFO - Filling up the DagBag from /opt/airflow/dags/brewery_pipeline_silver.py
[2025-05-16T08:45:05.391+0000] {processor.py:839} INFO - DAG(s) dict_keys(['brewery_pipeline_silver']) retrieved from /opt/airflow/dags/brewery_pipeline_silver.py
[2025-05-16T08:45:05.409+0000] {logging_mixin.py:151} INFO - [2025-05-16T08:45:05.408+0000] {dag.py:2941} INFO - Sync 1 DAGs
[2025-05-16T08:45:05.420+0000] {logging_mixin.py:151} INFO - [2025-05-16T08:45:05.420+0000] {dag.py:3722} INFO - Setting next_dagrun for brewery_pipeline_silver to None, run_after=None
[2025-05-16T08:45:05.448+0000] {processor.py:179} INFO - Processing /opt/airflow/dags/brewery_pipeline_silver.py took 0.355 seconds
[2025-05-16T08:45:35.637+0000] {processor.py:157} INFO - Started process (PID=131) to work on /opt/airflow/dags/brewery_pipeline_silver.py
[2025-05-16T08:45:35.640+0000] {processor.py:829} INFO - Processing file /opt/airflow/dags/brewery_pipeline_silver.py for tasks to queue
[2025-05-16T08:45:35.641+0000] {logging_mixin.py:151} INFO - [2025-05-16T08:45:35.640+0000] {dagbag.py:536} INFO - Filling up the DagBag from /opt/airflow/dags/brewery_pipeline_silver.py
[2025-05-16T08:45:35.928+0000] {processor.py:839} INFO - DAG(s) dict_keys(['brewery_pipeline_silver']) retrieved from /opt/airflow/dags/brewery_pipeline_silver.py
[2025-05-16T08:45:35.947+0000] {logging_mixin.py:151} INFO - [2025-05-16T08:45:35.946+0000] {dag.py:2941} INFO - Sync 1 DAGs
[2025-05-16T08:45:35.957+0000] {logging_mixin.py:151} INFO - [2025-05-16T08:45:35.957+0000] {dag.py:3722} INFO - Setting next_dagrun for brewery_pipeline_silver to None, run_after=None
[2025-05-16T08:45:35.984+0000] {processor.py:179} INFO - Processing /opt/airflow/dags/brewery_pipeline_silver.py took 0.352 seconds
[2025-05-16T08:46:06.187+0000] {processor.py:157} INFO - Started process (PID=136) to work on /opt/airflow/dags/brewery_pipeline_silver.py
[2025-05-16T08:46:06.189+0000] {processor.py:829} INFO - Processing file /opt/airflow/dags/brewery_pipeline_silver.py for tasks to queue
[2025-05-16T08:46:06.191+0000] {logging_mixin.py:151} INFO - [2025-05-16T08:46:06.190+0000] {dagbag.py:536} INFO - Filling up the DagBag from /opt/airflow/dags/brewery_pipeline_silver.py
[2025-05-16T08:46:06.473+0000] {processor.py:839} INFO - DAG(s) dict_keys(['brewery_pipeline_silver']) retrieved from /opt/airflow/dags/brewery_pipeline_silver.py
[2025-05-16T08:46:06.491+0000] {logging_mixin.py:151} INFO - [2025-05-16T08:46:06.490+0000] {dag.py:2941} INFO - Sync 1 DAGs
[2025-05-16T08:46:06.501+0000] {logging_mixin.py:151} INFO - [2025-05-16T08:46:06.501+0000] {dag.py:3722} INFO - Setting next_dagrun for brewery_pipeline_silver to None, run_after=None
[2025-05-16T08:46:06.530+0000] {processor.py:179} INFO - Processing /opt/airflow/dags/brewery_pipeline_silver.py took 0.349 seconds
[2025-05-16T08:46:36.725+0000] {processor.py:157} INFO - Started process (PID=141) to work on /opt/airflow/dags/brewery_pipeline_silver.py
[2025-05-16T08:46:36.727+0000] {processor.py:829} INFO - Processing file /opt/airflow/dags/brewery_pipeline_silver.py for tasks to queue
[2025-05-16T08:46:36.728+0000] {logging_mixin.py:151} INFO - [2025-05-16T08:46:36.728+0000] {dagbag.py:536} INFO - Filling up the DagBag from /opt/airflow/dags/brewery_pipeline_silver.py
[2025-05-16T08:46:37.015+0000] {processor.py:839} INFO - DAG(s) dict_keys(['brewery_pipeline_silver']) retrieved from /opt/airflow/dags/brewery_pipeline_silver.py
[2025-05-16T08:46:37.033+0000] {logging_mixin.py:151} INFO - [2025-05-16T08:46:37.032+0000] {dag.py:2941} INFO - Sync 1 DAGs
[2025-05-16T08:46:37.044+0000] {logging_mixin.py:151} INFO - [2025-05-16T08:46:37.044+0000] {dag.py:3722} INFO - Setting next_dagrun for brewery_pipeline_silver to None, run_after=None
[2025-05-16T08:46:37.068+0000] {processor.py:179} INFO - Processing /opt/airflow/dags/brewery_pipeline_silver.py took 0.350 seconds
[2025-05-16T08:47:07.296+0000] {processor.py:157} INFO - Started process (PID=146) to work on /opt/airflow/dags/brewery_pipeline_silver.py
[2025-05-16T08:47:07.297+0000] {processor.py:829} INFO - Processing file /opt/airflow/dags/brewery_pipeline_silver.py for tasks to queue
[2025-05-16T08:47:07.298+0000] {logging_mixin.py:151} INFO - [2025-05-16T08:47:07.297+0000] {dagbag.py:536} INFO - Filling up the DagBag from /opt/airflow/dags/brewery_pipeline_silver.py
[2025-05-16T08:47:07.582+0000] {processor.py:839} INFO - DAG(s) dict_keys(['brewery_pipeline_silver']) retrieved from /opt/airflow/dags/brewery_pipeline_silver.py
[2025-05-16T08:47:07.601+0000] {logging_mixin.py:151} INFO - [2025-05-16T08:47:07.600+0000] {dag.py:2941} INFO - Sync 1 DAGs
[2025-05-16T08:47:07.613+0000] {logging_mixin.py:151} INFO - [2025-05-16T08:47:07.612+0000] {dag.py:3722} INFO - Setting next_dagrun for brewery_pipeline_silver to None, run_after=None
[2025-05-16T08:47:07.639+0000] {processor.py:179} INFO - Processing /opt/airflow/dags/brewery_pipeline_silver.py took 0.345 seconds
[2025-05-16T08:47:37.880+0000] {processor.py:157} INFO - Started process (PID=151) to work on /opt/airflow/dags/brewery_pipeline_silver.py
[2025-05-16T08:47:37.882+0000] {processor.py:829} INFO - Processing file /opt/airflow/dags/brewery_pipeline_silver.py for tasks to queue
[2025-05-16T08:47:37.884+0000] {logging_mixin.py:151} INFO - [2025-05-16T08:47:37.883+0000] {dagbag.py:536} INFO - Filling up the DagBag from /opt/airflow/dags/brewery_pipeline_silver.py
[2025-05-16T08:47:38.159+0000] {processor.py:839} INFO - DAG(s) dict_keys(['brewery_pipeline_silver']) retrieved from /opt/airflow/dags/brewery_pipeline_silver.py
[2025-05-16T08:47:38.178+0000] {logging_mixin.py:151} INFO - [2025-05-16T08:47:38.178+0000] {dag.py:2941} INFO - Sync 1 DAGs
[2025-05-16T08:47:38.189+0000] {logging_mixin.py:151} INFO - [2025-05-16T08:47:38.189+0000] {dag.py:3722} INFO - Setting next_dagrun for brewery_pipeline_silver to None, run_after=None
[2025-05-16T08:47:38.214+0000] {processor.py:179} INFO - Processing /opt/airflow/dags/brewery_pipeline_silver.py took 0.340 seconds
[2025-05-16T08:50:28.720+0000] {processor.py:157} INFO - Started process (PID=31) to work on /opt/airflow/dags/brewery_pipeline_silver.py
[2025-05-16T08:50:28.721+0000] {processor.py:829} INFO - Processing file /opt/airflow/dags/brewery_pipeline_silver.py for tasks to queue
[2025-05-16T08:50:28.721+0000] {logging_mixin.py:151} INFO - [2025-05-16T08:50:28.721+0000] {dagbag.py:536} INFO - Filling up the DagBag from /opt/airflow/dags/brewery_pipeline_silver.py
[2025-05-16T08:50:30.121+0000] {processor.py:839} INFO - DAG(s) dict_keys(['brewery_pipeline_silver']) retrieved from /opt/airflow/dags/brewery_pipeline_silver.py
[2025-05-16T08:50:30.546+0000] {logging_mixin.py:151} INFO - [2025-05-16T08:50:30.546+0000] {manager.py:499} INFO - Created Permission View: %s
[2025-05-16T08:50:30.563+0000] {logging_mixin.py:151} INFO - [2025-05-16T08:50:30.563+0000] {manager.py:499} INFO - Created Permission View: %s
[2025-05-16T08:50:30.576+0000] {logging_mixin.py:151} INFO - [2025-05-16T08:50:30.576+0000] {manager.py:499} INFO - Created Permission View: %s
[2025-05-16T08:50:30.577+0000] {logging_mixin.py:151} INFO - [2025-05-16T08:50:30.576+0000] {dag.py:2941} INFO - Sync 1 DAGs
[2025-05-16T08:50:30.591+0000] {logging_mixin.py:151} INFO - [2025-05-16T08:50:30.590+0000] {dag.py:2963} INFO - Creating ORM DAG for brewery_pipeline_silver
[2025-05-16T08:50:30.592+0000] {logging_mixin.py:151} INFO - [2025-05-16T08:50:30.591+0000] {dag.py:3722} INFO - Setting next_dagrun for brewery_pipeline_silver to None, run_after=None
[2025-05-16T08:50:30.621+0000] {processor.py:179} INFO - Processing /opt/airflow/dags/brewery_pipeline_silver.py took 1.904 seconds
[2025-05-16T08:51:00.923+0000] {processor.py:157} INFO - Started process (PID=36) to work on /opt/airflow/dags/brewery_pipeline_silver.py
[2025-05-16T08:51:00.926+0000] {processor.py:829} INFO - Processing file /opt/airflow/dags/brewery_pipeline_silver.py for tasks to queue
[2025-05-16T08:51:00.927+0000] {logging_mixin.py:151} INFO - [2025-05-16T08:51:00.927+0000] {dagbag.py:536} INFO - Filling up the DagBag from /opt/airflow/dags/brewery_pipeline_silver.py
[2025-05-16T08:51:01.219+0000] {processor.py:839} INFO - DAG(s) dict_keys(['brewery_pipeline_silver']) retrieved from /opt/airflow/dags/brewery_pipeline_silver.py
[2025-05-16T08:51:01.236+0000] {logging_mixin.py:151} INFO - [2025-05-16T08:51:01.236+0000] {dag.py:2941} INFO - Sync 1 DAGs
[2025-05-16T08:51:01.247+0000] {logging_mixin.py:151} INFO - [2025-05-16T08:51:01.246+0000] {dag.py:3722} INFO - Setting next_dagrun for brewery_pipeline_silver to None, run_after=None
[2025-05-16T08:51:01.271+0000] {processor.py:179} INFO - Processing /opt/airflow/dags/brewery_pipeline_silver.py took 0.354 seconds
[2025-05-16T08:51:31.502+0000] {processor.py:157} INFO - Started process (PID=41) to work on /opt/airflow/dags/brewery_pipeline_silver.py
[2025-05-16T08:51:31.504+0000] {processor.py:829} INFO - Processing file /opt/airflow/dags/brewery_pipeline_silver.py for tasks to queue
[2025-05-16T08:51:31.505+0000] {logging_mixin.py:151} INFO - [2025-05-16T08:51:31.505+0000] {dagbag.py:536} INFO - Filling up the DagBag from /opt/airflow/dags/brewery_pipeline_silver.py
[2025-05-16T08:51:31.792+0000] {processor.py:839} INFO - DAG(s) dict_keys(['brewery_pipeline_silver']) retrieved from /opt/airflow/dags/brewery_pipeline_silver.py
[2025-05-16T08:51:31.809+0000] {logging_mixin.py:151} INFO - [2025-05-16T08:51:31.809+0000] {dag.py:2941} INFO - Sync 1 DAGs
[2025-05-16T08:51:31.820+0000] {logging_mixin.py:151} INFO - [2025-05-16T08:51:31.820+0000] {dag.py:3722} INFO - Setting next_dagrun for brewery_pipeline_silver to None, run_after=None
[2025-05-16T08:51:31.845+0000] {processor.py:179} INFO - Processing /opt/airflow/dags/brewery_pipeline_silver.py took 0.349 seconds
[2025-05-16T08:52:02.068+0000] {processor.py:157} INFO - Started process (PID=46) to work on /opt/airflow/dags/brewery_pipeline_silver.py
[2025-05-16T08:52:02.071+0000] {processor.py:829} INFO - Processing file /opt/airflow/dags/brewery_pipeline_silver.py for tasks to queue
[2025-05-16T08:52:02.072+0000] {logging_mixin.py:151} INFO - [2025-05-16T08:52:02.072+0000] {dagbag.py:536} INFO - Filling up the DagBag from /opt/airflow/dags/brewery_pipeline_silver.py
[2025-05-16T08:52:02.354+0000] {processor.py:839} INFO - DAG(s) dict_keys(['brewery_pipeline_silver']) retrieved from /opt/airflow/dags/brewery_pipeline_silver.py
[2025-05-16T08:52:02.373+0000] {logging_mixin.py:151} INFO - [2025-05-16T08:52:02.373+0000] {dag.py:2941} INFO - Sync 1 DAGs
[2025-05-16T08:52:02.384+0000] {logging_mixin.py:151} INFO - [2025-05-16T08:52:02.384+0000] {dag.py:3722} INFO - Setting next_dagrun for brewery_pipeline_silver to None, run_after=None
[2025-05-16T08:52:02.410+0000] {processor.py:179} INFO - Processing /opt/airflow/dags/brewery_pipeline_silver.py took 0.347 seconds
[2025-05-16T08:52:32.629+0000] {processor.py:157} INFO - Started process (PID=51) to work on /opt/airflow/dags/brewery_pipeline_silver.py
[2025-05-16T08:52:32.632+0000] {processor.py:829} INFO - Processing file /opt/airflow/dags/brewery_pipeline_silver.py for tasks to queue
[2025-05-16T08:52:32.633+0000] {logging_mixin.py:151} INFO - [2025-05-16T08:52:32.633+0000] {dagbag.py:536} INFO - Filling up the DagBag from /opt/airflow/dags/brewery_pipeline_silver.py
[2025-05-16T08:52:32.926+0000] {processor.py:839} INFO - DAG(s) dict_keys(['brewery_pipeline_silver']) retrieved from /opt/airflow/dags/brewery_pipeline_silver.py
[2025-05-16T08:52:32.946+0000] {logging_mixin.py:151} INFO - [2025-05-16T08:52:32.946+0000] {dag.py:2941} INFO - Sync 1 DAGs
[2025-05-16T08:52:32.963+0000] {logging_mixin.py:151} INFO - [2025-05-16T08:52:32.962+0000] {dag.py:3722} INFO - Setting next_dagrun for brewery_pipeline_silver to None, run_after=None
[2025-05-16T08:52:32.991+0000] {processor.py:179} INFO - Processing /opt/airflow/dags/brewery_pipeline_silver.py took 0.367 seconds
