[2025-05-16T08:04:23.080+0000] {processor.py:157} INFO - Started process (PID=25) to work on /opt/airflow/dags/brewery_pipeline.py
[2025-05-16T08:04:23.081+0000] {processor.py:829} INFO - Processing file /opt/airflow/dags/brewery_pipeline.py for tasks to queue
[2025-05-16T08:04:23.082+0000] {logging_mixin.py:151} INFO - [2025-05-16T08:04:23.082+0000] {dagbag.py:536} INFO - Filling up the DagBag from /opt/airflow/dags/brewery_pipeline.py
[2025-05-16T08:04:23.091+0000] {processor.py:839} INFO - DAG(s) dict_keys(['brewery_pipeline']) retrieved from /opt/airflow/dags/brewery_pipeline.py
[2025-05-16T08:04:23.111+0000] {logging_mixin.py:151} INFO - [2025-05-16T08:04:23.111+0000] {dag.py:2941} INFO - Sync 1 DAGs
[2025-05-16T08:04:23.149+0000] {logging_mixin.py:151} INFO - [2025-05-16T08:04:23.149+0000] {dag.py:3722} INFO - Setting next_dagrun for brewery_pipeline to 2025-05-16T00:00:00+00:00, run_after=2025-05-17T00:00:00+00:00
[2025-05-16T08:04:23.186+0000] {processor.py:179} INFO - Processing /opt/airflow/dags/brewery_pipeline.py took 0.110 seconds
[2025-05-16T08:04:53.278+0000] {processor.py:157} INFO - Started process (PID=35) to work on /opt/airflow/dags/brewery_pipeline.py
[2025-05-16T08:04:53.280+0000] {processor.py:829} INFO - Processing file /opt/airflow/dags/brewery_pipeline.py for tasks to queue
[2025-05-16T08:04:53.281+0000] {logging_mixin.py:151} INFO - [2025-05-16T08:04:53.281+0000] {dagbag.py:536} INFO - Filling up the DagBag from /opt/airflow/dags/brewery_pipeline.py
[2025-05-16T08:04:53.304+0000] {processor.py:839} INFO - DAG(s) dict_keys(['brewery_pipeline']) retrieved from /opt/airflow/dags/brewery_pipeline.py
[2025-05-16T08:04:53.325+0000] {logging_mixin.py:151} INFO - [2025-05-16T08:04:53.325+0000] {dag.py:2941} INFO - Sync 1 DAGs
[2025-05-16T08:04:53.344+0000] {logging_mixin.py:151} INFO - [2025-05-16T08:04:53.344+0000] {dag.py:3722} INFO - Setting next_dagrun for brewery_pipeline to 2025-05-16T00:00:00+00:00, run_after=2025-05-17T00:00:00+00:00
[2025-05-16T08:04:53.368+0000] {processor.py:179} INFO - Processing /opt/airflow/dags/brewery_pipeline.py took 0.096 seconds
[2025-05-16T08:05:23.475+0000] {processor.py:157} INFO - Started process (PID=45) to work on /opt/airflow/dags/brewery_pipeline.py
[2025-05-16T08:05:23.476+0000] {processor.py:829} INFO - Processing file /opt/airflow/dags/brewery_pipeline.py for tasks to queue
[2025-05-16T08:05:23.477+0000] {logging_mixin.py:151} INFO - [2025-05-16T08:05:23.477+0000] {dagbag.py:536} INFO - Filling up the DagBag from /opt/airflow/dags/brewery_pipeline.py
[2025-05-16T08:05:23.497+0000] {processor.py:839} INFO - DAG(s) dict_keys(['brewery_pipeline']) retrieved from /opt/airflow/dags/brewery_pipeline.py
[2025-05-16T08:05:23.530+0000] {logging_mixin.py:151} INFO - [2025-05-16T08:05:23.529+0000] {dag.py:2941} INFO - Sync 1 DAGs
[2025-05-16T08:05:23.550+0000] {logging_mixin.py:151} INFO - [2025-05-16T08:05:23.550+0000] {dag.py:3722} INFO - Setting next_dagrun for brewery_pipeline to 2025-05-16T00:00:00+00:00, run_after=2025-05-17T00:00:00+00:00
[2025-05-16T08:05:23.574+0000] {processor.py:179} INFO - Processing /opt/airflow/dags/brewery_pipeline.py took 0.102 seconds
[2025-05-16T08:05:53.671+0000] {processor.py:157} INFO - Started process (PID=46) to work on /opt/airflow/dags/brewery_pipeline.py
[2025-05-16T08:05:53.673+0000] {processor.py:829} INFO - Processing file /opt/airflow/dags/brewery_pipeline.py for tasks to queue
[2025-05-16T08:05:53.674+0000] {logging_mixin.py:151} INFO - [2025-05-16T08:05:53.674+0000] {dagbag.py:536} INFO - Filling up the DagBag from /opt/airflow/dags/brewery_pipeline.py
[2025-05-16T08:05:53.693+0000] {processor.py:839} INFO - DAG(s) dict_keys(['brewery_pipeline']) retrieved from /opt/airflow/dags/brewery_pipeline.py
[2025-05-16T08:05:53.725+0000] {logging_mixin.py:151} INFO - [2025-05-16T08:05:53.725+0000] {dag.py:2941} INFO - Sync 1 DAGs
[2025-05-16T08:05:53.745+0000] {logging_mixin.py:151} INFO - [2025-05-16T08:05:53.745+0000] {dag.py:3722} INFO - Setting next_dagrun for brewery_pipeline to 2025-05-16T00:00:00+00:00, run_after=2025-05-17T00:00:00+00:00
[2025-05-16T08:05:53.773+0000] {processor.py:179} INFO - Processing /opt/airflow/dags/brewery_pipeline.py took 0.109 seconds
[2025-05-16T08:06:23.901+0000] {processor.py:157} INFO - Started process (PID=47) to work on /opt/airflow/dags/brewery_pipeline.py
[2025-05-16T08:06:23.903+0000] {processor.py:829} INFO - Processing file /opt/airflow/dags/brewery_pipeline.py for tasks to queue
[2025-05-16T08:06:23.904+0000] {logging_mixin.py:151} INFO - [2025-05-16T08:06:23.904+0000] {dagbag.py:536} INFO - Filling up the DagBag from /opt/airflow/dags/brewery_pipeline.py
[2025-05-16T08:06:23.924+0000] {processor.py:839} INFO - DAG(s) dict_keys(['brewery_pipeline']) retrieved from /opt/airflow/dags/brewery_pipeline.py
[2025-05-16T08:06:23.959+0000] {logging_mixin.py:151} INFO - [2025-05-16T08:06:23.959+0000] {dag.py:2941} INFO - Sync 1 DAGs
[2025-05-16T08:06:23.980+0000] {logging_mixin.py:151} INFO - [2025-05-16T08:06:23.980+0000] {dag.py:3722} INFO - Setting next_dagrun for brewery_pipeline to 2025-05-16T00:00:00+00:00, run_after=2025-05-17T00:00:00+00:00
[2025-05-16T08:06:24.005+0000] {processor.py:179} INFO - Processing /opt/airflow/dags/brewery_pipeline.py took 0.111 seconds
[2025-05-16T08:07:14.819+0000] {processor.py:157} INFO - Started process (PID=25) to work on /opt/airflow/dags/brewery_pipeline.py
[2025-05-16T08:07:14.820+0000] {processor.py:829} INFO - Processing file /opt/airflow/dags/brewery_pipeline.py for tasks to queue
[2025-05-16T08:07:14.821+0000] {logging_mixin.py:151} INFO - [2025-05-16T08:07:14.821+0000] {dagbag.py:536} INFO - Filling up the DagBag from /opt/airflow/dags/brewery_pipeline.py
[2025-05-16T08:07:14.835+0000] {processor.py:839} INFO - DAG(s) dict_keys(['brewery_pipeline']) retrieved from /opt/airflow/dags/brewery_pipeline.py
[2025-05-16T08:07:14.875+0000] {logging_mixin.py:151} INFO - [2025-05-16T08:07:14.874+0000] {dag.py:2941} INFO - Sync 1 DAGs
[2025-05-16T08:07:14.917+0000] {logging_mixin.py:151} INFO - [2025-05-16T08:07:14.916+0000] {dag.py:3722} INFO - Setting next_dagrun for brewery_pipeline to 2025-05-16T00:00:00+00:00, run_after=2025-05-17T00:00:00+00:00
[2025-05-16T08:07:14.953+0000] {processor.py:179} INFO - Processing /opt/airflow/dags/brewery_pipeline.py took 0.137 seconds
[2025-05-16T08:07:45.019+0000] {processor.py:157} INFO - Started process (PID=26) to work on /opt/airflow/dags/brewery_pipeline.py
[2025-05-16T08:07:45.021+0000] {processor.py:829} INFO - Processing file /opt/airflow/dags/brewery_pipeline.py for tasks to queue
[2025-05-16T08:07:45.022+0000] {logging_mixin.py:151} INFO - [2025-05-16T08:07:45.022+0000] {dagbag.py:536} INFO - Filling up the DagBag from /opt/airflow/dags/brewery_pipeline.py
[2025-05-16T08:07:45.046+0000] {processor.py:839} INFO - DAG(s) dict_keys(['brewery_pipeline']) retrieved from /opt/airflow/dags/brewery_pipeline.py
[2025-05-16T08:07:45.083+0000] {logging_mixin.py:151} INFO - [2025-05-16T08:07:45.083+0000] {dag.py:2941} INFO - Sync 1 DAGs
[2025-05-16T08:07:45.119+0000] {logging_mixin.py:151} INFO - [2025-05-16T08:07:45.119+0000] {dag.py:3722} INFO - Setting next_dagrun for brewery_pipeline to 2025-05-16T00:00:00+00:00, run_after=2025-05-17T00:00:00+00:00
[2025-05-16T08:07:45.153+0000] {processor.py:179} INFO - Processing /opt/airflow/dags/brewery_pipeline.py took 0.140 seconds
[2025-05-16T08:08:15.296+0000] {processor.py:157} INFO - Started process (PID=27) to work on /opt/airflow/dags/brewery_pipeline.py
[2025-05-16T08:08:15.298+0000] {processor.py:829} INFO - Processing file /opt/airflow/dags/brewery_pipeline.py for tasks to queue
[2025-05-16T08:08:15.299+0000] {logging_mixin.py:151} INFO - [2025-05-16T08:08:15.298+0000] {dagbag.py:536} INFO - Filling up the DagBag from /opt/airflow/dags/brewery_pipeline.py
[2025-05-16T08:08:15.316+0000] {processor.py:839} INFO - DAG(s) dict_keys(['brewery_pipeline']) retrieved from /opt/airflow/dags/brewery_pipeline.py
[2025-05-16T08:08:15.350+0000] {logging_mixin.py:151} INFO - [2025-05-16T08:08:15.350+0000] {dag.py:2941} INFO - Sync 1 DAGs
[2025-05-16T08:08:15.372+0000] {logging_mixin.py:151} INFO - [2025-05-16T08:08:15.372+0000] {dag.py:3722} INFO - Setting next_dagrun for brewery_pipeline to 2025-05-16T00:00:00+00:00, run_after=2025-05-17T00:00:00+00:00
[2025-05-16T08:08:15.393+0000] {processor.py:179} INFO - Processing /opt/airflow/dags/brewery_pipeline.py took 0.102 seconds
[2025-05-16T08:08:45.526+0000] {processor.py:157} INFO - Started process (PID=28) to work on /opt/airflow/dags/brewery_pipeline.py
[2025-05-16T08:08:45.528+0000] {processor.py:829} INFO - Processing file /opt/airflow/dags/brewery_pipeline.py for tasks to queue
[2025-05-16T08:08:45.530+0000] {logging_mixin.py:151} INFO - [2025-05-16T08:08:45.529+0000] {dagbag.py:536} INFO - Filling up the DagBag from /opt/airflow/dags/brewery_pipeline.py
[2025-05-16T08:08:45.549+0000] {processor.py:839} INFO - DAG(s) dict_keys(['brewery_pipeline']) retrieved from /opt/airflow/dags/brewery_pipeline.py
[2025-05-16T08:08:45.592+0000] {logging_mixin.py:151} INFO - [2025-05-16T08:08:45.591+0000] {dag.py:2941} INFO - Sync 1 DAGs
[2025-05-16T08:08:45.627+0000] {logging_mixin.py:151} INFO - [2025-05-16T08:08:45.627+0000] {dag.py:3722} INFO - Setting next_dagrun for brewery_pipeline to 2025-05-16T00:00:00+00:00, run_after=2025-05-17T00:00:00+00:00
[2025-05-16T08:08:45.653+0000] {processor.py:179} INFO - Processing /opt/airflow/dags/brewery_pipeline.py took 0.133 seconds
[2025-05-16T08:09:15.778+0000] {processor.py:157} INFO - Started process (PID=29) to work on /opt/airflow/dags/brewery_pipeline.py
[2025-05-16T08:09:15.780+0000] {processor.py:829} INFO - Processing file /opt/airflow/dags/brewery_pipeline.py for tasks to queue
[2025-05-16T08:09:15.782+0000] {logging_mixin.py:151} INFO - [2025-05-16T08:09:15.781+0000] {dagbag.py:536} INFO - Filling up the DagBag from /opt/airflow/dags/brewery_pipeline.py
[2025-05-16T08:09:15.801+0000] {processor.py:839} INFO - DAG(s) dict_keys(['brewery_pipeline']) retrieved from /opt/airflow/dags/brewery_pipeline.py
[2025-05-16T08:09:15.841+0000] {logging_mixin.py:151} INFO - [2025-05-16T08:09:15.840+0000] {dag.py:2941} INFO - Sync 1 DAGs
[2025-05-16T08:09:15.865+0000] {logging_mixin.py:151} INFO - [2025-05-16T08:09:15.865+0000] {dag.py:3722} INFO - Setting next_dagrun for brewery_pipeline to 2025-05-16T00:00:00+00:00, run_after=2025-05-17T00:00:00+00:00
[2025-05-16T08:09:15.892+0000] {processor.py:179} INFO - Processing /opt/airflow/dags/brewery_pipeline.py took 0.119 seconds
[2025-05-16T08:09:45.983+0000] {processor.py:157} INFO - Started process (PID=39) to work on /opt/airflow/dags/brewery_pipeline.py
[2025-05-16T08:09:45.985+0000] {processor.py:829} INFO - Processing file /opt/airflow/dags/brewery_pipeline.py for tasks to queue
[2025-05-16T08:09:45.986+0000] {logging_mixin.py:151} INFO - [2025-05-16T08:09:45.985+0000] {dagbag.py:536} INFO - Filling up the DagBag from /opt/airflow/dags/brewery_pipeline.py
[2025-05-16T08:09:45.995+0000] {processor.py:839} INFO - DAG(s) dict_keys(['brewery_pipeline']) retrieved from /opt/airflow/dags/brewery_pipeline.py
[2025-05-16T08:09:46.019+0000] {logging_mixin.py:151} INFO - [2025-05-16T08:09:46.019+0000] {dag.py:2941} INFO - Sync 1 DAGs
[2025-05-16T08:09:46.043+0000] {logging_mixin.py:151} INFO - [2025-05-16T08:09:46.043+0000] {dag.py:3722} INFO - Setting next_dagrun for brewery_pipeline to 2025-05-16T00:00:00+00:00, run_after=2025-05-17T00:00:00+00:00
[2025-05-16T08:09:46.068+0000] {processor.py:179} INFO - Processing /opt/airflow/dags/brewery_pipeline.py took 0.088 seconds
[2025-05-16T08:10:16.171+0000] {processor.py:157} INFO - Started process (PID=40) to work on /opt/airflow/dags/brewery_pipeline.py
[2025-05-16T08:10:16.173+0000] {processor.py:829} INFO - Processing file /opt/airflow/dags/brewery_pipeline.py for tasks to queue
[2025-05-16T08:10:16.173+0000] {logging_mixin.py:151} INFO - [2025-05-16T08:10:16.173+0000] {dagbag.py:536} INFO - Filling up the DagBag from /opt/airflow/dags/brewery_pipeline.py
[2025-05-16T08:10:16.182+0000] {processor.py:839} INFO - DAG(s) dict_keys(['brewery_pipeline']) retrieved from /opt/airflow/dags/brewery_pipeline.py
[2025-05-16T08:10:16.203+0000] {logging_mixin.py:151} INFO - [2025-05-16T08:10:16.203+0000] {dag.py:2941} INFO - Sync 1 DAGs
[2025-05-16T08:10:16.224+0000] {logging_mixin.py:151} INFO - [2025-05-16T08:10:16.224+0000] {dag.py:3722} INFO - Setting next_dagrun for brewery_pipeline to 2025-05-16T00:00:00+00:00, run_after=2025-05-17T00:00:00+00:00
[2025-05-16T08:10:16.249+0000] {processor.py:179} INFO - Processing /opt/airflow/dags/brewery_pipeline.py took 0.081 seconds
[2025-05-16T08:10:46.375+0000] {processor.py:157} INFO - Started process (PID=41) to work on /opt/airflow/dags/brewery_pipeline.py
[2025-05-16T08:10:46.377+0000] {processor.py:829} INFO - Processing file /opt/airflow/dags/brewery_pipeline.py for tasks to queue
[2025-05-16T08:10:46.380+0000] {logging_mixin.py:151} INFO - [2025-05-16T08:10:46.378+0000] {dagbag.py:536} INFO - Filling up the DagBag from /opt/airflow/dags/brewery_pipeline.py
[2025-05-16T08:10:46.404+0000] {processor.py:839} INFO - DAG(s) dict_keys(['brewery_pipeline']) retrieved from /opt/airflow/dags/brewery_pipeline.py
[2025-05-16T08:10:46.439+0000] {logging_mixin.py:151} INFO - [2025-05-16T08:10:46.439+0000] {dag.py:2941} INFO - Sync 1 DAGs
[2025-05-16T08:10:46.469+0000] {logging_mixin.py:151} INFO - [2025-05-16T08:10:46.468+0000] {dag.py:3722} INFO - Setting next_dagrun for brewery_pipeline to 2025-05-16T00:00:00+00:00, run_after=2025-05-17T00:00:00+00:00
[2025-05-16T08:10:46.497+0000] {processor.py:179} INFO - Processing /opt/airflow/dags/brewery_pipeline.py took 0.128 seconds
[2025-05-16T08:11:16.586+0000] {processor.py:157} INFO - Started process (PID=42) to work on /opt/airflow/dags/brewery_pipeline.py
[2025-05-16T08:11:16.589+0000] {processor.py:829} INFO - Processing file /opt/airflow/dags/brewery_pipeline.py for tasks to queue
[2025-05-16T08:11:16.591+0000] {logging_mixin.py:151} INFO - [2025-05-16T08:11:16.591+0000] {dagbag.py:536} INFO - Filling up the DagBag from /opt/airflow/dags/brewery_pipeline.py
[2025-05-16T08:11:16.609+0000] {processor.py:839} INFO - DAG(s) dict_keys(['brewery_pipeline']) retrieved from /opt/airflow/dags/brewery_pipeline.py
[2025-05-16T08:11:16.634+0000] {logging_mixin.py:151} INFO - [2025-05-16T08:11:16.634+0000] {dag.py:2941} INFO - Sync 1 DAGs
[2025-05-16T08:11:16.657+0000] {logging_mixin.py:151} INFO - [2025-05-16T08:11:16.656+0000] {dag.py:3722} INFO - Setting next_dagrun for brewery_pipeline to 2025-05-16T00:00:00+00:00, run_after=2025-05-17T00:00:00+00:00
[2025-05-16T08:11:16.684+0000] {processor.py:179} INFO - Processing /opt/airflow/dags/brewery_pipeline.py took 0.106 seconds
[2025-05-16T08:11:46.804+0000] {processor.py:157} INFO - Started process (PID=43) to work on /opt/airflow/dags/brewery_pipeline.py
[2025-05-16T08:11:46.806+0000] {processor.py:829} INFO - Processing file /opt/airflow/dags/brewery_pipeline.py for tasks to queue
[2025-05-16T08:11:46.808+0000] {logging_mixin.py:151} INFO - [2025-05-16T08:11:46.807+0000] {dagbag.py:536} INFO - Filling up the DagBag from /opt/airflow/dags/brewery_pipeline.py
[2025-05-16T08:11:46.831+0000] {processor.py:839} INFO - DAG(s) dict_keys(['brewery_pipeline']) retrieved from /opt/airflow/dags/brewery_pipeline.py
[2025-05-16T08:11:46.868+0000] {logging_mixin.py:151} INFO - [2025-05-16T08:11:46.868+0000] {dag.py:2941} INFO - Sync 1 DAGs
[2025-05-16T08:11:46.891+0000] {logging_mixin.py:151} INFO - [2025-05-16T08:11:46.891+0000] {dag.py:3722} INFO - Setting next_dagrun for brewery_pipeline to 2025-05-16T00:00:00+00:00, run_after=2025-05-17T00:00:00+00:00
[2025-05-16T08:11:46.917+0000] {processor.py:179} INFO - Processing /opt/airflow/dags/brewery_pipeline.py took 0.120 seconds
[2025-05-16T08:12:17.032+0000] {processor.py:157} INFO - Started process (PID=44) to work on /opt/airflow/dags/brewery_pipeline.py
[2025-05-16T08:12:17.034+0000] {processor.py:829} INFO - Processing file /opt/airflow/dags/brewery_pipeline.py for tasks to queue
[2025-05-16T08:12:17.035+0000] {logging_mixin.py:151} INFO - [2025-05-16T08:12:17.034+0000] {dagbag.py:536} INFO - Filling up the DagBag from /opt/airflow/dags/brewery_pipeline.py
[2025-05-16T08:12:17.047+0000] {processor.py:839} INFO - DAG(s) dict_keys(['brewery_pipeline']) retrieved from /opt/airflow/dags/brewery_pipeline.py
[2025-05-16T08:12:17.078+0000] {logging_mixin.py:151} INFO - [2025-05-16T08:12:17.078+0000] {dag.py:2941} INFO - Sync 1 DAGs
[2025-05-16T08:12:17.104+0000] {logging_mixin.py:151} INFO - [2025-05-16T08:12:17.104+0000] {dag.py:3722} INFO - Setting next_dagrun for brewery_pipeline to 2025-05-16T00:00:00+00:00, run_after=2025-05-17T00:00:00+00:00
[2025-05-16T08:12:17.130+0000] {processor.py:179} INFO - Processing /opt/airflow/dags/brewery_pipeline.py took 0.102 seconds
[2025-05-16T08:12:47.242+0000] {processor.py:157} INFO - Started process (PID=45) to work on /opt/airflow/dags/brewery_pipeline.py
[2025-05-16T08:12:47.244+0000] {processor.py:829} INFO - Processing file /opt/airflow/dags/brewery_pipeline.py for tasks to queue
[2025-05-16T08:12:47.245+0000] {logging_mixin.py:151} INFO - [2025-05-16T08:12:47.244+0000] {dagbag.py:536} INFO - Filling up the DagBag from /opt/airflow/dags/brewery_pipeline.py
[2025-05-16T08:12:47.256+0000] {processor.py:839} INFO - DAG(s) dict_keys(['brewery_pipeline']) retrieved from /opt/airflow/dags/brewery_pipeline.py
[2025-05-16T08:12:47.288+0000] {logging_mixin.py:151} INFO - [2025-05-16T08:12:47.287+0000] {dag.py:2941} INFO - Sync 1 DAGs
[2025-05-16T08:12:47.314+0000] {logging_mixin.py:151} INFO - [2025-05-16T08:12:47.314+0000] {dag.py:3722} INFO - Setting next_dagrun for brewery_pipeline to 2025-05-16T00:00:00+00:00, run_after=2025-05-17T00:00:00+00:00
[2025-05-16T08:12:47.338+0000] {processor.py:179} INFO - Processing /opt/airflow/dags/brewery_pipeline.py took 0.099 seconds
[2025-05-16T08:13:17.432+0000] {processor.py:157} INFO - Started process (PID=46) to work on /opt/airflow/dags/brewery_pipeline.py
[2025-05-16T08:13:17.434+0000] {processor.py:829} INFO - Processing file /opt/airflow/dags/brewery_pipeline.py for tasks to queue
[2025-05-16T08:13:17.436+0000] {logging_mixin.py:151} INFO - [2025-05-16T08:13:17.435+0000] {dagbag.py:536} INFO - Filling up the DagBag from /opt/airflow/dags/brewery_pipeline.py
[2025-05-16T08:13:17.455+0000] {processor.py:839} INFO - DAG(s) dict_keys(['brewery_pipeline']) retrieved from /opt/airflow/dags/brewery_pipeline.py
[2025-05-16T08:13:17.491+0000] {logging_mixin.py:151} INFO - [2025-05-16T08:13:17.491+0000] {dag.py:2941} INFO - Sync 1 DAGs
[2025-05-16T08:13:17.525+0000] {logging_mixin.py:151} INFO - [2025-05-16T08:13:17.524+0000] {dag.py:3722} INFO - Setting next_dagrun for brewery_pipeline to 2025-05-16T00:00:00+00:00, run_after=2025-05-17T00:00:00+00:00
[2025-05-16T08:13:17.555+0000] {processor.py:179} INFO - Processing /opt/airflow/dags/brewery_pipeline.py took 0.129 seconds
[2025-05-16T08:13:47.625+0000] {processor.py:157} INFO - Started process (PID=47) to work on /opt/airflow/dags/brewery_pipeline.py
[2025-05-16T08:13:47.627+0000] {processor.py:829} INFO - Processing file /opt/airflow/dags/brewery_pipeline.py for tasks to queue
[2025-05-16T08:13:47.628+0000] {logging_mixin.py:151} INFO - [2025-05-16T08:13:47.628+0000] {dagbag.py:536} INFO - Filling up the DagBag from /opt/airflow/dags/brewery_pipeline.py
[2025-05-16T08:13:47.645+0000] {processor.py:839} INFO - DAG(s) dict_keys(['brewery_pipeline']) retrieved from /opt/airflow/dags/brewery_pipeline.py
[2025-05-16T08:13:47.680+0000] {logging_mixin.py:151} INFO - [2025-05-16T08:13:47.680+0000] {dag.py:2941} INFO - Sync 1 DAGs
[2025-05-16T08:13:47.705+0000] {logging_mixin.py:151} INFO - [2025-05-16T08:13:47.705+0000] {dag.py:3722} INFO - Setting next_dagrun for brewery_pipeline to 2025-05-16T00:00:00+00:00, run_after=2025-05-17T00:00:00+00:00
[2025-05-16T08:13:47.731+0000] {processor.py:179} INFO - Processing /opt/airflow/dags/brewery_pipeline.py took 0.112 seconds
[2025-05-16T08:14:17.869+0000] {processor.py:157} INFO - Started process (PID=48) to work on /opt/airflow/dags/brewery_pipeline.py
[2025-05-16T08:14:17.871+0000] {processor.py:829} INFO - Processing file /opt/airflow/dags/brewery_pipeline.py for tasks to queue
[2025-05-16T08:14:17.873+0000] {logging_mixin.py:151} INFO - [2025-05-16T08:14:17.872+0000] {dagbag.py:536} INFO - Filling up the DagBag from /opt/airflow/dags/brewery_pipeline.py
[2025-05-16T08:14:17.889+0000] {processor.py:839} INFO - DAG(s) dict_keys(['brewery_pipeline']) retrieved from /opt/airflow/dags/brewery_pipeline.py
[2025-05-16T08:14:17.933+0000] {logging_mixin.py:151} INFO - [2025-05-16T08:14:17.932+0000] {dag.py:2941} INFO - Sync 1 DAGs
[2025-05-16T08:14:17.967+0000] {logging_mixin.py:151} INFO - [2025-05-16T08:14:17.967+0000] {dag.py:3722} INFO - Setting next_dagrun for brewery_pipeline to 2025-05-16T00:00:00+00:00, run_after=2025-05-17T00:00:00+00:00
[2025-05-16T08:14:17.998+0000] {processor.py:179} INFO - Processing /opt/airflow/dags/brewery_pipeline.py took 0.134 seconds
[2025-05-16T08:14:48.047+0000] {processor.py:157} INFO - Started process (PID=49) to work on /opt/airflow/dags/brewery_pipeline.py
[2025-05-16T08:14:48.049+0000] {processor.py:829} INFO - Processing file /opt/airflow/dags/brewery_pipeline.py for tasks to queue
[2025-05-16T08:14:48.049+0000] {logging_mixin.py:151} INFO - [2025-05-16T08:14:48.049+0000] {dagbag.py:536} INFO - Filling up the DagBag from /opt/airflow/dags/brewery_pipeline.py
[2025-05-16T08:14:48.060+0000] {processor.py:839} INFO - DAG(s) dict_keys(['brewery_pipeline']) retrieved from /opt/airflow/dags/brewery_pipeline.py
[2025-05-16T08:14:48.084+0000] {logging_mixin.py:151} INFO - [2025-05-16T08:14:48.083+0000] {dag.py:2941} INFO - Sync 1 DAGs
[2025-05-16T08:14:48.106+0000] {logging_mixin.py:151} INFO - [2025-05-16T08:14:48.106+0000] {dag.py:3722} INFO - Setting next_dagrun for brewery_pipeline to 2025-05-16T00:00:00+00:00, run_after=2025-05-17T00:00:00+00:00
[2025-05-16T08:14:48.142+0000] {processor.py:179} INFO - Processing /opt/airflow/dags/brewery_pipeline.py took 0.099 seconds
[2025-05-16T08:15:18.323+0000] {processor.py:157} INFO - Started process (PID=50) to work on /opt/airflow/dags/brewery_pipeline.py
[2025-05-16T08:15:18.325+0000] {processor.py:829} INFO - Processing file /opt/airflow/dags/brewery_pipeline.py for tasks to queue
[2025-05-16T08:15:18.326+0000] {logging_mixin.py:151} INFO - [2025-05-16T08:15:18.326+0000] {dagbag.py:536} INFO - Filling up the DagBag from /opt/airflow/dags/brewery_pipeline.py
[2025-05-16T08:15:18.345+0000] {processor.py:839} INFO - DAG(s) dict_keys(['brewery_pipeline']) retrieved from /opt/airflow/dags/brewery_pipeline.py
[2025-05-16T08:15:18.381+0000] {logging_mixin.py:151} INFO - [2025-05-16T08:15:18.380+0000] {dag.py:2941} INFO - Sync 1 DAGs
[2025-05-16T08:15:18.402+0000] {logging_mixin.py:151} INFO - [2025-05-16T08:15:18.402+0000] {dag.py:3722} INFO - Setting next_dagrun for brewery_pipeline to 2025-05-16T00:00:00+00:00, run_after=2025-05-17T00:00:00+00:00
[2025-05-16T08:15:18.424+0000] {processor.py:179} INFO - Processing /opt/airflow/dags/brewery_pipeline.py took 0.107 seconds
[2025-05-16T08:15:48.528+0000] {processor.py:157} INFO - Started process (PID=51) to work on /opt/airflow/dags/brewery_pipeline.py
[2025-05-16T08:15:48.530+0000] {processor.py:829} INFO - Processing file /opt/airflow/dags/brewery_pipeline.py for tasks to queue
[2025-05-16T08:15:48.533+0000] {logging_mixin.py:151} INFO - [2025-05-16T08:15:48.532+0000] {dagbag.py:536} INFO - Filling up the DagBag from /opt/airflow/dags/brewery_pipeline.py
[2025-05-16T08:15:48.554+0000] {processor.py:839} INFO - DAG(s) dict_keys(['brewery_pipeline']) retrieved from /opt/airflow/dags/brewery_pipeline.py
[2025-05-16T08:15:48.580+0000] {logging_mixin.py:151} INFO - [2025-05-16T08:15:48.579+0000] {dag.py:2941} INFO - Sync 1 DAGs
[2025-05-16T08:15:48.608+0000] {logging_mixin.py:151} INFO - [2025-05-16T08:15:48.608+0000] {dag.py:3722} INFO - Setting next_dagrun for brewery_pipeline to 2025-05-16T00:00:00+00:00, run_after=2025-05-17T00:00:00+00:00
[2025-05-16T08:15:48.635+0000] {processor.py:179} INFO - Processing /opt/airflow/dags/brewery_pipeline.py took 0.113 seconds
[2025-05-16T08:16:18.764+0000] {processor.py:157} INFO - Started process (PID=52) to work on /opt/airflow/dags/brewery_pipeline.py
[2025-05-16T08:16:18.766+0000] {processor.py:829} INFO - Processing file /opt/airflow/dags/brewery_pipeline.py for tasks to queue
[2025-05-16T08:16:18.768+0000] {logging_mixin.py:151} INFO - [2025-05-16T08:16:18.767+0000] {dagbag.py:536} INFO - Filling up the DagBag from /opt/airflow/dags/brewery_pipeline.py
[2025-05-16T08:16:18.785+0000] {processor.py:839} INFO - DAG(s) dict_keys(['brewery_pipeline']) retrieved from /opt/airflow/dags/brewery_pipeline.py
[2025-05-16T08:16:18.822+0000] {logging_mixin.py:151} INFO - [2025-05-16T08:16:18.821+0000] {dag.py:2941} INFO - Sync 1 DAGs
[2025-05-16T08:16:18.847+0000] {logging_mixin.py:151} INFO - [2025-05-16T08:16:18.847+0000] {dag.py:3722} INFO - Setting next_dagrun for brewery_pipeline to 2025-05-16T00:00:00+00:00, run_after=2025-05-17T00:00:00+00:00
[2025-05-16T08:16:18.866+0000] {processor.py:179} INFO - Processing /opt/airflow/dags/brewery_pipeline.py took 0.107 seconds
[2025-05-16T08:16:48.948+0000] {processor.py:157} INFO - Started process (PID=53) to work on /opt/airflow/dags/brewery_pipeline.py
[2025-05-16T08:16:48.949+0000] {processor.py:829} INFO - Processing file /opt/airflow/dags/brewery_pipeline.py for tasks to queue
[2025-05-16T08:16:48.950+0000] {logging_mixin.py:151} INFO - [2025-05-16T08:16:48.950+0000] {dagbag.py:536} INFO - Filling up the DagBag from /opt/airflow/dags/brewery_pipeline.py
[2025-05-16T08:16:48.964+0000] {processor.py:839} INFO - DAG(s) dict_keys(['brewery_pipeline']) retrieved from /opt/airflow/dags/brewery_pipeline.py
[2025-05-16T08:16:48.984+0000] {logging_mixin.py:151} INFO - [2025-05-16T08:16:48.984+0000] {dag.py:2941} INFO - Sync 1 DAGs
[2025-05-16T08:16:49.009+0000] {logging_mixin.py:151} INFO - [2025-05-16T08:16:49.009+0000] {dag.py:3722} INFO - Setting next_dagrun for brewery_pipeline to 2025-05-16T00:00:00+00:00, run_after=2025-05-17T00:00:00+00:00
[2025-05-16T08:16:49.032+0000] {processor.py:179} INFO - Processing /opt/airflow/dags/brewery_pipeline.py took 0.087 seconds
[2025-05-16T08:17:19.188+0000] {processor.py:157} INFO - Started process (PID=56) to work on /opt/airflow/dags/brewery_pipeline.py
[2025-05-16T08:17:19.190+0000] {processor.py:829} INFO - Processing file /opt/airflow/dags/brewery_pipeline.py for tasks to queue
[2025-05-16T08:17:19.191+0000] {logging_mixin.py:151} INFO - [2025-05-16T08:17:19.191+0000] {dagbag.py:536} INFO - Filling up the DagBag from /opt/airflow/dags/brewery_pipeline.py
[2025-05-16T08:17:19.212+0000] {processor.py:839} INFO - DAG(s) dict_keys(['brewery_pipeline']) retrieved from /opt/airflow/dags/brewery_pipeline.py
[2025-05-16T08:17:19.243+0000] {logging_mixin.py:151} INFO - [2025-05-16T08:17:19.242+0000] {dag.py:2941} INFO - Sync 1 DAGs
[2025-05-16T08:17:19.262+0000] {logging_mixin.py:151} INFO - [2025-05-16T08:17:19.262+0000] {dag.py:3722} INFO - Setting next_dagrun for brewery_pipeline to 2025-05-16T00:00:00+00:00, run_after=2025-05-17T00:00:00+00:00
[2025-05-16T08:17:19.290+0000] {processor.py:179} INFO - Processing /opt/airflow/dags/brewery_pipeline.py took 0.108 seconds
[2025-05-16T08:17:49.456+0000] {processor.py:157} INFO - Started process (PID=59) to work on /opt/airflow/dags/brewery_pipeline.py
[2025-05-16T08:17:49.457+0000] {processor.py:829} INFO - Processing file /opt/airflow/dags/brewery_pipeline.py for tasks to queue
[2025-05-16T08:17:49.458+0000] {logging_mixin.py:151} INFO - [2025-05-16T08:17:49.458+0000] {dagbag.py:536} INFO - Filling up the DagBag from /opt/airflow/dags/brewery_pipeline.py
[2025-05-16T08:17:49.477+0000] {processor.py:839} INFO - DAG(s) dict_keys(['brewery_pipeline']) retrieved from /opt/airflow/dags/brewery_pipeline.py
[2025-05-16T08:17:49.512+0000] {logging_mixin.py:151} INFO - [2025-05-16T08:17:49.512+0000] {dag.py:2941} INFO - Sync 1 DAGs
[2025-05-16T08:17:49.549+0000] {logging_mixin.py:151} INFO - [2025-05-16T08:17:49.549+0000] {dag.py:3722} INFO - Setting next_dagrun for brewery_pipeline to 2025-05-16T00:00:00+00:00, run_after=2025-05-17T00:00:00+00:00
[2025-05-16T08:17:49.582+0000] {processor.py:179} INFO - Processing /opt/airflow/dags/brewery_pipeline.py took 0.132 seconds
